AutoDock Vina v1.2.3-52-g92d1779
#################################################################
# If you used AutoDock Vina in your work, please cite:          #
#                                                               #
# J. Eberhardt, D. Santos-Martins, A. F. Tillack, and S. Forli  #
# AutoDock Vina 1.2.0: New Docking Methods, Expanded Force      #
# Field, and Python Bindings, J. Chem. Inf. Model. (2021)       #
# DOI 10.1021/acs.jcim.1c00203                                  #
#                                                               #
# O. Trott, A. J. Olson,                                        #
# AutoDock Vina: improving the speed and accuracy of docking    #
# with a new scoring function, efficient optimization and       #
# multithreading, J. Comp. Chem. (2010)                         #
# DOI 10.1002/jcc.21334                                         #
#                                                               #
# Please see https://github.com/ccsb-scripps/AutoDock-Vina for  #
# more information.                                             #
#################################################################

Scoring function : vina
Rigid receptor: YihW_s_templ_cl2_min_model1.pdbqt
Ligand: Glu_Conformer3D_COMPOUND_CID_5793_avogadro_c.pdbqt
Grid center: X 37.211 Y 41.586 Z 40.288
Grid size  : X 68 Y 60 Z 74
Grid space : 1
Exhaustiveness: 32
CPU: 0
Verbosity: 2

Computing Vina grid ... done.
Performing docking (random seed: 2045669315) ... 
0%   10   20   30   40   50   60   70   80   90   100%
|----|----|----|----|----|----|----|----|----|----|
***************************************************
done.
ENERGY FROM SEARCH: -5.07914
FINAL ENERGY: 
Estimated Free Energy of Binding   : -4.016 (kcal/mol) [=(1)+(2)+(3)-(4)]
(1) Final Intermolecular Energy    : -4.838 (kcal/mol)
    Ligand - Receptor              : -4.838 (kcal/mol)
    Ligand - Flex side chains      : 0.000 (kcal/mol)
(2) Final Total Internal Energy    : -0.244 (kcal/mol)
    Ligand                         : -0.244 (kcal/mol)
    Flex   - Receptor              : 0.000 (kcal/mol)
    Flex   - Flex side chains      : 0.000 (kcal/mol)
(3) Torsional Free Energy          : 0.822 (kcal/mol)
(4) Unbound System's Energy        : -0.244 (kcal/mol)
ENERGY FROM SEARCH: -5.150
FINAL ENERGY: 
Estimated Free Energy of Binding   : -4.071 (kcal/mol) [=(1)+(2)+(3)-(4)]
(1) Final Intermolecular Energy    : -4.902 (kcal/mol)
    Ligand - Receptor              : -4.902 (kcal/mol)
    Ligand - Flex side chains      : 0.000 (kcal/mol)
(2) Final Total Internal Energy    : -0.246 (kcal/mol)
    Ligand                         : -0.246 (kcal/mol)
    Flex   - Receptor              : 0.000 (kcal/mol)
    Flex   - Flex side chains      : 0.000 (kcal/mol)
(3) Torsional Free Energy          : 0.833 (kcal/mol)
(4) Unbound System's Energy        : -0.244 (kcal/mol)
ENERGY FROM SEARCH: -5.176
FINAL ENERGY: 
Estimated Free Energy of Binding   : -4.096 (kcal/mol) [=(1)+(2)+(3)-(4)]
(1) Final Intermolecular Energy    : -4.932 (kcal/mol)
    Ligand - Receptor              : -4.932 (kcal/mol)
    Ligand - Flex side chains      : 0.000 (kcal/mol)
(2) Final Total Internal Energy    : -0.246 (kcal/mol)
    Ligand                         : -0.246 (kcal/mol)
    Flex   - Receptor              : 0.000 (kcal/mol)
    Flex   - Flex side chains      : 0.000 (kcal/mol)
(3) Torsional Free Energy          : 0.838 (kcal/mol)
(4) Unbound System's Energy        : -0.244 (kcal/mol)
ENERGY FROM SEARCH: -5.550
FINAL ENERGY: 
Estimated Free Energy of Binding   : -4.403 (kcal/mol) [=(1)+(2)+(3)-(4)]
(1) Final Intermolecular Energy    : -5.293 (kcal/mol)
    Ligand - Receptor              : -5.293 (kcal/mol)
    Ligand - Flex side chains      : 0.000 (kcal/mol)
(2) Final Total Internal Energy    : -0.255 (kcal/mol)
    Ligand                         : -0.255 (kcal/mol)
    Flex   - Receptor              : 0.000 (kcal/mol)
    Flex   - Flex side chains      : 0.000 (kcal/mol)
(3) Torsional Free Energy          : 0.901 (kcal/mol)
(4) Unbound System's Energy        : -0.244 (kcal/mol)
ENERGY FROM SEARCH: -5.767
FINAL ENERGY: 
Estimated Free Energy of Binding   : -4.587 (kcal/mol) [=(1)+(2)+(3)-(4)]
(1) Final Intermolecular Energy    : -5.515 (kcal/mol)
    Ligand - Receptor              : -5.515 (kcal/mol)
    Ligand - Flex side chains      : 0.000 (kcal/mol)
(2) Final Total Internal Energy    : -0.256 (kcal/mol)
    Ligand                         : -0.256 (kcal/mol)
    Flex   - Receptor              : 0.000 (kcal/mol)
    Flex   - Flex side chains      : 0.000 (kcal/mol)
(3) Torsional Free Energy          : 0.939 (kcal/mol)
(4) Unbound System's Energy        : -0.244 (kcal/mol)
ENERGY FROM SEARCH: -5.472
FINAL ENERGY: 
Estimated Free Energy of Binding   : -4.338 (kcal/mol) [=(1)+(2)+(3)-(4)]
(1) Final Intermolecular Energy    : -5.222 (kcal/mol)
    Ligand - Receptor              : -5.222 (kcal/mol)
    Ligand - Flex side chains      : 0.000 (kcal/mol)
(2) Final Total Internal Energy    : -0.248 (kcal/mol)
    Ligand                         : -0.248 (kcal/mol)
    Flex   - Receptor              : 0.000 (kcal/mol)
    Flex   - Flex side chains      : 0.000 (kcal/mol)
(3) Torsional Free Energy          : 0.888 (kcal/mol)
(4) Unbound System's Energy        : -0.244 (kcal/mol)
ENERGY FROM SEARCH: -5.330
FINAL ENERGY: 
Estimated Free Energy of Binding   : -4.223 (kcal/mol) [=(1)+(2)+(3)-(4)]
(1) Final Intermolecular Energy    : -5.076 (kcal/mol)
    Ligand - Receptor              : -5.076 (kcal/mol)
    Ligand - Flex side chains      : 0.000 (kcal/mol)
(2) Final Total Internal Energy    : -0.256 (kcal/mol)
    Ligand                         : -0.256 (kcal/mol)
    Flex   - Receptor              : 0.000 (kcal/mol)
    Flex   - Flex side chains      : 0.000 (kcal/mol)
(3) Torsional Free Energy          : 0.864 (kcal/mol)
(4) Unbound System's Energy        : -0.244 (kcal/mol)
ENERGY FROM SEARCH: -5.326
FINAL ENERGY: 
Estimated Free Energy of Binding   : -4.219 (kcal/mol) [=(1)+(2)+(3)-(4)]
(1) Final Intermolecular Energy    : -5.095 (kcal/mol)
    Ligand - Receptor              : -5.095 (kcal/mol)
    Ligand - Flex side chains      : 0.000 (kcal/mol)
(2) Final Total Internal Energy    : -0.232 (kcal/mol)
    Ligand                         : -0.232 (kcal/mol)
    Flex   - Receptor              : 0.000 (kcal/mol)
    Flex   - Flex side chains      : 0.000 (kcal/mol)
(3) Torsional Free Energy          : 0.863 (kcal/mol)
(4) Unbound System's Energy        : -0.244 (kcal/mol)
ENERGY FROM SEARCH: -5.430
FINAL ENERGY: 
Estimated Free Energy of Binding   : -4.304 (kcal/mol) [=(1)+(2)+(3)-(4)]
(1) Final Intermolecular Energy    : -5.179 (kcal/mol)
    Ligand - Receptor              : -5.179 (kcal/mol)
    Ligand - Flex side chains      : 0.000 (kcal/mol)
(2) Final Total Internal Energy    : -0.251 (kcal/mol)
    Ligand                         : -0.251 (kcal/mol)
    Flex   - Receptor              : 0.000 (kcal/mol)
    Flex   - Flex side chains      : 0.000 (kcal/mol)
(3) Torsional Free Energy          : 0.881 (kcal/mol)
(4) Unbound System's Energy        : -0.244 (kcal/mol)
ENERGY FROM SEARCH: -5.826
FINAL ENERGY: 
Estimated Free Energy of Binding   : -4.631 (kcal/mol) [=(1)+(2)+(3)-(4)]
(1) Final Intermolecular Energy    : -5.570 (kcal/mol)
    Ligand - Receptor              : -5.570 (kcal/mol)
    Ligand - Flex side chains      : 0.000 (kcal/mol)
(2) Final Total Internal Energy    : -0.252 (kcal/mol)
    Ligand                         : -0.252 (kcal/mol)
    Flex   - Receptor              : 0.000 (kcal/mol)
    Flex   - Flex side chains      : 0.000 (kcal/mol)
(3) Torsional Free Energy          : 0.947 (kcal/mol)
(4) Unbound System's Energy        : -0.244 (kcal/mol)

mode |   affinity | dist from best mode
     | (kcal/mol) | rmsd l.b.| rmsd u.b.
-----+------------+----------+----------
   1      -4.6306     0.0000     0.0000
   2      -4.5872    27.1850    28.7551
   3      -4.4034    20.6287    22.5273
   4      -4.3377    26.4065    28.1259
   5      -4.3044     1.4978     3.8283
   6      -4.2230    27.0779    28.3719
   7      -4.2193    22.2933    24.0053
   8      -4.0958    25.8698    27.4858
   9      -4.0710    26.8422    28.5184
  10      -4.0160    26.7521    28.4792
