AutoDock Vina v1.2.3-52-g92d1779
#################################################################
# If you used AutoDock Vina in your work, please cite:          #
#                                                               #
# J. Eberhardt, D. Santos-Martins, A. F. Tillack, and S. Forli  #
# AutoDock Vina 1.2.0: New Docking Methods, Expanded Force      #
# Field, and Python Bindings, J. Chem. Inf. Model. (2021)       #
# DOI 10.1021/acs.jcim.1c00203                                  #
#                                                               #
# O. Trott, A. J. Olson,                                        #
# AutoDock Vina: improving the speed and accuracy of docking    #
# with a new scoring function, efficient optimization and       #
# multithreading, J. Comp. Chem. (2010)                         #
# DOI 10.1002/jcc.21334                                         #
#                                                               #
# Please see https://github.com/ccsb-scripps/AutoDock-Vina for  #
# more information.                                             #
#################################################################

Scoring function : vina
Rigid receptor: YihW_l_alpha_cl1_min_model1.pdbqt
Ligand: Glu_Conformer3D_COMPOUND_CID_5793_avogadro_c.pdbqt
Grid center: X 40.018 Y 39.32 Z 39.342
Grid size  : X 58 Y 66 Z 62
Grid space : 1
Exhaustiveness: 32
CPU: 0
Verbosity: 2

Computing Vina grid ... done.
Performing docking (random seed: 1949281710) ... 
0%   10   20   30   40   50   60   70   80   90   100%
|----|----|----|----|----|----|----|----|----|----|
***************************************************
done.
ENERGY FROM SEARCH: -5.97824
FINAL ENERGY: 
Estimated Free Energy of Binding   : -4.789 (kcal/mol) [=(1)+(2)+(3)-(4)]
(1) Final Intermolecular Energy    : -5.768 (kcal/mol)
    Ligand - Receptor              : -5.768 (kcal/mol)
    Ligand - Flex side chains      : 0.000 (kcal/mol)
(2) Final Total Internal Energy    : -0.211 (kcal/mol)
    Ligand                         : -0.211 (kcal/mol)
    Flex   - Receptor              : 0.000 (kcal/mol)
    Flex   - Flex side chains      : 0.000 (kcal/mol)
(3) Torsional Free Energy          : 0.980 (kcal/mol)
(4) Unbound System's Energy        : -0.211 (kcal/mol)
ENERGY FROM SEARCH: -5.820
FINAL ENERGY: 
Estimated Free Energy of Binding   : -4.657 (kcal/mol) [=(1)+(2)+(3)-(4)]
(1) Final Intermolecular Energy    : -5.573 (kcal/mol)
    Ligand - Receptor              : -5.573 (kcal/mol)
    Ligand - Flex side chains      : 0.000 (kcal/mol)
(2) Final Total Internal Energy    : -0.248 (kcal/mol)
    Ligand                         : -0.248 (kcal/mol)
    Flex   - Receptor              : 0.000 (kcal/mol)
    Flex   - Flex side chains      : 0.000 (kcal/mol)
(3) Torsional Free Energy          : 0.953 (kcal/mol)
(4) Unbound System's Energy        : -0.211 (kcal/mol)
ENERGY FROM SEARCH: -6.752
FINAL ENERGY: 
Estimated Free Energy of Binding   : -5.428 (kcal/mol) [=(1)+(2)+(3)-(4)]
(1) Final Intermolecular Energy    : -6.505 (kcal/mol)
    Ligand - Receptor              : -6.505 (kcal/mol)
    Ligand - Flex side chains      : 0.000 (kcal/mol)
(2) Final Total Internal Energy    : -0.245 (kcal/mol)
    Ligand                         : -0.245 (kcal/mol)
    Flex   - Receptor              : 0.000 (kcal/mol)
    Flex   - Flex side chains      : 0.000 (kcal/mol)
(3) Torsional Free Energy          : 1.111 (kcal/mol)
(4) Unbound System's Energy        : -0.211 (kcal/mol)
ENERGY FROM SEARCH: -5.256
FINAL ENERGY: 
Estimated Free Energy of Binding   : -4.186 (kcal/mol) [=(1)+(2)+(3)-(4)]
(1) Final Intermolecular Energy    : -5.042 (kcal/mol)
    Ligand - Receptor              : -5.042 (kcal/mol)
    Ligand - Flex side chains      : 0.000 (kcal/mol)
(2) Final Total Internal Energy    : -0.213 (kcal/mol)
    Ligand                         : -0.213 (kcal/mol)
    Flex   - Receptor              : 0.000 (kcal/mol)
    Flex   - Flex side chains      : 0.000 (kcal/mol)
(3) Torsional Free Energy          : 0.857 (kcal/mol)
(4) Unbound System's Energy        : -0.211 (kcal/mol)
ENERGY FROM SEARCH: -5.121
FINAL ENERGY: 
Estimated Free Energy of Binding   : -4.073 (kcal/mol) [=(1)+(2)+(3)-(4)]
(1) Final Intermolecular Energy    : -4.878 (kcal/mol)
    Ligand - Receptor              : -4.878 (kcal/mol)
    Ligand - Flex side chains      : 0.000 (kcal/mol)
(2) Final Total Internal Energy    : -0.239 (kcal/mol)
    Ligand                         : -0.239 (kcal/mol)
    Flex   - Receptor              : 0.000 (kcal/mol)
    Flex   - Flex side chains      : 0.000 (kcal/mol)
(3) Torsional Free Energy          : 0.833 (kcal/mol)
(4) Unbound System's Energy        : -0.211 (kcal/mol)
ENERGY FROM SEARCH: -5.948
FINAL ENERGY: 
Estimated Free Energy of Binding   : -4.763 (kcal/mol) [=(1)+(2)+(3)-(4)]
(1) Final Intermolecular Energy    : -5.728 (kcal/mol)
    Ligand - Receptor              : -5.728 (kcal/mol)
    Ligand - Flex side chains      : 0.000 (kcal/mol)
(2) Final Total Internal Energy    : -0.221 (kcal/mol)
    Ligand                         : -0.221 (kcal/mol)
    Flex   - Receptor              : 0.000 (kcal/mol)
    Flex   - Flex side chains      : 0.000 (kcal/mol)
(3) Torsional Free Energy          : 0.975 (kcal/mol)
(4) Unbound System's Energy        : -0.211 (kcal/mol)
ENERGY FROM SEARCH: -6.172
FINAL ENERGY: 
Estimated Free Energy of Binding   : -4.951 (kcal/mol) [=(1)+(2)+(3)-(4)]
(1) Final Intermolecular Energy    : -6.131 (kcal/mol)
    Ligand - Receptor              : -6.131 (kcal/mol)
    Ligand - Flex side chains      : 0.000 (kcal/mol)
(2) Final Total Internal Energy    : -0.044 (kcal/mol)
    Ligand                         : -0.044 (kcal/mol)
    Flex   - Receptor              : 0.000 (kcal/mol)
    Flex   - Flex side chains      : 0.000 (kcal/mol)
(3) Torsional Free Energy          : 1.013 (kcal/mol)
(4) Unbound System's Energy        : -0.211 (kcal/mol)
ENERGY FROM SEARCH: -5.279
FINAL ENERGY: 
Estimated Free Energy of Binding   : -4.207 (kcal/mol) [=(1)+(2)+(3)-(4)]
(1) Final Intermolecular Energy    : -5.034 (kcal/mol)
    Ligand - Receptor              : -5.034 (kcal/mol)
    Ligand - Flex side chains      : 0.000 (kcal/mol)
(2) Final Total Internal Energy    : -0.246 (kcal/mol)
    Ligand                         : -0.246 (kcal/mol)
    Flex   - Receptor              : 0.000 (kcal/mol)
    Flex   - Flex side chains      : 0.000 (kcal/mol)
(3) Torsional Free Energy          : 0.861 (kcal/mol)
(4) Unbound System's Energy        : -0.211 (kcal/mol)
ENERGY FROM SEARCH: -5.648
FINAL ENERGY: 
Estimated Free Energy of Binding   : -4.513 (kcal/mol) [=(1)+(2)+(3)-(4)]
(1) Final Intermolecular Energy    : -5.599 (kcal/mol)
    Ligand - Receptor              : -5.599 (kcal/mol)
    Ligand - Flex side chains      : 0.000 (kcal/mol)
(2) Final Total Internal Energy    : -0.049 (kcal/mol)
    Ligand                         : -0.049 (kcal/mol)
    Flex   - Receptor              : 0.000 (kcal/mol)
    Flex   - Flex side chains      : 0.000 (kcal/mol)
(3) Torsional Free Energy          : 0.923 (kcal/mol)
(4) Unbound System's Energy        : -0.211 (kcal/mol)
ENERGY FROM SEARCH: -5.576
FINAL ENERGY: 
Estimated Free Energy of Binding   : -4.454 (kcal/mol) [=(1)+(2)+(3)-(4)]
(1) Final Intermolecular Energy    : -5.336 (kcal/mol)
    Ligand - Receptor              : -5.336 (kcal/mol)
    Ligand - Flex side chains      : 0.000 (kcal/mol)
(2) Final Total Internal Energy    : -0.240 (kcal/mol)
    Ligand                         : -0.240 (kcal/mol)
    Flex   - Receptor              : 0.000 (kcal/mol)
    Flex   - Flex side chains      : 0.000 (kcal/mol)
(3) Torsional Free Energy          : 0.911 (kcal/mol)
(4) Unbound System's Energy        : -0.211 (kcal/mol)

mode |   affinity | dist from best mode
     | (kcal/mol) | rmsd l.b.| rmsd u.b.
-----+------------+----------+----------
   1      -5.4284     0.0000     0.0000
   2      -4.9509     1.3135     3.3040
   3      -4.7886     1.4691     3.7956
   4      -4.7627     1.6612     4.0230
   5      -4.6567     1.4371     2.9986
   6      -4.5130     9.3676    10.6149
   7      -4.4540     2.3795     4.6377
   8      -4.2071     1.9817     2.9634
   9      -4.1864     1.6939     2.0060
  10      -4.0729     1.6327     4.3224
