AutoDock Vina v1.2.3-52-g92d1779
#################################################################
# If you used AutoDock Vina in your work, please cite:          #
#                                                               #
# J. Eberhardt, D. Santos-Martins, A. F. Tillack, and S. Forli  #
# AutoDock Vina 1.2.0: New Docking Methods, Expanded Force      #
# Field, and Python Bindings, J. Chem. Inf. Model. (2021)       #
# DOI 10.1021/acs.jcim.1c00203                                  #
#                                                               #
# O. Trott, A. J. Olson,                                        #
# AutoDock Vina: improving the speed and accuracy of docking    #
# with a new scoring function, efficient optimization and       #
# multithreading, J. Comp. Chem. (2010)                         #
# DOI 10.1002/jcc.21334                                         #
#                                                               #
# Please see https://github.com/ccsb-scripps/AutoDock-Vina for  #
# more information.                                             #
#################################################################

Scoring function : vina
Rigid receptor: YihW_s_AF_cl1_min_model1.pdbqt
Ligand: Glu_Conformer3D_COMPOUND_CID_5793_avogadro_c.pdbqt
Grid center: X 42.638 Y 43.195 Z 45.244
Grid size  : X 44 Y 52 Z 62
Grid space : 1
Exhaustiveness: 32
CPU: 0
Verbosity: 2

Computing Vina grid ... done.
Performing docking (random seed: 1094109135) ... 
0%   10   20   30   40   50   60   70   80   90   100%
|----|----|----|----|----|----|----|----|----|----|
***************************************************
done.
ENERGY FROM SEARCH: -5.98042
FINAL ENERGY: 
Estimated Free Energy of Binding   : -4.767 (kcal/mol) [=(1)+(2)+(3)-(4)]
(1) Final Intermolecular Energy    : -5.742 (kcal/mol)
    Ligand - Receptor              : -5.742 (kcal/mol)
    Ligand - Flex side chains      : 0.000 (kcal/mol)
(2) Final Total Internal Energy    : -0.238 (kcal/mol)
    Ligand                         : -0.238 (kcal/mol)
    Flex   - Receptor              : 0.000 (kcal/mol)
    Flex   - Flex side chains      : 0.000 (kcal/mol)
(3) Torsional Free Energy          : 0.975 (kcal/mol)
(4) Unbound System's Energy        : -0.238 (kcal/mol)
ENERGY FROM SEARCH: -6.896
FINAL ENERGY: 
Estimated Free Energy of Binding   : -5.528 (kcal/mol) [=(1)+(2)+(3)-(4)]
(1) Final Intermolecular Energy    : -6.653 (kcal/mol)
    Ligand - Receptor              : -6.653 (kcal/mol)
    Ligand - Flex side chains      : 0.000 (kcal/mol)
(2) Final Total Internal Energy    : -0.244 (kcal/mol)
    Ligand                         : -0.244 (kcal/mol)
    Flex   - Receptor              : 0.000 (kcal/mol)
    Flex   - Flex side chains      : 0.000 (kcal/mol)
(3) Torsional Free Energy          : 1.131 (kcal/mol)
(4) Unbound System's Energy        : -0.238 (kcal/mol)
ENERGY FROM SEARCH: -6.437
FINAL ENERGY: 
Estimated Free Energy of Binding   : -5.149 (kcal/mol) [=(1)+(2)+(3)-(4)]
(1) Final Intermolecular Energy    : -6.212 (kcal/mol)
    Ligand - Receptor              : -6.212 (kcal/mol)
    Ligand - Flex side chains      : 0.000 (kcal/mol)
(2) Final Total Internal Energy    : -0.229 (kcal/mol)
    Ligand                         : -0.229 (kcal/mol)
    Flex   - Receptor              : 0.000 (kcal/mol)
    Flex   - Flex side chains      : 0.000 (kcal/mol)
(3) Torsional Free Energy          : 1.054 (kcal/mol)
(4) Unbound System's Energy        : -0.238 (kcal/mol)
ENERGY FROM SEARCH: -6.025
FINAL ENERGY: 
Estimated Free Energy of Binding   : -4.803 (kcal/mol) [=(1)+(2)+(3)-(4)]
(1) Final Intermolecular Energy    : -5.970 (kcal/mol)
    Ligand - Receptor              : -5.970 (kcal/mol)
    Ligand - Flex side chains      : 0.000 (kcal/mol)
(2) Final Total Internal Energy    : -0.054 (kcal/mol)
    Ligand                         : -0.054 (kcal/mol)
    Flex   - Receptor              : 0.000 (kcal/mol)
    Flex   - Flex side chains      : 0.000 (kcal/mol)
(3) Torsional Free Energy          : 0.983 (kcal/mol)
(4) Unbound System's Energy        : -0.238 (kcal/mol)
ENERGY FROM SEARCH: -6.505
FINAL ENERGY: 
Estimated Free Energy of Binding   : -5.202 (kcal/mol) [=(1)+(2)+(3)-(4)]
(1) Final Intermolecular Energy    : -6.291 (kcal/mol)
    Ligand - Receptor              : -6.291 (kcal/mol)
    Ligand - Flex side chains      : 0.000 (kcal/mol)
(2) Final Total Internal Energy    : -0.213 (kcal/mol)
    Ligand                         : -0.213 (kcal/mol)
    Flex   - Receptor              : 0.000 (kcal/mol)
    Flex   - Flex side chains      : 0.000 (kcal/mol)
(3) Torsional Free Energy          : 1.064 (kcal/mol)
(4) Unbound System's Energy        : -0.238 (kcal/mol)
ENERGY FROM SEARCH: -6.201
FINAL ENERGY: 
Estimated Free Energy of Binding   : -4.946 (kcal/mol) [=(1)+(2)+(3)-(4)]
(1) Final Intermolecular Energy    : -5.988 (kcal/mol)
    Ligand - Receptor              : -5.988 (kcal/mol)
    Ligand - Flex side chains      : 0.000 (kcal/mol)
(2) Final Total Internal Energy    : -0.208 (kcal/mol)
    Ligand                         : -0.208 (kcal/mol)
    Flex   - Receptor              : 0.000 (kcal/mol)
    Flex   - Flex side chains      : 0.000 (kcal/mol)
(3) Torsional Free Energy          : 1.012 (kcal/mol)
(4) Unbound System's Energy        : -0.238 (kcal/mol)
ENERGY FROM SEARCH: -6.100
FINAL ENERGY: 
Estimated Free Energy of Binding   : -4.865 (kcal/mol) [=(1)+(2)+(3)-(4)]
(1) Final Intermolecular Energy    : -5.844 (kcal/mol)
    Ligand - Receptor              : -5.844 (kcal/mol)
    Ligand - Flex side chains      : 0.000 (kcal/mol)
(2) Final Total Internal Energy    : -0.254 (kcal/mol)
    Ligand                         : -0.254 (kcal/mol)
    Flex   - Receptor              : 0.000 (kcal/mol)
    Flex   - Flex side chains      : 0.000 (kcal/mol)
(3) Torsional Free Energy          : 0.995 (kcal/mol)
(4) Unbound System's Energy        : -0.238 (kcal/mol)
ENERGY FROM SEARCH: -6.566
FINAL ENERGY: 
Estimated Free Energy of Binding   : -5.253 (kcal/mol) [=(1)+(2)+(3)-(4)]
(1) Final Intermolecular Energy    : -6.363 (kcal/mol)
    Ligand - Receptor              : -6.363 (kcal/mol)
    Ligand - Flex side chains      : 0.000 (kcal/mol)
(2) Final Total Internal Energy    : -0.202 (kcal/mol)
    Ligand                         : -0.202 (kcal/mol)
    Flex   - Receptor              : 0.000 (kcal/mol)
    Flex   - Flex side chains      : 0.000 (kcal/mol)
(3) Torsional Free Energy          : 1.075 (kcal/mol)
(4) Unbound System's Energy        : -0.238 (kcal/mol)
ENERGY FROM SEARCH: -5.807
FINAL ENERGY: 
Estimated Free Energy of Binding   : -4.620 (kcal/mol) [=(1)+(2)+(3)-(4)]
(1) Final Intermolecular Energy    : -5.753 (kcal/mol)
    Ligand - Receptor              : -5.753 (kcal/mol)
    Ligand - Flex side chains      : 0.000 (kcal/mol)
(2) Final Total Internal Energy    : -0.049 (kcal/mol)
    Ligand                         : -0.049 (kcal/mol)
    Flex   - Receptor              : 0.000 (kcal/mol)
    Flex   - Flex side chains      : 0.000 (kcal/mol)
(3) Torsional Free Energy          : 0.945 (kcal/mol)
(4) Unbound System's Energy        : -0.238 (kcal/mol)
ENERGY FROM SEARCH: -6.047
FINAL ENERGY: 
Estimated Free Energy of Binding   : -4.819 (kcal/mol) [=(1)+(2)+(3)-(4)]
(1) Final Intermolecular Energy    : -6.005 (kcal/mol)
    Ligand - Receptor              : -6.005 (kcal/mol)
    Ligand - Flex side chains      : 0.000 (kcal/mol)
(2) Final Total Internal Energy    : -0.038 (kcal/mol)
    Ligand                         : -0.038 (kcal/mol)
    Flex   - Receptor              : 0.000 (kcal/mol)
    Flex   - Flex side chains      : 0.000 (kcal/mol)
(3) Torsional Free Energy          : 0.986 (kcal/mol)
(4) Unbound System's Energy        : -0.238 (kcal/mol)

mode |   affinity | dist from best mode
     | (kcal/mol) | rmsd l.b.| rmsd u.b.
-----+------------+----------+----------
   1      -5.5276     0.0000     0.0000
   2      -5.2526     8.4708    10.0785
   3      -5.2017     1.1710     4.1146
   4      -5.1493     1.5458     3.0393
   5      -4.9462     1.2817     2.9174
   6      -4.8649     1.3202     3.4424
   7      -4.8187     1.4898     3.2577
   8      -4.8031     1.5353     3.6567
   9      -4.7670     1.3587     4.6384
  10      -4.6199     1.7710     3.8398
