AutoDock Vina v1.2.3-52-g92d1779
#################################################################
# If you used AutoDock Vina in your work, please cite:          #
#                                                               #
# J. Eberhardt, D. Santos-Martins, A. F. Tillack, and S. Forli  #
# AutoDock Vina 1.2.0: New Docking Methods, Expanded Force      #
# Field, and Python Bindings, J. Chem. Inf. Model. (2021)       #
# DOI 10.1021/acs.jcim.1c00203                                  #
#                                                               #
# O. Trott, A. J. Olson,                                        #
# AutoDock Vina: improving the speed and accuracy of docking    #
# with a new scoring function, efficient optimization and       #
# multithreading, J. Comp. Chem. (2010)                         #
# DOI 10.1002/jcc.21334                                         #
#                                                               #
# Please see https://github.com/ccsb-scripps/AutoDock-Vina for  #
# more information.                                             #
#################################################################

Scoring function : vina
Rigid receptor: YihW_l_alpha_cl1_min_model1.pdbqt
Ligand: Glu_Conformer3D_COMPOUND_CID_5793_avogadro_c.pdbqt
Grid center: X 40.018 Y 39.32 Z 39.342
Grid size  : X 58 Y 66 Z 62
Grid space : 1
Exhaustiveness: 32
CPU: 0
Verbosity: 2

Computing Vina grid ... done.
Performing docking (random seed: -673824812) ... 
0%   10   20   30   40   50   60   70   80   90   100%
|----|----|----|----|----|----|----|----|----|----|
***************************************************
done.
ENERGY FROM SEARCH: -6.2415
FINAL ENERGY: 
Estimated Free Energy of Binding   : -5.012 (kcal/mol) [=(1)+(2)+(3)-(4)]
(1) Final Intermolecular Energy    : -6.038 (kcal/mol)
    Ligand - Receptor              : -6.038 (kcal/mol)
    Ligand - Flex side chains      : 0.000 (kcal/mol)
(2) Final Total Internal Energy    : -0.201 (kcal/mol)
    Ligand                         : -0.201 (kcal/mol)
    Flex   - Receptor              : 0.000 (kcal/mol)
    Flex   - Flex side chains      : 0.000 (kcal/mol)
(3) Torsional Free Energy          : 1.026 (kcal/mol)
(4) Unbound System's Energy        : -0.201 (kcal/mol)
ENERGY FROM SEARCH: -5.842
FINAL ENERGY: 
Estimated Free Energy of Binding   : -4.684 (kcal/mol) [=(1)+(2)+(3)-(4)]
(1) Final Intermolecular Energy    : -5.591 (kcal/mol)
    Ligand - Receptor              : -5.591 (kcal/mol)
    Ligand - Flex side chains      : 0.000 (kcal/mol)
(2) Final Total Internal Energy    : -0.253 (kcal/mol)
    Ligand                         : -0.253 (kcal/mol)
    Flex   - Receptor              : 0.000 (kcal/mol)
    Flex   - Flex side chains      : 0.000 (kcal/mol)
(3) Torsional Free Energy          : 0.958 (kcal/mol)
(4) Unbound System's Energy        : -0.201 (kcal/mol)
ENERGY FROM SEARCH: -6.305
FINAL ENERGY: 
Estimated Free Energy of Binding   : -5.066 (kcal/mol) [=(1)+(2)+(3)-(4)]
(1) Final Intermolecular Energy    : -6.064 (kcal/mol)
    Ligand - Receptor              : -6.064 (kcal/mol)
    Ligand - Flex side chains      : 0.000 (kcal/mol)
(2) Final Total Internal Energy    : -0.239 (kcal/mol)
    Ligand                         : -0.239 (kcal/mol)
    Flex   - Receptor              : 0.000 (kcal/mol)
    Flex   - Flex side chains      : 0.000 (kcal/mol)
(3) Torsional Free Energy          : 1.037 (kcal/mol)
(4) Unbound System's Energy        : -0.201 (kcal/mol)
ENERGY FROM SEARCH: -5.215
FINAL ENERGY: 
Estimated Free Energy of Binding   : -4.163 (kcal/mol) [=(1)+(2)+(3)-(4)]
(1) Final Intermolecular Energy    : -4.974 (kcal/mol)
    Ligand - Receptor              : -4.974 (kcal/mol)
    Ligand - Flex side chains      : 0.000 (kcal/mol)
(2) Final Total Internal Energy    : -0.242 (kcal/mol)
    Ligand                         : -0.242 (kcal/mol)
    Flex   - Receptor              : 0.000 (kcal/mol)
    Flex   - Flex side chains      : 0.000 (kcal/mol)
(3) Torsional Free Energy          : 0.852 (kcal/mol)
(4) Unbound System's Energy        : -0.201 (kcal/mol)
ENERGY FROM SEARCH: -5.095
FINAL ENERGY: 
Estimated Free Energy of Binding   : -4.065 (kcal/mol) [=(1)+(2)+(3)-(4)]
(1) Final Intermolecular Energy    : -4.862 (kcal/mol)
    Ligand - Receptor              : -4.862 (kcal/mol)
    Ligand - Flex side chains      : 0.000 (kcal/mol)
(2) Final Total Internal Energy    : -0.237 (kcal/mol)
    Ligand                         : -0.237 (kcal/mol)
    Flex   - Receptor              : 0.000 (kcal/mol)
    Flex   - Flex side chains      : 0.000 (kcal/mol)
(3) Torsional Free Energy          : 0.832 (kcal/mol)
(4) Unbound System's Energy        : -0.201 (kcal/mol)
ENERGY FROM SEARCH: -5.420
FINAL ENERGY: 
Estimated Free Energy of Binding   : -4.331 (kcal/mol) [=(1)+(2)+(3)-(4)]
(1) Final Intermolecular Energy    : -5.163 (kcal/mol)
    Ligand - Receptor              : -5.163 (kcal/mol)
    Ligand - Flex side chains      : 0.000 (kcal/mol)
(2) Final Total Internal Energy    : -0.255 (kcal/mol)
    Ligand                         : -0.255 (kcal/mol)
    Flex   - Receptor              : 0.000 (kcal/mol)
    Flex   - Flex side chains      : 0.000 (kcal/mol)
(3) Torsional Free Energy          : 0.886 (kcal/mol)
(4) Unbound System's Energy        : -0.201 (kcal/mol)
ENERGY FROM SEARCH: -5.493
FINAL ENERGY: 
Estimated Free Energy of Binding   : -4.394 (kcal/mol) [=(1)+(2)+(3)-(4)]
(1) Final Intermolecular Energy    : -5.271 (kcal/mol)
    Ligand - Receptor              : -5.271 (kcal/mol)
    Ligand - Flex side chains      : 0.000 (kcal/mol)
(2) Final Total Internal Energy    : -0.224 (kcal/mol)
    Ligand                         : -0.224 (kcal/mol)
    Flex   - Receptor              : 0.000 (kcal/mol)
    Flex   - Flex side chains      : 0.000 (kcal/mol)
(3) Torsional Free Energy          : 0.899 (kcal/mol)
(4) Unbound System's Energy        : -0.201 (kcal/mol)
ENERGY FROM SEARCH: -5.601
FINAL ENERGY: 
Estimated Free Energy of Binding   : -4.483 (kcal/mol) [=(1)+(2)+(3)-(4)]
(1) Final Intermolecular Energy    : -5.380 (kcal/mol)
    Ligand - Receptor              : -5.380 (kcal/mol)
    Ligand - Flex side chains      : 0.000 (kcal/mol)
(2) Final Total Internal Energy    : -0.223 (kcal/mol)
    Ligand                         : -0.223 (kcal/mol)
    Flex   - Receptor              : 0.000 (kcal/mol)
    Flex   - Flex side chains      : 0.000 (kcal/mol)
(3) Torsional Free Energy          : 0.917 (kcal/mol)
(4) Unbound System's Energy        : -0.201 (kcal/mol)
ENERGY FROM SEARCH: -5.612
FINAL ENERGY: 
Estimated Free Energy of Binding   : -4.489 (kcal/mol) [=(1)+(2)+(3)-(4)]
(1) Final Intermolecular Energy    : -5.365 (kcal/mol)
    Ligand - Receptor              : -5.365 (kcal/mol)
    Ligand - Flex side chains      : 0.000 (kcal/mol)
(2) Final Total Internal Energy    : -0.244 (kcal/mol)
    Ligand                         : -0.244 (kcal/mol)
    Flex   - Receptor              : 0.000 (kcal/mol)
    Flex   - Flex side chains      : 0.000 (kcal/mol)
(3) Torsional Free Energy          : 0.918 (kcal/mol)
(4) Unbound System's Energy        : -0.201 (kcal/mol)
ENERGY FROM SEARCH: -5.671
FINAL ENERGY: 
Estimated Free Energy of Binding   : -4.542 (kcal/mol) [=(1)+(2)+(3)-(4)]
(1) Final Intermolecular Energy    : -5.624 (kcal/mol)
    Ligand - Receptor              : -5.624 (kcal/mol)
    Ligand - Flex side chains      : 0.000 (kcal/mol)
(2) Final Total Internal Energy    : -0.049 (kcal/mol)
    Ligand                         : -0.049 (kcal/mol)
    Flex   - Receptor              : 0.000 (kcal/mol)
    Flex   - Flex side chains      : 0.000 (kcal/mol)
(3) Torsional Free Energy          : 0.929 (kcal/mol)
(4) Unbound System's Energy        : -0.201 (kcal/mol)

mode |   affinity | dist from best mode
     | (kcal/mol) | rmsd l.b.| rmsd u.b.
-----+------------+----------+----------
   1      -5.0658     0.0000     0.0000
   2      -5.0125     1.1275     3.6470
   3      -4.6841     1.3295     2.9460
   4      -4.5423     9.0499    10.6642
   5      -4.4890     2.5487     3.3529
   6      -4.4834     2.1623     2.8853
   7      -4.3941     1.9766     4.8221
   8      -4.3305     1.4450     4.7555
   9      -4.1628     2.0210     2.3752
  10      -4.0653     1.5481     4.2396
