AutoDock Vina v1.2.3-52-g92d1779
#################################################################
# If you used AutoDock Vina in your work, please cite:          #
#                                                               #
# J. Eberhardt, D. Santos-Martins, A. F. Tillack, and S. Forli  #
# AutoDock Vina 1.2.0: New Docking Methods, Expanded Force      #
# Field, and Python Bindings, J. Chem. Inf. Model. (2021)       #
# DOI 10.1021/acs.jcim.1c00203                                  #
#                                                               #
# O. Trott, A. J. Olson,                                        #
# AutoDock Vina: improving the speed and accuracy of docking    #
# with a new scoring function, efficient optimization and       #
# multithreading, J. Comp. Chem. (2010)                         #
# DOI 10.1002/jcc.21334                                         #
#                                                               #
# Please see https://github.com/ccsb-scripps/AutoDock-Vina for  #
# more information.                                             #
#################################################################

Scoring function : vina
Rigid receptor: YihW_l_alpha_cl1_min_model1.pdbqt
Ligand: Glu_Conformer3D_COMPOUND_CID_5793_avogadro_c.pdbqt
Grid center: X 40.018 Y 39.32 Z 39.342
Grid size  : X 58 Y 66 Z 62
Grid space : 1
Exhaustiveness: 32
CPU: 0
Verbosity: 2

Computing Vina grid ... done.
Performing docking (random seed: 827962132) ... 
0%   10   20   30   40   50   60   70   80   90   100%
|----|----|----|----|----|----|----|----|----|----|
***************************************************
done.
ENERGY FROM SEARCH: -6.37506
FINAL ENERGY: 
Estimated Free Energy of Binding   : -5.134 (kcal/mol) [=(1)+(2)+(3)-(4)]
(1) Final Intermolecular Energy    : -6.184 (kcal/mol)
    Ligand - Receptor              : -6.184 (kcal/mol)
    Ligand - Flex side chains      : 0.000 (kcal/mol)
(2) Final Total Internal Energy    : -0.190 (kcal/mol)
    Ligand                         : -0.190 (kcal/mol)
    Flex   - Receptor              : 0.000 (kcal/mol)
    Flex   - Flex side chains      : 0.000 (kcal/mol)
(3) Torsional Free Energy          : 1.050 (kcal/mol)
(4) Unbound System's Energy        : -0.190 (kcal/mol)
ENERGY FROM SEARCH: -6.413
FINAL ENERGY: 
Estimated Free Energy of Binding   : -5.167 (kcal/mol) [=(1)+(2)+(3)-(4)]
(1) Final Intermolecular Energy    : -6.166 (kcal/mol)
    Ligand - Receptor              : -6.166 (kcal/mol)
    Ligand - Flex side chains      : 0.000 (kcal/mol)
(2) Final Total Internal Energy    : -0.248 (kcal/mol)
    Ligand                         : -0.248 (kcal/mol)
    Flex   - Receptor              : 0.000 (kcal/mol)
    Flex   - Flex side chains      : 0.000 (kcal/mol)
(3) Torsional Free Energy          : 1.057 (kcal/mol)
(4) Unbound System's Energy        : -0.190 (kcal/mol)
ENERGY FROM SEARCH: -6.433
FINAL ENERGY: 
Estimated Free Energy of Binding   : -5.183 (kcal/mol) [=(1)+(2)+(3)-(4)]
(1) Final Intermolecular Energy    : -6.187 (kcal/mol)
    Ligand - Receptor              : -6.187 (kcal/mol)
    Ligand - Flex side chains      : 0.000 (kcal/mol)
(2) Final Total Internal Energy    : -0.246 (kcal/mol)
    Ligand                         : -0.246 (kcal/mol)
    Flex   - Receptor              : 0.000 (kcal/mol)
    Flex   - Flex side chains      : 0.000 (kcal/mol)
(3) Torsional Free Energy          : 1.060 (kcal/mol)
(4) Unbound System's Energy        : -0.190 (kcal/mol)
ENERGY FROM SEARCH: -5.243
FINAL ENERGY: 
Estimated Free Energy of Binding   : -4.199 (kcal/mol) [=(1)+(2)+(3)-(4)]
(1) Final Intermolecular Energy    : -5.022 (kcal/mol)
    Ligand - Receptor              : -5.022 (kcal/mol)
    Ligand - Flex side chains      : 0.000 (kcal/mol)
(2) Final Total Internal Energy    : -0.227 (kcal/mol)
    Ligand                         : -0.227 (kcal/mol)
    Flex   - Receptor              : 0.000 (kcal/mol)
    Flex   - Flex side chains      : 0.000 (kcal/mol)
(3) Torsional Free Energy          : 0.859 (kcal/mol)
(4) Unbound System's Energy        : -0.190 (kcal/mol)
ENERGY FROM SEARCH: -5.124
FINAL ENERGY: 
Estimated Free Energy of Binding   : -4.098 (kcal/mol) [=(1)+(2)+(3)-(4)]
(1) Final Intermolecular Energy    : -4.885 (kcal/mol)
    Ligand - Receptor              : -4.885 (kcal/mol)
    Ligand - Flex side chains      : 0.000 (kcal/mol)
(2) Final Total Internal Energy    : -0.242 (kcal/mol)
    Ligand                         : -0.242 (kcal/mol)
    Flex   - Receptor              : 0.000 (kcal/mol)
    Flex   - Flex side chains      : 0.000 (kcal/mol)
(3) Torsional Free Energy          : 0.838 (kcal/mol)
(4) Unbound System's Energy        : -0.190 (kcal/mol)
ENERGY FROM SEARCH: -5.570
FINAL ENERGY: 
Estimated Free Energy of Binding   : -4.466 (kcal/mol) [=(1)+(2)+(3)-(4)]
(1) Final Intermolecular Energy    : -5.347 (kcal/mol)
    Ligand - Receptor              : -5.347 (kcal/mol)
    Ligand - Flex side chains      : 0.000 (kcal/mol)
(2) Final Total Internal Energy    : -0.222 (kcal/mol)
    Ligand                         : -0.222 (kcal/mol)
    Flex   - Receptor              : 0.000 (kcal/mol)
    Flex   - Flex side chains      : 0.000 (kcal/mol)
(3) Torsional Free Energy          : 0.914 (kcal/mol)
(4) Unbound System's Energy        : -0.190 (kcal/mol)
ENERGY FROM SEARCH: -5.408
FINAL ENERGY: 
Estimated Free Energy of Binding   : -4.332 (kcal/mol) [=(1)+(2)+(3)-(4)]
(1) Final Intermolecular Energy    : -5.153 (kcal/mol)
    Ligand - Receptor              : -5.153 (kcal/mol)
    Ligand - Flex side chains      : 0.000 (kcal/mol)
(2) Final Total Internal Energy    : -0.256 (kcal/mol)
    Ligand                         : -0.256 (kcal/mol)
    Flex   - Receptor              : 0.000 (kcal/mol)
    Flex   - Flex side chains      : 0.000 (kcal/mol)
(3) Torsional Free Energy          : 0.886 (kcal/mol)
(4) Unbound System's Energy        : -0.190 (kcal/mol)
ENERGY FROM SEARCH: -5.619
FINAL ENERGY: 
Estimated Free Energy of Binding   : -4.506 (kcal/mol) [=(1)+(2)+(3)-(4)]
(1) Final Intermolecular Energy    : -5.372 (kcal/mol)
    Ligand - Receptor              : -5.372 (kcal/mol)
    Ligand - Flex side chains      : 0.000 (kcal/mol)
(2) Final Total Internal Energy    : -0.247 (kcal/mol)
    Ligand                         : -0.247 (kcal/mol)
    Flex   - Receptor              : 0.000 (kcal/mol)
    Flex   - Flex side chains      : 0.000 (kcal/mol)
(3) Torsional Free Energy          : 0.922 (kcal/mol)
(4) Unbound System's Energy        : -0.190 (kcal/mol)
ENERGY FROM SEARCH: -5.556
FINAL ENERGY: 
Estimated Free Energy of Binding   : -4.454 (kcal/mol) [=(1)+(2)+(3)-(4)]
(1) Final Intermolecular Energy    : -5.505 (kcal/mol)
    Ligand - Receptor              : -5.505 (kcal/mol)
    Ligand - Flex side chains      : 0.000 (kcal/mol)
(2) Final Total Internal Energy    : -0.051 (kcal/mol)
    Ligand                         : -0.051 (kcal/mol)
    Flex   - Receptor              : 0.000 (kcal/mol)
    Flex   - Flex side chains      : 0.000 (kcal/mol)
(3) Torsional Free Energy          : 0.911 (kcal/mol)
(4) Unbound System's Energy        : -0.190 (kcal/mol)
ENERGY FROM SEARCH: -5.640
FINAL ENERGY: 
Estimated Free Energy of Binding   : -4.525 (kcal/mol) [=(1)+(2)+(3)-(4)]
(1) Final Intermolecular Energy    : -5.386 (kcal/mol)
    Ligand - Receptor              : -5.386 (kcal/mol)
    Ligand - Flex side chains      : 0.000 (kcal/mol)
(2) Final Total Internal Energy    : -0.255 (kcal/mol)
    Ligand                         : -0.255 (kcal/mol)
    Flex   - Receptor              : 0.000 (kcal/mol)
    Flex   - Flex side chains      : 0.000 (kcal/mol)
(3) Torsional Free Energy          : 0.926 (kcal/mol)
(4) Unbound System's Energy        : -0.190 (kcal/mol)

mode |   affinity | dist from best mode
     | (kcal/mol) | rmsd l.b.| rmsd u.b.
-----+------------+----------+----------
   1      -5.1829     0.0000     0.0000
   2      -5.1671     1.1276     2.7993
   3      -5.1339     1.0646     3.6381
   4      -4.5247    11.1465    11.7182
   5      -4.5059     2.4891     3.3837
   6      -4.4656     1.8943     4.8223
   7      -4.4539     9.1498    10.6526
   8      -4.3318     2.0867     2.7253
   9      -4.1991     1.9325     2.1998
  10      -4.0977     1.5342     4.1765
