AutoDock Vina v1.2.3-52-g92d1779
#################################################################
# If you used AutoDock Vina in your work, please cite:          #
#                                                               #
# J. Eberhardt, D. Santos-Martins, A. F. Tillack, and S. Forli  #
# AutoDock Vina 1.2.0: New Docking Methods, Expanded Force      #
# Field, and Python Bindings, J. Chem. Inf. Model. (2021)       #
# DOI 10.1021/acs.jcim.1c00203                                  #
#                                                               #
# O. Trott, A. J. Olson,                                        #
# AutoDock Vina: improving the speed and accuracy of docking    #
# with a new scoring function, efficient optimization and       #
# multithreading, J. Comp. Chem. (2010)                         #
# DOI 10.1002/jcc.21334                                         #
#                                                               #
# Please see https://github.com/ccsb-scripps/AutoDock-Vina for  #
# more information.                                             #
#################################################################

Scoring function : vina
Rigid receptor: YihW_s_AF_cl1_min_model1.pdbqt
Ligand: Glu_Conformer3D_COMPOUND_CID_5793_avogadro_c.pdbqt
Grid center: X 42.638 Y 43.195 Z 45.244
Grid size  : X 44 Y 52 Z 62
Grid space : 1
Exhaustiveness: 32
CPU: 0
Verbosity: 2

Computing Vina grid ... done.
Performing docking (random seed: 1536473451) ... 
0%   10   20   30   40   50   60   70   80   90   100%
|----|----|----|----|----|----|----|----|----|----|
***************************************************
done.
ENERGY FROM SEARCH: -6.11576
FINAL ENERGY: 
Estimated Free Energy of Binding   : -4.874 (kcal/mol) [=(1)+(2)+(3)-(4)]
(1) Final Intermolecular Energy    : -5.872 (kcal/mol)
    Ligand - Receptor              : -5.872 (kcal/mol)
    Ligand - Flex side chains      : 0.000 (kcal/mol)
(2) Final Total Internal Energy    : -0.243 (kcal/mol)
    Ligand                         : -0.243 (kcal/mol)
    Flex   - Receptor              : 0.000 (kcal/mol)
    Flex   - Flex side chains      : 0.000 (kcal/mol)
(3) Torsional Free Energy          : 0.997 (kcal/mol)
(4) Unbound System's Energy        : -0.243 (kcal/mol)
ENERGY FROM SEARCH: -6.858
FINAL ENERGY: 
Estimated Free Energy of Binding   : -5.492 (kcal/mol) [=(1)+(2)+(3)-(4)]
(1) Final Intermolecular Energy    : -6.610 (kcal/mol)
    Ligand - Receptor              : -6.610 (kcal/mol)
    Ligand - Flex side chains      : 0.000 (kcal/mol)
(2) Final Total Internal Energy    : -0.248 (kcal/mol)
    Ligand                         : -0.248 (kcal/mol)
    Flex   - Receptor              : 0.000 (kcal/mol)
    Flex   - Flex side chains      : 0.000 (kcal/mol)
(3) Torsional Free Energy          : 1.124 (kcal/mol)
(4) Unbound System's Energy        : -0.243 (kcal/mol)
ENERGY FROM SEARCH: -6.394
FINAL ENERGY: 
Estimated Free Energy of Binding   : -5.105 (kcal/mol) [=(1)+(2)+(3)-(4)]
(1) Final Intermolecular Energy    : -6.154 (kcal/mol)
    Ligand - Receptor              : -6.154 (kcal/mol)
    Ligand - Flex side chains      : 0.000 (kcal/mol)
(2) Final Total Internal Energy    : -0.240 (kcal/mol)
    Ligand                         : -0.240 (kcal/mol)
    Flex   - Receptor              : 0.000 (kcal/mol)
    Flex   - Flex side chains      : 0.000 (kcal/mol)
(3) Torsional Free Energy          : 1.045 (kcal/mol)
(4) Unbound System's Energy        : -0.243 (kcal/mol)
ENERGY FROM SEARCH: -6.039
FINAL ENERGY: 
Estimated Free Energy of Binding   : -4.811 (kcal/mol) [=(1)+(2)+(3)-(4)]
(1) Final Intermolecular Energy    : -5.984 (kcal/mol)
    Ligand - Receptor              : -5.984 (kcal/mol)
    Ligand - Flex side chains      : 0.000 (kcal/mol)
(2) Final Total Internal Energy    : -0.055 (kcal/mol)
    Ligand                         : -0.055 (kcal/mol)
    Flex   - Receptor              : 0.000 (kcal/mol)
    Flex   - Flex side chains      : 0.000 (kcal/mol)
(3) Torsional Free Energy          : 0.984 (kcal/mol)
(4) Unbound System's Energy        : -0.243 (kcal/mol)
ENERGY FROM SEARCH: -6.365
FINAL ENERGY: 
Estimated Free Energy of Binding   : -5.082 (kcal/mol) [=(1)+(2)+(3)-(4)]
(1) Final Intermolecular Energy    : -6.146 (kcal/mol)
    Ligand - Receptor              : -6.146 (kcal/mol)
    Ligand - Flex side chains      : 0.000 (kcal/mol)
(2) Final Total Internal Energy    : -0.220 (kcal/mol)
    Ligand                         : -0.220 (kcal/mol)
    Flex   - Receptor              : 0.000 (kcal/mol)
    Flex   - Flex side chains      : 0.000 (kcal/mol)
(3) Torsional Free Energy          : 1.040 (kcal/mol)
(4) Unbound System's Energy        : -0.243 (kcal/mol)
ENERGY FROM SEARCH: -6.315
FINAL ENERGY: 
Estimated Free Energy of Binding   : -5.040 (kcal/mol) [=(1)+(2)+(3)-(4)]
(1) Final Intermolecular Energy    : -6.109 (kcal/mol)
    Ligand - Receptor              : -6.109 (kcal/mol)
    Ligand - Flex side chains      : 0.000 (kcal/mol)
(2) Final Total Internal Energy    : -0.205 (kcal/mol)
    Ligand                         : -0.205 (kcal/mol)
    Flex   - Receptor              : 0.000 (kcal/mol)
    Flex   - Flex side chains      : 0.000 (kcal/mol)
(3) Torsional Free Energy          : 1.031 (kcal/mol)
(4) Unbound System's Energy        : -0.243 (kcal/mol)
ENERGY FROM SEARCH: -6.309
FINAL ENERGY: 
Estimated Free Energy of Binding   : -5.034 (kcal/mol) [=(1)+(2)+(3)-(4)]
(1) Final Intermolecular Energy    : -6.061 (kcal/mol)
    Ligand - Receptor              : -6.061 (kcal/mol)
    Ligand - Flex side chains      : 0.000 (kcal/mol)
(2) Final Total Internal Energy    : -0.247 (kcal/mol)
    Ligand                         : -0.247 (kcal/mol)
    Flex   - Receptor              : 0.000 (kcal/mol)
    Flex   - Flex side chains      : 0.000 (kcal/mol)
(3) Torsional Free Energy          : 1.030 (kcal/mol)
(4) Unbound System's Energy        : -0.243 (kcal/mol)
ENERGY FROM SEARCH: -6.390
FINAL ENERGY: 
Estimated Free Energy of Binding   : -5.102 (kcal/mol) [=(1)+(2)+(3)-(4)]
(1) Final Intermolecular Energy    : -6.154 (kcal/mol)
    Ligand - Receptor              : -6.154 (kcal/mol)
    Ligand - Flex side chains      : 0.000 (kcal/mol)
(2) Final Total Internal Energy    : -0.235 (kcal/mol)
    Ligand                         : -0.235 (kcal/mol)
    Flex   - Receptor              : 0.000 (kcal/mol)
    Flex   - Flex side chains      : 0.000 (kcal/mol)
(3) Torsional Free Energy          : 1.044 (kcal/mol)
(4) Unbound System's Energy        : -0.243 (kcal/mol)
ENERGY FROM SEARCH: -6.016
FINAL ENERGY: 
Estimated Free Energy of Binding   : -4.791 (kcal/mol) [=(1)+(2)+(3)-(4)]
(1) Final Intermolecular Energy    : -5.759 (kcal/mol)
    Ligand - Receptor              : -5.759 (kcal/mol)
    Ligand - Flex side chains      : 0.000 (kcal/mol)
(2) Final Total Internal Energy    : -0.255 (kcal/mol)
    Ligand                         : -0.255 (kcal/mol)
    Flex   - Receptor              : 0.000 (kcal/mol)
    Flex   - Flex side chains      : 0.000 (kcal/mol)
(3) Torsional Free Energy          : 0.980 (kcal/mol)
(4) Unbound System's Energy        : -0.243 (kcal/mol)
ENERGY FROM SEARCH: -6.813
FINAL ENERGY: 
Estimated Free Energy of Binding   : -5.457 (kcal/mol) [=(1)+(2)+(3)-(4)]
(1) Final Intermolecular Energy    : -6.675 (kcal/mol)
    Ligand - Receptor              : -6.675 (kcal/mol)
    Ligand - Flex side chains      : 0.000 (kcal/mol)
(2) Final Total Internal Energy    : -0.142 (kcal/mol)
    Ligand                         : -0.142 (kcal/mol)
    Flex   - Receptor              : 0.000 (kcal/mol)
    Flex   - Flex side chains      : 0.000 (kcal/mol)
(3) Torsional Free Energy          : 1.117 (kcal/mol)
(4) Unbound System's Energy        : -0.243 (kcal/mol)

mode |   affinity | dist from best mode
     | (kcal/mol) | rmsd l.b.| rmsd u.b.
-----+------------+----------+----------
   1      -5.4917     0.0000     0.0000
   2      -5.4570     8.7629    10.3672
   3      -5.1053     1.5742     3.1320
   4      -5.1016     1.5482     3.6177
   5      -5.0819     1.1322     4.1336
   6      -5.0396     1.3967     2.9677
   7      -5.0341     1.4484     3.0446
   8      -4.8743     1.3935     4.6272
   9      -4.8111     1.5112     3.6552
  10      -4.7911     1.1950     2.9802
