AutoDock Vina v1.2.3-52-g92d1779
#################################################################
# If you used AutoDock Vina in your work, please cite:          #
#                                                               #
# J. Eberhardt, D. Santos-Martins, A. F. Tillack, and S. Forli  #
# AutoDock Vina 1.2.0: New Docking Methods, Expanded Force      #
# Field, and Python Bindings, J. Chem. Inf. Model. (2021)       #
# DOI 10.1021/acs.jcim.1c00203                                  #
#                                                               #
# O. Trott, A. J. Olson,                                        #
# AutoDock Vina: improving the speed and accuracy of docking    #
# with a new scoring function, efficient optimization and       #
# multithreading, J. Comp. Chem. (2010)                         #
# DOI 10.1002/jcc.21334                                         #
#                                                               #
# Please see https://github.com/ccsb-scripps/AutoDock-Vina for  #
# more information.                                             #
#################################################################

Scoring function : vina
Rigid receptor: YihW_s_AF_cl1_min_model1.pdbqt
Ligand: Glu_Conformer3D_COMPOUND_CID_5793_avogadro_c.pdbqt
Grid center: X 42.638 Y 43.195 Z 45.244
Grid size  : X 44 Y 52 Z 62
Grid space : 1
Exhaustiveness: 32
CPU: 0
Verbosity: 2

Computing Vina grid ... done.
Performing docking (random seed: 229066948) ... 
0%   10   20   30   40   50   60   70   80   90   100%
|----|----|----|----|----|----|----|----|----|----|
***************************************************
done.
ENERGY FROM SEARCH: -6.0116
FINAL ENERGY: 
Estimated Free Energy of Binding   : -4.792 (kcal/mol) [=(1)+(2)+(3)-(4)]
(1) Final Intermolecular Energy    : -5.773 (kcal/mol)
    Ligand - Receptor              : -5.773 (kcal/mol)
    Ligand - Flex side chains      : 0.000 (kcal/mol)
(2) Final Total Internal Energy    : -0.239 (kcal/mol)
    Ligand                         : -0.239 (kcal/mol)
    Flex   - Receptor              : 0.000 (kcal/mol)
    Flex   - Flex side chains      : 0.000 (kcal/mol)
(3) Torsional Free Energy          : 0.981 (kcal/mol)
(4) Unbound System's Energy        : -0.239 (kcal/mol)
ENERGY FROM SEARCH: -6.387
FINAL ENERGY: 
Estimated Free Energy of Binding   : -5.104 (kcal/mol) [=(1)+(2)+(3)-(4)]
(1) Final Intermolecular Energy    : -6.150 (kcal/mol)
    Ligand - Receptor              : -6.150 (kcal/mol)
    Ligand - Flex side chains      : 0.000 (kcal/mol)
(2) Final Total Internal Energy    : -0.237 (kcal/mol)
    Ligand                         : -0.237 (kcal/mol)
    Flex   - Receptor              : 0.000 (kcal/mol)
    Flex   - Flex side chains      : 0.000 (kcal/mol)
(3) Torsional Free Energy          : 1.044 (kcal/mol)
(4) Unbound System's Energy        : -0.239 (kcal/mol)
ENERGY FROM SEARCH: -6.431
FINAL ENERGY: 
Estimated Free Energy of Binding   : -5.138 (kcal/mol) [=(1)+(2)+(3)-(4)]
(1) Final Intermolecular Energy    : -6.214 (kcal/mol)
    Ligand - Receptor              : -6.214 (kcal/mol)
    Ligand - Flex side chains      : 0.000 (kcal/mol)
(2) Final Total Internal Energy    : -0.216 (kcal/mol)
    Ligand                         : -0.216 (kcal/mol)
    Flex   - Receptor              : 0.000 (kcal/mol)
    Flex   - Flex side chains      : 0.000 (kcal/mol)
(3) Torsional Free Energy          : 1.051 (kcal/mol)
(4) Unbound System's Energy        : -0.239 (kcal/mol)
ENERGY FROM SEARCH: -5.979
FINAL ENERGY: 
Estimated Free Energy of Binding   : -4.763 (kcal/mol) [=(1)+(2)+(3)-(4)]
(1) Final Intermolecular Energy    : -5.924 (kcal/mol)
    Ligand - Receptor              : -5.924 (kcal/mol)
    Ligand - Flex side chains      : 0.000 (kcal/mol)
(2) Final Total Internal Energy    : -0.054 (kcal/mol)
    Ligand                         : -0.054 (kcal/mol)
    Flex   - Receptor              : 0.000 (kcal/mol)
    Flex   - Flex side chains      : 0.000 (kcal/mol)
(3) Torsional Free Energy          : 0.975 (kcal/mol)
(4) Unbound System's Energy        : -0.239 (kcal/mol)
ENERGY FROM SEARCH: -6.419
FINAL ENERGY: 
Estimated Free Energy of Binding   : -5.133 (kcal/mol) [=(1)+(2)+(3)-(4)]
(1) Final Intermolecular Energy    : -6.389 (kcal/mol)
    Ligand - Receptor              : -6.389 (kcal/mol)
    Ligand - Flex side chains      : 0.000 (kcal/mol)
(2) Final Total Internal Energy    : -0.033 (kcal/mol)
    Ligand                         : -0.033 (kcal/mol)
    Flex   - Receptor              : 0.000 (kcal/mol)
    Flex   - Flex side chains      : 0.000 (kcal/mol)
(3) Torsional Free Energy          : 1.050 (kcal/mol)
(4) Unbound System's Energy        : -0.239 (kcal/mol)
ENERGY FROM SEARCH: -6.340
FINAL ENERGY: 
Estimated Free Energy of Binding   : -5.062 (kcal/mol) [=(1)+(2)+(3)-(4)]
(1) Final Intermolecular Energy    : -6.133 (kcal/mol)
    Ligand - Receptor              : -6.133 (kcal/mol)
    Ligand - Flex side chains      : 0.000 (kcal/mol)
(2) Final Total Internal Energy    : -0.205 (kcal/mol)
    Ligand                         : -0.205 (kcal/mol)
    Flex   - Receptor              : 0.000 (kcal/mol)
    Flex   - Flex side chains      : 0.000 (kcal/mol)
(3) Torsional Free Energy          : 1.036 (kcal/mol)
(4) Unbound System's Energy        : -0.239 (kcal/mol)
ENERGY FROM SEARCH: -6.528
FINAL ENERGY: 
Estimated Free Energy of Binding   : -5.221 (kcal/mol) [=(1)+(2)+(3)-(4)]
(1) Final Intermolecular Energy    : -6.283 (kcal/mol)
    Ligand - Receptor              : -6.283 (kcal/mol)
    Ligand - Flex side chains      : 0.000 (kcal/mol)
(2) Final Total Internal Energy    : -0.246 (kcal/mol)
    Ligand                         : -0.246 (kcal/mol)
    Flex   - Receptor              : 0.000 (kcal/mol)
    Flex   - Flex side chains      : 0.000 (kcal/mol)
(3) Torsional Free Energy          : 1.068 (kcal/mol)
(4) Unbound System's Energy        : -0.239 (kcal/mol)
ENERGY FROM SEARCH: -6.048
FINAL ENERGY: 
Estimated Free Energy of Binding   : -4.822 (kcal/mol) [=(1)+(2)+(3)-(4)]
(1) Final Intermolecular Energy    : -5.802 (kcal/mol)
    Ligand - Receptor              : -5.802 (kcal/mol)
    Ligand - Flex side chains      : 0.000 (kcal/mol)
(2) Final Total Internal Energy    : -0.246 (kcal/mol)
    Ligand                         : -0.246 (kcal/mol)
    Flex   - Receptor              : 0.000 (kcal/mol)
    Flex   - Flex side chains      : 0.000 (kcal/mol)
(3) Torsional Free Energy          : 0.987 (kcal/mol)
(4) Unbound System's Energy        : -0.239 (kcal/mol)
ENERGY FROM SEARCH: -6.213
FINAL ENERGY: 
Estimated Free Energy of Binding   : -4.957 (kcal/mol) [=(1)+(2)+(3)-(4)]
(1) Final Intermolecular Energy    : -6.148 (kcal/mol)
    Ligand - Receptor              : -6.148 (kcal/mol)
    Ligand - Flex side chains      : 0.000 (kcal/mol)
(2) Final Total Internal Energy    : -0.062 (kcal/mol)
    Ligand                         : -0.062 (kcal/mol)
    Flex   - Receptor              : 0.000 (kcal/mol)
    Flex   - Flex side chains      : 0.000 (kcal/mol)
(3) Torsional Free Energy          : 1.014 (kcal/mol)
(4) Unbound System's Energy        : -0.239 (kcal/mol)
ENERGY FROM SEARCH: -5.903
FINAL ENERGY: 
Estimated Free Energy of Binding   : -4.702 (kcal/mol) [=(1)+(2)+(3)-(4)]
(1) Final Intermolecular Energy    : -5.661 (kcal/mol)
    Ligand - Receptor              : -5.661 (kcal/mol)
    Ligand - Flex side chains      : 0.000 (kcal/mol)
(2) Final Total Internal Energy    : -0.243 (kcal/mol)
    Ligand                         : -0.243 (kcal/mol)
    Flex   - Receptor              : 0.000 (kcal/mol)
    Flex   - Flex side chains      : 0.000 (kcal/mol)
(3) Torsional Free Energy          : 0.962 (kcal/mol)
(4) Unbound System's Energy        : -0.239 (kcal/mol)

mode |   affinity | dist from best mode
     | (kcal/mol) | rmsd l.b.| rmsd u.b.
-----+------------+----------+----------
   1      -5.2213     0.0000     0.0000
   2      -5.1384     1.3243     3.7447
   3      -5.1329     1.5597     4.0012
   4      -5.1037     1.8103     3.7232
   5      -5.0623     1.6275     2.2782
   6      -4.9567     1.4358     3.1169
   7      -4.8218     1.7556     3.6142
   8      -4.7921     1.5918     4.1667
   9      -4.7634     1.3745     4.5961
  10      -4.7025     1.6789     4.8621
