AutoDock Vina v1.2.3-52-g92d1779
#################################################################
# If you used AutoDock Vina in your work, please cite:          #
#                                                               #
# J. Eberhardt, D. Santos-Martins, A. F. Tillack, and S. Forli  #
# AutoDock Vina 1.2.0: New Docking Methods, Expanded Force      #
# Field, and Python Bindings, J. Chem. Inf. Model. (2021)       #
# DOI 10.1021/acs.jcim.1c00203                                  #
#                                                               #
# O. Trott, A. J. Olson,                                        #
# AutoDock Vina: improving the speed and accuracy of docking    #
# with a new scoring function, efficient optimization and       #
# multithreading, J. Comp. Chem. (2010)                         #
# DOI 10.1002/jcc.21334                                         #
#                                                               #
# Please see https://github.com/ccsb-scripps/AutoDock-Vina for  #
# more information.                                             #
#################################################################

Scoring function : vina
Rigid receptor: YihW_s_templ_cl2_min_model1.pdbqt
Ligand: Glu_Conformer3D_COMPOUND_CID_5793_avogadro_c.pdbqt
Grid center: X 37.211 Y 41.586 Z 40.288
Grid size  : X 68 Y 60 Z 74
Grid space : 1
Exhaustiveness: 32
CPU: 0
Verbosity: 2

Computing Vina grid ... done.
Performing docking (random seed: 1185077426) ... 
0%   10   20   30   40   50   60   70   80   90   100%
|----|----|----|----|----|----|----|----|----|----|
***************************************************
done.
ENERGY FROM SEARCH: -5.12121
FINAL ENERGY: 
Estimated Free Energy of Binding   : -4.050 (kcal/mol) [=(1)+(2)+(3)-(4)]
(1) Final Intermolecular Energy    : -4.878 (kcal/mol)
    Ligand - Receptor              : -4.878 (kcal/mol)
    Ligand - Flex side chains      : 0.000 (kcal/mol)
(2) Final Total Internal Energy    : -0.243 (kcal/mol)
    Ligand                         : -0.243 (kcal/mol)
    Flex   - Receptor              : 0.000 (kcal/mol)
    Flex   - Flex side chains      : 0.000 (kcal/mol)
(3) Torsional Free Energy          : 0.829 (kcal/mol)
(4) Unbound System's Energy        : -0.243 (kcal/mol)
ENERGY FROM SEARCH: -5.637
FINAL ENERGY: 
Estimated Free Energy of Binding   : -4.477 (kcal/mol) [=(1)+(2)+(3)-(4)]
(1) Final Intermolecular Energy    : -5.395 (kcal/mol)
    Ligand - Receptor              : -5.395 (kcal/mol)
    Ligand - Flex side chains      : 0.000 (kcal/mol)
(2) Final Total Internal Energy    : -0.240 (kcal/mol)
    Ligand                         : -0.240 (kcal/mol)
    Flex   - Receptor              : 0.000 (kcal/mol)
    Flex   - Flex side chains      : 0.000 (kcal/mol)
(3) Torsional Free Energy          : 0.916 (kcal/mol)
(4) Unbound System's Energy        : -0.243 (kcal/mol)
ENERGY FROM SEARCH: -5.447
FINAL ENERGY: 
Estimated Free Energy of Binding   : -4.320 (kcal/mol) [=(1)+(2)+(3)-(4)]
(1) Final Intermolecular Energy    : -5.194 (kcal/mol)
    Ligand - Receptor              : -5.194 (kcal/mol)
    Ligand - Flex side chains      : 0.000 (kcal/mol)
(2) Final Total Internal Energy    : -0.252 (kcal/mol)
    Ligand                         : -0.252 (kcal/mol)
    Flex   - Receptor              : 0.000 (kcal/mol)
    Flex   - Flex side chains      : 0.000 (kcal/mol)
(3) Torsional Free Energy          : 0.884 (kcal/mol)
(4) Unbound System's Energy        : -0.243 (kcal/mol)
ENERGY FROM SEARCH: -5.765
FINAL ENERGY: 
Estimated Free Energy of Binding   : -4.587 (kcal/mol) [=(1)+(2)+(3)-(4)]
(1) Final Intermolecular Energy    : -5.513 (kcal/mol)
    Ligand - Receptor              : -5.513 (kcal/mol)
    Ligand - Flex side chains      : 0.000 (kcal/mol)
(2) Final Total Internal Energy    : -0.256 (kcal/mol)
    Ligand                         : -0.256 (kcal/mol)
    Flex   - Receptor              : 0.000 (kcal/mol)
    Flex   - Flex side chains      : 0.000 (kcal/mol)
(3) Torsional Free Energy          : 0.939 (kcal/mol)
(4) Unbound System's Energy        : -0.243 (kcal/mol)
ENERGY FROM SEARCH: -5.291
FINAL ENERGY: 
Estimated Free Energy of Binding   : -4.190 (kcal/mol) [=(1)+(2)+(3)-(4)]
(1) Final Intermolecular Energy    : -5.034 (kcal/mol)
    Ligand - Receptor              : -5.034 (kcal/mol)
    Ligand - Flex side chains      : 0.000 (kcal/mol)
(2) Final Total Internal Energy    : -0.256 (kcal/mol)
    Ligand                         : -0.256 (kcal/mol)
    Flex   - Receptor              : 0.000 (kcal/mol)
    Flex   - Flex side chains      : 0.000 (kcal/mol)
(3) Torsional Free Energy          : 0.857 (kcal/mol)
(4) Unbound System's Energy        : -0.243 (kcal/mol)
ENERGY FROM SEARCH: -5.346
FINAL ENERGY: 
Estimated Free Energy of Binding   : -4.237 (kcal/mol) [=(1)+(2)+(3)-(4)]
(1) Final Intermolecular Energy    : -5.090 (kcal/mol)
    Ligand - Receptor              : -5.090 (kcal/mol)
    Ligand - Flex side chains      : 0.000 (kcal/mol)
(2) Final Total Internal Energy    : -0.256 (kcal/mol)
    Ligand                         : -0.256 (kcal/mol)
    Flex   - Receptor              : 0.000 (kcal/mol)
    Flex   - Flex side chains      : 0.000 (kcal/mol)
(3) Torsional Free Energy          : 0.867 (kcal/mol)
(4) Unbound System's Energy        : -0.243 (kcal/mol)
ENERGY FROM SEARCH: -5.278
FINAL ENERGY: 
Estimated Free Energy of Binding   : -4.179 (kcal/mol) [=(1)+(2)+(3)-(4)]
(1) Final Intermolecular Energy    : -5.056 (kcal/mol)
    Ligand - Receptor              : -5.056 (kcal/mol)
    Ligand - Flex side chains      : 0.000 (kcal/mol)
(2) Final Total Internal Energy    : -0.221 (kcal/mol)
    Ligand                         : -0.221 (kcal/mol)
    Flex   - Receptor              : 0.000 (kcal/mol)
    Flex   - Flex side chains      : 0.000 (kcal/mol)
(3) Torsional Free Energy          : 0.855 (kcal/mol)
(4) Unbound System's Energy        : -0.243 (kcal/mol)
ENERGY FROM SEARCH: -5.409
FINAL ENERGY: 
Estimated Free Energy of Binding   : -4.288 (kcal/mol) [=(1)+(2)+(3)-(4)]
(1) Final Intermolecular Energy    : -5.153 (kcal/mol)
    Ligand - Receptor              : -5.153 (kcal/mol)
    Ligand - Flex side chains      : 0.000 (kcal/mol)
(2) Final Total Internal Energy    : -0.255 (kcal/mol)
    Ligand                         : -0.255 (kcal/mol)
    Flex   - Receptor              : 0.000 (kcal/mol)
    Flex   - Flex side chains      : 0.000 (kcal/mol)
(3) Torsional Free Energy          : 0.877 (kcal/mol)
(4) Unbound System's Energy        : -0.243 (kcal/mol)
ENERGY FROM SEARCH: -5.392
FINAL ENERGY: 
Estimated Free Energy of Binding   : -4.273 (kcal/mol) [=(1)+(2)+(3)-(4)]
(1) Final Intermolecular Energy    : -5.143 (kcal/mol)
    Ligand - Receptor              : -5.143 (kcal/mol)
    Ligand - Flex side chains      : 0.000 (kcal/mol)
(2) Final Total Internal Energy    : -0.246 (kcal/mol)
    Ligand                         : -0.246 (kcal/mol)
    Flex   - Receptor              : 0.000 (kcal/mol)
    Flex   - Flex side chains      : 0.000 (kcal/mol)
(3) Torsional Free Energy          : 0.874 (kcal/mol)
(4) Unbound System's Energy        : -0.243 (kcal/mol)
ENERGY FROM SEARCH: -5.238
FINAL ENERGY: 
Estimated Free Energy of Binding   : -4.145 (kcal/mol) [=(1)+(2)+(3)-(4)]
(1) Final Intermolecular Energy    : -5.007 (kcal/mol)
    Ligand - Receptor              : -5.007 (kcal/mol)
    Ligand - Flex side chains      : 0.000 (kcal/mol)
(2) Final Total Internal Energy    : -0.229 (kcal/mol)
    Ligand                         : -0.229 (kcal/mol)
    Flex   - Receptor              : 0.000 (kcal/mol)
    Flex   - Flex side chains      : 0.000 (kcal/mol)
(3) Torsional Free Energy          : 0.848 (kcal/mol)
(4) Unbound System's Energy        : -0.243 (kcal/mol)

mode |   affinity | dist from best mode
     | (kcal/mol) | rmsd l.b.| rmsd u.b.
-----+------------+----------+----------
   1      -4.5869     0.0000     0.0000
   2      -4.4766     6.9675     8.0694
   3      -4.3196    12.9755    14.9110
   4      -4.2876    27.0363    28.8171
   5      -4.2727     2.1308     3.8906
   6      -4.2365     1.9090     2.7699
   7      -4.1900     2.0134     3.0490
   8      -4.1789    13.2070    14.6153
   9      -4.1453     1.2871     3.7594
  10      -4.0496     1.2656     3.7549
