AutoDock Vina v1.2.3-52-g92d1779
#################################################################
# If you used AutoDock Vina in your work, please cite:          #
#                                                               #
# J. Eberhardt, D. Santos-Martins, A. F. Tillack, and S. Forli  #
# AutoDock Vina 1.2.0: New Docking Methods, Expanded Force      #
# Field, and Python Bindings, J. Chem. Inf. Model. (2021)       #
# DOI 10.1021/acs.jcim.1c00203                                  #
#                                                               #
# O. Trott, A. J. Olson,                                        #
# AutoDock Vina: improving the speed and accuracy of docking    #
# with a new scoring function, efficient optimization and       #
# multithreading, J. Comp. Chem. (2010)                         #
# DOI 10.1002/jcc.21334                                         #
#                                                               #
# Please see https://github.com/ccsb-scripps/AutoDock-Vina for  #
# more information.                                             #
#################################################################

Scoring function : vina
Rigid receptor: YihW_s_templ_cl2_min_model1.pdbqt
Ligand: Glu_Conformer3D_COMPOUND_CID_5793_avogadro_c.pdbqt
Grid center: X 37.211 Y 41.586 Z 40.288
Grid size  : X 68 Y 60 Z 74
Grid space : 1
Exhaustiveness: 32
CPU: 0
Verbosity: 2

Computing Vina grid ... done.
Performing docking (random seed: 101123656) ... 
0%   10   20   30   40   50   60   70   80   90   100%
|----|----|----|----|----|----|----|----|----|----|
***************************************************
done.
ENERGY FROM SEARCH: -5.06235
FINAL ENERGY: 
Estimated Free Energy of Binding   : -3.997 (kcal/mol) [=(1)+(2)+(3)-(4)]
(1) Final Intermolecular Energy    : -4.814 (kcal/mol)
    Ligand - Receptor              : -4.814 (kcal/mol)
    Ligand - Flex side chains      : 0.000 (kcal/mol)
(2) Final Total Internal Energy    : -0.247 (kcal/mol)
    Ligand                         : -0.247 (kcal/mol)
    Flex   - Receptor              : 0.000 (kcal/mol)
    Flex   - Flex side chains      : 0.000 (kcal/mol)
(3) Torsional Free Energy          : 0.818 (kcal/mol)
(4) Unbound System's Energy        : -0.247 (kcal/mol)
ENERGY FROM SEARCH: -5.539
FINAL ENERGY: 
Estimated Free Energy of Binding   : -4.392 (kcal/mol) [=(1)+(2)+(3)-(4)]
(1) Final Intermolecular Energy    : -5.291 (kcal/mol)
    Ligand - Receptor              : -5.291 (kcal/mol)
    Ligand - Flex side chains      : 0.000 (kcal/mol)
(2) Final Total Internal Energy    : -0.246 (kcal/mol)
    Ligand                         : -0.246 (kcal/mol)
    Flex   - Receptor              : 0.000 (kcal/mol)
    Flex   - Flex side chains      : 0.000 (kcal/mol)
(3) Torsional Free Energy          : 0.899 (kcal/mol)
(4) Unbound System's Energy        : -0.247 (kcal/mol)
ENERGY FROM SEARCH: -5.140
FINAL ENERGY: 
Estimated Free Energy of Binding   : -4.064 (kcal/mol) [=(1)+(2)+(3)-(4)]
(1) Final Intermolecular Energy    : -4.892 (kcal/mol)
    Ligand - Receptor              : -4.892 (kcal/mol)
    Ligand - Flex side chains      : 0.000 (kcal/mol)
(2) Final Total Internal Energy    : -0.250 (kcal/mol)
    Ligand                         : -0.250 (kcal/mol)
    Flex   - Receptor              : 0.000 (kcal/mol)
    Flex   - Flex side chains      : 0.000 (kcal/mol)
(3) Torsional Free Energy          : 0.831 (kcal/mol)
(4) Unbound System's Energy        : -0.247 (kcal/mol)
ENERGY FROM SEARCH: -5.507
FINAL ENERGY: 
Estimated Free Energy of Binding   : -4.368 (kcal/mol) [=(1)+(2)+(3)-(4)]
(1) Final Intermolecular Energy    : -5.252 (kcal/mol)
    Ligand - Receptor              : -5.252 (kcal/mol)
    Ligand - Flex side chains      : 0.000 (kcal/mol)
(2) Final Total Internal Energy    : -0.256 (kcal/mol)
    Ligand                         : -0.256 (kcal/mol)
    Flex   - Receptor              : 0.000 (kcal/mol)
    Flex   - Flex side chains      : 0.000 (kcal/mol)
(3) Torsional Free Energy          : 0.894 (kcal/mol)
(4) Unbound System's Energy        : -0.247 (kcal/mol)
ENERGY FROM SEARCH: -5.275
FINAL ENERGY: 
Estimated Free Energy of Binding   : -4.175 (kcal/mol) [=(1)+(2)+(3)-(4)]
(1) Final Intermolecular Energy    : -5.049 (kcal/mol)
    Ligand - Receptor              : -5.049 (kcal/mol)
    Ligand - Flex side chains      : 0.000 (kcal/mol)
(2) Final Total Internal Energy    : -0.226 (kcal/mol)
    Ligand                         : -0.226 (kcal/mol)
    Flex   - Receptor              : 0.000 (kcal/mol)
    Flex   - Flex side chains      : 0.000 (kcal/mol)
(3) Torsional Free Energy          : 0.854 (kcal/mol)
(4) Unbound System's Energy        : -0.247 (kcal/mol)
ENERGY FROM SEARCH: -5.155
FINAL ENERGY: 
Estimated Free Energy of Binding   : -4.075 (kcal/mol) [=(1)+(2)+(3)-(4)]
(1) Final Intermolecular Energy    : -4.901 (kcal/mol)
    Ligand - Receptor              : -4.901 (kcal/mol)
    Ligand - Flex side chains      : 0.000 (kcal/mol)
(2) Final Total Internal Energy    : -0.254 (kcal/mol)
    Ligand                         : -0.254 (kcal/mol)
    Flex   - Receptor              : 0.000 (kcal/mol)
    Flex   - Flex side chains      : 0.000 (kcal/mol)
(3) Torsional Free Energy          : 0.834 (kcal/mol)
(4) Unbound System's Energy        : -0.247 (kcal/mol)
ENERGY FROM SEARCH: -5.289
FINAL ENERGY: 
Estimated Free Energy of Binding   : -4.184 (kcal/mol) [=(1)+(2)+(3)-(4)]
(1) Final Intermolecular Energy    : -5.039 (kcal/mol)
    Ligand - Receptor              : -5.039 (kcal/mol)
    Ligand - Flex side chains      : 0.000 (kcal/mol)
(2) Final Total Internal Energy    : -0.248 (kcal/mol)
    Ligand                         : -0.248 (kcal/mol)
    Flex   - Receptor              : 0.000 (kcal/mol)
    Flex   - Flex side chains      : 0.000 (kcal/mol)
(3) Torsional Free Energy          : 0.856 (kcal/mol)
(4) Unbound System's Energy        : -0.247 (kcal/mol)
ENERGY FROM SEARCH: -5.309
FINAL ENERGY: 
Estimated Free Energy of Binding   : -4.201 (kcal/mol) [=(1)+(2)+(3)-(4)]
(1) Final Intermolecular Energy    : -5.112 (kcal/mol)
    Ligand - Receptor              : -5.112 (kcal/mol)
    Ligand - Flex side chains      : 0.000 (kcal/mol)
(2) Final Total Internal Energy    : -0.195 (kcal/mol)
    Ligand                         : -0.195 (kcal/mol)
    Flex   - Receptor              : 0.000 (kcal/mol)
    Flex   - Flex side chains      : 0.000 (kcal/mol)
(3) Torsional Free Energy          : 0.860 (kcal/mol)
(4) Unbound System's Energy        : -0.247 (kcal/mol)
ENERGY FROM SEARCH: -5.286
FINAL ENERGY: 
Estimated Free Energy of Binding   : -4.182 (kcal/mol) [=(1)+(2)+(3)-(4)]
(1) Final Intermolecular Energy    : -5.237 (kcal/mol)
    Ligand - Receptor              : -5.237 (kcal/mol)
    Ligand - Flex side chains      : 0.000 (kcal/mol)
(2) Final Total Internal Energy    : -0.047 (kcal/mol)
    Ligand                         : -0.047 (kcal/mol)
    Flex   - Receptor              : 0.000 (kcal/mol)
    Flex   - Flex side chains      : 0.000 (kcal/mol)
(3) Torsional Free Energy          : 0.856 (kcal/mol)
(4) Unbound System's Energy        : -0.247 (kcal/mol)
ENERGY FROM SEARCH: -5.422
FINAL ENERGY: 
Estimated Free Energy of Binding   : -4.293 (kcal/mol) [=(1)+(2)+(3)-(4)]
(1) Final Intermolecular Energy    : -5.164 (kcal/mol)
    Ligand - Receptor              : -5.164 (kcal/mol)
    Ligand - Flex side chains      : 0.000 (kcal/mol)
(2) Final Total Internal Energy    : -0.254 (kcal/mol)
    Ligand                         : -0.254 (kcal/mol)
    Flex   - Receptor              : 0.000 (kcal/mol)
    Flex   - Flex side chains      : 0.000 (kcal/mol)
(3) Torsional Free Energy          : 0.878 (kcal/mol)
(4) Unbound System's Energy        : -0.247 (kcal/mol)

mode |   affinity | dist from best mode
     | (kcal/mol) | rmsd l.b.| rmsd u.b.
-----+------------+----------+----------
   1      -4.3920     0.0000     0.0000
   2      -4.3677     7.2612     9.5908
   3      -4.2932    25.3967    27.4669
   4      -4.2008     7.4137     8.1477
   5      -4.1838     6.4429     7.5305
   6      -4.1822     6.9259     8.1857
   7      -4.1748     6.8836     7.8798
   8      -4.0751     5.9391     7.4039
   9      -4.0636     6.8392     8.2408
  10      -3.9966     6.9666     8.3278
