AutoDock Vina v1.2.3-52-g92d1779
#################################################################
# If you used AutoDock Vina in your work, please cite:          #
#                                                               #
# J. Eberhardt, D. Santos-Martins, A. F. Tillack, and S. Forli  #
# AutoDock Vina 1.2.0: New Docking Methods, Expanded Force      #
# Field, and Python Bindings, J. Chem. Inf. Model. (2021)       #
# DOI 10.1021/acs.jcim.1c00203                                  #
#                                                               #
# O. Trott, A. J. Olson,                                        #
# AutoDock Vina: improving the speed and accuracy of docking    #
# with a new scoring function, efficient optimization and       #
# multithreading, J. Comp. Chem. (2010)                         #
# DOI 10.1002/jcc.21334                                         #
#                                                               #
# Please see https://github.com/ccsb-scripps/AutoDock-Vina for  #
# more information.                                             #
#################################################################

Scoring function : vina
Rigid receptor: YihW_l_alpha_cl1_min_model1.pdbqt
Ligand: Glu_Conformer3D_COMPOUND_CID_5793_avogadro_c.pdbqt
Grid center: X 40.018 Y 39.32 Z 39.342
Grid size  : X 58 Y 66 Z 62
Grid space : 1
Exhaustiveness: 32
CPU: 0
Verbosity: 2

Computing Vina grid ... done.
Performing docking (random seed: 821553948) ... 
0%   10   20   30   40   50   60   70   80   90   100%
|----|----|----|----|----|----|----|----|----|----|
***************************************************
done.
ENERGY FROM SEARCH: -6.09727
FINAL ENERGY: 
Estimated Free Energy of Binding   : -4.925 (kcal/mol) [=(1)+(2)+(3)-(4)]
(1) Final Intermolecular Energy    : -5.932 (kcal/mol)
    Ligand - Receptor              : -5.932 (kcal/mol)
    Ligand - Flex side chains      : 0.000 (kcal/mol)
(2) Final Total Internal Energy    : -0.162 (kcal/mol)
    Ligand                         : -0.162 (kcal/mol)
    Flex   - Receptor              : 0.000 (kcal/mol)
    Flex   - Flex side chains      : 0.000 (kcal/mol)
(3) Torsional Free Energy          : 1.008 (kcal/mol)
(4) Unbound System's Energy        : -0.162 (kcal/mol)
ENERGY FROM SEARCH: -6.040
FINAL ENERGY: 
Estimated Free Energy of Binding   : -4.880 (kcal/mol) [=(1)+(2)+(3)-(4)]
(1) Final Intermolecular Energy    : -5.787 (kcal/mol)
    Ligand - Receptor              : -5.787 (kcal/mol)
    Ligand - Flex side chains      : 0.000 (kcal/mol)
(2) Final Total Internal Energy    : -0.254 (kcal/mol)
    Ligand                         : -0.254 (kcal/mol)
    Flex   - Receptor              : 0.000 (kcal/mol)
    Flex   - Flex side chains      : 0.000 (kcal/mol)
(3) Torsional Free Energy          : 0.998 (kcal/mol)
(4) Unbound System's Energy        : -0.162 (kcal/mol)
ENERGY FROM SEARCH: -6.484
FINAL ENERGY: 
Estimated Free Energy of Binding   : -5.246 (kcal/mol) [=(1)+(2)+(3)-(4)]
(1) Final Intermolecular Energy    : -6.235 (kcal/mol)
    Ligand - Receptor              : -6.235 (kcal/mol)
    Ligand - Flex side chains      : 0.000 (kcal/mol)
(2) Final Total Internal Energy    : -0.247 (kcal/mol)
    Ligand                         : -0.247 (kcal/mol)
    Flex   - Receptor              : 0.000 (kcal/mol)
    Flex   - Flex side chains      : 0.000 (kcal/mol)
(3) Torsional Free Energy          : 1.073 (kcal/mol)
(4) Unbound System's Energy        : -0.162 (kcal/mol)
ENERGY FROM SEARCH: -5.187
FINAL ENERGY: 
Estimated Free Energy of Binding   : -4.170 (kcal/mol) [=(1)+(2)+(3)-(4)]
(1) Final Intermolecular Energy    : -4.941 (kcal/mol)
    Ligand - Receptor              : -4.941 (kcal/mol)
    Ligand - Flex side chains      : 0.000 (kcal/mol)
(2) Final Total Internal Energy    : -0.245 (kcal/mol)
    Ligand                         : -0.245 (kcal/mol)
    Flex   - Receptor              : 0.000 (kcal/mol)
    Flex   - Flex side chains      : 0.000 (kcal/mol)
(3) Torsional Free Energy          : 0.853 (kcal/mol)
(4) Unbound System's Energy        : -0.162 (kcal/mol)
ENERGY FROM SEARCH: -5.215
FINAL ENERGY: 
Estimated Free Energy of Binding   : -4.193 (kcal/mol) [=(1)+(2)+(3)-(4)]
(1) Final Intermolecular Energy    : -4.961 (kcal/mol)
    Ligand - Receptor              : -4.961 (kcal/mol)
    Ligand - Flex side chains      : 0.000 (kcal/mol)
(2) Final Total Internal Energy    : -0.253 (kcal/mol)
    Ligand                         : -0.253 (kcal/mol)
    Flex   - Receptor              : 0.000 (kcal/mol)
    Flex   - Flex side chains      : 0.000 (kcal/mol)
(3) Torsional Free Energy          : 0.858 (kcal/mol)
(4) Unbound System's Energy        : -0.162 (kcal/mol)
ENERGY FROM SEARCH: -7.392
FINAL ENERGY: 
Estimated Free Energy of Binding   : -5.997 (kcal/mol) [=(1)+(2)+(3)-(4)]
(1) Final Intermolecular Energy    : -7.147 (kcal/mol)
    Ligand - Receptor              : -7.147 (kcal/mol)
    Ligand - Flex side chains      : 0.000 (kcal/mol)
(2) Final Total Internal Energy    : -0.240 (kcal/mol)
    Ligand                         : -0.240 (kcal/mol)
    Flex   - Receptor              : 0.000 (kcal/mol)
    Flex   - Flex side chains      : 0.000 (kcal/mol)
(3) Torsional Free Energy          : 1.227 (kcal/mol)
(4) Unbound System's Energy        : -0.162 (kcal/mol)
ENERGY FROM SEARCH: -5.469
FINAL ENERGY: 
Estimated Free Energy of Binding   : -4.406 (kcal/mol) [=(1)+(2)+(3)-(4)]
(1) Final Intermolecular Energy    : -5.214 (kcal/mol)
    Ligand - Receptor              : -5.214 (kcal/mol)
    Ligand - Flex side chains      : 0.000 (kcal/mol)
(2) Final Total Internal Energy    : -0.256 (kcal/mol)
    Ligand                         : -0.256 (kcal/mol)
    Flex   - Receptor              : 0.000 (kcal/mol)
    Flex   - Flex side chains      : 0.000 (kcal/mol)
(3) Torsional Free Energy          : 0.902 (kcal/mol)
(4) Unbound System's Energy        : -0.162 (kcal/mol)
ENERGY FROM SEARCH: -5.564
FINAL ENERGY: 
Estimated Free Energy of Binding   : -4.486 (kcal/mol) [=(1)+(2)+(3)-(4)]
(1) Final Intermolecular Energy    : -5.345 (kcal/mol)
    Ligand - Receptor              : -5.345 (kcal/mol)
    Ligand - Flex side chains      : 0.000 (kcal/mol)
(2) Final Total Internal Energy    : -0.222 (kcal/mol)
    Ligand                         : -0.222 (kcal/mol)
    Flex   - Receptor              : 0.000 (kcal/mol)
    Flex   - Flex side chains      : 0.000 (kcal/mol)
(3) Torsional Free Energy          : 0.918 (kcal/mol)
(4) Unbound System's Energy        : -0.162 (kcal/mol)
ENERGY FROM SEARCH: -5.401
FINAL ENERGY: 
Estimated Free Energy of Binding   : -4.347 (kcal/mol) [=(1)+(2)+(3)-(4)]
(1) Final Intermolecular Energy    : -5.340 (kcal/mol)
    Ligand - Receptor              : -5.340 (kcal/mol)
    Ligand - Flex side chains      : 0.000 (kcal/mol)
(2) Final Total Internal Energy    : -0.059 (kcal/mol)
    Ligand                         : -0.059 (kcal/mol)
    Flex   - Receptor              : 0.000 (kcal/mol)
    Flex   - Flex side chains      : 0.000 (kcal/mol)
(3) Torsional Free Energy          : 0.889 (kcal/mol)
(4) Unbound System's Energy        : -0.162 (kcal/mol)
ENERGY FROM SEARCH: -5.385
FINAL ENERGY: 
Estimated Free Energy of Binding   : -4.336 (kcal/mol) [=(1)+(2)+(3)-(4)]
(1) Final Intermolecular Energy    : -5.140 (kcal/mol)
    Ligand - Receptor              : -5.140 (kcal/mol)
    Ligand - Flex side chains      : 0.000 (kcal/mol)
(2) Final Total Internal Energy    : -0.246 (kcal/mol)
    Ligand                         : -0.246 (kcal/mol)
    Flex   - Receptor              : 0.000 (kcal/mol)
    Flex   - Flex side chains      : 0.000 (kcal/mol)
(3) Torsional Free Energy          : 0.887 (kcal/mol)
(4) Unbound System's Energy        : -0.162 (kcal/mol)

mode |   affinity | dist from best mode
     | (kcal/mol) | rmsd l.b.| rmsd u.b.
-----+------------+----------+----------
   1      -5.9974     0.0000     0.0000
   2      -5.2459     1.2942     3.3142
   3      -4.9247     1.6178     2.5373
   4      -4.8796     1.6991     2.9858
   5      -4.4865     2.3345     4.2757
   6      -4.4061     2.2263     4.0605
   7      -4.3472     9.7700    11.3608
   8      -4.3360     1.9671     4.5322
   9      -4.1929     2.2078     4.1254
  10      -4.1702     2.2775     4.3640
