AutoDock Vina v1.2.3-52-g92d1779
#################################################################
# If you used AutoDock Vina in your work, please cite:          #
#                                                               #
# J. Eberhardt, D. Santos-Martins, A. F. Tillack, and S. Forli  #
# AutoDock Vina 1.2.0: New Docking Methods, Expanded Force      #
# Field, and Python Bindings, J. Chem. Inf. Model. (2021)       #
# DOI 10.1021/acs.jcim.1c00203                                  #
#                                                               #
# O. Trott, A. J. Olson,                                        #
# AutoDock Vina: improving the speed and accuracy of docking    #
# with a new scoring function, efficient optimization and       #
# multithreading, J. Comp. Chem. (2010)                         #
# DOI 10.1002/jcc.21334                                         #
#                                                               #
# Please see https://github.com/ccsb-scripps/AutoDock-Vina for  #
# more information.                                             #
#################################################################

Scoring function : vina
Rigid receptor: YihW_s_AF_cl1_min_model1.pdbqt
Ligand: Lac_Conformer3D_CID_6134_21012023_avogadro.pdbqt
Grid center: X 42.638 Y 43.195 Z 45.244
Grid size  : X 44 Y 52 Z 62
Grid space : 1
Exhaustiveness: 32
CPU: 0
Verbosity: 2

Computing Vina grid ... done.
Performing docking (random seed: -578222700) ... 
0%   10   20   30   40   50   60   70   80   90   100%
|----|----|----|----|----|----|----|----|----|----|
***************************************************
done.
ENERGY FROM SEARCH: -10.3755
FINAL ENERGY: 
Estimated Free Energy of Binding   : -6.081 (kcal/mol) [=(1)+(2)+(3)-(4)]
(1) Final Intermolecular Energy    : -8.925 (kcal/mol)
    Ligand - Receptor              : -8.925 (kcal/mol)
    Ligand - Flex side chains      : 0.000 (kcal/mol)
(2) Final Total Internal Energy    : -1.447 (kcal/mol)
    Ligand                         : -1.447 (kcal/mol)
    Flex   - Receptor              : 0.000 (kcal/mol)
    Flex   - Flex side chains      : 0.000 (kcal/mol)
(3) Torsional Free Energy          : 2.844 (kcal/mol)
(4) Unbound System's Energy        : -1.447 (kcal/mol)
ENERGY FROM SEARCH: -10.671
FINAL ENERGY: 
Estimated Free Energy of Binding   : -6.288 (kcal/mol) [=(1)+(2)+(3)-(4)]
(1) Final Intermolecular Energy    : -9.266 (kcal/mol)
    Ligand - Receptor              : -9.266 (kcal/mol)
    Ligand - Flex side chains      : 0.000 (kcal/mol)
(2) Final Total Internal Energy    : -1.410 (kcal/mol)
    Ligand                         : -1.410 (kcal/mol)
    Flex   - Receptor              : 0.000 (kcal/mol)
    Flex   - Flex side chains      : 0.000 (kcal/mol)
(3) Torsional Free Energy          : 2.941 (kcal/mol)
(4) Unbound System's Energy        : -1.447 (kcal/mol)
ENERGY FROM SEARCH: -10.116
FINAL ENERGY: 
Estimated Free Energy of Binding   : -5.906 (kcal/mol) [=(1)+(2)+(3)-(4)]
(1) Final Intermolecular Energy    : -8.728 (kcal/mol)
    Ligand - Receptor              : -8.728 (kcal/mol)
    Ligand - Flex side chains      : 0.000 (kcal/mol)
(2) Final Total Internal Energy    : -1.388 (kcal/mol)
    Ligand                         : -1.388 (kcal/mol)
    Flex   - Receptor              : 0.000 (kcal/mol)
    Flex   - Flex side chains      : 0.000 (kcal/mol)
(3) Torsional Free Energy          : 2.762 (kcal/mol)
(4) Unbound System's Energy        : -1.447 (kcal/mol)
ENERGY FROM SEARCH: -9.864
FINAL ENERGY: 
Estimated Free Energy of Binding   : -5.736 (kcal/mol) [=(1)+(2)+(3)-(4)]
(1) Final Intermolecular Energy    : -9.115 (kcal/mol)
    Ligand - Receptor              : -9.115 (kcal/mol)
    Ligand - Flex side chains      : 0.000 (kcal/mol)
(2) Final Total Internal Energy    : -0.752 (kcal/mol)
    Ligand                         : -0.752 (kcal/mol)
    Flex   - Receptor              : 0.000 (kcal/mol)
    Flex   - Flex side chains      : 0.000 (kcal/mol)
(3) Torsional Free Energy          : 2.683 (kcal/mol)
(4) Unbound System's Energy        : -1.447 (kcal/mol)
ENERGY FROM SEARCH: -9.541
FINAL ENERGY: 
Estimated Free Energy of Binding   : -5.512 (kcal/mol) [=(1)+(2)+(3)-(4)]
(1) Final Intermolecular Energy    : -8.186 (kcal/mol)
    Ligand - Receptor              : -8.186 (kcal/mol)
    Ligand - Flex side chains      : 0.000 (kcal/mol)
(2) Final Total Internal Energy    : -1.352 (kcal/mol)
    Ligand                         : -1.352 (kcal/mol)
    Flex   - Receptor              : 0.000 (kcal/mol)
    Flex   - Flex side chains      : 0.000 (kcal/mol)
(3) Torsional Free Energy          : 2.578 (kcal/mol)
(4) Unbound System's Energy        : -1.447 (kcal/mol)
ENERGY FROM SEARCH: -10.022
FINAL ENERGY: 
Estimated Free Energy of Binding   : -5.842 (kcal/mol) [=(1)+(2)+(3)-(4)]
(1) Final Intermolecular Energy    : -8.533 (kcal/mol)
    Ligand - Receptor              : -8.533 (kcal/mol)
    Ligand - Flex side chains      : 0.000 (kcal/mol)
(2) Final Total Internal Energy    : -1.488 (kcal/mol)
    Ligand                         : -1.488 (kcal/mol)
    Flex   - Receptor              : 0.000 (kcal/mol)
    Flex   - Flex side chains      : 0.000 (kcal/mol)
(3) Torsional Free Energy          : 2.732 (kcal/mol)
(4) Unbound System's Energy        : -1.447 (kcal/mol)
ENERGY FROM SEARCH: -9.128
FINAL ENERGY: 
Estimated Free Energy of Binding   : -5.232 (kcal/mol) [=(1)+(2)+(3)-(4)]
(1) Final Intermolecular Energy    : -8.925 (kcal/mol)
    Ligand - Receptor              : -8.925 (kcal/mol)
    Ligand - Flex side chains      : 0.000 (kcal/mol)
(2) Final Total Internal Energy    : -0.202 (kcal/mol)
    Ligand                         : -0.202 (kcal/mol)
    Flex   - Receptor              : 0.000 (kcal/mol)
    Flex   - Flex side chains      : 0.000 (kcal/mol)
(3) Torsional Free Energy          : 2.447 (kcal/mol)
(4) Unbound System's Energy        : -1.447 (kcal/mol)
ENERGY FROM SEARCH: -11.820
FINAL ENERGY: 
Estimated Free Energy of Binding   : -7.070 (kcal/mol) [=(1)+(2)+(3)-(4)]
(1) Final Intermolecular Energy    : -10.712 (kcal/mol)
    Ligand - Receptor              : -10.712 (kcal/mol)
    Ligand - Flex side chains      : 0.000 (kcal/mol)
(2) Final Total Internal Energy    : -1.112 (kcal/mol)
    Ligand                         : -1.112 (kcal/mol)
    Flex   - Receptor              : 0.000 (kcal/mol)
    Flex   - Flex side chains      : 0.000 (kcal/mol)
(3) Torsional Free Energy          : 3.307 (kcal/mol)
(4) Unbound System's Energy        : -1.447 (kcal/mol)
ENERGY FROM SEARCH: -8.931
FINAL ENERGY: 
Estimated Free Energy of Binding   : -5.097 (kcal/mol) [=(1)+(2)+(3)-(4)]
(1) Final Intermolecular Energy    : -7.573 (kcal/mol)
    Ligand - Receptor              : -7.573 (kcal/mol)
    Ligand - Flex side chains      : 0.000 (kcal/mol)
(2) Final Total Internal Energy    : -1.355 (kcal/mol)
    Ligand                         : -1.355 (kcal/mol)
    Flex   - Receptor              : 0.000 (kcal/mol)
    Flex   - Flex side chains      : 0.000 (kcal/mol)
(3) Torsional Free Energy          : 2.384 (kcal/mol)
(4) Unbound System's Energy        : -1.447 (kcal/mol)
ENERGY FROM SEARCH: -8.718
FINAL ENERGY: 
Estimated Free Energy of Binding   : -4.954 (kcal/mol) [=(1)+(2)+(3)-(4)]
(1) Final Intermolecular Energy    : -7.280 (kcal/mol)
    Ligand - Receptor              : -7.280 (kcal/mol)
    Ligand - Flex side chains      : 0.000 (kcal/mol)
(2) Final Total Internal Energy    : -1.438 (kcal/mol)
    Ligand                         : -1.438 (kcal/mol)
    Flex   - Receptor              : 0.000 (kcal/mol)
    Flex   - Flex side chains      : 0.000 (kcal/mol)
(3) Torsional Free Energy          : 2.317 (kcal/mol)
(4) Unbound System's Energy        : -1.447 (kcal/mol)

mode |   affinity | dist from best mode
     | (kcal/mol) | rmsd l.b.| rmsd u.b.
-----+------------+----------+----------
   1      -7.0702     0.0000     0.0000
   2      -6.2880     3.5272     6.2785
   3      -6.0810     2.6413     7.7028
   4      -5.9064     3.5644     5.7851
   5      -5.8424     3.8021     6.3585
   6      -5.7363     3.4262     7.3097
   7      -5.5125     4.1328     6.4744
   8      -5.2322     3.4055     7.9437
   9      -5.0970     4.6310     8.9834
  10      -4.9538     4.2577     8.5654
