AutoDock Vina v1.2.3-52-g92d1779
#################################################################
# If you used AutoDock Vina in your work, please cite:          #
#                                                               #
# J. Eberhardt, D. Santos-Martins, A. F. Tillack, and S. Forli  #
# AutoDock Vina 1.2.0: New Docking Methods, Expanded Force      #
# Field, and Python Bindings, J. Chem. Inf. Model. (2021)       #
# DOI 10.1021/acs.jcim.1c00203                                  #
#                                                               #
# O. Trott, A. J. Olson,                                        #
# AutoDock Vina: improving the speed and accuracy of docking    #
# with a new scoring function, efficient optimization and       #
# multithreading, J. Comp. Chem. (2010)                         #
# DOI 10.1002/jcc.21334                                         #
#                                                               #
# Please see https://github.com/ccsb-scripps/AutoDock-Vina for  #
# more information.                                             #
#################################################################

Scoring function : vina
Rigid receptor: YihW_s_templ_cl1_min_model1.pdbqt
Ligand: Lac_Conformer3D_CID_6134_21012023_avogadro.pdbqt
Grid center: X 37.211 Y 41.586 Z 40.288
Grid size  : X 68 Y 60 Z 74
Grid space : 1
Exhaustiveness: 32
CPU: 0
Verbosity: 2

Computing Vina grid ... done.
Performing docking (random seed: 189754925) ... 
0%   10   20   30   40   50   60   70   80   90   100%
|----|----|----|----|----|----|----|----|----|----|
***************************************************
done.
ENERGY FROM SEARCH: -8.73546
FINAL ENERGY: 
Estimated Free Energy of Binding   : -5.213 (kcal/mol) [=(1)+(2)+(3)-(4)]
(1) Final Intermolecular Energy    : -7.650 (kcal/mol)
    Ligand - Receptor              : -7.650 (kcal/mol)
    Ligand - Flex side chains      : 0.000 (kcal/mol)
(2) Final Total Internal Energy    : -1.086 (kcal/mol)
    Ligand                         : -1.086 (kcal/mol)
    Flex   - Receptor              : 0.000 (kcal/mol)
    Flex   - Flex side chains      : 0.000 (kcal/mol)
(3) Torsional Free Energy          : 2.438 (kcal/mol)
(4) Unbound System's Energy        : -1.086 (kcal/mol)
ENERGY FROM SEARCH: -9.021
FINAL ENERGY: 
Estimated Free Energy of Binding   : -5.404 (kcal/mol) [=(1)+(2)+(3)-(4)]
(1) Final Intermolecular Energy    : -7.575 (kcal/mol)
    Ligand - Receptor              : -7.575 (kcal/mol)
    Ligand - Flex side chains      : 0.000 (kcal/mol)
(2) Final Total Internal Energy    : -1.442 (kcal/mol)
    Ligand                         : -1.442 (kcal/mol)
    Flex   - Receptor              : 0.000 (kcal/mol)
    Flex   - Flex side chains      : 0.000 (kcal/mol)
(3) Torsional Free Energy          : 2.527 (kcal/mol)
(4) Unbound System's Energy        : -1.086 (kcal/mol)
ENERGY FROM SEARCH: -9.461
FINAL ENERGY: 
Estimated Free Energy of Binding   : -5.708 (kcal/mol) [=(1)+(2)+(3)-(4)]
(1) Final Intermolecular Energy    : -8.066 (kcal/mol)
    Ligand - Receptor              : -8.066 (kcal/mol)
    Ligand - Flex side chains      : 0.000 (kcal/mol)
(2) Final Total Internal Energy    : -1.398 (kcal/mol)
    Ligand                         : -1.398 (kcal/mol)
    Flex   - Receptor              : 0.000 (kcal/mol)
    Flex   - Flex side chains      : 0.000 (kcal/mol)
(3) Torsional Free Energy          : 2.670 (kcal/mol)
(4) Unbound System's Energy        : -1.086 (kcal/mol)
ENERGY FROM SEARCH: -8.345
FINAL ENERGY: 
Estimated Free Energy of Binding   : -4.946 (kcal/mol) [=(1)+(2)+(3)-(4)]
(1) Final Intermolecular Energy    : -6.969 (kcal/mol)
    Ligand - Receptor              : -6.969 (kcal/mol)
    Ligand - Flex side chains      : 0.000 (kcal/mol)
(2) Final Total Internal Energy    : -1.376 (kcal/mol)
    Ligand                         : -1.376 (kcal/mol)
    Flex   - Receptor              : 0.000 (kcal/mol)
    Flex   - Flex side chains      : 0.000 (kcal/mol)
(3) Torsional Free Energy          : 2.313 (kcal/mol)
(4) Unbound System's Energy        : -1.086 (kcal/mol)
ENERGY FROM SEARCH: -8.753
FINAL ENERGY: 
Estimated Free Energy of Binding   : -5.224 (kcal/mol) [=(1)+(2)+(3)-(4)]
(1) Final Intermolecular Energy    : -7.714 (kcal/mol)
    Ligand - Receptor              : -7.714 (kcal/mol)
    Ligand - Flex side chains      : 0.000 (kcal/mol)
(2) Final Total Internal Energy    : -1.039 (kcal/mol)
    Ligand                         : -1.039 (kcal/mol)
    Flex   - Receptor              : 0.000 (kcal/mol)
    Flex   - Flex side chains      : 0.000 (kcal/mol)
(3) Torsional Free Energy          : 2.443 (kcal/mol)
(4) Unbound System's Energy        : -1.086 (kcal/mol)
ENERGY FROM SEARCH: -7.966
FINAL ENERGY: 
Estimated Free Energy of Binding   : -4.687 (kcal/mol) [=(1)+(2)+(3)-(4)]
(1) Final Intermolecular Energy    : -6.603 (kcal/mol)
    Ligand - Receptor              : -6.603 (kcal/mol)
    Ligand - Flex side chains      : 0.000 (kcal/mol)
(2) Final Total Internal Energy    : -1.362 (kcal/mol)
    Ligand                         : -1.362 (kcal/mol)
    Flex   - Receptor              : 0.000 (kcal/mol)
    Flex   - Flex side chains      : 0.000 (kcal/mol)
(3) Torsional Free Energy          : 2.192 (kcal/mol)
(4) Unbound System's Energy        : -1.086 (kcal/mol)
ENERGY FROM SEARCH: -8.332
FINAL ENERGY: 
Estimated Free Energy of Binding   : -4.939 (kcal/mol) [=(1)+(2)+(3)-(4)]
(1) Final Intermolecular Energy    : -6.850 (kcal/mol)
    Ligand - Receptor              : -6.850 (kcal/mol)
    Ligand - Flex side chains      : 0.000 (kcal/mol)
(2) Final Total Internal Energy    : -1.485 (kcal/mol)
    Ligand                         : -1.485 (kcal/mol)
    Flex   - Receptor              : 0.000 (kcal/mol)
    Flex   - Flex side chains      : 0.000 (kcal/mol)
(3) Torsional Free Energy          : 2.310 (kcal/mol)
(4) Unbound System's Energy        : -1.086 (kcal/mol)
ENERGY FROM SEARCH: -8.872
FINAL ENERGY: 
Estimated Free Energy of Binding   : -5.305 (kcal/mol) [=(1)+(2)+(3)-(4)]
(1) Final Intermolecular Energy    : -7.340 (kcal/mol)
    Ligand - Receptor              : -7.340 (kcal/mol)
    Ligand - Flex side chains      : 0.000 (kcal/mol)
(2) Final Total Internal Energy    : -1.532 (kcal/mol)
    Ligand                         : -1.532 (kcal/mol)
    Flex   - Receptor              : 0.000 (kcal/mol)
    Flex   - Flex side chains      : 0.000 (kcal/mol)
(3) Torsional Free Energy          : 2.481 (kcal/mol)
(4) Unbound System's Energy        : -1.086 (kcal/mol)
ENERGY FROM SEARCH: -9.263
FINAL ENERGY: 
Estimated Free Energy of Binding   : -5.571 (kcal/mol) [=(1)+(2)+(3)-(4)]
(1) Final Intermolecular Energy    : -7.882 (kcal/mol)
    Ligand - Receptor              : -7.882 (kcal/mol)
    Ligand - Flex side chains      : 0.000 (kcal/mol)
(2) Final Total Internal Energy    : -1.380 (kcal/mol)
    Ligand                         : -1.380 (kcal/mol)
    Flex   - Receptor              : 0.000 (kcal/mol)
    Flex   - Flex side chains      : 0.000 (kcal/mol)
(3) Torsional Free Energy          : 2.605 (kcal/mol)
(4) Unbound System's Energy        : -1.086 (kcal/mol)
ENERGY FROM SEARCH: -8.703
FINAL ENERGY: 
Estimated Free Energy of Binding   : -5.190 (kcal/mol) [=(1)+(2)+(3)-(4)]
(1) Final Intermolecular Energy    : -7.135 (kcal/mol)
    Ligand - Receptor              : -7.135 (kcal/mol)
    Ligand - Flex side chains      : 0.000 (kcal/mol)
(2) Final Total Internal Energy    : -1.568 (kcal/mol)
    Ligand                         : -1.568 (kcal/mol)
    Flex   - Receptor              : 0.000 (kcal/mol)
    Flex   - Flex side chains      : 0.000 (kcal/mol)
(3) Torsional Free Energy          : 2.427 (kcal/mol)
(4) Unbound System's Energy        : -1.086 (kcal/mol)

mode |   affinity | dist from best mode
     | (kcal/mol) | rmsd l.b.| rmsd u.b.
-----+------------+----------+----------
   1      -5.7084     0.0000     0.0000
   2      -5.5707     1.2043     6.6665
   3      -5.4041     2.0989     6.3251
   4      -5.3053     3.1330     5.7703
   5      -5.2240     2.1656     6.7785
   6      -5.2126     1.5724     3.0799
   7      -5.1899     2.0708     5.7799
   8      -4.9459     2.5281     4.7732
   9      -4.9388     2.8738     4.4972
  10      -4.6871     2.1049     2.5662
