AutoDock Vina v1.2.3-52-g92d1779
#################################################################
# If you used AutoDock Vina in your work, please cite:          #
#                                                               #
# J. Eberhardt, D. Santos-Martins, A. F. Tillack, and S. Forli  #
# AutoDock Vina 1.2.0: New Docking Methods, Expanded Force      #
# Field, and Python Bindings, J. Chem. Inf. Model. (2021)       #
# DOI 10.1021/acs.jcim.1c00203                                  #
#                                                               #
# O. Trott, A. J. Olson,                                        #
# AutoDock Vina: improving the speed and accuracy of docking    #
# with a new scoring function, efficient optimization and       #
# multithreading, J. Comp. Chem. (2010)                         #
# DOI 10.1002/jcc.21334                                         #
#                                                               #
# Please see https://github.com/ccsb-scripps/AutoDock-Vina for  #
# more information.                                             #
#################################################################

Scoring function : vina
Rigid receptor: YihW_l_alpha_cl1_min_model1.pdbqt
Ligand: Lac_Conformer3D_CID_6134_21012023_avogadro.pdbqt
Grid center: X 40.018 Y 39.32 Z 39.342
Grid size  : X 58 Y 66 Z 62
Grid space : 1
Exhaustiveness: 32
CPU: 0
Verbosity: 2

Computing Vina grid ... done.
Performing docking (random seed: 1977629834) ... 
0%   10   20   30   40   50   60   70   80   90   100%
|----|----|----|----|----|----|----|----|----|----|
***************************************************
done.
ENERGY FROM SEARCH: -10.3749
FINAL ENERGY: 
Estimated Free Energy of Binding   : -6.155 (kcal/mol) [=(1)+(2)+(3)-(4)]
(1) Final Intermolecular Energy    : -9.034 (kcal/mol)
    Ligand - Receptor              : -9.034 (kcal/mol)
    Ligand - Flex side chains      : 0.000 (kcal/mol)
(2) Final Total Internal Energy    : -1.340 (kcal/mol)
    Ligand                         : -1.340 (kcal/mol)
    Flex   - Receptor              : 0.000 (kcal/mol)
    Flex   - Flex side chains      : 0.000 (kcal/mol)
(3) Torsional Free Energy          : 2.879 (kcal/mol)
(4) Unbound System's Energy        : -1.340 (kcal/mol)
ENERGY FROM SEARCH: -9.369
FINAL ENERGY: 
Estimated Free Energy of Binding   : -5.470 (kcal/mol) [=(1)+(2)+(3)-(4)]
(1) Final Intermolecular Energy    : -7.777 (kcal/mol)
    Ligand - Receptor              : -7.777 (kcal/mol)
    Ligand - Flex side chains      : 0.000 (kcal/mol)
(2) Final Total Internal Energy    : -1.591 (kcal/mol)
    Ligand                         : -1.591 (kcal/mol)
    Flex   - Receptor              : 0.000 (kcal/mol)
    Flex   - Flex side chains      : 0.000 (kcal/mol)
(3) Torsional Free Energy          : 2.558 (kcal/mol)
(4) Unbound System's Energy        : -1.340 (kcal/mol)
ENERGY FROM SEARCH: -9.291
FINAL ENERGY: 
Estimated Free Energy of Binding   : -5.417 (kcal/mol) [=(1)+(2)+(3)-(4)]
(1) Final Intermolecular Energy    : -7.774 (kcal/mol)
    Ligand - Receptor              : -7.774 (kcal/mol)
    Ligand - Flex side chains      : 0.000 (kcal/mol)
(2) Final Total Internal Energy    : -1.515 (kcal/mol)
    Ligand                         : -1.515 (kcal/mol)
    Flex   - Receptor              : 0.000 (kcal/mol)
    Flex   - Flex side chains      : 0.000 (kcal/mol)
(3) Torsional Free Energy          : 2.533 (kcal/mol)
(4) Unbound System's Energy        : -1.340 (kcal/mol)
ENERGY FROM SEARCH: -9.177
FINAL ENERGY: 
Estimated Free Energy of Binding   : -5.338 (kcal/mol) [=(1)+(2)+(3)-(4)]
(1) Final Intermolecular Energy    : -7.604 (kcal/mol)
    Ligand - Receptor              : -7.604 (kcal/mol)
    Ligand - Flex side chains      : 0.000 (kcal/mol)
(2) Final Total Internal Energy    : -1.571 (kcal/mol)
    Ligand                         : -1.571 (kcal/mol)
    Flex   - Receptor              : 0.000 (kcal/mol)
    Flex   - Flex side chains      : 0.000 (kcal/mol)
(3) Torsional Free Energy          : 2.497 (kcal/mol)
(4) Unbound System's Energy        : -1.340 (kcal/mol)
ENERGY FROM SEARCH: -9.859
FINAL ENERGY: 
Estimated Free Energy of Binding   : -5.803 (kcal/mol) [=(1)+(2)+(3)-(4)]
(1) Final Intermolecular Energy    : -8.857 (kcal/mol)
    Ligand - Receptor              : -8.857 (kcal/mol)
    Ligand - Flex side chains      : 0.000 (kcal/mol)
(2) Final Total Internal Energy    : -1.000 (kcal/mol)
    Ligand                         : -1.000 (kcal/mol)
    Flex   - Receptor              : 0.000 (kcal/mol)
    Flex   - Flex side chains      : 0.000 (kcal/mol)
(3) Torsional Free Energy          : 2.714 (kcal/mol)
(4) Unbound System's Energy        : -1.340 (kcal/mol)
ENERGY FROM SEARCH: -8.971
FINAL ENERGY: 
Estimated Free Energy of Binding   : -5.199 (kcal/mol) [=(1)+(2)+(3)-(4)]
(1) Final Intermolecular Energy    : -7.396 (kcal/mol)
    Ligand - Receptor              : -7.396 (kcal/mol)
    Ligand - Flex side chains      : 0.000 (kcal/mol)
(2) Final Total Internal Energy    : -1.575 (kcal/mol)
    Ligand                         : -1.575 (kcal/mol)
    Flex   - Receptor              : 0.000 (kcal/mol)
    Flex   - Flex side chains      : 0.000 (kcal/mol)
(3) Torsional Free Energy          : 2.432 (kcal/mol)
(4) Unbound System's Energy        : -1.340 (kcal/mol)
ENERGY FROM SEARCH: -8.596
FINAL ENERGY: 
Estimated Free Energy of Binding   : -4.942 (kcal/mol) [=(1)+(2)+(3)-(4)]
(1) Final Intermolecular Energy    : -7.301 (kcal/mol)
    Ligand - Receptor              : -7.301 (kcal/mol)
    Ligand - Flex side chains      : 0.000 (kcal/mol)
(2) Final Total Internal Energy    : -1.293 (kcal/mol)
    Ligand                         : -1.293 (kcal/mol)
    Flex   - Receptor              : 0.000 (kcal/mol)
    Flex   - Flex side chains      : 0.000 (kcal/mol)
(3) Torsional Free Energy          : 2.311 (kcal/mol)
(4) Unbound System's Energy        : -1.340 (kcal/mol)
ENERGY FROM SEARCH: -8.959
FINAL ENERGY: 
Estimated Free Energy of Binding   : -5.190 (kcal/mol) [=(1)+(2)+(3)-(4)]
(1) Final Intermolecular Energy    : -7.582 (kcal/mol)
    Ligand - Receptor              : -7.582 (kcal/mol)
    Ligand - Flex side chains      : 0.000 (kcal/mol)
(2) Final Total Internal Energy    : -1.375 (kcal/mol)
    Ligand                         : -1.375 (kcal/mol)
    Flex   - Receptor              : 0.000 (kcal/mol)
    Flex   - Flex side chains      : 0.000 (kcal/mol)
(3) Torsional Free Energy          : 2.427 (kcal/mol)
(4) Unbound System's Energy        : -1.340 (kcal/mol)
ENERGY FROM SEARCH: -8.634
FINAL ENERGY: 
Estimated Free Energy of Binding   : -4.970 (kcal/mol) [=(1)+(2)+(3)-(4)]
(1) Final Intermolecular Energy    : -7.210 (kcal/mol)
    Ligand - Receptor              : -7.210 (kcal/mol)
    Ligand - Flex side chains      : 0.000 (kcal/mol)
(2) Final Total Internal Energy    : -1.424 (kcal/mol)
    Ligand                         : -1.424 (kcal/mol)
    Flex   - Receptor              : 0.000 (kcal/mol)
    Flex   - Flex side chains      : 0.000 (kcal/mol)
(3) Torsional Free Energy          : 2.324 (kcal/mol)
(4) Unbound System's Energy        : -1.340 (kcal/mol)
ENERGY FROM SEARCH: -8.637
FINAL ENERGY: 
Estimated Free Energy of Binding   : -4.971 (kcal/mol) [=(1)+(2)+(3)-(4)]
(1) Final Intermolecular Energy    : -7.160 (kcal/mol)
    Ligand - Receptor              : -7.160 (kcal/mol)
    Ligand - Flex side chains      : 0.000 (kcal/mol)
(2) Final Total Internal Energy    : -1.476 (kcal/mol)
    Ligand                         : -1.476 (kcal/mol)
    Flex   - Receptor              : 0.000 (kcal/mol)
    Flex   - Flex side chains      : 0.000 (kcal/mol)
(3) Torsional Free Energy          : 2.325 (kcal/mol)
(4) Unbound System's Energy        : -1.340 (kcal/mol)

mode |   affinity | dist from best mode
     | (kcal/mol) | rmsd l.b.| rmsd u.b.
-----+------------+----------+----------
   1      -6.1553     0.0000     0.0000
   2      -5.8031     1.7848     6.0941
   3      -5.4696     1.5172     6.1302
   4      -5.4165     1.4661     5.9558
   5      -5.3384     2.3671     3.5118
   6      -5.1993     4.4368     6.7631
   7      -5.1904     5.2808     8.1826
   8      -4.9714     3.8926     6.7060
   9      -4.9701     2.5145     5.1206
  10      -4.9424     2.1327     6.7077
