AutoDock Vina v1.2.3-52-g92d1779
#################################################################
# If you used AutoDock Vina in your work, please cite:          #
#                                                               #
# J. Eberhardt, D. Santos-Martins, A. F. Tillack, and S. Forli  #
# AutoDock Vina 1.2.0: New Docking Methods, Expanded Force      #
# Field, and Python Bindings, J. Chem. Inf. Model. (2021)       #
# DOI 10.1021/acs.jcim.1c00203                                  #
#                                                               #
# O. Trott, A. J. Olson,                                        #
# AutoDock Vina: improving the speed and accuracy of docking    #
# with a new scoring function, efficient optimization and       #
# multithreading, J. Comp. Chem. (2010)                         #
# DOI 10.1002/jcc.21334                                         #
#                                                               #
# Please see https://github.com/ccsb-scripps/AutoDock-Vina for  #
# more information.                                             #
#################################################################

Scoring function : vina
Rigid receptor: YihW_s_templ_cl2_min_model1.pdbqt
Ligand: Lac_Conformer3D_CID_6134_21012023_avogadro.pdbqt
Grid center: X 37.211 Y 41.586 Z 40.288
Grid size  : X 68 Y 60 Z 74
Grid space : 1
Exhaustiveness: 32
CPU: 0
Verbosity: 2

Computing Vina grid ... done.
Performing docking (random seed: -1246603618) ... 
0%   10   20   30   40   50   60   70   80   90   100%
|----|----|----|----|----|----|----|----|----|----|
***************************************************
done.
ENERGY FROM SEARCH: -10.5817
FINAL ENERGY: 
Estimated Free Energy of Binding   : -6.246 (kcal/mol) [=(1)+(2)+(3)-(4)]
(1) Final Intermolecular Energy    : -9.166 (kcal/mol)
    Ligand - Receptor              : -9.166 (kcal/mol)
    Ligand - Flex side chains      : 0.000 (kcal/mol)
(2) Final Total Internal Energy    : -1.419 (kcal/mol)
    Ligand                         : -1.419 (kcal/mol)
    Flex   - Receptor              : 0.000 (kcal/mol)
    Flex   - Flex side chains      : 0.000 (kcal/mol)
(3) Torsional Free Energy          : 2.921 (kcal/mol)
(4) Unbound System's Energy        : -1.419 (kcal/mol)
ENERGY FROM SEARCH: -9.430
FINAL ENERGY: 
Estimated Free Energy of Binding   : -5.460 (kcal/mol) [=(1)+(2)+(3)-(4)]
(1) Final Intermolecular Energy    : -7.946 (kcal/mol)
    Ligand - Receptor              : -7.946 (kcal/mol)
    Ligand - Flex side chains      : 0.000 (kcal/mol)
(2) Final Total Internal Energy    : -1.486 (kcal/mol)
    Ligand                         : -1.486 (kcal/mol)
    Flex   - Receptor              : 0.000 (kcal/mol)
    Flex   - Flex side chains      : 0.000 (kcal/mol)
(3) Torsional Free Energy          : 2.553 (kcal/mol)
(4) Unbound System's Energy        : -1.419 (kcal/mol)
ENERGY FROM SEARCH: -9.479
FINAL ENERGY: 
Estimated Free Energy of Binding   : -5.492 (kcal/mol) [=(1)+(2)+(3)-(4)]
(1) Final Intermolecular Energy    : -8.165 (kcal/mol)
    Ligand - Receptor              : -8.165 (kcal/mol)
    Ligand - Flex side chains      : 0.000 (kcal/mol)
(2) Final Total Internal Energy    : -1.314 (kcal/mol)
    Ligand                         : -1.314 (kcal/mol)
    Flex   - Receptor              : 0.000 (kcal/mol)
    Flex   - Flex side chains      : 0.000 (kcal/mol)
(3) Torsional Free Energy          : 2.569 (kcal/mol)
(4) Unbound System's Energy        : -1.419 (kcal/mol)
ENERGY FROM SEARCH: -9.868
FINAL ENERGY: 
Estimated Free Energy of Binding   : -5.759 (kcal/mol) [=(1)+(2)+(3)-(4)]
(1) Final Intermolecular Energy    : -8.320 (kcal/mol)
    Ligand - Receptor              : -8.320 (kcal/mol)
    Ligand - Flex side chains      : 0.000 (kcal/mol)
(2) Final Total Internal Energy    : -1.551 (kcal/mol)
    Ligand                         : -1.551 (kcal/mol)
    Flex   - Receptor              : 0.000 (kcal/mol)
    Flex   - Flex side chains      : 0.000 (kcal/mol)
(3) Torsional Free Energy          : 2.693 (kcal/mol)
(4) Unbound System's Energy        : -1.419 (kcal/mol)
ENERGY FROM SEARCH: -9.067
FINAL ENERGY: 
Estimated Free Energy of Binding   : -5.210 (kcal/mol) [=(1)+(2)+(3)-(4)]
(1) Final Intermolecular Energy    : -7.623 (kcal/mol)
    Ligand - Receptor              : -7.623 (kcal/mol)
    Ligand - Flex side chains      : 0.000 (kcal/mol)
(2) Final Total Internal Energy    : -1.442 (kcal/mol)
    Ligand                         : -1.442 (kcal/mol)
    Flex   - Receptor              : 0.000 (kcal/mol)
    Flex   - Flex side chains      : 0.000 (kcal/mol)
(3) Torsional Free Energy          : 2.437 (kcal/mol)
(4) Unbound System's Energy        : -1.419 (kcal/mol)
ENERGY FROM SEARCH: -9.320
FINAL ENERGY: 
Estimated Free Energy of Binding   : -5.382 (kcal/mol) [=(1)+(2)+(3)-(4)]
(1) Final Intermolecular Energy    : -7.866 (kcal/mol)
    Ligand - Receptor              : -7.866 (kcal/mol)
    Ligand - Flex side chains      : 0.000 (kcal/mol)
(2) Final Total Internal Energy    : -1.451 (kcal/mol)
    Ligand                         : -1.451 (kcal/mol)
    Flex   - Receptor              : 0.000 (kcal/mol)
    Flex   - Flex side chains      : 0.000 (kcal/mol)
(3) Torsional Free Energy          : 2.517 (kcal/mol)
(4) Unbound System's Energy        : -1.419 (kcal/mol)
ENERGY FROM SEARCH: -8.689
FINAL ENERGY: 
Estimated Free Energy of Binding   : -4.957 (kcal/mol) [=(1)+(2)+(3)-(4)]
(1) Final Intermolecular Energy    : -7.451 (kcal/mol)
    Ligand - Receptor              : -7.451 (kcal/mol)
    Ligand - Flex side chains      : 0.000 (kcal/mol)
(2) Final Total Internal Energy    : -1.243 (kcal/mol)
    Ligand                         : -1.243 (kcal/mol)
    Flex   - Receptor              : 0.000 (kcal/mol)
    Flex   - Flex side chains      : 0.000 (kcal/mol)
(3) Torsional Free Energy          : 2.318 (kcal/mol)
(4) Unbound System's Energy        : -1.419 (kcal/mol)
ENERGY FROM SEARCH: -8.552
FINAL ENERGY: 
Estimated Free Energy of Binding   : -4.862 (kcal/mol) [=(1)+(2)+(3)-(4)]
(1) Final Intermolecular Energy    : -7.238 (kcal/mol)
    Ligand - Receptor              : -7.238 (kcal/mol)
    Ligand - Flex side chains      : 0.000 (kcal/mol)
(2) Final Total Internal Energy    : -1.317 (kcal/mol)
    Ligand                         : -1.317 (kcal/mol)
    Flex   - Receptor              : 0.000 (kcal/mol)
    Flex   - Flex side chains      : 0.000 (kcal/mol)
(3) Torsional Free Energy          : 2.274 (kcal/mol)
(4) Unbound System's Energy        : -1.419 (kcal/mol)
ENERGY FROM SEARCH: -8.984
FINAL ENERGY: 
Estimated Free Energy of Binding   : -5.155 (kcal/mol) [=(1)+(2)+(3)-(4)]
(1) Final Intermolecular Energy    : -7.366 (kcal/mol)
    Ligand - Receptor              : -7.366 (kcal/mol)
    Ligand - Flex side chains      : 0.000 (kcal/mol)
(2) Final Total Internal Energy    : -1.618 (kcal/mol)
    Ligand                         : -1.618 (kcal/mol)
    Flex   - Receptor              : 0.000 (kcal/mol)
    Flex   - Flex side chains      : 0.000 (kcal/mol)
(3) Torsional Free Energy          : 2.411 (kcal/mol)
(4) Unbound System's Energy        : -1.419 (kcal/mol)
ENERGY FROM SEARCH: -8.914
FINAL ENERGY: 
Estimated Free Energy of Binding   : -5.109 (kcal/mol) [=(1)+(2)+(3)-(4)]
(1) Final Intermolecular Energy    : -7.412 (kcal/mol)
    Ligand - Receptor              : -7.412 (kcal/mol)
    Ligand - Flex side chains      : 0.000 (kcal/mol)
(2) Final Total Internal Energy    : -1.505 (kcal/mol)
    Ligand                         : -1.505 (kcal/mol)
    Flex   - Receptor              : 0.000 (kcal/mol)
    Flex   - Flex side chains      : 0.000 (kcal/mol)
(3) Torsional Free Energy          : 2.389 (kcal/mol)
(4) Unbound System's Energy        : -1.419 (kcal/mol)

mode |   affinity | dist from best mode
     | (kcal/mol) | rmsd l.b.| rmsd u.b.
-----+------------+----------+----------
   1      -6.2456     0.0000     0.0000
   2      -5.7588     1.7444     3.5548
   3      -5.4923     2.0410     5.9926
   4      -5.4595     1.7279     2.2852
   5      -5.3818     2.5974     4.1714
   6      -5.2101     2.2300     3.0555
   7      -5.1548     2.2733     6.4158
   8      -5.1088     4.7047     6.9950
   9      -4.9565     2.2128     3.5934
  10      -4.8620     2.1500     6.5502
