AutoDock Vina v1.2.3-52-g92d1779
#################################################################
# If you used AutoDock Vina in your work, please cite:          #
#                                                               #
# J. Eberhardt, D. Santos-Martins, A. F. Tillack, and S. Forli  #
# AutoDock Vina 1.2.0: New Docking Methods, Expanded Force      #
# Field, and Python Bindings, J. Chem. Inf. Model. (2021)       #
# DOI 10.1021/acs.jcim.1c00203                                  #
#                                                               #
# O. Trott, A. J. Olson,                                        #
# AutoDock Vina: improving the speed and accuracy of docking    #
# with a new scoring function, efficient optimization and       #
# multithreading, J. Comp. Chem. (2010)                         #
# DOI 10.1002/jcc.21334                                         #
#                                                               #
# Please see https://github.com/ccsb-scripps/AutoDock-Vina for  #
# more information.                                             #
#################################################################

Scoring function : vina
Rigid receptor: YihW_s_AF_cl1_min_model1.pdbqt
Ligand: Lac_Conformer3D_CID_6134_21012023_avogadro.pdbqt
Grid center: X 42.638 Y 43.195 Z 45.244
Grid size  : X 44 Y 52 Z 62
Grid space : 1
Exhaustiveness: 32
CPU: 0
Verbosity: 2

Computing Vina grid ... done.
Performing docking (random seed: -495501796) ... 
0%   10   20   30   40   50   60   70   80   90   100%
|----|----|----|----|----|----|----|----|----|----|
***************************************************
done.
ENERGY FROM SEARCH: -10.4392
FINAL ENERGY: 
Estimated Free Energy of Binding   : -6.178 (kcal/mol) [=(1)+(2)+(3)-(4)]
(1) Final Intermolecular Energy    : -9.067 (kcal/mol)
    Ligand - Receptor              : -9.067 (kcal/mol)
    Ligand - Flex side chains      : 0.000 (kcal/mol)
(2) Final Total Internal Energy    : -1.375 (kcal/mol)
    Ligand                         : -1.375 (kcal/mol)
    Flex   - Receptor              : 0.000 (kcal/mol)
    Flex   - Flex side chains      : 0.000 (kcal/mol)
(3) Torsional Free Energy          : 2.889 (kcal/mol)
(4) Unbound System's Energy        : -1.375 (kcal/mol)
ENERGY FROM SEARCH: -10.755
FINAL ENERGY: 
Estimated Free Energy of Binding   : -6.389 (kcal/mol) [=(1)+(2)+(3)-(4)]
(1) Final Intermolecular Energy    : -9.269 (kcal/mol)
    Ligand - Receptor              : -9.269 (kcal/mol)
    Ligand - Flex side chains      : 0.000 (kcal/mol)
(2) Final Total Internal Energy    : -1.482 (kcal/mol)
    Ligand                         : -1.482 (kcal/mol)
    Flex   - Receptor              : 0.000 (kcal/mol)
    Flex   - Flex side chains      : 0.000 (kcal/mol)
(3) Torsional Free Energy          : 2.988 (kcal/mol)
(4) Unbound System's Energy        : -1.375 (kcal/mol)
ENERGY FROM SEARCH: -10.221
FINAL ENERGY: 
Estimated Free Energy of Binding   : -6.028 (kcal/mol) [=(1)+(2)+(3)-(4)]
(1) Final Intermolecular Energy    : -8.858 (kcal/mol)
    Ligand - Receptor              : -8.858 (kcal/mol)
    Ligand - Flex side chains      : 0.000 (kcal/mol)
(2) Final Total Internal Energy    : -1.363 (kcal/mol)
    Ligand                         : -1.363 (kcal/mol)
    Flex   - Receptor              : 0.000 (kcal/mol)
    Flex   - Flex side chains      : 0.000 (kcal/mol)
(3) Torsional Free Energy          : 2.819 (kcal/mol)
(4) Unbound System's Energy        : -1.375 (kcal/mol)
ENERGY FROM SEARCH: -9.854
FINAL ENERGY: 
Estimated Free Energy of Binding   : -5.780 (kcal/mol) [=(1)+(2)+(3)-(4)]
(1) Final Intermolecular Energy    : -8.503 (kcal/mol)
    Ligand - Receptor              : -8.503 (kcal/mol)
    Ligand - Flex side chains      : 0.000 (kcal/mol)
(2) Final Total Internal Energy    : -1.355 (kcal/mol)
    Ligand                         : -1.355 (kcal/mol)
    Flex   - Receptor              : 0.000 (kcal/mol)
    Flex   - Flex side chains      : 0.000 (kcal/mol)
(3) Torsional Free Energy          : 2.703 (kcal/mol)
(4) Unbound System's Energy        : -1.375 (kcal/mol)
ENERGY FROM SEARCH: -9.801
FINAL ENERGY: 
Estimated Free Energy of Binding   : -5.744 (kcal/mol) [=(1)+(2)+(3)-(4)]
(1) Final Intermolecular Energy    : -9.060 (kcal/mol)
    Ligand - Receptor              : -9.060 (kcal/mol)
    Ligand - Flex side chains      : 0.000 (kcal/mol)
(2) Final Total Internal Energy    : -0.745 (kcal/mol)
    Ligand                         : -0.745 (kcal/mol)
    Flex   - Receptor              : 0.000 (kcal/mol)
    Flex   - Flex side chains      : 0.000 (kcal/mol)
(3) Torsional Free Energy          : 2.686 (kcal/mol)
(4) Unbound System's Energy        : -1.375 (kcal/mol)
ENERGY FROM SEARCH: -10.125
FINAL ENERGY: 
Estimated Free Energy of Binding   : -5.960 (kcal/mol) [=(1)+(2)+(3)-(4)]
(1) Final Intermolecular Energy    : -8.859 (kcal/mol)
    Ligand - Receptor              : -8.859 (kcal/mol)
    Ligand - Flex side chains      : 0.000 (kcal/mol)
(2) Final Total Internal Energy    : -1.264 (kcal/mol)
    Ligand                         : -1.264 (kcal/mol)
    Flex   - Receptor              : 0.000 (kcal/mol)
    Flex   - Flex side chains      : 0.000 (kcal/mol)
(3) Torsional Free Energy          : 2.788 (kcal/mol)
(4) Unbound System's Energy        : -1.375 (kcal/mol)
ENERGY FROM SEARCH: -9.420
FINAL ENERGY: 
Estimated Free Energy of Binding   : -5.483 (kcal/mol) [=(1)+(2)+(3)-(4)]
(1) Final Intermolecular Energy    : -7.983 (kcal/mol)
    Ligand - Receptor              : -7.983 (kcal/mol)
    Ligand - Flex side chains      : 0.000 (kcal/mol)
(2) Final Total Internal Energy    : -1.438 (kcal/mol)
    Ligand                         : -1.438 (kcal/mol)
    Flex   - Receptor              : 0.000 (kcal/mol)
    Flex   - Flex side chains      : 0.000 (kcal/mol)
(3) Torsional Free Energy          : 2.564 (kcal/mol)
(4) Unbound System's Energy        : -1.375 (kcal/mol)
ENERGY FROM SEARCH: -10.144
FINAL ENERGY: 
Estimated Free Energy of Binding   : -5.971 (kcal/mol) [=(1)+(2)+(3)-(4)]
(1) Final Intermolecular Energy    : -8.902 (kcal/mol)
    Ligand - Receptor              : -8.902 (kcal/mol)
    Ligand - Flex side chains      : 0.000 (kcal/mol)
(2) Final Total Internal Energy    : -1.236 (kcal/mol)
    Ligand                         : -1.236 (kcal/mol)
    Flex   - Receptor              : 0.000 (kcal/mol)
    Flex   - Flex side chains      : 0.000 (kcal/mol)
(3) Torsional Free Energy          : 2.793 (kcal/mol)
(4) Unbound System's Energy        : -1.375 (kcal/mol)
ENERGY FROM SEARCH: -10.795
FINAL ENERGY: 
Estimated Free Energy of Binding   : -6.412 (kcal/mol) [=(1)+(2)+(3)-(4)]
(1) Final Intermolecular Energy    : -9.474 (kcal/mol)
    Ligand - Receptor              : -9.474 (kcal/mol)
    Ligand - Flex side chains      : 0.000 (kcal/mol)
(2) Final Total Internal Energy    : -1.312 (kcal/mol)
    Ligand                         : -1.312 (kcal/mol)
    Flex   - Receptor              : 0.000 (kcal/mol)
    Flex   - Flex side chains      : 0.000 (kcal/mol)
(3) Torsional Free Energy          : 2.999 (kcal/mol)
(4) Unbound System's Energy        : -1.375 (kcal/mol)
ENERGY FROM SEARCH: -9.336
FINAL ENERGY: 
Estimated Free Energy of Binding   : -5.422 (kcal/mol) [=(1)+(2)+(3)-(4)]
(1) Final Intermolecular Energy    : -8.438 (kcal/mol)
    Ligand - Receptor              : -8.438 (kcal/mol)
    Ligand - Flex side chains      : 0.000 (kcal/mol)
(2) Final Total Internal Energy    : -0.895 (kcal/mol)
    Ligand                         : -0.895 (kcal/mol)
    Flex   - Receptor              : 0.000 (kcal/mol)
    Flex   - Flex side chains      : 0.000 (kcal/mol)
(3) Torsional Free Energy          : 2.536 (kcal/mol)
(4) Unbound System's Energy        : -1.375 (kcal/mol)

mode |   affinity | dist from best mode
     | (kcal/mol) | rmsd l.b.| rmsd u.b.
-----+------------+----------+----------
   1      -6.4120     0.0000     0.0000
   2      -6.3886     2.4992     3.3534
   3      -6.1778     1.6060     5.7350
   4      -6.0277     1.5636     3.8594
   5      -5.9714     2.4015     3.5489
   6      -5.9605     2.3601     3.7600
   7      -5.7797     2.6884     4.2197
   8      -5.7436     2.2061     6.9978
   9      -5.4826     1.7249     6.8854
  10      -5.4218     2.3149     6.5675
