AutoDock Vina v1.2.3-52-g92d1779
#################################################################
# If you used AutoDock Vina in your work, please cite:          #
#                                                               #
# J. Eberhardt, D. Santos-Martins, A. F. Tillack, and S. Forli  #
# AutoDock Vina 1.2.0: New Docking Methods, Expanded Force      #
# Field, and Python Bindings, J. Chem. Inf. Model. (2021)       #
# DOI 10.1021/acs.jcim.1c00203                                  #
#                                                               #
# O. Trott, A. J. Olson,                                        #
# AutoDock Vina: improving the speed and accuracy of docking    #
# with a new scoring function, efficient optimization and       #
# multithreading, J. Comp. Chem. (2010)                         #
# DOI 10.1002/jcc.21334                                         #
#                                                               #
# Please see https://github.com/ccsb-scripps/AutoDock-Vina for  #
# more information.                                             #
#################################################################

Scoring function : vina
Rigid receptor: YihW_s_templ_cl1_min_model1.pdbqt
Ligand: Lac_Conformer3D_CID_6134_21012023_avogadro.pdbqt
Grid center: X 37.211 Y 41.586 Z 40.288
Grid size  : X 68 Y 60 Z 74
Grid space : 1
Exhaustiveness: 32
CPU: 0
Verbosity: 2

Computing Vina grid ... done.
Performing docking (random seed: -1490419238) ... 
0%   10   20   30   40   50   60   70   80   90   100%
|----|----|----|----|----|----|----|----|----|----|
***************************************************
done.
ENERGY FROM SEARCH: -8.90404
FINAL ENERGY: 
Estimated Free Energy of Binding   : -5.643 (kcal/mol) [=(1)+(2)+(3)-(4)]
(1) Final Intermolecular Energy    : -8.283 (kcal/mol)
    Ligand - Receptor              : -8.283 (kcal/mol)
    Ligand - Flex side chains      : 0.000 (kcal/mol)
(2) Final Total Internal Energy    : -0.618 (kcal/mol)
    Ligand                         : -0.618 (kcal/mol)
    Flex   - Receptor              : 0.000 (kcal/mol)
    Flex   - Flex side chains      : 0.000 (kcal/mol)
(3) Torsional Free Energy          : 2.639 (kcal/mol)
(4) Unbound System's Energy        : -0.618 (kcal/mol)
ENERGY FROM SEARCH: -8.946
FINAL ENERGY: 
Estimated Free Energy of Binding   : -5.674 (kcal/mol) [=(1)+(2)+(3)-(4)]
(1) Final Intermolecular Energy    : -7.436 (kcal/mol)
    Ligand - Receptor              : -7.436 (kcal/mol)
    Ligand - Flex side chains      : 0.000 (kcal/mol)
(2) Final Total Internal Energy    : -1.510 (kcal/mol)
    Ligand                         : -1.510 (kcal/mol)
    Flex   - Receptor              : 0.000 (kcal/mol)
    Flex   - Flex side chains      : 0.000 (kcal/mol)
(3) Torsional Free Energy          : 2.653 (kcal/mol)
(4) Unbound System's Energy        : -0.618 (kcal/mol)
ENERGY FROM SEARCH: -9.800
FINAL ENERGY: 
Estimated Free Energy of Binding   : -6.256 (kcal/mol) [=(1)+(2)+(3)-(4)]
(1) Final Intermolecular Energy    : -8.261 (kcal/mol)
    Ligand - Receptor              : -8.261 (kcal/mol)
    Ligand - Flex side chains      : 0.000 (kcal/mol)
(2) Final Total Internal Energy    : -1.540 (kcal/mol)
    Ligand                         : -1.540 (kcal/mol)
    Flex   - Receptor              : 0.000 (kcal/mol)
    Flex   - Flex side chains      : 0.000 (kcal/mol)
(3) Torsional Free Energy          : 2.926 (kcal/mol)
(4) Unbound System's Energy        : -0.618 (kcal/mol)
ENERGY FROM SEARCH: -9.912
FINAL ENERGY: 
Estimated Free Energy of Binding   : -6.332 (kcal/mol) [=(1)+(2)+(3)-(4)]
(1) Final Intermolecular Energy    : -8.424 (kcal/mol)
    Ligand - Receptor              : -8.424 (kcal/mol)
    Ligand - Flex side chains      : 0.000 (kcal/mol)
(2) Final Total Internal Energy    : -1.487 (kcal/mol)
    Ligand                         : -1.487 (kcal/mol)
    Flex   - Receptor              : 0.000 (kcal/mol)
    Flex   - Flex side chains      : 0.000 (kcal/mol)
(3) Torsional Free Energy          : 2.961 (kcal/mol)
(4) Unbound System's Energy        : -0.618 (kcal/mol)
ENERGY FROM SEARCH: -8.329
FINAL ENERGY: 
Estimated Free Energy of Binding   : -5.251 (kcal/mol) [=(1)+(2)+(3)-(4)]
(1) Final Intermolecular Energy    : -6.962 (kcal/mol)
    Ligand - Receptor              : -6.962 (kcal/mol)
    Ligand - Flex side chains      : 0.000 (kcal/mol)
(2) Final Total Internal Energy    : -1.363 (kcal/mol)
    Ligand                         : -1.363 (kcal/mol)
    Flex   - Receptor              : 0.000 (kcal/mol)
    Flex   - Flex side chains      : 0.000 (kcal/mol)
(3) Torsional Free Energy          : 2.456 (kcal/mol)
(4) Unbound System's Energy        : -0.618 (kcal/mol)
ENERGY FROM SEARCH: -8.441
FINAL ENERGY: 
Estimated Free Energy of Binding   : -5.330 (kcal/mol) [=(1)+(2)+(3)-(4)]
(1) Final Intermolecular Energy    : -7.439 (kcal/mol)
    Ligand - Receptor              : -7.439 (kcal/mol)
    Ligand - Flex side chains      : 0.000 (kcal/mol)
(2) Final Total Internal Energy    : -1.002 (kcal/mol)
    Ligand                         : -1.002 (kcal/mol)
    Flex   - Receptor              : 0.000 (kcal/mol)
    Flex   - Flex side chains      : 0.000 (kcal/mol)
(3) Torsional Free Energy          : 2.493 (kcal/mol)
(4) Unbound System's Energy        : -0.618 (kcal/mol)
ENERGY FROM SEARCH: -9.104
FINAL ENERGY: 
Estimated Free Energy of Binding   : -5.782 (kcal/mol) [=(1)+(2)+(3)-(4)]
(1) Final Intermolecular Energy    : -7.594 (kcal/mol)
    Ligand - Receptor              : -7.594 (kcal/mol)
    Ligand - Flex side chains      : 0.000 (kcal/mol)
(2) Final Total Internal Energy    : -1.511 (kcal/mol)
    Ligand                         : -1.511 (kcal/mol)
    Flex   - Receptor              : 0.000 (kcal/mol)
    Flex   - Flex side chains      : 0.000 (kcal/mol)
(3) Torsional Free Energy          : 2.704 (kcal/mol)
(4) Unbound System's Energy        : -0.618 (kcal/mol)
ENERGY FROM SEARCH: -8.944
FINAL ENERGY: 
Estimated Free Energy of Binding   : -5.673 (kcal/mol) [=(1)+(2)+(3)-(4)]
(1) Final Intermolecular Energy    : -7.476 (kcal/mol)
    Ligand - Receptor              : -7.476 (kcal/mol)
    Ligand - Flex side chains      : 0.000 (kcal/mol)
(2) Final Total Internal Energy    : -1.468 (kcal/mol)
    Ligand                         : -1.468 (kcal/mol)
    Flex   - Receptor              : 0.000 (kcal/mol)
    Flex   - Flex side chains      : 0.000 (kcal/mol)
(3) Torsional Free Energy          : 2.653 (kcal/mol)
(4) Unbound System's Energy        : -0.618 (kcal/mol)
ENERGY FROM SEARCH: -8.735
FINAL ENERGY: 
Estimated Free Energy of Binding   : -5.530 (kcal/mol) [=(1)+(2)+(3)-(4)]
(1) Final Intermolecular Energy    : -7.498 (kcal/mol)
    Ligand - Receptor              : -7.498 (kcal/mol)
    Ligand - Flex side chains      : 0.000 (kcal/mol)
(2) Final Total Internal Energy    : -1.237 (kcal/mol)
    Ligand                         : -1.237 (kcal/mol)
    Flex   - Receptor              : 0.000 (kcal/mol)
    Flex   - Flex side chains      : 0.000 (kcal/mol)
(3) Torsional Free Energy          : 2.586 (kcal/mol)
(4) Unbound System's Energy        : -0.618 (kcal/mol)
ENERGY FROM SEARCH: -8.151
FINAL ENERGY: 
Estimated Free Energy of Binding   : -5.129 (kcal/mol) [=(1)+(2)+(3)-(4)]
(1) Final Intermolecular Energy    : -6.782 (kcal/mol)
    Ligand - Receptor              : -6.782 (kcal/mol)
    Ligand - Flex side chains      : 0.000 (kcal/mol)
(2) Final Total Internal Energy    : -1.364 (kcal/mol)
    Ligand                         : -1.364 (kcal/mol)
    Flex   - Receptor              : 0.000 (kcal/mol)
    Flex   - Flex side chains      : 0.000 (kcal/mol)
(3) Torsional Free Energy          : 2.399 (kcal/mol)
(4) Unbound System's Energy        : -0.618 (kcal/mol)

mode |   affinity | dist from best mode
     | (kcal/mol) | rmsd l.b.| rmsd u.b.
-----+------------+----------+----------
   1      -6.3321     0.0000     0.0000
   2      -6.2563     1.4224     6.8388
   3      -5.7825     2.0076     3.2210
   4      -5.6736     2.3104     3.6702
   5      -5.6725     2.1652     5.8256
   6      -5.6433     1.6885     6.0792
   7      -5.5303     2.3969     4.0677
   8      -5.3301     2.2901     2.8796
   9      -5.2511     3.1067     6.4370
  10      -5.1290     2.3793     6.6160
