AutoDock Vina v1.2.3-52-g92d1779
#################################################################
# If you used AutoDock Vina in your work, please cite:          #
#                                                               #
# J. Eberhardt, D. Santos-Martins, A. F. Tillack, and S. Forli  #
# AutoDock Vina 1.2.0: New Docking Methods, Expanded Force      #
# Field, and Python Bindings, J. Chem. Inf. Model. (2021)       #
# DOI 10.1021/acs.jcim.1c00203                                  #
#                                                               #
# O. Trott, A. J. Olson,                                        #
# AutoDock Vina: improving the speed and accuracy of docking    #
# with a new scoring function, efficient optimization and       #
# multithreading, J. Comp. Chem. (2010)                         #
# DOI 10.1002/jcc.21334                                         #
#                                                               #
# Please see https://github.com/ccsb-scripps/AutoDock-Vina for  #
# more information.                                             #
#################################################################

Scoring function : vina
Rigid receptor: YihW_s_templ_cl1_min_model1.pdbqt
Ligand: Lac_Conformer3D_CID_6134_21012023_avogadro.pdbqt
Grid center: X 37.211 Y 41.586 Z 40.288
Grid size  : X 68 Y 60 Z 74
Grid space : 1
Exhaustiveness: 32
CPU: 0
Verbosity: 2

Computing Vina grid ... done.
Performing docking (random seed: -1894628751) ... 
0%   10   20   30   40   50   60   70   80   90   100%
|----|----|----|----|----|----|----|----|----|----|
***************************************************
done.
ENERGY FROM SEARCH: -8.69755
FINAL ENERGY: 
Estimated Free Energy of Binding   : -5.289 (kcal/mol) [=(1)+(2)+(3)-(4)]
(1) Final Intermolecular Energy    : -7.762 (kcal/mol)
    Ligand - Receptor              : -7.762 (kcal/mol)
    Ligand - Flex side chains      : 0.000 (kcal/mol)
(2) Final Total Internal Energy    : -0.935 (kcal/mol)
    Ligand                         : -0.935 (kcal/mol)
    Flex   - Receptor              : 0.000 (kcal/mol)
    Flex   - Flex side chains      : 0.000 (kcal/mol)
(3) Torsional Free Energy          : 2.473 (kcal/mol)
(4) Unbound System's Energy        : -0.935 (kcal/mol)
ENERGY FROM SEARCH: -9.002
FINAL ENERGY: 
Estimated Free Energy of Binding   : -5.499 (kcal/mol) [=(1)+(2)+(3)-(4)]
(1) Final Intermolecular Energy    : -7.550 (kcal/mol)
    Ligand - Receptor              : -7.550 (kcal/mol)
    Ligand - Flex side chains      : 0.000 (kcal/mol)
(2) Final Total Internal Energy    : -1.455 (kcal/mol)
    Ligand                         : -1.455 (kcal/mol)
    Flex   - Receptor              : 0.000 (kcal/mol)
    Flex   - Flex side chains      : 0.000 (kcal/mol)
(3) Torsional Free Energy          : 2.572 (kcal/mol)
(4) Unbound System's Energy        : -0.935 (kcal/mol)
ENERGY FROM SEARCH: -9.511
FINAL ENERGY: 
Estimated Free Energy of Binding   : -5.845 (kcal/mol) [=(1)+(2)+(3)-(4)]
(1) Final Intermolecular Energy    : -8.146 (kcal/mol)
    Ligand - Receptor              : -8.146 (kcal/mol)
    Ligand - Flex side chains      : 0.000 (kcal/mol)
(2) Final Total Internal Energy    : -1.368 (kcal/mol)
    Ligand                         : -1.368 (kcal/mol)
    Flex   - Receptor              : 0.000 (kcal/mol)
    Flex   - Flex side chains      : 0.000 (kcal/mol)
(3) Torsional Free Energy          : 2.734 (kcal/mol)
(4) Unbound System's Energy        : -0.935 (kcal/mol)
ENERGY FROM SEARCH: -9.240
FINAL ENERGY: 
Estimated Free Energy of Binding   : -5.657 (kcal/mol) [=(1)+(2)+(3)-(4)]
(1) Final Intermolecular Energy    : -7.755 (kcal/mol)
    Ligand - Receptor              : -7.755 (kcal/mol)
    Ligand - Flex side chains      : 0.000 (kcal/mol)
(2) Final Total Internal Energy    : -1.483 (kcal/mol)
    Ligand                         : -1.483 (kcal/mol)
    Flex   - Receptor              : 0.000 (kcal/mol)
    Flex   - Flex side chains      : 0.000 (kcal/mol)
(3) Torsional Free Energy          : 2.646 (kcal/mol)
(4) Unbound System's Energy        : -0.935 (kcal/mol)
ENERGY FROM SEARCH: -8.447
FINAL ENERGY: 
Estimated Free Energy of Binding   : -5.119 (kcal/mol) [=(1)+(2)+(3)-(4)]
(1) Final Intermolecular Energy    : -7.400 (kcal/mol)
    Ligand - Receptor              : -7.400 (kcal/mol)
    Ligand - Flex side chains      : 0.000 (kcal/mol)
(2) Final Total Internal Energy    : -1.048 (kcal/mol)
    Ligand                         : -1.048 (kcal/mol)
    Flex   - Receptor              : 0.000 (kcal/mol)
    Flex   - Flex side chains      : 0.000 (kcal/mol)
(3) Torsional Free Energy          : 2.394 (kcal/mol)
(4) Unbound System's Energy        : -0.935 (kcal/mol)
ENERGY FROM SEARCH: -8.596
FINAL ENERGY: 
Estimated Free Energy of Binding   : -5.221 (kcal/mol) [=(1)+(2)+(3)-(4)]
(1) Final Intermolecular Energy    : -7.279 (kcal/mol)
    Ligand - Receptor              : -7.279 (kcal/mol)
    Ligand - Flex side chains      : 0.000 (kcal/mol)
(2) Final Total Internal Energy    : -1.319 (kcal/mol)
    Ligand                         : -1.319 (kcal/mol)
    Flex   - Receptor              : 0.000 (kcal/mol)
    Flex   - Flex side chains      : 0.000 (kcal/mol)
(3) Torsional Free Energy          : 2.442 (kcal/mol)
(4) Unbound System's Energy        : -0.935 (kcal/mol)
ENERGY FROM SEARCH: -9.062
FINAL ENERGY: 
Estimated Free Energy of Binding   : -5.536 (kcal/mol) [=(1)+(2)+(3)-(4)]
(1) Final Intermolecular Energy    : -7.538 (kcal/mol)
    Ligand - Receptor              : -7.538 (kcal/mol)
    Ligand - Flex side chains      : 0.000 (kcal/mol)
(2) Final Total Internal Energy    : -1.523 (kcal/mol)
    Ligand                         : -1.523 (kcal/mol)
    Flex   - Receptor              : 0.000 (kcal/mol)
    Flex   - Flex side chains      : 0.000 (kcal/mol)
(3) Torsional Free Energy          : 2.589 (kcal/mol)
(4) Unbound System's Energy        : -0.935 (kcal/mol)
ENERGY FROM SEARCH: -8.278
FINAL ENERGY: 
Estimated Free Energy of Binding   : -5.004 (kcal/mol) [=(1)+(2)+(3)-(4)]
(1) Final Intermolecular Energy    : -6.749 (kcal/mol)
    Ligand - Receptor              : -6.749 (kcal/mol)
    Ligand - Flex side chains      : 0.000 (kcal/mol)
(2) Final Total Internal Energy    : -1.531 (kcal/mol)
    Ligand                         : -1.531 (kcal/mol)
    Flex   - Receptor              : 0.000 (kcal/mol)
    Flex   - Flex side chains      : 0.000 (kcal/mol)
(3) Torsional Free Energy          : 2.340 (kcal/mol)
(4) Unbound System's Energy        : -0.935 (kcal/mol)
ENERGY FROM SEARCH: -8.932
FINAL ENERGY: 
Estimated Free Energy of Binding   : -5.447 (kcal/mol) [=(1)+(2)+(3)-(4)]
(1) Final Intermolecular Energy    : -7.401 (kcal/mol)
    Ligand - Receptor              : -7.401 (kcal/mol)
    Ligand - Flex side chains      : 0.000 (kcal/mol)
(2) Final Total Internal Energy    : -1.529 (kcal/mol)
    Ligand                         : -1.529 (kcal/mol)
    Flex   - Receptor              : 0.000 (kcal/mol)
    Flex   - Flex side chains      : 0.000 (kcal/mol)
(3) Torsional Free Energy          : 2.548 (kcal/mol)
(4) Unbound System's Energy        : -0.935 (kcal/mol)
ENERGY FROM SEARCH: -8.602
FINAL ENERGY: 
Estimated Free Energy of Binding   : -5.223 (kcal/mol) [=(1)+(2)+(3)-(4)]
(1) Final Intermolecular Energy    : -7.283 (kcal/mol)
    Ligand - Receptor              : -7.283 (kcal/mol)
    Ligand - Flex side chains      : 0.000 (kcal/mol)
(2) Final Total Internal Energy    : -1.317 (kcal/mol)
    Ligand                         : -1.317 (kcal/mol)
    Flex   - Receptor              : 0.000 (kcal/mol)
    Flex   - Flex side chains      : 0.000 (kcal/mol)
(3) Torsional Free Energy          : 2.443 (kcal/mol)
(4) Unbound System's Energy        : -0.935 (kcal/mol)

mode |   affinity | dist from best mode
     | (kcal/mol) | rmsd l.b.| rmsd u.b.
-----+------------+----------+----------
   1      -5.8451     0.0000     0.0000
   2      -5.6572     1.7474     6.8444
   3      -5.5364     2.2003     3.2888
   4      -5.4987     2.1040     6.2939
   5      -5.4473     1.4269     6.2192
   6      -5.2889     1.5748     3.0350
   7      -5.2228     1.9662     5.9039
   8      -5.2214     2.6155     4.8230
   9      -5.1189     2.1452     6.8200
  10      -5.0045     2.2652     5.9509
