AutoDock Vina v1.2.3-52-g92d1779
#################################################################
# If you used AutoDock Vina in your work, please cite:          #
#                                                               #
# J. Eberhardt, D. Santos-Martins, A. F. Tillack, and S. Forli  #
# AutoDock Vina 1.2.0: New Docking Methods, Expanded Force      #
# Field, and Python Bindings, J. Chem. Inf. Model. (2021)       #
# DOI 10.1021/acs.jcim.1c00203                                  #
#                                                               #
# O. Trott, A. J. Olson,                                        #
# AutoDock Vina: improving the speed and accuracy of docking    #
# with a new scoring function, efficient optimization and       #
# multithreading, J. Comp. Chem. (2010)                         #
# DOI 10.1002/jcc.21334                                         #
#                                                               #
# Please see https://github.com/ccsb-scripps/AutoDock-Vina for  #
# more information.                                             #
#################################################################

Scoring function : vina
Rigid receptor: YihW_s_AF_cl1_min_model1.pdbqt
Ligand: Lac_Conformer3D_CID_6134_21012023_avogadro.pdbqt
Grid center: X 42.638 Y 43.195 Z 45.244
Grid size  : X 44 Y 52 Z 62
Grid space : 1
Exhaustiveness: 32
CPU: 0
Verbosity: 2

Computing Vina grid ... done.
Performing docking (random seed: -1894451379) ... 
0%   10   20   30   40   50   60   70   80   90   100%
|----|----|----|----|----|----|----|----|----|----|
***************************************************
done.
ENERGY FROM SEARCH: -10.3027
FINAL ENERGY: 
Estimated Free Energy of Binding   : -6.063 (kcal/mol) [=(1)+(2)+(3)-(4)]
(1) Final Intermolecular Energy    : -8.899 (kcal/mol)
    Ligand - Receptor              : -8.899 (kcal/mol)
    Ligand - Flex side chains      : 0.000 (kcal/mol)
(2) Final Total Internal Energy    : -1.407 (kcal/mol)
    Ligand                         : -1.407 (kcal/mol)
    Flex   - Receptor              : 0.000 (kcal/mol)
    Flex   - Flex side chains      : 0.000 (kcal/mol)
(3) Torsional Free Energy          : 2.836 (kcal/mol)
(4) Unbound System's Energy        : -1.407 (kcal/mol)
ENERGY FROM SEARCH: -10.784
FINAL ENERGY: 
Estimated Free Energy of Binding   : -6.393 (kcal/mol) [=(1)+(2)+(3)-(4)]
(1) Final Intermolecular Energy    : -9.322 (kcal/mol)
    Ligand - Receptor              : -9.322 (kcal/mol)
    Ligand - Flex side chains      : 0.000 (kcal/mol)
(2) Final Total Internal Energy    : -1.468 (kcal/mol)
    Ligand                         : -1.468 (kcal/mol)
    Flex   - Receptor              : 0.000 (kcal/mol)
    Flex   - Flex side chains      : 0.000 (kcal/mol)
(3) Torsional Free Energy          : 2.990 (kcal/mol)
(4) Unbound System's Energy        : -1.407 (kcal/mol)
ENERGY FROM SEARCH: -9.509
FINAL ENERGY: 
Estimated Free Energy of Binding   : -5.521 (kcal/mol) [=(1)+(2)+(3)-(4)]
(1) Final Intermolecular Energy    : -8.118 (kcal/mol)
    Ligand - Receptor              : -8.118 (kcal/mol)
    Ligand - Flex side chains      : 0.000 (kcal/mol)
(2) Final Total Internal Energy    : -1.392 (kcal/mol)
    Ligand                         : -1.392 (kcal/mol)
    Flex   - Receptor              : 0.000 (kcal/mol)
    Flex   - Flex side chains      : 0.000 (kcal/mol)
(3) Torsional Free Energy          : 2.582 (kcal/mol)
(4) Unbound System's Energy        : -1.407 (kcal/mol)
ENERGY FROM SEARCH: -9.672
FINAL ENERGY: 
Estimated Free Energy of Binding   : -5.632 (kcal/mol) [=(1)+(2)+(3)-(4)]
(1) Final Intermolecular Energy    : -8.506 (kcal/mol)
    Ligand - Receptor              : -8.506 (kcal/mol)
    Ligand - Flex side chains      : 0.000 (kcal/mol)
(2) Final Total Internal Energy    : -1.167 (kcal/mol)
    Ligand                         : -1.167 (kcal/mol)
    Flex   - Receptor              : 0.000 (kcal/mol)
    Flex   - Flex side chains      : 0.000 (kcal/mol)
(3) Torsional Free Energy          : 2.634 (kcal/mol)
(4) Unbound System's Energy        : -1.407 (kcal/mol)
ENERGY FROM SEARCH: -9.370
FINAL ENERGY: 
Estimated Free Energy of Binding   : -5.426 (kcal/mol) [=(1)+(2)+(3)-(4)]
(1) Final Intermolecular Energy    : -8.271 (kcal/mol)
    Ligand - Receptor              : -8.271 (kcal/mol)
    Ligand - Flex side chains      : 0.000 (kcal/mol)
(2) Final Total Internal Energy    : -1.100 (kcal/mol)
    Ligand                         : -1.100 (kcal/mol)
    Flex   - Receptor              : 0.000 (kcal/mol)
    Flex   - Flex side chains      : 0.000 (kcal/mol)
(3) Torsional Free Energy          : 2.538 (kcal/mol)
(4) Unbound System's Energy        : -1.407 (kcal/mol)
ENERGY FROM SEARCH: -10.497
FINAL ENERGY: 
Estimated Free Energy of Binding   : -6.192 (kcal/mol) [=(1)+(2)+(3)-(4)]
(1) Final Intermolecular Energy    : -9.567 (kcal/mol)
    Ligand - Receptor              : -9.567 (kcal/mol)
    Ligand - Flex side chains      : 0.000 (kcal/mol)
(2) Final Total Internal Energy    : -0.928 (kcal/mol)
    Ligand                         : -0.928 (kcal/mol)
    Flex   - Receptor              : 0.000 (kcal/mol)
    Flex   - Flex side chains      : 0.000 (kcal/mol)
(3) Torsional Free Energy          : 2.896 (kcal/mol)
(4) Unbound System's Energy        : -1.407 (kcal/mol)
ENERGY FROM SEARCH: -9.645
FINAL ENERGY: 
Estimated Free Energy of Binding   : -5.616 (kcal/mol) [=(1)+(2)+(3)-(4)]
(1) Final Intermolecular Energy    : -9.230 (kcal/mol)
    Ligand - Receptor              : -9.230 (kcal/mol)
    Ligand - Flex side chains      : 0.000 (kcal/mol)
(2) Final Total Internal Energy    : -0.420 (kcal/mol)
    Ligand                         : -0.420 (kcal/mol)
    Flex   - Receptor              : 0.000 (kcal/mol)
    Flex   - Flex side chains      : 0.000 (kcal/mol)
(3) Torsional Free Energy          : 2.627 (kcal/mol)
(4) Unbound System's Energy        : -1.407 (kcal/mol)
ENERGY FROM SEARCH: -9.996
FINAL ENERGY: 
Estimated Free Energy of Binding   : -5.853 (kcal/mol) [=(1)+(2)+(3)-(4)]
(1) Final Intermolecular Energy    : -8.507 (kcal/mol)
    Ligand - Receptor              : -8.507 (kcal/mol)
    Ligand - Flex side chains      : 0.000 (kcal/mol)
(2) Final Total Internal Energy    : -1.491 (kcal/mol)
    Ligand                         : -1.491 (kcal/mol)
    Flex   - Receptor              : 0.000 (kcal/mol)
    Flex   - Flex side chains      : 0.000 (kcal/mol)
(3) Torsional Free Energy          : 2.738 (kcal/mol)
(4) Unbound System's Energy        : -1.407 (kcal/mol)
ENERGY FROM SEARCH: -9.849
FINAL ENERGY: 
Estimated Free Energy of Binding   : -5.751 (kcal/mol) [=(1)+(2)+(3)-(4)]
(1) Final Intermolecular Energy    : -8.365 (kcal/mol)
    Ligand - Receptor              : -8.365 (kcal/mol)
    Ligand - Flex side chains      : 0.000 (kcal/mol)
(2) Final Total Internal Energy    : -1.482 (kcal/mol)
    Ligand                         : -1.482 (kcal/mol)
    Flex   - Receptor              : 0.000 (kcal/mol)
    Flex   - Flex side chains      : 0.000 (kcal/mol)
(3) Torsional Free Energy          : 2.689 (kcal/mol)
(4) Unbound System's Energy        : -1.407 (kcal/mol)
ENERGY FROM SEARCH: -9.643
FINAL ENERGY: 
Estimated Free Energy of Binding   : -5.611 (kcal/mol) [=(1)+(2)+(3)-(4)]
(1) Final Intermolecular Energy    : -8.276 (kcal/mol)
    Ligand - Receptor              : -8.276 (kcal/mol)
    Ligand - Flex side chains      : 0.000 (kcal/mol)
(2) Final Total Internal Energy    : -1.366 (kcal/mol)
    Ligand                         : -1.366 (kcal/mol)
    Flex   - Receptor              : 0.000 (kcal/mol)
    Flex   - Flex side chains      : 0.000 (kcal/mol)
(3) Torsional Free Energy          : 2.624 (kcal/mol)
(4) Unbound System's Energy        : -1.407 (kcal/mol)

mode |   affinity | dist from best mode
     | (kcal/mol) | rmsd l.b.| rmsd u.b.
-----+------------+----------+----------
   1      -6.3931     0.0000     0.0000
   2      -6.1922     1.8624     6.3167
   3      -6.0632     1.8626     6.1264
   4      -5.8535     2.2037     4.2436
   5      -5.7506     2.5786     6.3835
   6      -5.6317     1.3594     6.1899
   7      -5.6164     1.5789     6.2039
   8      -5.6108     2.2317     5.3200
   9      -5.5211     2.1392     3.6661
  10      -5.4264     1.7274     3.0152
