AutoDock Vina v1.2.3-52-g92d1779
#################################################################
# If you used AutoDock Vina in your work, please cite:          #
#                                                               #
# J. Eberhardt, D. Santos-Martins, A. F. Tillack, and S. Forli  #
# AutoDock Vina 1.2.0: New Docking Methods, Expanded Force      #
# Field, and Python Bindings, J. Chem. Inf. Model. (2021)       #
# DOI 10.1021/acs.jcim.1c00203                                  #
#                                                               #
# O. Trott, A. J. Olson,                                        #
# AutoDock Vina: improving the speed and accuracy of docking    #
# with a new scoring function, efficient optimization and       #
# multithreading, J. Comp. Chem. (2010)                         #
# DOI 10.1002/jcc.21334                                         #
#                                                               #
# Please see https://github.com/ccsb-scripps/AutoDock-Vina for  #
# more information.                                             #
#################################################################

Scoring function : vina
Rigid receptor: YihW_s_templ_cl1_min_model1.pdbqt
Ligand: Lac_Conformer3D_CID_6134_21012023_avogadro.pdbqt
Grid center: X 37.211 Y 41.586 Z 40.288
Grid size  : X 68 Y 60 Z 74
Grid space : 1
Exhaustiveness: 32
CPU: 0
Verbosity: 2

Computing Vina grid ... done.
Performing docking (random seed: 2140124092) ... 
0%   10   20   30   40   50   60   70   80   90   100%
|----|----|----|----|----|----|----|----|----|----|
***************************************************
done.
ENERGY FROM SEARCH: -8.92614
FINAL ENERGY: 
Estimated Free Energy of Binding   : -5.070 (kcal/mol) [=(1)+(2)+(3)-(4)]
(1) Final Intermolecular Energy    : -7.441 (kcal/mol)
    Ligand - Receptor              : -7.441 (kcal/mol)
    Ligand - Flex side chains      : 0.000 (kcal/mol)
(2) Final Total Internal Energy    : -1.481 (kcal/mol)
    Ligand                         : -1.481 (kcal/mol)
    Flex   - Receptor              : 0.000 (kcal/mol)
    Flex   - Flex side chains      : 0.000 (kcal/mol)
(3) Torsional Free Energy          : 2.371 (kcal/mol)
(4) Unbound System's Energy        : -1.481 (kcal/mol)
ENERGY FROM SEARCH: -9.254
FINAL ENERGY: 
Estimated Free Energy of Binding   : -5.294 (kcal/mol) [=(1)+(2)+(3)-(4)]
(1) Final Intermolecular Energy    : -7.771 (kcal/mol)
    Ligand - Receptor              : -7.771 (kcal/mol)
    Ligand - Flex side chains      : 0.000 (kcal/mol)
(2) Final Total Internal Energy    : -1.479 (kcal/mol)
    Ligand                         : -1.479 (kcal/mol)
    Flex   - Receptor              : 0.000 (kcal/mol)
    Flex   - Flex side chains      : 0.000 (kcal/mol)
(3) Torsional Free Energy          : 2.476 (kcal/mol)
(4) Unbound System's Energy        : -1.481 (kcal/mol)
ENERGY FROM SEARCH: -8.798
FINAL ENERGY: 
Estimated Free Energy of Binding   : -4.981 (kcal/mol) [=(1)+(2)+(3)-(4)]
(1) Final Intermolecular Energy    : -7.789 (kcal/mol)
    Ligand - Receptor              : -7.789 (kcal/mol)
    Ligand - Flex side chains      : 0.000 (kcal/mol)
(2) Final Total Internal Energy    : -1.003 (kcal/mol)
    Ligand                         : -1.003 (kcal/mol)
    Flex   - Receptor              : 0.000 (kcal/mol)
    Flex   - Flex side chains      : 0.000 (kcal/mol)
(3) Torsional Free Energy          : 2.330 (kcal/mol)
(4) Unbound System's Energy        : -1.481 (kcal/mol)
ENERGY FROM SEARCH: -9.068
FINAL ENERGY: 
Estimated Free Energy of Binding   : -5.169 (kcal/mol) [=(1)+(2)+(3)-(4)]
(1) Final Intermolecular Energy    : -7.553 (kcal/mol)
    Ligand - Receptor              : -7.553 (kcal/mol)
    Ligand - Flex side chains      : 0.000 (kcal/mol)
(2) Final Total Internal Energy    : -1.515 (kcal/mol)
    Ligand                         : -1.515 (kcal/mol)
    Flex   - Receptor              : 0.000 (kcal/mol)
    Flex   - Flex side chains      : 0.000 (kcal/mol)
(3) Torsional Free Energy          : 2.417 (kcal/mol)
(4) Unbound System's Energy        : -1.481 (kcal/mol)
ENERGY FROM SEARCH: -8.896
FINAL ENERGY: 
Estimated Free Energy of Binding   : -5.054 (kcal/mol) [=(1)+(2)+(3)-(4)]
(1) Final Intermolecular Energy    : -7.517 (kcal/mol)
    Ligand - Receptor              : -7.517 (kcal/mol)
    Ligand - Flex side chains      : 0.000 (kcal/mol)
(2) Final Total Internal Energy    : -1.381 (kcal/mol)
    Ligand                         : -1.381 (kcal/mol)
    Flex   - Receptor              : 0.000 (kcal/mol)
    Flex   - Flex side chains      : 0.000 (kcal/mol)
(3) Torsional Free Energy          : 2.363 (kcal/mol)
(4) Unbound System's Energy        : -1.481 (kcal/mol)
ENERGY FROM SEARCH: -8.551
FINAL ENERGY: 
Estimated Free Energy of Binding   : -4.819 (kcal/mol) [=(1)+(2)+(3)-(4)]
(1) Final Intermolecular Energy    : -7.161 (kcal/mol)
    Ligand - Receptor              : -7.161 (kcal/mol)
    Ligand - Flex side chains      : 0.000 (kcal/mol)
(2) Final Total Internal Energy    : -1.393 (kcal/mol)
    Ligand                         : -1.393 (kcal/mol)
    Flex   - Receptor              : 0.000 (kcal/mol)
    Flex   - Flex side chains      : 0.000 (kcal/mol)
(3) Torsional Free Energy          : 2.254 (kcal/mol)
(4) Unbound System's Energy        : -1.481 (kcal/mol)
ENERGY FROM SEARCH: -8.366
FINAL ENERGY: 
Estimated Free Energy of Binding   : -4.691 (kcal/mol) [=(1)+(2)+(3)-(4)]
(1) Final Intermolecular Energy    : -7.276 (kcal/mol)
    Ligand - Receptor              : -7.276 (kcal/mol)
    Ligand - Flex side chains      : 0.000 (kcal/mol)
(2) Final Total Internal Energy    : -1.090 (kcal/mol)
    Ligand                         : -1.090 (kcal/mol)
    Flex   - Receptor              : 0.000 (kcal/mol)
    Flex   - Flex side chains      : 0.000 (kcal/mol)
(3) Torsional Free Energy          : 2.194 (kcal/mol)
(4) Unbound System's Energy        : -1.481 (kcal/mol)
ENERGY FROM SEARCH: -9.130
FINAL ENERGY: 
Estimated Free Energy of Binding   : -5.210 (kcal/mol) [=(1)+(2)+(3)-(4)]
(1) Final Intermolecular Energy    : -7.617 (kcal/mol)
    Ligand - Receptor              : -7.617 (kcal/mol)
    Ligand - Flex side chains      : 0.000 (kcal/mol)
(2) Final Total Internal Energy    : -1.510 (kcal/mol)
    Ligand                         : -1.510 (kcal/mol)
    Flex   - Receptor              : 0.000 (kcal/mol)
    Flex   - Flex side chains      : 0.000 (kcal/mol)
(3) Torsional Free Energy          : 2.436 (kcal/mol)
(4) Unbound System's Energy        : -1.481 (kcal/mol)
ENERGY FROM SEARCH: -8.929
FINAL ENERGY: 
Estimated Free Energy of Binding   : -5.076 (kcal/mol) [=(1)+(2)+(3)-(4)]
(1) Final Intermolecular Energy    : -7.464 (kcal/mol)
    Ligand - Receptor              : -7.464 (kcal/mol)
    Ligand - Flex side chains      : 0.000 (kcal/mol)
(2) Final Total Internal Energy    : -1.467 (kcal/mol)
    Ligand                         : -1.467 (kcal/mol)
    Flex   - Receptor              : 0.000 (kcal/mol)
    Flex   - Flex side chains      : 0.000 (kcal/mol)
(3) Torsional Free Energy          : 2.374 (kcal/mol)
(4) Unbound System's Energy        : -1.481 (kcal/mol)
ENERGY FROM SEARCH: -8.818
FINAL ENERGY: 
Estimated Free Energy of Binding   : -5.000 (kcal/mol) [=(1)+(2)+(3)-(4)]
(1) Final Intermolecular Energy    : -7.280 (kcal/mol)
    Ligand - Receptor              : -7.280 (kcal/mol)
    Ligand - Flex side chains      : 0.000 (kcal/mol)
(2) Final Total Internal Energy    : -1.539 (kcal/mol)
    Ligand                         : -1.539 (kcal/mol)
    Flex   - Receptor              : 0.000 (kcal/mol)
    Flex   - Flex side chains      : 0.000 (kcal/mol)
(3) Torsional Free Energy          : 2.338 (kcal/mol)
(4) Unbound System's Energy        : -1.481 (kcal/mol)

mode |   affinity | dist from best mode
     | (kcal/mol) | rmsd l.b.| rmsd u.b.
-----+------------+----------+----------
   1      -5.2938     0.0000     0.0000
   2      -5.2096     2.3296     4.0113
   3      -5.1690     1.9220     6.0813
   4      -5.0760     1.7869     3.9405
   5      -5.0697     2.3797     4.5914
   6      -5.0536     1.9917     6.4654
   7      -5.0000     1.9419     3.3087
   8      -4.9812     2.5695     3.3957
   9      -4.8195     1.7954     6.5687
  10      -4.6911     1.9070     3.4202
