AutoDock Vina v1.2.3-52-g92d1779
#################################################################
# If you used AutoDock Vina in your work, please cite:          #
#                                                               #
# J. Eberhardt, D. Santos-Martins, A. F. Tillack, and S. Forli  #
# AutoDock Vina 1.2.0: New Docking Methods, Expanded Force      #
# Field, and Python Bindings, J. Chem. Inf. Model. (2021)       #
# DOI 10.1021/acs.jcim.1c00203                                  #
#                                                               #
# O. Trott, A. J. Olson,                                        #
# AutoDock Vina: improving the speed and accuracy of docking    #
# with a new scoring function, efficient optimization and       #
# multithreading, J. Comp. Chem. (2010)                         #
# DOI 10.1002/jcc.21334                                         #
#                                                               #
# Please see https://github.com/ccsb-scripps/AutoDock-Vina for  #
# more information.                                             #
#################################################################

Scoring function : vina
Rigid receptor: YihW_s_templ_cl2_min_model1.pdbqt
Ligand: SQ_Conformer3D_CID_86289062_21012023_avogadro.pdbqt
Grid center: X 37.211 Y 41.586 Z 40.288
Grid size  : X 68 Y 60 Z 74
Grid space : 1
Exhaustiveness: 32
CPU: 0
Verbosity: 2

Computing Vina grid ... done.
Performing docking (random seed: 1372107947) ... 
0%   10   20   30   40   50   60   70   80   90   100%
|----|----|----|----|----|----|----|----|----|----|
***************************************************
done.
ENERGY FROM SEARCH: -7.02724
FINAL ENERGY: 
Estimated Free Energy of Binding   : -5.530 (kcal/mol) [=(1)+(2)+(3)-(4)]
(1) Final Intermolecular Energy    : -6.823 (kcal/mol)
    Ligand - Receptor              : -6.823 (kcal/mol)
    Ligand - Flex side chains      : 0.000 (kcal/mol)
(2) Final Total Internal Energy    : -0.205 (kcal/mol)
    Ligand                         : -0.205 (kcal/mol)
    Flex   - Receptor              : 0.000 (kcal/mol)
    Flex   - Flex side chains      : 0.000 (kcal/mol)
(3) Torsional Free Energy          : 1.293 (kcal/mol)
(4) Unbound System's Energy        : -0.205 (kcal/mol)
ENERGY FROM SEARCH: -6.728
FINAL ENERGY: 
Estimated Free Energy of Binding   : -5.291 (kcal/mol) [=(1)+(2)+(3)-(4)]
(1) Final Intermolecular Energy    : -6.348 (kcal/mol)
    Ligand - Receptor              : -6.348 (kcal/mol)
    Ligand - Flex side chains      : 0.000 (kcal/mol)
(2) Final Total Internal Energy    : -0.385 (kcal/mol)
    Ligand                         : -0.385 (kcal/mol)
    Flex   - Receptor              : 0.000 (kcal/mol)
    Flex   - Flex side chains      : 0.000 (kcal/mol)
(3) Torsional Free Energy          : 1.237 (kcal/mol)
(4) Unbound System's Energy        : -0.205 (kcal/mol)
ENERGY FROM SEARCH: -6.196
FINAL ENERGY: 
Estimated Free Energy of Binding   : -4.857 (kcal/mol) [=(1)+(2)+(3)-(4)]
(1) Final Intermolecular Energy    : -5.721 (kcal/mol)
    Ligand - Receptor              : -5.721 (kcal/mol)
    Ligand - Flex side chains      : 0.000 (kcal/mol)
(2) Final Total Internal Energy    : -0.477 (kcal/mol)
    Ligand                         : -0.477 (kcal/mol)
    Flex   - Receptor              : 0.000 (kcal/mol)
    Flex   - Flex side chains      : 0.000 (kcal/mol)
(3) Torsional Free Energy          : 1.136 (kcal/mol)
(4) Unbound System's Energy        : -0.205 (kcal/mol)
ENERGY FROM SEARCH: -6.172
FINAL ENERGY: 
Estimated Free Energy of Binding   : -4.834 (kcal/mol) [=(1)+(2)+(3)-(4)]
(1) Final Intermolecular Energy    : -5.752 (kcal/mol)
    Ligand - Receptor              : -5.752 (kcal/mol)
    Ligand - Flex side chains      : 0.000 (kcal/mol)
(2) Final Total Internal Energy    : -0.417 (kcal/mol)
    Ligand                         : -0.417 (kcal/mol)
    Flex   - Receptor              : 0.000 (kcal/mol)
    Flex   - Flex side chains      : 0.000 (kcal/mol)
(3) Torsional Free Energy          : 1.130 (kcal/mol)
(4) Unbound System's Energy        : -0.205 (kcal/mol)
ENERGY FROM SEARCH: -6.377
FINAL ENERGY: 
Estimated Free Energy of Binding   : -5.002 (kcal/mol) [=(1)+(2)+(3)-(4)]
(1) Final Intermolecular Energy    : -5.928 (kcal/mol)
    Ligand - Receptor              : -5.928 (kcal/mol)
    Ligand - Flex side chains      : 0.000 (kcal/mol)
(2) Final Total Internal Energy    : -0.448 (kcal/mol)
    Ligand                         : -0.448 (kcal/mol)
    Flex   - Receptor              : 0.000 (kcal/mol)
    Flex   - Flex side chains      : 0.000 (kcal/mol)
(3) Torsional Free Energy          : 1.170 (kcal/mol)
(4) Unbound System's Energy        : -0.205 (kcal/mol)
ENERGY FROM SEARCH: -6.131
FINAL ENERGY: 
Estimated Free Energy of Binding   : -4.803 (kcal/mol) [=(1)+(2)+(3)-(4)]
(1) Final Intermolecular Energy    : -5.935 (kcal/mol)
    Ligand - Receptor              : -5.935 (kcal/mol)
    Ligand - Flex side chains      : 0.000 (kcal/mol)
(2) Final Total Internal Energy    : -0.196 (kcal/mol)
    Ligand                         : -0.196 (kcal/mol)
    Flex   - Receptor              : 0.000 (kcal/mol)
    Flex   - Flex side chains      : 0.000 (kcal/mol)
(3) Torsional Free Energy          : 1.123 (kcal/mol)
(4) Unbound System's Energy        : -0.205 (kcal/mol)
ENERGY FROM SEARCH: -5.653
FINAL ENERGY: 
Estimated Free Energy of Binding   : -4.415 (kcal/mol) [=(1)+(2)+(3)-(4)]
(1) Final Intermolecular Energy    : -5.180 (kcal/mol)
    Ligand - Receptor              : -5.180 (kcal/mol)
    Ligand - Flex side chains      : 0.000 (kcal/mol)
(2) Final Total Internal Energy    : -0.473 (kcal/mol)
    Ligand                         : -0.473 (kcal/mol)
    Flex   - Receptor              : 0.000 (kcal/mol)
    Flex   - Flex side chains      : 0.000 (kcal/mol)
(3) Torsional Free Energy          : 1.032 (kcal/mol)
(4) Unbound System's Energy        : -0.205 (kcal/mol)
ENERGY FROM SEARCH: -6.057
FINAL ENERGY: 
Estimated Free Energy of Binding   : -4.742 (kcal/mol) [=(1)+(2)+(3)-(4)]
(1) Final Intermolecular Energy    : -5.567 (kcal/mol)
    Ligand - Receptor              : -5.567 (kcal/mol)
    Ligand - Flex side chains      : 0.000 (kcal/mol)
(2) Final Total Internal Energy    : -0.488 (kcal/mol)
    Ligand                         : -0.488 (kcal/mol)
    Flex   - Receptor              : 0.000 (kcal/mol)
    Flex   - Flex side chains      : 0.000 (kcal/mol)
(3) Torsional Free Energy          : 1.109 (kcal/mol)
(4) Unbound System's Energy        : -0.205 (kcal/mol)
ENERGY FROM SEARCH: -5.869
FINAL ENERGY: 
Estimated Free Energy of Binding   : -4.589 (kcal/mol) [=(1)+(2)+(3)-(4)]
(1) Final Intermolecular Energy    : -5.671 (kcal/mol)
    Ligand - Receptor              : -5.671 (kcal/mol)
    Ligand - Flex side chains      : 0.000 (kcal/mol)
(2) Final Total Internal Energy    : -0.195 (kcal/mol)
    Ligand                         : -0.195 (kcal/mol)
    Flex   - Receptor              : 0.000 (kcal/mol)
    Flex   - Flex side chains      : 0.000 (kcal/mol)
(3) Torsional Free Energy          : 1.073 (kcal/mol)
(4) Unbound System's Energy        : -0.205 (kcal/mol)
ENERGY FROM SEARCH: -5.945
FINAL ENERGY: 
Estimated Free Energy of Binding   : -4.652 (kcal/mol) [=(1)+(2)+(3)-(4)]
(1) Final Intermolecular Energy    : -5.606 (kcal/mol)
    Ligand - Receptor              : -5.606 (kcal/mol)
    Ligand - Flex side chains      : 0.000 (kcal/mol)
(2) Final Total Internal Energy    : -0.338 (kcal/mol)
    Ligand                         : -0.338 (kcal/mol)
    Flex   - Receptor              : 0.000 (kcal/mol)
    Flex   - Flex side chains      : 0.000 (kcal/mol)
(3) Torsional Free Energy          : 1.088 (kcal/mol)
(4) Unbound System's Energy        : -0.205 (kcal/mol)

mode |   affinity | dist from best mode
     | (kcal/mol) | rmsd l.b.| rmsd u.b.
-----+------------+----------+----------
   1      -5.5298     0.0000     0.0000
   2      -5.2908     2.0923     2.6623
   3      -5.0019     1.6471     2.5492
   4      -4.8572    11.6566    12.8613
   5      -4.8338    11.5843    13.7977
   6      -4.8031    15.3191    16.4881
   7      -4.7418    26.7521    27.9153
   8      -4.6524    11.5967    13.5941
   9      -4.5885     2.2410     3.1448
  10      -4.4151     4.1194     6.2879
