AutoDock Vina v1.2.3-52-g92d1779
#################################################################
# If you used AutoDock Vina in your work, please cite:          #
#                                                               #
# J. Eberhardt, D. Santos-Martins, A. F. Tillack, and S. Forli  #
# AutoDock Vina 1.2.0: New Docking Methods, Expanded Force      #
# Field, and Python Bindings, J. Chem. Inf. Model. (2021)       #
# DOI 10.1021/acs.jcim.1c00203                                  #
#                                                               #
# O. Trott, A. J. Olson,                                        #
# AutoDock Vina: improving the speed and accuracy of docking    #
# with a new scoring function, efficient optimization and       #
# multithreading, J. Comp. Chem. (2010)                         #
# DOI 10.1002/jcc.21334                                         #
#                                                               #
# Please see https://github.com/ccsb-scripps/AutoDock-Vina for  #
# more information.                                             #
#################################################################

Scoring function : vina
Rigid receptor: YihW_l_alpha_cl1_min_model1.pdbqt
Ligand: SQ_Conformer3D_CID_86289062_21012023_avogadro.pdbqt
Grid center: X 40.018 Y 39.32 Z 39.342
Grid size  : X 58 Y 66 Z 62
Grid space : 1
Exhaustiveness: 32
CPU: 0
Verbosity: 2

Computing Vina grid ... done.
Performing docking (random seed: -585813533) ... 
0%   10   20   30   40   50   60   70   80   90   100%
|----|----|----|----|----|----|----|----|----|----|
***************************************************
done.
ENERGY FROM SEARCH: -7.64772
FINAL ENERGY: 
Estimated Free Energy of Binding   : -5.846 (kcal/mol) [=(1)+(2)+(3)-(4)]
(1) Final Intermolecular Energy    : -7.214 (kcal/mol)
    Ligand - Receptor              : -7.214 (kcal/mol)
    Ligand - Flex side chains      : 0.000 (kcal/mol)
(2) Final Total Internal Energy    : -0.436 (kcal/mol)
    Ligand                         : -0.436 (kcal/mol)
    Flex   - Receptor              : 0.000 (kcal/mol)
    Flex   - Flex side chains      : 0.000 (kcal/mol)
(3) Torsional Free Energy          : 1.367 (kcal/mol)
(4) Unbound System's Energy        : -0.436 (kcal/mol)
ENERGY FROM SEARCH: -7.328
FINAL ENERGY: 
Estimated Free Energy of Binding   : -5.580 (kcal/mol) [=(1)+(2)+(3)-(4)]
(1) Final Intermolecular Energy    : -6.913 (kcal/mol)
    Ligand - Receptor              : -6.913 (kcal/mol)
    Ligand - Flex side chains      : 0.000 (kcal/mol)
(2) Final Total Internal Energy    : -0.408 (kcal/mol)
    Ligand                         : -0.408 (kcal/mol)
    Flex   - Receptor              : 0.000 (kcal/mol)
    Flex   - Flex side chains      : 0.000 (kcal/mol)
(3) Torsional Free Energy          : 1.305 (kcal/mol)
(4) Unbound System's Energy        : -0.436 (kcal/mol)
ENERGY FROM SEARCH: -6.657
FINAL ENERGY: 
Estimated Free Energy of Binding   : -5.041 (kcal/mol) [=(1)+(2)+(3)-(4)]
(1) Final Intermolecular Energy    : -6.266 (kcal/mol)
    Ligand - Receptor              : -6.266 (kcal/mol)
    Ligand - Flex side chains      : 0.000 (kcal/mol)
(2) Final Total Internal Energy    : -0.389 (kcal/mol)
    Ligand                         : -0.389 (kcal/mol)
    Flex   - Receptor              : 0.000 (kcal/mol)
    Flex   - Flex side chains      : 0.000 (kcal/mol)
(3) Torsional Free Energy          : 1.179 (kcal/mol)
(4) Unbound System's Energy        : -0.436 (kcal/mol)
ENERGY FROM SEARCH: -6.352
FINAL ENERGY: 
Estimated Free Energy of Binding   : -4.797 (kcal/mol) [=(1)+(2)+(3)-(4)]
(1) Final Intermolecular Energy    : -5.919 (kcal/mol)
    Ligand - Receptor              : -5.919 (kcal/mol)
    Ligand - Flex side chains      : 0.000 (kcal/mol)
(2) Final Total Internal Energy    : -0.434 (kcal/mol)
    Ligand                         : -0.434 (kcal/mol)
    Flex   - Receptor              : 0.000 (kcal/mol)
    Flex   - Flex side chains      : 0.000 (kcal/mol)
(3) Torsional Free Energy          : 1.122 (kcal/mol)
(4) Unbound System's Energy        : -0.436 (kcal/mol)
ENERGY FROM SEARCH: -6.169
FINAL ENERGY: 
Estimated Free Energy of Binding   : -4.646 (kcal/mol) [=(1)+(2)+(3)-(4)]
(1) Final Intermolecular Energy    : -5.720 (kcal/mol)
    Ligand - Receptor              : -5.720 (kcal/mol)
    Ligand - Flex side chains      : 0.000 (kcal/mol)
(2) Final Total Internal Energy    : -0.448 (kcal/mol)
    Ligand                         : -0.448 (kcal/mol)
    Flex   - Receptor              : 0.000 (kcal/mol)
    Flex   - Flex side chains      : 0.000 (kcal/mol)
(3) Torsional Free Energy          : 1.086 (kcal/mol)
(4) Unbound System's Energy        : -0.436 (kcal/mol)
ENERGY FROM SEARCH: -6.404
FINAL ENERGY: 
Estimated Free Energy of Binding   : -4.838 (kcal/mol) [=(1)+(2)+(3)-(4)]
(1) Final Intermolecular Energy    : -6.218 (kcal/mol)
    Ligand - Receptor              : -6.218 (kcal/mol)
    Ligand - Flex side chains      : 0.000 (kcal/mol)
(2) Final Total Internal Energy    : -0.186 (kcal/mol)
    Ligand                         : -0.186 (kcal/mol)
    Flex   - Receptor              : 0.000 (kcal/mol)
    Flex   - Flex side chains      : 0.000 (kcal/mol)
(3) Torsional Free Energy          : 1.131 (kcal/mol)
(4) Unbound System's Energy        : -0.436 (kcal/mol)
ENERGY FROM SEARCH: -5.827
FINAL ENERGY: 
Estimated Free Energy of Binding   : -4.371 (kcal/mol) [=(1)+(2)+(3)-(4)]
(1) Final Intermolecular Energy    : -5.396 (kcal/mol)
    Ligand - Receptor              : -5.396 (kcal/mol)
    Ligand - Flex side chains      : 0.000 (kcal/mol)
(2) Final Total Internal Energy    : -0.433 (kcal/mol)
    Ligand                         : -0.433 (kcal/mol)
    Flex   - Receptor              : 0.000 (kcal/mol)
    Flex   - Flex side chains      : 0.000 (kcal/mol)
(3) Torsional Free Energy          : 1.022 (kcal/mol)
(4) Unbound System's Energy        : -0.436 (kcal/mol)
ENERGY FROM SEARCH: -6.046
FINAL ENERGY: 
Estimated Free Energy of Binding   : -4.546 (kcal/mol) [=(1)+(2)+(3)-(4)]
(1) Final Intermolecular Energy    : -5.671 (kcal/mol)
    Ligand - Receptor              : -5.671 (kcal/mol)
    Ligand - Flex side chains      : 0.000 (kcal/mol)
(2) Final Total Internal Energy    : -0.374 (kcal/mol)
    Ligand                         : -0.374 (kcal/mol)
    Flex   - Receptor              : 0.000 (kcal/mol)
    Flex   - Flex side chains      : 0.000 (kcal/mol)
(3) Torsional Free Energy          : 1.063 (kcal/mol)
(4) Unbound System's Energy        : -0.436 (kcal/mol)
ENERGY FROM SEARCH: -5.467
FINAL ENERGY: 
Estimated Free Energy of Binding   : -4.079 (kcal/mol) [=(1)+(2)+(3)-(4)]
(1) Final Intermolecular Energy    : -5.075 (kcal/mol)
    Ligand - Receptor              : -5.075 (kcal/mol)
    Ligand - Flex side chains      : 0.000 (kcal/mol)
(2) Final Total Internal Energy    : -0.394 (kcal/mol)
    Ligand                         : -0.394 (kcal/mol)
    Flex   - Receptor              : 0.000 (kcal/mol)
    Flex   - Flex side chains      : 0.000 (kcal/mol)
(3) Torsional Free Energy          : 0.954 (kcal/mol)
(4) Unbound System's Energy        : -0.436 (kcal/mol)
ENERGY FROM SEARCH: -6.235
FINAL ENERGY: 
Estimated Free Energy of Binding   : -4.702 (kcal/mol) [=(1)+(2)+(3)-(4)]
(1) Final Intermolecular Energy    : -5.819 (kcal/mol)
    Ligand - Receptor              : -5.819 (kcal/mol)
    Ligand - Flex side chains      : 0.000 (kcal/mol)
(2) Final Total Internal Energy    : -0.418 (kcal/mol)
    Ligand                         : -0.418 (kcal/mol)
    Flex   - Receptor              : 0.000 (kcal/mol)
    Flex   - Flex side chains      : 0.000 (kcal/mol)
(3) Torsional Free Energy          : 1.099 (kcal/mol)
(4) Unbound System's Energy        : -0.436 (kcal/mol)

mode |   affinity | dist from best mode
     | (kcal/mol) | rmsd l.b.| rmsd u.b.
-----+------------+----------+----------
   1      -5.8464     0.0000     0.0000
   2      -5.5803     1.5330     2.9425
   3      -5.0407     1.4004     1.7200
   4      -4.8377    10.0062    11.6323
   5      -4.7965     2.5753     5.0829
   6      -4.7018    10.3589    11.6963
   7      -4.6461     2.3043     5.6688
   8      -4.5462    11.3250    12.8470
   9      -4.3714     1.5278     1.9906
  10      -4.0792     3.2130     4.7242
