AutoDock Vina v1.2.3-52-g92d1779
#################################################################
# If you used AutoDock Vina in your work, please cite:          #
#                                                               #
# J. Eberhardt, D. Santos-Martins, A. F. Tillack, and S. Forli  #
# AutoDock Vina 1.2.0: New Docking Methods, Expanded Force      #
# Field, and Python Bindings, J. Chem. Inf. Model. (2021)       #
# DOI 10.1021/acs.jcim.1c00203                                  #
#                                                               #
# O. Trott, A. J. Olson,                                        #
# AutoDock Vina: improving the speed and accuracy of docking    #
# with a new scoring function, efficient optimization and       #
# multithreading, J. Comp. Chem. (2010)                         #
# DOI 10.1002/jcc.21334                                         #
#                                                               #
# Please see https://github.com/ccsb-scripps/AutoDock-Vina for  #
# more information.                                             #
#################################################################

Scoring function : vina
Rigid receptor: YihW_s_templ_cl2_min_model1.pdbqt
Ligand: SQ_Conformer3D_CID_86289062_21012023_avogadro.pdbqt
Grid center: X 37.211 Y 41.586 Z 40.288
Grid size  : X 68 Y 60 Z 74
Grid space : 1
Exhaustiveness: 32
CPU: 0
Verbosity: 2

Computing Vina grid ... done.
Performing docking (random seed: -561148833) ... 
0%   10   20   30   40   50   60   70   80   90   100%
|----|----|----|----|----|----|----|----|----|----|
***************************************************
done.
ENERGY FROM SEARCH: -6.48615
FINAL ENERGY: 
Estimated Free Energy of Binding   : -4.950 (kcal/mol) [=(1)+(2)+(3)-(4)]
(1) Final Intermolecular Energy    : -6.107 (kcal/mol)
    Ligand - Receptor              : -6.107 (kcal/mol)
    Ligand - Flex side chains      : 0.000 (kcal/mol)
(2) Final Total Internal Energy    : -0.380 (kcal/mol)
    Ligand                         : -0.380 (kcal/mol)
    Flex   - Receptor              : 0.000 (kcal/mol)
    Flex   - Flex side chains      : 0.000 (kcal/mol)
(3) Torsional Free Energy          : 1.157 (kcal/mol)
(4) Unbound System's Energy        : -0.380 (kcal/mol)
ENERGY FROM SEARCH: -6.601
FINAL ENERGY: 
Estimated Free Energy of Binding   : -5.041 (kcal/mol) [=(1)+(2)+(3)-(4)]
(1) Final Intermolecular Energy    : -6.200 (kcal/mol)
    Ligand - Receptor              : -6.200 (kcal/mol)
    Ligand - Flex side chains      : 0.000 (kcal/mol)
(2) Final Total Internal Energy    : -0.399 (kcal/mol)
    Ligand                         : -0.399 (kcal/mol)
    Flex   - Receptor              : 0.000 (kcal/mol)
    Flex   - Flex side chains      : 0.000 (kcal/mol)
(3) Torsional Free Energy          : 1.179 (kcal/mol)
(4) Unbound System's Energy        : -0.380 (kcal/mol)
ENERGY FROM SEARCH: -5.731
FINAL ENERGY: 
Estimated Free Energy of Binding   : -4.337 (kcal/mol) [=(1)+(2)+(3)-(4)]
(1) Final Intermolecular Energy    : -5.353 (kcal/mol)
    Ligand - Receptor              : -5.353 (kcal/mol)
    Ligand - Flex side chains      : 0.000 (kcal/mol)
(2) Final Total Internal Energy    : -0.379 (kcal/mol)
    Ligand                         : -0.379 (kcal/mol)
    Flex   - Receptor              : 0.000 (kcal/mol)
    Flex   - Flex side chains      : 0.000 (kcal/mol)
(3) Torsional Free Energy          : 1.014 (kcal/mol)
(4) Unbound System's Energy        : -0.380 (kcal/mol)
ENERGY FROM SEARCH: -6.065
FINAL ENERGY: 
Estimated Free Energy of Binding   : -4.605 (kcal/mol) [=(1)+(2)+(3)-(4)]
(1) Final Intermolecular Energy    : -5.580 (kcal/mol)
    Ligand - Receptor              : -5.580 (kcal/mol)
    Ligand - Flex side chains      : 0.000 (kcal/mol)
(2) Final Total Internal Energy    : -0.482 (kcal/mol)
    Ligand                         : -0.482 (kcal/mol)
    Flex   - Receptor              : 0.000 (kcal/mol)
    Flex   - Flex side chains      : 0.000 (kcal/mol)
(3) Torsional Free Energy          : 1.077 (kcal/mol)
(4) Unbound System's Energy        : -0.380 (kcal/mol)
ENERGY FROM SEARCH: -6.176
FINAL ENERGY: 
Estimated Free Energy of Binding   : -4.700 (kcal/mol) [=(1)+(2)+(3)-(4)]
(1) Final Intermolecular Energy    : -5.754 (kcal/mol)
    Ligand - Receptor              : -5.754 (kcal/mol)
    Ligand - Flex side chains      : 0.000 (kcal/mol)
(2) Final Total Internal Energy    : -0.425 (kcal/mol)
    Ligand                         : -0.425 (kcal/mol)
    Flex   - Receptor              : 0.000 (kcal/mol)
    Flex   - Flex side chains      : 0.000 (kcal/mol)
(3) Torsional Free Energy          : 1.099 (kcal/mol)
(4) Unbound System's Energy        : -0.380 (kcal/mol)
ENERGY FROM SEARCH: -6.114
FINAL ENERGY: 
Estimated Free Energy of Binding   : -4.644 (kcal/mol) [=(1)+(2)+(3)-(4)]
(1) Final Intermolecular Energy    : -5.706 (kcal/mol)
    Ligand - Receptor              : -5.706 (kcal/mol)
    Ligand - Flex side chains      : 0.000 (kcal/mol)
(2) Final Total Internal Energy    : -0.404 (kcal/mol)
    Ligand                         : -0.404 (kcal/mol)
    Flex   - Receptor              : 0.000 (kcal/mol)
    Flex   - Flex side chains      : 0.000 (kcal/mol)
(3) Torsional Free Energy          : 1.086 (kcal/mol)
(4) Unbound System's Energy        : -0.380 (kcal/mol)
ENERGY FROM SEARCH: -5.994
FINAL ENERGY: 
Estimated Free Energy of Binding   : -4.550 (kcal/mol) [=(1)+(2)+(3)-(4)]
(1) Final Intermolecular Energy    : -5.809 (kcal/mol)
    Ligand - Receptor              : -5.809 (kcal/mol)
    Ligand - Flex side chains      : 0.000 (kcal/mol)
(2) Final Total Internal Energy    : -0.185 (kcal/mol)
    Ligand                         : -0.185 (kcal/mol)
    Flex   - Receptor              : 0.000 (kcal/mol)
    Flex   - Flex side chains      : 0.000 (kcal/mol)
(3) Torsional Free Energy          : 1.064 (kcal/mol)
(4) Unbound System's Energy        : -0.380 (kcal/mol)
ENERGY FROM SEARCH: -6.411
FINAL ENERGY: 
Estimated Free Energy of Binding   : -4.888 (kcal/mol) [=(1)+(2)+(3)-(4)]
(1) Final Intermolecular Energy    : -5.941 (kcal/mol)
    Ligand - Receptor              : -5.941 (kcal/mol)
    Ligand - Flex side chains      : 0.000 (kcal/mol)
(2) Final Total Internal Energy    : -0.470 (kcal/mol)
    Ligand                         : -0.470 (kcal/mol)
    Flex   - Receptor              : 0.000 (kcal/mol)
    Flex   - Flex side chains      : 0.000 (kcal/mol)
(3) Torsional Free Energy          : 1.143 (kcal/mol)
(4) Unbound System's Energy        : -0.380 (kcal/mol)
ENERGY FROM SEARCH: -5.733
FINAL ENERGY: 
Estimated Free Energy of Binding   : -4.340 (kcal/mol) [=(1)+(2)+(3)-(4)]
(1) Final Intermolecular Energy    : -5.257 (kcal/mol)
    Ligand - Receptor              : -5.257 (kcal/mol)
    Ligand - Flex side chains      : 0.000 (kcal/mol)
(2) Final Total Internal Energy    : -0.478 (kcal/mol)
    Ligand                         : -0.478 (kcal/mol)
    Flex   - Receptor              : 0.000 (kcal/mol)
    Flex   - Flex side chains      : 0.000 (kcal/mol)
(3) Torsional Free Energy          : 1.015 (kcal/mol)
(4) Unbound System's Energy        : -0.380 (kcal/mol)
ENERGY FROM SEARCH: -5.648
FINAL ENERGY: 
Estimated Free Energy of Binding   : -4.269 (kcal/mol) [=(1)+(2)+(3)-(4)]
(1) Final Intermolecular Energy    : -5.230 (kcal/mol)
    Ligand - Receptor              : -5.230 (kcal/mol)
    Ligand - Flex side chains      : 0.000 (kcal/mol)
(2) Final Total Internal Energy    : -0.417 (kcal/mol)
    Ligand                         : -0.417 (kcal/mol)
    Flex   - Receptor              : 0.000 (kcal/mol)
    Flex   - Flex side chains      : 0.000 (kcal/mol)
(3) Torsional Free Energy          : 0.998 (kcal/mol)
(4) Unbound System's Energy        : -0.380 (kcal/mol)

mode |   affinity | dist from best mode
     | (kcal/mol) | rmsd l.b.| rmsd u.b.
-----+------------+----------+----------
   1      -5.0406     0.0000     0.0000
   2      -4.9498     2.1036     2.7661
   3      -4.8876     1.8407     2.6891
   4      -4.7001    11.5751    13.7598
   5      -4.6443     1.6937     2.0196
   6      -4.6054    11.7509    13.0649
   7      -4.5495     1.5517     2.4829
   8      -4.3399     4.1076     6.4527
   9      -4.3374     1.7939     2.5940
  10      -4.2688     3.6975     5.9072
