AutoDock Vina v1.2.3-52-g92d1779
#################################################################
# If you used AutoDock Vina in your work, please cite:          #
#                                                               #
# J. Eberhardt, D. Santos-Martins, A. F. Tillack, and S. Forli  #
# AutoDock Vina 1.2.0: New Docking Methods, Expanded Force      #
# Field, and Python Bindings, J. Chem. Inf. Model. (2021)       #
# DOI 10.1021/acs.jcim.1c00203                                  #
#                                                               #
# O. Trott, A. J. Olson,                                        #
# AutoDock Vina: improving the speed and accuracy of docking    #
# with a new scoring function, efficient optimization and       #
# multithreading, J. Comp. Chem. (2010)                         #
# DOI 10.1002/jcc.21334                                         #
#                                                               #
# Please see https://github.com/ccsb-scripps/AutoDock-Vina for  #
# more information.                                             #
#################################################################

Scoring function : vina
Rigid receptor: YihW_s_AF_cl1_min_model1.pdbqt
Ligand: SQ_Conformer3D_CID_86289062_21012023_avogadro.pdbqt
Grid center: X 42.638 Y 43.195 Z 45.244
Grid size  : X 44 Y 52 Z 62
Grid space : 1
Exhaustiveness: 32
CPU: 0
Verbosity: 2

Computing Vina grid ... done.
Performing docking (random seed: 484980249) ... 
0%   10   20   30   40   50   60   70   80   90   100%
|----|----|----|----|----|----|----|----|----|----|
***************************************************
done.
ENERGY FROM SEARCH: -7.76201
FINAL ENERGY: 
Estimated Free Energy of Binding   : -5.942 (kcal/mol) [=(1)+(2)+(3)-(4)]
(1) Final Intermolecular Energy    : -7.331 (kcal/mol)
    Ligand - Receptor              : -7.331 (kcal/mol)
    Ligand - Flex side chains      : 0.000 (kcal/mol)
(2) Final Total Internal Energy    : -0.432 (kcal/mol)
    Ligand                         : -0.432 (kcal/mol)
    Flex   - Receptor              : 0.000 (kcal/mol)
    Flex   - Flex side chains      : 0.000 (kcal/mol)
(3) Torsional Free Energy          : 1.389 (kcal/mol)
(4) Unbound System's Energy        : -0.432 (kcal/mol)
ENERGY FROM SEARCH: -7.599
FINAL ENERGY: 
Estimated Free Energy of Binding   : -5.811 (kcal/mol) [=(1)+(2)+(3)-(4)]
(1) Final Intermolecular Energy    : -7.173 (kcal/mol)
    Ligand - Receptor              : -7.173 (kcal/mol)
    Ligand - Flex side chains      : 0.000 (kcal/mol)
(2) Final Total Internal Energy    : -0.429 (kcal/mol)
    Ligand                         : -0.429 (kcal/mol)
    Flex   - Receptor              : 0.000 (kcal/mol)
    Flex   - Flex side chains      : 0.000 (kcal/mol)
(3) Torsional Free Energy          : 1.359 (kcal/mol)
(4) Unbound System's Energy        : -0.432 (kcal/mol)
ENERGY FROM SEARCH: -7.147
FINAL ENERGY: 
Estimated Free Energy of Binding   : -5.440 (kcal/mol) [=(1)+(2)+(3)-(4)]
(1) Final Intermolecular Energy    : -6.725 (kcal/mol)
    Ligand - Receptor              : -6.725 (kcal/mol)
    Ligand - Flex side chains      : 0.000 (kcal/mol)
(2) Final Total Internal Energy    : -0.420 (kcal/mol)
    Ligand                         : -0.420 (kcal/mol)
    Flex   - Receptor              : 0.000 (kcal/mol)
    Flex   - Flex side chains      : 0.000 (kcal/mol)
(3) Torsional Free Energy          : 1.272 (kcal/mol)
(4) Unbound System's Energy        : -0.432 (kcal/mol)
ENERGY FROM SEARCH: -7.117
FINAL ENERGY: 
Estimated Free Energy of Binding   : -5.418 (kcal/mol) [=(1)+(2)+(3)-(4)]
(1) Final Intermolecular Energy    : -6.688 (kcal/mol)
    Ligand - Receptor              : -6.688 (kcal/mol)
    Ligand - Flex side chains      : 0.000 (kcal/mol)
(2) Final Total Internal Energy    : -0.429 (kcal/mol)
    Ligand                         : -0.429 (kcal/mol)
    Flex   - Receptor              : 0.000 (kcal/mol)
    Flex   - Flex side chains      : 0.000 (kcal/mol)
(3) Torsional Free Energy          : 1.267 (kcal/mol)
(4) Unbound System's Energy        : -0.432 (kcal/mol)
ENERGY FROM SEARCH: -6.837
FINAL ENERGY: 
Estimated Free Energy of Binding   : -5.190 (kcal/mol) [=(1)+(2)+(3)-(4)]
(1) Final Intermolecular Energy    : -6.420 (kcal/mol)
    Ligand - Receptor              : -6.420 (kcal/mol)
    Ligand - Flex side chains      : 0.000 (kcal/mol)
(2) Final Total Internal Energy    : -0.416 (kcal/mol)
    Ligand                         : -0.416 (kcal/mol)
    Flex   - Receptor              : 0.000 (kcal/mol)
    Flex   - Flex side chains      : 0.000 (kcal/mol)
(3) Torsional Free Energy          : 1.214 (kcal/mol)
(4) Unbound System's Energy        : -0.432 (kcal/mol)
ENERGY FROM SEARCH: -7.682
FINAL ENERGY: 
Estimated Free Energy of Binding   : -5.876 (kcal/mol) [=(1)+(2)+(3)-(4)]
(1) Final Intermolecular Energy    : -7.294 (kcal/mol)
    Ligand - Receptor              : -7.294 (kcal/mol)
    Ligand - Flex side chains      : 0.000 (kcal/mol)
(2) Final Total Internal Energy    : -0.389 (kcal/mol)
    Ligand                         : -0.389 (kcal/mol)
    Flex   - Receptor              : 0.000 (kcal/mol)
    Flex   - Flex side chains      : 0.000 (kcal/mol)
(3) Torsional Free Energy          : 1.374 (kcal/mol)
(4) Unbound System's Energy        : -0.432 (kcal/mol)
ENERGY FROM SEARCH: -6.257
FINAL ENERGY: 
Estimated Free Energy of Binding   : -4.721 (kcal/mol) [=(1)+(2)+(3)-(4)]
(1) Final Intermolecular Energy    : -5.828 (kcal/mol)
    Ligand - Receptor              : -5.828 (kcal/mol)
    Ligand - Flex side chains      : 0.000 (kcal/mol)
(2) Final Total Internal Energy    : -0.430 (kcal/mol)
    Ligand                         : -0.430 (kcal/mol)
    Flex   - Receptor              : 0.000 (kcal/mol)
    Flex   - Flex side chains      : 0.000 (kcal/mol)
(3) Torsional Free Energy          : 1.104 (kcal/mol)
(4) Unbound System's Energy        : -0.432 (kcal/mol)
ENERGY FROM SEARCH: -7.076
FINAL ENERGY: 
Estimated Free Energy of Binding   : -5.384 (kcal/mol) [=(1)+(2)+(3)-(4)]
(1) Final Intermolecular Energy    : -6.595 (kcal/mol)
    Ligand - Receptor              : -6.595 (kcal/mol)
    Ligand - Flex side chains      : 0.000 (kcal/mol)
(2) Final Total Internal Energy    : -0.480 (kcal/mol)
    Ligand                         : -0.480 (kcal/mol)
    Flex   - Receptor              : 0.000 (kcal/mol)
    Flex   - Flex side chains      : 0.000 (kcal/mol)
(3) Torsional Free Energy          : 1.259 (kcal/mol)
(4) Unbound System's Energy        : -0.432 (kcal/mol)
ENERGY FROM SEARCH: -6.537
FINAL ENERGY: 
Estimated Free Energy of Binding   : -4.949 (kcal/mol) [=(1)+(2)+(3)-(4)]
(1) Final Intermolecular Energy    : -6.072 (kcal/mol)
    Ligand - Receptor              : -6.072 (kcal/mol)
    Ligand - Flex side chains      : 0.000 (kcal/mol)
(2) Final Total Internal Energy    : -0.467 (kcal/mol)
    Ligand                         : -0.467 (kcal/mol)
    Flex   - Receptor              : 0.000 (kcal/mol)
    Flex   - Flex side chains      : 0.000 (kcal/mol)
(3) Torsional Free Energy          : 1.157 (kcal/mol)
(4) Unbound System's Energy        : -0.432 (kcal/mol)
ENERGY FROM SEARCH: -7.029
FINAL ENERGY: 
Estimated Free Energy of Binding   : -5.343 (kcal/mol) [=(1)+(2)+(3)-(4)]
(1) Final Intermolecular Energy    : -6.826 (kcal/mol)
    Ligand - Receptor              : -6.826 (kcal/mol)
    Ligand - Flex side chains      : 0.000 (kcal/mol)
(2) Final Total Internal Energy    : -0.199 (kcal/mol)
    Ligand                         : -0.199 (kcal/mol)
    Flex   - Receptor              : 0.000 (kcal/mol)
    Flex   - Flex side chains      : 0.000 (kcal/mol)
(3) Torsional Free Energy          : 1.250 (kcal/mol)
(4) Unbound System's Energy        : -0.432 (kcal/mol)

mode |   affinity | dist from best mode
     | (kcal/mol) | rmsd l.b.| rmsd u.b.
-----+------------+----------+----------
   1      -5.9419     0.0000     0.0000
   2      -5.8764     1.2081     2.6727
   3      -5.8110     1.9884     3.3255
   4      -5.4405     1.4351     1.6435
   5      -5.4179     1.4493     2.0064
   6      -5.3838     2.6052     3.8868
   7      -5.3434     1.3694     2.3142
   8      -5.1904     2.4230     5.3711
   9      -4.9490     1.9678     5.3874
  10      -4.7212     2.4352     5.3945
