AutoDock Vina v1.2.3-52-g92d1779
#################################################################
# If you used AutoDock Vina in your work, please cite:          #
#                                                               #
# J. Eberhardt, D. Santos-Martins, A. F. Tillack, and S. Forli  #
# AutoDock Vina 1.2.0: New Docking Methods, Expanded Force      #
# Field, and Python Bindings, J. Chem. Inf. Model. (2021)       #
# DOI 10.1021/acs.jcim.1c00203                                  #
#                                                               #
# O. Trott, A. J. Olson,                                        #
# AutoDock Vina: improving the speed and accuracy of docking    #
# with a new scoring function, efficient optimization and       #
# multithreading, J. Comp. Chem. (2010)                         #
# DOI 10.1002/jcc.21334                                         #
#                                                               #
# Please see https://github.com/ccsb-scripps/AutoDock-Vina for  #
# more information.                                             #
#################################################################

Scoring function : vina
Rigid receptor: YihW_s_AF_cl1_min_model1.pdbqt
Ligand: SQ_Conformer3D_CID_86289062_21012023_avogadro.pdbqt
Grid center: X 42.638 Y 43.195 Z 45.244
Grid size  : X 44 Y 52 Z 62
Grid space : 1
Exhaustiveness: 32
CPU: 0
Verbosity: 2

Computing Vina grid ... done.
Performing docking (random seed: 40937321) ... 
0%   10   20   30   40   50   60   70   80   90   100%
|----|----|----|----|----|----|----|----|----|----|
***************************************************
done.
ENERGY FROM SEARCH: -7.81868
FINAL ENERGY: 
Estimated Free Energy of Binding   : -5.976 (kcal/mol) [=(1)+(2)+(3)-(4)]
(1) Final Intermolecular Energy    : -7.373 (kcal/mol)
    Ligand - Receptor              : -7.373 (kcal/mol)
    Ligand - Flex side chains      : 0.000 (kcal/mol)
(2) Final Total Internal Energy    : -0.441 (kcal/mol)
    Ligand                         : -0.441 (kcal/mol)
    Flex   - Receptor              : 0.000 (kcal/mol)
    Flex   - Flex side chains      : 0.000 (kcal/mol)
(3) Torsional Free Energy          : 1.397 (kcal/mol)
(4) Unbound System's Energy        : -0.441 (kcal/mol)
ENERGY FROM SEARCH: -7.612
FINAL ENERGY: 
Estimated Free Energy of Binding   : -5.808 (kcal/mol) [=(1)+(2)+(3)-(4)]
(1) Final Intermolecular Energy    : -7.175 (kcal/mol)
    Ligand - Receptor              : -7.175 (kcal/mol)
    Ligand - Flex side chains      : 0.000 (kcal/mol)
(2) Final Total Internal Energy    : -0.433 (kcal/mol)
    Ligand                         : -0.433 (kcal/mol)
    Flex   - Receptor              : 0.000 (kcal/mol)
    Flex   - Flex side chains      : 0.000 (kcal/mol)
(3) Torsional Free Energy          : 1.358 (kcal/mol)
(4) Unbound System's Energy        : -0.441 (kcal/mol)
ENERGY FROM SEARCH: -7.114
FINAL ENERGY: 
Estimated Free Energy of Binding   : -5.407 (kcal/mol) [=(1)+(2)+(3)-(4)]
(1) Final Intermolecular Energy    : -6.684 (kcal/mol)
    Ligand - Receptor              : -6.684 (kcal/mol)
    Ligand - Flex side chains      : 0.000 (kcal/mol)
(2) Final Total Internal Energy    : -0.428 (kcal/mol)
    Ligand                         : -0.428 (kcal/mol)
    Flex   - Receptor              : 0.000 (kcal/mol)
    Flex   - Flex side chains      : 0.000 (kcal/mol)
(3) Torsional Free Energy          : 1.264 (kcal/mol)
(4) Unbound System's Energy        : -0.441 (kcal/mol)
ENERGY FROM SEARCH: -7.077
FINAL ENERGY: 
Estimated Free Energy of Binding   : -5.376 (kcal/mol) [=(1)+(2)+(3)-(4)]
(1) Final Intermolecular Energy    : -6.910 (kcal/mol)
    Ligand - Receptor              : -6.910 (kcal/mol)
    Ligand - Flex side chains      : 0.000 (kcal/mol)
(2) Final Total Internal Energy    : -0.164 (kcal/mol)
    Ligand                         : -0.164 (kcal/mol)
    Flex   - Receptor              : 0.000 (kcal/mol)
    Flex   - Flex side chains      : 0.000 (kcal/mol)
(3) Torsional Free Energy          : 1.257 (kcal/mol)
(4) Unbound System's Energy        : -0.441 (kcal/mol)
ENERGY FROM SEARCH: -7.884
FINAL ENERGY: 
Estimated Free Energy of Binding   : -6.032 (kcal/mol) [=(1)+(2)+(3)-(4)]
(1) Final Intermolecular Energy    : -7.495 (kcal/mol)
    Ligand - Receptor              : -7.495 (kcal/mol)
    Ligand - Flex side chains      : 0.000 (kcal/mol)
(2) Final Total Internal Energy    : -0.389 (kcal/mol)
    Ligand                         : -0.389 (kcal/mol)
    Flex   - Receptor              : 0.000 (kcal/mol)
    Flex   - Flex side chains      : 0.000 (kcal/mol)
(3) Torsional Free Energy          : 1.411 (kcal/mol)
(4) Unbound System's Energy        : -0.441 (kcal/mol)
ENERGY FROM SEARCH: -6.781
FINAL ENERGY: 
Estimated Free Energy of Binding   : -5.139 (kcal/mol) [=(1)+(2)+(3)-(4)]
(1) Final Intermolecular Energy    : -6.430 (kcal/mol)
    Ligand - Receptor              : -6.430 (kcal/mol)
    Ligand - Flex side chains      : 0.000 (kcal/mol)
(2) Final Total Internal Energy    : -0.352 (kcal/mol)
    Ligand                         : -0.352 (kcal/mol)
    Flex   - Receptor              : 0.000 (kcal/mol)
    Flex   - Flex side chains      : 0.000 (kcal/mol)
(3) Torsional Free Energy          : 1.202 (kcal/mol)
(4) Unbound System's Energy        : -0.441 (kcal/mol)
ENERGY FROM SEARCH: -6.752
FINAL ENERGY: 
Estimated Free Energy of Binding   : -5.114 (kcal/mol) [=(1)+(2)+(3)-(4)]
(1) Final Intermolecular Energy    : -6.544 (kcal/mol)
    Ligand - Receptor              : -6.544 (kcal/mol)
    Ligand - Flex side chains      : 0.000 (kcal/mol)
(2) Final Total Internal Energy    : -0.207 (kcal/mol)
    Ligand                         : -0.207 (kcal/mol)
    Flex   - Receptor              : 0.000 (kcal/mol)
    Flex   - Flex side chains      : 0.000 (kcal/mol)
(3) Torsional Free Energy          : 1.196 (kcal/mol)
(4) Unbound System's Energy        : -0.441 (kcal/mol)
ENERGY FROM SEARCH: -6.310
FINAL ENERGY: 
Estimated Free Energy of Binding   : -4.757 (kcal/mol) [=(1)+(2)+(3)-(4)]
(1) Final Intermolecular Energy    : -5.929 (kcal/mol)
    Ligand - Receptor              : -5.929 (kcal/mol)
    Ligand - Flex side chains      : 0.000 (kcal/mol)
(2) Final Total Internal Energy    : -0.382 (kcal/mol)
    Ligand                         : -0.382 (kcal/mol)
    Flex   - Receptor              : 0.000 (kcal/mol)
    Flex   - Flex side chains      : 0.000 (kcal/mol)
(3) Torsional Free Energy          : 1.112 (kcal/mol)
(4) Unbound System's Energy        : -0.441 (kcal/mol)
ENERGY FROM SEARCH: -6.611
FINAL ENERGY: 
Estimated Free Energy of Binding   : -5.000 (kcal/mol) [=(1)+(2)+(3)-(4)]
(1) Final Intermolecular Energy    : -6.127 (kcal/mol)
    Ligand - Receptor              : -6.127 (kcal/mol)
    Ligand - Flex side chains      : 0.000 (kcal/mol)
(2) Final Total Internal Energy    : -0.483 (kcal/mol)
    Ligand                         : -0.483 (kcal/mol)
    Flex   - Receptor              : 0.000 (kcal/mol)
    Flex   - Flex side chains      : 0.000 (kcal/mol)
(3) Torsional Free Energy          : 1.169 (kcal/mol)
(4) Unbound System's Energy        : -0.441 (kcal/mol)
ENERGY FROM SEARCH: -6.440
FINAL ENERGY: 
Estimated Free Energy of Binding   : -4.862 (kcal/mol) [=(1)+(2)+(3)-(4)]
(1) Final Intermolecular Energy    : -6.007 (kcal/mol)
    Ligand - Receptor              : -6.007 (kcal/mol)
    Ligand - Flex side chains      : 0.000 (kcal/mol)
(2) Final Total Internal Energy    : -0.433 (kcal/mol)
    Ligand                         : -0.433 (kcal/mol)
    Flex   - Receptor              : 0.000 (kcal/mol)
    Flex   - Flex side chains      : 0.000 (kcal/mol)
(3) Torsional Free Energy          : 1.137 (kcal/mol)
(4) Unbound System's Energy        : -0.441 (kcal/mol)

mode |   affinity | dist from best mode
     | (kcal/mol) | rmsd l.b.| rmsd u.b.
-----+------------+----------+----------
   1      -6.0320     0.0000     0.0000
   2      -5.9759     1.3165     2.7133
   3      -5.8084     2.2495     2.8305
   4      -5.4066     1.7077     2.9563
   5      -5.3760     1.6989     3.2599
   6      -5.1389     2.6021     5.5009
   7      -5.1139     2.4261     5.6246
   8      -4.9995     2.2873     2.6165
   9      -4.8616     2.1218     5.0344
  10      -4.7572     2.5975     4.0169
