AutoDock Vina v1.2.3-52-g92d1779
#################################################################
# If you used AutoDock Vina in your work, please cite:          #
#                                                               #
# J. Eberhardt, D. Santos-Martins, A. F. Tillack, and S. Forli  #
# AutoDock Vina 1.2.0: New Docking Methods, Expanded Force      #
# Field, and Python Bindings, J. Chem. Inf. Model. (2021)       #
# DOI 10.1021/acs.jcim.1c00203                                  #
#                                                               #
# O. Trott, A. J. Olson,                                        #
# AutoDock Vina: improving the speed and accuracy of docking    #
# with a new scoring function, efficient optimization and       #
# multithreading, J. Comp. Chem. (2010)                         #
# DOI 10.1002/jcc.21334                                         #
#                                                               #
# Please see https://github.com/ccsb-scripps/AutoDock-Vina for  #
# more information.                                             #
#################################################################

Scoring function : vina
Rigid receptor: YihW_l_alpha_cl1_min_model1.pdbqt
Ligand: SQ_Conformer3D_CID_86289062_21012023_avogadro.pdbqt
Grid center: X 40.018 Y 39.32 Z 39.342
Grid size  : X 58 Y 66 Z 62
Grid space : 1
Exhaustiveness: 32
CPU: 0
Verbosity: 2

Computing Vina grid ... done.
Performing docking (random seed: 944394094) ... 
0%   10   20   30   40   50   60   70   80   90   100%
|----|----|----|----|----|----|----|----|----|----|
***************************************************
done.
ENERGY FROM SEARCH: -7.78702
FINAL ENERGY: 
Estimated Free Energy of Binding   : -5.965 (kcal/mol) [=(1)+(2)+(3)-(4)]
(1) Final Intermolecular Energy    : -7.360 (kcal/mol)
    Ligand - Receptor              : -7.360 (kcal/mol)
    Ligand - Flex side chains      : 0.000 (kcal/mol)
(2) Final Total Internal Energy    : -0.431 (kcal/mol)
    Ligand                         : -0.431 (kcal/mol)
    Flex   - Receptor              : 0.000 (kcal/mol)
    Flex   - Flex side chains      : 0.000 (kcal/mol)
(3) Torsional Free Energy          : 1.395 (kcal/mol)
(4) Unbound System's Energy        : -0.431 (kcal/mol)
ENERGY FROM SEARCH: -7.383
FINAL ENERGY: 
Estimated Free Energy of Binding   : -5.634 (kcal/mol) [=(1)+(2)+(3)-(4)]
(1) Final Intermolecular Energy    : -6.981 (kcal/mol)
    Ligand - Receptor              : -6.981 (kcal/mol)
    Ligand - Flex side chains      : 0.000 (kcal/mol)
(2) Final Total Internal Energy    : -0.402 (kcal/mol)
    Ligand                         : -0.402 (kcal/mol)
    Flex   - Receptor              : 0.000 (kcal/mol)
    Flex   - Flex side chains      : 0.000 (kcal/mol)
(3) Torsional Free Energy          : 1.318 (kcal/mol)
(4) Unbound System's Energy        : -0.431 (kcal/mol)
ENERGY FROM SEARCH: -6.387
FINAL ENERGY: 
Estimated Free Energy of Binding   : -4.825 (kcal/mol) [=(1)+(2)+(3)-(4)]
(1) Final Intermolecular Energy    : -6.200 (kcal/mol)
    Ligand - Receptor              : -6.200 (kcal/mol)
    Ligand - Flex side chains      : 0.000 (kcal/mol)
(2) Final Total Internal Energy    : -0.185 (kcal/mol)
    Ligand                         : -0.185 (kcal/mol)
    Flex   - Receptor              : 0.000 (kcal/mol)
    Flex   - Flex side chains      : 0.000 (kcal/mol)
(3) Torsional Free Energy          : 1.128 (kcal/mol)
(4) Unbound System's Energy        : -0.431 (kcal/mol)
ENERGY FROM SEARCH: -6.051
FINAL ENERGY: 
Estimated Free Energy of Binding   : -4.558 (kcal/mol) [=(1)+(2)+(3)-(4)]
(1) Final Intermolecular Energy    : -5.838 (kcal/mol)
    Ligand - Receptor              : -5.838 (kcal/mol)
    Ligand - Flex side chains      : 0.000 (kcal/mol)
(2) Final Total Internal Energy    : -0.217 (kcal/mol)
    Ligand                         : -0.217 (kcal/mol)
    Flex   - Receptor              : 0.000 (kcal/mol)
    Flex   - Flex side chains      : 0.000 (kcal/mol)
(3) Torsional Free Energy          : 1.066 (kcal/mol)
(4) Unbound System's Energy        : -0.431 (kcal/mol)
ENERGY FROM SEARCH: -5.720
FINAL ENERGY: 
Estimated Free Energy of Binding   : -4.285 (kcal/mol) [=(1)+(2)+(3)-(4)]
(1) Final Intermolecular Energy    : -5.326 (kcal/mol)
    Ligand - Receptor              : -5.326 (kcal/mol)
    Ligand - Flex side chains      : 0.000 (kcal/mol)
(2) Final Total Internal Energy    : -0.392 (kcal/mol)
    Ligand                         : -0.392 (kcal/mol)
    Flex   - Receptor              : 0.000 (kcal/mol)
    Flex   - Flex side chains      : 0.000 (kcal/mol)
(3) Torsional Free Energy          : 1.002 (kcal/mol)
(4) Unbound System's Energy        : -0.431 (kcal/mol)
ENERGY FROM SEARCH: -5.697
FINAL ENERGY: 
Estimated Free Energy of Binding   : -4.269 (kcal/mol) [=(1)+(2)+(3)-(4)]
(1) Final Intermolecular Energy    : -5.265 (kcal/mol)
    Ligand - Receptor              : -5.265 (kcal/mol)
    Ligand - Flex side chains      : 0.000 (kcal/mol)
(2) Final Total Internal Energy    : -0.433 (kcal/mol)
    Ligand                         : -0.433 (kcal/mol)
    Flex   - Receptor              : 0.000 (kcal/mol)
    Flex   - Flex side chains      : 0.000 (kcal/mol)
(3) Torsional Free Energy          : 0.998 (kcal/mol)
(4) Unbound System's Energy        : -0.431 (kcal/mol)
ENERGY FROM SEARCH: -6.253
FINAL ENERGY: 
Estimated Free Energy of Binding   : -4.720 (kcal/mol) [=(1)+(2)+(3)-(4)]
(1) Final Intermolecular Energy    : -5.835 (kcal/mol)
    Ligand - Receptor              : -5.835 (kcal/mol)
    Ligand - Flex side chains      : 0.000 (kcal/mol)
(2) Final Total Internal Energy    : -0.419 (kcal/mol)
    Ligand                         : -0.419 (kcal/mol)
    Flex   - Receptor              : 0.000 (kcal/mol)
    Flex   - Flex side chains      : 0.000 (kcal/mol)
(3) Torsional Free Energy          : 1.104 (kcal/mol)
(4) Unbound System's Energy        : -0.431 (kcal/mol)
ENERGY FROM SEARCH: -5.887
FINAL ENERGY: 
Estimated Free Energy of Binding   : -4.421 (kcal/mol) [=(1)+(2)+(3)-(4)]
(1) Final Intermolecular Energy    : -5.468 (kcal/mol)
    Ligand - Receptor              : -5.468 (kcal/mol)
    Ligand - Flex side chains      : 0.000 (kcal/mol)
(2) Final Total Internal Energy    : -0.418 (kcal/mol)
    Ligand                         : -0.418 (kcal/mol)
    Flex   - Receptor              : 0.000 (kcal/mol)
    Flex   - Flex side chains      : 0.000 (kcal/mol)
(3) Torsional Free Energy          : 1.034 (kcal/mol)
(4) Unbound System's Energy        : -0.431 (kcal/mol)
ENERGY FROM SEARCH: -5.777
FINAL ENERGY: 
Estimated Free Energy of Binding   : -4.331 (kcal/mol) [=(1)+(2)+(3)-(4)]
(1) Final Intermolecular Energy    : -5.391 (kcal/mol)
    Ligand - Receptor              : -5.391 (kcal/mol)
    Ligand - Flex side chains      : 0.000 (kcal/mol)
(2) Final Total Internal Energy    : -0.384 (kcal/mol)
    Ligand                         : -0.384 (kcal/mol)
    Flex   - Receptor              : 0.000 (kcal/mol)
    Flex   - Flex side chains      : 0.000 (kcal/mol)
(3) Torsional Free Energy          : 1.013 (kcal/mol)
(4) Unbound System's Energy        : -0.431 (kcal/mol)
ENERGY FROM SEARCH: -6.046
FINAL ENERGY: 
Estimated Free Energy of Binding   : -4.548 (kcal/mol) [=(1)+(2)+(3)-(4)]
(1) Final Intermolecular Energy    : -5.636 (kcal/mol)
    Ligand - Receptor              : -5.636 (kcal/mol)
    Ligand - Flex side chains      : 0.000 (kcal/mol)
(2) Final Total Internal Energy    : -0.406 (kcal/mol)
    Ligand                         : -0.406 (kcal/mol)
    Flex   - Receptor              : 0.000 (kcal/mol)
    Flex   - Flex side chains      : 0.000 (kcal/mol)
(3) Torsional Free Energy          : 1.064 (kcal/mol)
(4) Unbound System's Energy        : -0.431 (kcal/mol)

mode |   affinity | dist from best mode
     | (kcal/mol) | rmsd l.b.| rmsd u.b.
-----+------------+----------+----------
   1      -5.9648     0.0000     0.0000
   2      -5.6345     1.4855     2.9304
   3      -4.8253    10.1589    11.6512
   4      -4.7197    10.5319    11.7138
   5      -4.5579    11.8479    13.1714
   6      -4.5482    10.0939    11.8123
   7      -4.4214     2.2816     3.5439
   8      -4.3310    10.6957    12.0299
   9      -4.2849     3.2344     4.9044
  10      -4.2686     1.7357     2.4844
