AutoDock Vina v1.2.3-52-g92d1779
#################################################################
# If you used AutoDock Vina in your work, please cite:          #
#                                                               #
# J. Eberhardt, D. Santos-Martins, A. F. Tillack, and S. Forli  #
# AutoDock Vina 1.2.0: New Docking Methods, Expanded Force      #
# Field, and Python Bindings, J. Chem. Inf. Model. (2021)       #
# DOI 10.1021/acs.jcim.1c00203                                  #
#                                                               #
# O. Trott, A. J. Olson,                                        #
# AutoDock Vina: improving the speed and accuracy of docking    #
# with a new scoring function, efficient optimization and       #
# multithreading, J. Comp. Chem. (2010)                         #
# DOI 10.1002/jcc.21334                                         #
#                                                               #
# Please see https://github.com/ccsb-scripps/AutoDock-Vina for  #
# more information.                                             #
#################################################################

Scoring function : vina
Rigid receptor: YihW_s_templ_cl2_min_model1.pdbqt
Ligand: SQ_Conformer3D_CID_86289062_21012023_avogadro.pdbqt
Grid center: X 37.211 Y 41.586 Z 40.288
Grid size  : X 68 Y 60 Z 74
Grid space : 1
Exhaustiveness: 32
CPU: 0
Verbosity: 2

Computing Vina grid ... done.
Performing docking (random seed: 1138860463) ... 
0%   10   20   30   40   50   60   70   80   90   100%
|----|----|----|----|----|----|----|----|----|----|
***************************************************
done.
ENERGY FROM SEARCH: -6.04972
FINAL ENERGY: 
Estimated Free Energy of Binding   : -4.592 (kcal/mol) [=(1)+(2)+(3)-(4)]
(1) Final Intermolecular Energy    : -5.666 (kcal/mol)
    Ligand - Receptor              : -5.666 (kcal/mol)
    Ligand - Flex side chains      : 0.000 (kcal/mol)
(2) Final Total Internal Energy    : -0.384 (kcal/mol)
    Ligand                         : -0.384 (kcal/mol)
    Flex   - Receptor              : 0.000 (kcal/mol)
    Flex   - Flex side chains      : 0.000 (kcal/mol)
(3) Torsional Free Energy          : 1.074 (kcal/mol)
(4) Unbound System's Energy        : -0.384 (kcal/mol)
ENERGY FROM SEARCH: -6.661
FINAL ENERGY: 
Estimated Free Energy of Binding   : -5.090 (kcal/mol) [=(1)+(2)+(3)-(4)]
(1) Final Intermolecular Energy    : -6.248 (kcal/mol)
    Ligand - Receptor              : -6.248 (kcal/mol)
    Ligand - Flex side chains      : 0.000 (kcal/mol)
(2) Final Total Internal Energy    : -0.417 (kcal/mol)
    Ligand                         : -0.417 (kcal/mol)
    Flex   - Receptor              : 0.000 (kcal/mol)
    Flex   - Flex side chains      : 0.000 (kcal/mol)
(3) Torsional Free Energy          : 1.190 (kcal/mol)
(4) Unbound System's Energy        : -0.384 (kcal/mol)
ENERGY FROM SEARCH: -6.211
FINAL ENERGY: 
Estimated Free Energy of Binding   : -4.724 (kcal/mol) [=(1)+(2)+(3)-(4)]
(1) Final Intermolecular Energy    : -5.775 (kcal/mol)
    Ligand - Receptor              : -5.775 (kcal/mol)
    Ligand - Flex side chains      : 0.000 (kcal/mol)
(2) Final Total Internal Energy    : -0.437 (kcal/mol)
    Ligand                         : -0.437 (kcal/mol)
    Flex   - Receptor              : 0.000 (kcal/mol)
    Flex   - Flex side chains      : 0.000 (kcal/mol)
(3) Torsional Free Energy          : 1.105 (kcal/mol)
(4) Unbound System's Energy        : -0.384 (kcal/mol)
ENERGY FROM SEARCH: -6.190
FINAL ENERGY: 
Estimated Free Energy of Binding   : -4.707 (kcal/mol) [=(1)+(2)+(3)-(4)]
(1) Final Intermolecular Energy    : -5.770 (kcal/mol)
    Ligand - Receptor              : -5.770 (kcal/mol)
    Ligand - Flex side chains      : 0.000 (kcal/mol)
(2) Final Total Internal Energy    : -0.422 (kcal/mol)
    Ligand                         : -0.422 (kcal/mol)
    Flex   - Receptor              : 0.000 (kcal/mol)
    Flex   - Flex side chains      : 0.000 (kcal/mol)
(3) Torsional Free Energy          : 1.101 (kcal/mol)
(4) Unbound System's Energy        : -0.384 (kcal/mol)
ENERGY FROM SEARCH: -5.912
FINAL ENERGY: 
Estimated Free Energy of Binding   : -4.479 (kcal/mol) [=(1)+(2)+(3)-(4)]
(1) Final Intermolecular Energy    : -5.703 (kcal/mol)
    Ligand - Receptor              : -5.703 (kcal/mol)
    Ligand - Flex side chains      : 0.000 (kcal/mol)
(2) Final Total Internal Energy    : -0.208 (kcal/mol)
    Ligand                         : -0.208 (kcal/mol)
    Flex   - Receptor              : 0.000 (kcal/mol)
    Flex   - Flex side chains      : 0.000 (kcal/mol)
(3) Torsional Free Energy          : 1.047 (kcal/mol)
(4) Unbound System's Energy        : -0.384 (kcal/mol)
ENERGY FROM SEARCH: -5.730
FINAL ENERGY: 
Estimated Free Energy of Binding   : -4.334 (kcal/mol) [=(1)+(2)+(3)-(4)]
(1) Final Intermolecular Energy    : -5.262 (kcal/mol)
    Ligand - Receptor              : -5.262 (kcal/mol)
    Ligand - Flex side chains      : 0.000 (kcal/mol)
(2) Final Total Internal Energy    : -0.469 (kcal/mol)
    Ligand                         : -0.469 (kcal/mol)
    Flex   - Receptor              : 0.000 (kcal/mol)
    Flex   - Flex side chains      : 0.000 (kcal/mol)
(3) Torsional Free Energy          : 1.014 (kcal/mol)
(4) Unbound System's Energy        : -0.384 (kcal/mol)
ENERGY FROM SEARCH: -5.367
FINAL ENERGY: 
Estimated Free Energy of Binding   : -4.039 (kcal/mol) [=(1)+(2)+(3)-(4)]
(1) Final Intermolecular Energy    : -4.934 (kcal/mol)
    Ligand - Receptor              : -4.934 (kcal/mol)
    Ligand - Flex side chains      : 0.000 (kcal/mol)
(2) Final Total Internal Energy    : -0.433 (kcal/mol)
    Ligand                         : -0.433 (kcal/mol)
    Flex   - Receptor              : 0.000 (kcal/mol)
    Flex   - Flex side chains      : 0.000 (kcal/mol)
(3) Torsional Free Energy          : 0.944 (kcal/mol)
(4) Unbound System's Energy        : -0.384 (kcal/mol)
ENERGY FROM SEARCH: -5.982
FINAL ENERGY: 
Estimated Free Energy of Binding   : -4.536 (kcal/mol) [=(1)+(2)+(3)-(4)]
(1) Final Intermolecular Energy    : -5.498 (kcal/mol)
    Ligand - Receptor              : -5.498 (kcal/mol)
    Ligand - Flex side chains      : 0.000 (kcal/mol)
(2) Final Total Internal Energy    : -0.482 (kcal/mol)
    Ligand                         : -0.482 (kcal/mol)
    Flex   - Receptor              : 0.000 (kcal/mol)
    Flex   - Flex side chains      : 0.000 (kcal/mol)
(3) Torsional Free Energy          : 1.061 (kcal/mol)
(4) Unbound System's Energy        : -0.384 (kcal/mol)
ENERGY FROM SEARCH: -5.926
FINAL ENERGY: 
Estimated Free Energy of Binding   : -4.491 (kcal/mol) [=(1)+(2)+(3)-(4)]
(1) Final Intermolecular Energy    : -5.556 (kcal/mol)
    Ligand - Receptor              : -5.556 (kcal/mol)
    Ligand - Flex side chains      : 0.000 (kcal/mol)
(2) Final Total Internal Energy    : -0.368 (kcal/mol)
    Ligand                         : -0.368 (kcal/mol)
    Flex   - Receptor              : 0.000 (kcal/mol)
    Flex   - Flex side chains      : 0.000 (kcal/mol)
(3) Torsional Free Energy          : 1.050 (kcal/mol)
(4) Unbound System's Energy        : -0.384 (kcal/mol)
ENERGY FROM SEARCH: -5.731
FINAL ENERGY: 
Estimated Free Energy of Binding   : -4.333 (kcal/mol) [=(1)+(2)+(3)-(4)]
(1) Final Intermolecular Energy    : -5.525 (kcal/mol)
    Ligand - Receptor              : -5.525 (kcal/mol)
    Ligand - Flex side chains      : 0.000 (kcal/mol)
(2) Final Total Internal Energy    : -0.204 (kcal/mol)
    Ligand                         : -0.204 (kcal/mol)
    Flex   - Receptor              : 0.000 (kcal/mol)
    Flex   - Flex side chains      : 0.000 (kcal/mol)
(3) Torsional Free Energy          : 1.013 (kcal/mol)
(4) Unbound System's Energy        : -0.384 (kcal/mol)

mode |   affinity | dist from best mode
     | (kcal/mol) | rmsd l.b.| rmsd u.b.
-----+------------+----------+----------
   1      -5.0903     0.0000     0.0000
   2      -4.7237    11.4406    12.6760
   3      -4.7075    11.2632    13.5215
   4      -4.5922     2.4588     3.3743
   5      -4.5356    26.4754    27.6132
   6      -4.4906    11.4394    13.4983
   7      -4.4792     1.5686     2.3521
   8      -4.3345     6.1537     8.1429
   9      -4.3328     2.0968     2.6645
  10      -4.0390     4.7132     7.2991
