AutoDock Vina v1.2.3-52-g92d1779
#################################################################
# If you used AutoDock Vina in your work, please cite:          #
#                                                               #
# J. Eberhardt, D. Santos-Martins, A. F. Tillack, and S. Forli  #
# AutoDock Vina 1.2.0: New Docking Methods, Expanded Force      #
# Field, and Python Bindings, J. Chem. Inf. Model. (2021)       #
# DOI 10.1021/acs.jcim.1c00203                                  #
#                                                               #
# O. Trott, A. J. Olson,                                        #
# AutoDock Vina: improving the speed and accuracy of docking    #
# with a new scoring function, efficient optimization and       #
# multithreading, J. Comp. Chem. (2010)                         #
# DOI 10.1002/jcc.21334                                         #
#                                                               #
# Please see https://github.com/ccsb-scripps/AutoDock-Vina for  #
# more information.                                             #
#################################################################

Scoring function : vina
Rigid receptor: YihW_l_alpha_cl1_min_model1.pdbqt
Ligand: SQ_Conformer3D_CID_86289062_21012023_avogadro.pdbqt
Grid center: X 40.018 Y 39.32 Z 39.342
Grid size  : X 58 Y 66 Z 62
Grid space : 1
Exhaustiveness: 32
CPU: 0
Verbosity: 2

Computing Vina grid ... done.
Performing docking (random seed: 526603370) ... 
0%   10   20   30   40   50   60   70   80   90   100%
|----|----|----|----|----|----|----|----|----|----|
***************************************************
done.
ENERGY FROM SEARCH: -7.66406
FINAL ENERGY: 
Estimated Free Energy of Binding   : -5.860 (kcal/mol) [=(1)+(2)+(3)-(4)]
(1) Final Intermolecular Energy    : -7.230 (kcal/mol)
    Ligand - Receptor              : -7.230 (kcal/mol)
    Ligand - Flex side chains      : 0.000 (kcal/mol)
(2) Final Total Internal Energy    : -0.433 (kcal/mol)
    Ligand                         : -0.433 (kcal/mol)
    Flex   - Receptor              : 0.000 (kcal/mol)
    Flex   - Flex side chains      : 0.000 (kcal/mol)
(3) Torsional Free Energy          : 1.370 (kcal/mol)
(4) Unbound System's Energy        : -0.433 (kcal/mol)
ENERGY FROM SEARCH: -7.372
FINAL ENERGY: 
Estimated Free Energy of Binding   : -5.622 (kcal/mol) [=(1)+(2)+(3)-(4)]
(1) Final Intermolecular Energy    : -6.893 (kcal/mol)
    Ligand - Receptor              : -6.893 (kcal/mol)
    Ligand - Flex side chains      : 0.000 (kcal/mol)
(2) Final Total Internal Energy    : -0.477 (kcal/mol)
    Ligand                         : -0.477 (kcal/mol)
    Flex   - Receptor              : 0.000 (kcal/mol)
    Flex   - Flex side chains      : 0.000 (kcal/mol)
(3) Torsional Free Energy          : 1.315 (kcal/mol)
(4) Unbound System's Energy        : -0.433 (kcal/mol)
ENERGY FROM SEARCH: -7.527
FINAL ENERGY: 
Estimated Free Energy of Binding   : -5.748 (kcal/mol) [=(1)+(2)+(3)-(4)]
(1) Final Intermolecular Energy    : -7.124 (kcal/mol)
    Ligand - Receptor              : -7.124 (kcal/mol)
    Ligand - Flex side chains      : 0.000 (kcal/mol)
(2) Final Total Internal Energy    : -0.402 (kcal/mol)
    Ligand                         : -0.402 (kcal/mol)
    Flex   - Receptor              : 0.000 (kcal/mol)
    Flex   - Flex side chains      : 0.000 (kcal/mol)
(3) Torsional Free Energy          : 1.344 (kcal/mol)
(4) Unbound System's Energy        : -0.433 (kcal/mol)
ENERGY FROM SEARCH: -6.282
FINAL ENERGY: 
Estimated Free Energy of Binding   : -4.739 (kcal/mol) [=(1)+(2)+(3)-(4)]
(1) Final Intermolecular Energy    : -5.879 (kcal/mol)
    Ligand - Receptor              : -5.879 (kcal/mol)
    Ligand - Flex side chains      : 0.000 (kcal/mol)
(2) Final Total Internal Energy    : -0.402 (kcal/mol)
    Ligand                         : -0.402 (kcal/mol)
    Flex   - Receptor              : 0.000 (kcal/mol)
    Flex   - Flex side chains      : 0.000 (kcal/mol)
(3) Torsional Free Energy          : 1.108 (kcal/mol)
(4) Unbound System's Energy        : -0.433 (kcal/mol)
ENERGY FROM SEARCH: -6.298
FINAL ENERGY: 
Estimated Free Energy of Binding   : -4.751 (kcal/mol) [=(1)+(2)+(3)-(4)]
(1) Final Intermolecular Energy    : -6.085 (kcal/mol)
    Ligand - Receptor              : -6.085 (kcal/mol)
    Ligand - Flex side chains      : 0.000 (kcal/mol)
(2) Final Total Internal Energy    : -0.210 (kcal/mol)
    Ligand                         : -0.210 (kcal/mol)
    Flex   - Receptor              : 0.000 (kcal/mol)
    Flex   - Flex side chains      : 0.000 (kcal/mol)
(3) Torsional Free Energy          : 1.111 (kcal/mol)
(4) Unbound System's Energy        : -0.433 (kcal/mol)
ENERGY FROM SEARCH: -5.964
FINAL ENERGY: 
Estimated Free Energy of Binding   : -4.486 (kcal/mol) [=(1)+(2)+(3)-(4)]
(1) Final Intermolecular Energy    : -5.554 (kcal/mol)
    Ligand - Receptor              : -5.554 (kcal/mol)
    Ligand - Flex side chains      : 0.000 (kcal/mol)
(2) Final Total Internal Energy    : -0.414 (kcal/mol)
    Ligand                         : -0.414 (kcal/mol)
    Flex   - Receptor              : 0.000 (kcal/mol)
    Flex   - Flex side chains      : 0.000 (kcal/mol)
(3) Torsional Free Energy          : 1.049 (kcal/mol)
(4) Unbound System's Energy        : -0.433 (kcal/mol)
ENERGY FROM SEARCH: -6.061
FINAL ENERGY: 
Estimated Free Energy of Binding   : -4.560 (kcal/mol) [=(1)+(2)+(3)-(4)]
(1) Final Intermolecular Energy    : -5.845 (kcal/mol)
    Ligand - Receptor              : -5.845 (kcal/mol)
    Ligand - Flex side chains      : 0.000 (kcal/mol)
(2) Final Total Internal Energy    : -0.215 (kcal/mol)
    Ligand                         : -0.215 (kcal/mol)
    Flex   - Receptor              : 0.000 (kcal/mol)
    Flex   - Flex side chains      : 0.000 (kcal/mol)
(3) Torsional Free Energy          : 1.066 (kcal/mol)
(4) Unbound System's Energy        : -0.433 (kcal/mol)
ENERGY FROM SEARCH: -5.775
FINAL ENERGY: 
Estimated Free Energy of Binding   : -4.330 (kcal/mol) [=(1)+(2)+(3)-(4)]
(1) Final Intermolecular Energy    : -5.607 (kcal/mol)
    Ligand - Receptor              : -5.607 (kcal/mol)
    Ligand - Flex side chains      : 0.000 (kcal/mol)
(2) Final Total Internal Energy    : -0.169 (kcal/mol)
    Ligand                         : -0.169 (kcal/mol)
    Flex   - Receptor              : 0.000 (kcal/mol)
    Flex   - Flex side chains      : 0.000 (kcal/mol)
(3) Torsional Free Energy          : 1.013 (kcal/mol)
(4) Unbound System's Energy        : -0.433 (kcal/mol)
ENERGY FROM SEARCH: -6.827
FINAL ENERGY: 
Estimated Free Energy of Binding   : -5.181 (kcal/mol) [=(1)+(2)+(3)-(4)]
(1) Final Intermolecular Energy    : -6.383 (kcal/mol)
    Ligand - Receptor              : -6.383 (kcal/mol)
    Ligand - Flex side chains      : 0.000 (kcal/mol)
(2) Final Total Internal Energy    : -0.442 (kcal/mol)
    Ligand                         : -0.442 (kcal/mol)
    Flex   - Receptor              : 0.000 (kcal/mol)
    Flex   - Flex side chains      : 0.000 (kcal/mol)
(3) Torsional Free Energy          : 1.211 (kcal/mol)
(4) Unbound System's Energy        : -0.433 (kcal/mol)
ENERGY FROM SEARCH: -5.643
FINAL ENERGY: 
Estimated Free Energy of Binding   : -4.222 (kcal/mol) [=(1)+(2)+(3)-(4)]
(1) Final Intermolecular Energy    : -5.177 (kcal/mol)
    Ligand - Receptor              : -5.177 (kcal/mol)
    Ligand - Flex side chains      : 0.000 (kcal/mol)
(2) Final Total Internal Energy    : -0.464 (kcal/mol)
    Ligand                         : -0.464 (kcal/mol)
    Flex   - Receptor              : 0.000 (kcal/mol)
    Flex   - Flex side chains      : 0.000 (kcal/mol)
(3) Torsional Free Energy          : 0.987 (kcal/mol)
(4) Unbound System's Energy        : -0.433 (kcal/mol)

mode |   affinity | dist from best mode
     | (kcal/mol) | rmsd l.b.| rmsd u.b.
-----+------------+----------+----------
   1      -5.8598     0.0000     0.0000
   2      -5.7482     1.5939     2.8113
   3      -5.6221     1.2709     1.2709
   4      -5.1808     1.7256     2.0418
   5      -4.7509     2.6859     5.4920
   6      -4.7393     2.6381     5.1669
   7      -4.5597    11.6361    13.1133
   8      -4.4860     2.1333     5.0654
   9      -4.3300    10.2141    11.8707
  10      -4.2215     3.1961     4.7693
