AutoDock Vina v1.2.3-52-g92d1779
#################################################################
# If you used AutoDock Vina in your work, please cite:          #
#                                                               #
# J. Eberhardt, D. Santos-Martins, A. F. Tillack, and S. Forli  #
# AutoDock Vina 1.2.0: New Docking Methods, Expanded Force      #
# Field, and Python Bindings, J. Chem. Inf. Model. (2021)       #
# DOI 10.1021/acs.jcim.1c00203                                  #
#                                                               #
# O. Trott, A. J. Olson,                                        #
# AutoDock Vina: improving the speed and accuracy of docking    #
# with a new scoring function, efficient optimization and       #
# multithreading, J. Comp. Chem. (2010)                         #
# DOI 10.1002/jcc.21334                                         #
#                                                               #
# Please see https://github.com/ccsb-scripps/AutoDock-Vina for  #
# more information.                                             #
#################################################################

Scoring function : vina
Rigid receptor: YihW_s_templ_cl1_min_model12.pdbqt
Ligand: SQ_Conformer3D_CID_86289062_21012023_avogadro.pdbqt
Grid center: X 37.211 Y 41.586 Z 40.288
Grid size  : X 68 Y 60 Z 74
Grid space : 1
Exhaustiveness: 32
CPU: 0
Verbosity: 2

Computing Vina grid ... done.
Performing docking (random seed: 2071266822) ... 
0%   10   20   30   40   50   60   70   80   90   100%
|----|----|----|----|----|----|----|----|----|----|
***************************************************
done.
ENERGY FROM SEARCH: -6.75044
FINAL ENERGY: 
Estimated Free Energy of Binding   : -5.119 (kcal/mol) [=(1)+(2)+(3)-(4)]
(1) Final Intermolecular Energy    : -6.316 (kcal/mol)
    Ligand - Receptor              : -6.316 (kcal/mol)
    Ligand - Flex side chains      : 0.000 (kcal/mol)
(2) Final Total Internal Energy    : -0.432 (kcal/mol)
    Ligand                         : -0.432 (kcal/mol)
    Flex   - Receptor              : 0.000 (kcal/mol)
    Flex   - Flex side chains      : 0.000 (kcal/mol)
(3) Torsional Free Energy          : 1.197 (kcal/mol)
(4) Unbound System's Energy        : -0.432 (kcal/mol)
ENERGY FROM SEARCH: -6.931
FINAL ENERGY: 
Estimated Free Energy of Binding   : -5.265 (kcal/mol) [=(1)+(2)+(3)-(4)]
(1) Final Intermolecular Energy    : -6.492 (kcal/mol)
    Ligand - Receptor              : -6.492 (kcal/mol)
    Ligand - Flex side chains      : 0.000 (kcal/mol)
(2) Final Total Internal Energy    : -0.437 (kcal/mol)
    Ligand                         : -0.437 (kcal/mol)
    Flex   - Receptor              : 0.000 (kcal/mol)
    Flex   - Flex side chains      : 0.000 (kcal/mol)
(3) Torsional Free Energy          : 1.231 (kcal/mol)
(4) Unbound System's Energy        : -0.432 (kcal/mol)
ENERGY FROM SEARCH: -6.823
FINAL ENERGY: 
Estimated Free Energy of Binding   : -5.179 (kcal/mol) [=(1)+(2)+(3)-(4)]
(1) Final Intermolecular Energy    : -6.401 (kcal/mol)
    Ligand - Receptor              : -6.401 (kcal/mol)
    Ligand - Flex side chains      : 0.000 (kcal/mol)
(2) Final Total Internal Energy    : -0.421 (kcal/mol)
    Ligand                         : -0.421 (kcal/mol)
    Flex   - Receptor              : 0.000 (kcal/mol)
    Flex   - Flex side chains      : 0.000 (kcal/mol)
(3) Torsional Free Energy          : 1.211 (kcal/mol)
(4) Unbound System's Energy        : -0.432 (kcal/mol)
ENERGY FROM SEARCH: -6.425
FINAL ENERGY: 
Estimated Free Energy of Binding   : -4.856 (kcal/mol) [=(1)+(2)+(3)-(4)]
(1) Final Intermolecular Energy    : -6.001 (kcal/mol)
    Ligand - Receptor              : -6.001 (kcal/mol)
    Ligand - Flex side chains      : 0.000 (kcal/mol)
(2) Final Total Internal Energy    : -0.423 (kcal/mol)
    Ligand                         : -0.423 (kcal/mol)
    Flex   - Receptor              : 0.000 (kcal/mol)
    Flex   - Flex side chains      : 0.000 (kcal/mol)
(3) Torsional Free Energy          : 1.136 (kcal/mol)
(4) Unbound System's Energy        : -0.432 (kcal/mol)
ENERGY FROM SEARCH: -6.466
FINAL ENERGY: 
Estimated Free Energy of Binding   : -4.886 (kcal/mol) [=(1)+(2)+(3)-(4)]
(1) Final Intermolecular Energy    : -6.071 (kcal/mol)
    Ligand - Receptor              : -6.071 (kcal/mol)
    Ligand - Flex side chains      : 0.000 (kcal/mol)
(2) Final Total Internal Energy    : -0.390 (kcal/mol)
    Ligand                         : -0.390 (kcal/mol)
    Flex   - Receptor              : 0.000 (kcal/mol)
    Flex   - Flex side chains      : 0.000 (kcal/mol)
(3) Torsional Free Energy          : 1.143 (kcal/mol)
(4) Unbound System's Energy        : -0.432 (kcal/mol)
ENERGY FROM SEARCH: -5.759
FINAL ENERGY: 
Estimated Free Energy of Binding   : -4.316 (kcal/mol) [=(1)+(2)+(3)-(4)]
(1) Final Intermolecular Energy    : -5.276 (kcal/mol)
    Ligand - Receptor              : -5.276 (kcal/mol)
    Ligand - Flex side chains      : 0.000 (kcal/mol)
(2) Final Total Internal Energy    : -0.481 (kcal/mol)
    Ligand                         : -0.481 (kcal/mol)
    Flex   - Receptor              : 0.000 (kcal/mol)
    Flex   - Flex side chains      : 0.000 (kcal/mol)
(3) Torsional Free Energy          : 1.009 (kcal/mol)
(4) Unbound System's Energy        : -0.432 (kcal/mol)
ENERGY FROM SEARCH: -6.151
FINAL ENERGY: 
Estimated Free Energy of Binding   : -4.632 (kcal/mol) [=(1)+(2)+(3)-(4)]
(1) Final Intermolecular Energy    : -5.673 (kcal/mol)
    Ligand - Receptor              : -5.673 (kcal/mol)
    Ligand - Flex side chains      : 0.000 (kcal/mol)
(2) Final Total Internal Energy    : -0.474 (kcal/mol)
    Ligand                         : -0.474 (kcal/mol)
    Flex   - Receptor              : 0.000 (kcal/mol)
    Flex   - Flex side chains      : 0.000 (kcal/mol)
(3) Torsional Free Energy          : 1.083 (kcal/mol)
(4) Unbound System's Energy        : -0.432 (kcal/mol)
ENERGY FROM SEARCH: -5.925
FINAL ENERGY: 
Estimated Free Energy of Binding   : -4.451 (kcal/mol) [=(1)+(2)+(3)-(4)]
(1) Final Intermolecular Energy    : -5.448 (kcal/mol)
    Ligand - Receptor              : -5.448 (kcal/mol)
    Ligand - Flex side chains      : 0.000 (kcal/mol)
(2) Final Total Internal Energy    : -0.476 (kcal/mol)
    Ligand                         : -0.476 (kcal/mol)
    Flex   - Receptor              : 0.000 (kcal/mol)
    Flex   - Flex side chains      : 0.000 (kcal/mol)
(3) Torsional Free Energy          : 1.041 (kcal/mol)
(4) Unbound System's Energy        : -0.432 (kcal/mol)
ENERGY FROM SEARCH: -6.403
FINAL ENERGY: 
Estimated Free Energy of Binding   : -4.841 (kcal/mol) [=(1)+(2)+(3)-(4)]
(1) Final Intermolecular Energy    : -5.932 (kcal/mol)
    Ligand - Receptor              : -5.932 (kcal/mol)
    Ligand - Flex side chains      : 0.000 (kcal/mol)
(2) Final Total Internal Energy    : -0.473 (kcal/mol)
    Ligand                         : -0.473 (kcal/mol)
    Flex   - Receptor              : 0.000 (kcal/mol)
    Flex   - Flex side chains      : 0.000 (kcal/mol)
(3) Torsional Free Energy          : 1.132 (kcal/mol)
(4) Unbound System's Energy        : -0.432 (kcal/mol)
ENERGY FROM SEARCH: -5.503
FINAL ENERGY: 
Estimated Free Energy of Binding   : -4.111 (kcal/mol) [=(1)+(2)+(3)-(4)]
(1) Final Intermolecular Energy    : -5.114 (kcal/mol)
    Ligand - Receptor              : -5.114 (kcal/mol)
    Ligand - Flex side chains      : 0.000 (kcal/mol)
(2) Final Total Internal Energy    : -0.391 (kcal/mol)
    Ligand                         : -0.391 (kcal/mol)
    Flex   - Receptor              : 0.000 (kcal/mol)
    Flex   - Flex side chains      : 0.000 (kcal/mol)
(3) Torsional Free Energy          : 0.961 (kcal/mol)
(4) Unbound System's Energy        : -0.432 (kcal/mol)

mode |   affinity | dist from best mode
     | (kcal/mol) | rmsd l.b.| rmsd u.b.
-----+------------+----------+----------
   1      -5.2649     0.0000     0.0000
   2      -5.1785     1.2742     1.9397
   3      -5.1189     1.6506     2.3707
   4      -4.8862     1.1612     1.6047
   5      -4.8563     1.6463     2.5393
   6      -4.8407     2.1245     5.2818
   7      -4.6318     2.7030     3.2962
   8      -4.4509     3.5174     4.5301
   9      -4.3161     3.6416     5.9947
  10      -4.1113     4.7877     6.5108
