AutoDock Vina v1.2.3-52-g92d1779
#################################################################
# If you used AutoDock Vina in your work, please cite:          #
#                                                               #
# J. Eberhardt, D. Santos-Martins, A. F. Tillack, and S. Forli  #
# AutoDock Vina 1.2.0: New Docking Methods, Expanded Force      #
# Field, and Python Bindings, J. Chem. Inf. Model. (2021)       #
# DOI 10.1021/acs.jcim.1c00203                                  #
#                                                               #
# O. Trott, A. J. Olson,                                        #
# AutoDock Vina: improving the speed and accuracy of docking    #
# with a new scoring function, efficient optimization and       #
# multithreading, J. Comp. Chem. (2010)                         #
# DOI 10.1002/jcc.21334                                         #
#                                                               #
# Please see https://github.com/ccsb-scripps/AutoDock-Vina for  #
# more information.                                             #
#################################################################

Scoring function : vina
Rigid receptor: YihW_s_templ_cl2_min_model1.pdbqt
Ligand: SQ_Conformer3D_CID_86289062_21012023_avogadro.pdbqt
Grid center: X 37.211 Y 41.586 Z 40.288
Grid size  : X 68 Y 60 Z 74
Grid space : 1
Exhaustiveness: 32
CPU: 0
Verbosity: 2

Computing Vina grid ... done.
Performing docking (random seed: -248817452) ... 
0%   10   20   30   40   50   60   70   80   90   100%
|----|----|----|----|----|----|----|----|----|----|
***************************************************
done.
ENERGY FROM SEARCH: -6.02404
FINAL ENERGY: 
Estimated Free Energy of Binding   : -4.569 (kcal/mol) [=(1)+(2)+(3)-(4)]
(1) Final Intermolecular Energy    : -5.637 (kcal/mol)
    Ligand - Receptor              : -5.637 (kcal/mol)
    Ligand - Flex side chains      : 0.000 (kcal/mol)
(2) Final Total Internal Energy    : -0.385 (kcal/mol)
    Ligand                         : -0.385 (kcal/mol)
    Flex   - Receptor              : 0.000 (kcal/mol)
    Flex   - Flex side chains      : 0.000 (kcal/mol)
(3) Torsional Free Energy          : 1.068 (kcal/mol)
(4) Unbound System's Energy        : -0.385 (kcal/mol)
ENERGY FROM SEARCH: -5.890
FINAL ENERGY: 
Estimated Free Energy of Binding   : -4.464 (kcal/mol) [=(1)+(2)+(3)-(4)]
(1) Final Intermolecular Energy    : -5.464 (kcal/mol)
    Ligand - Receptor              : -5.464 (kcal/mol)
    Ligand - Flex side chains      : 0.000 (kcal/mol)
(2) Final Total Internal Energy    : -0.429 (kcal/mol)
    Ligand                         : -0.429 (kcal/mol)
    Flex   - Receptor              : 0.000 (kcal/mol)
    Flex   - Flex side chains      : 0.000 (kcal/mol)
(3) Torsional Free Energy          : 1.044 (kcal/mol)
(4) Unbound System's Energy        : -0.385 (kcal/mol)
ENERGY FROM SEARCH: -6.107
FINAL ENERGY: 
Estimated Free Energy of Binding   : -4.636 (kcal/mol) [=(1)+(2)+(3)-(4)]
(1) Final Intermolecular Energy    : -5.673 (kcal/mol)
    Ligand - Receptor              : -5.673 (kcal/mol)
    Ligand - Flex side chains      : 0.000 (kcal/mol)
(2) Final Total Internal Energy    : -0.432 (kcal/mol)
    Ligand                         : -0.432 (kcal/mol)
    Flex   - Receptor              : 0.000 (kcal/mol)
    Flex   - Flex side chains      : 0.000 (kcal/mol)
(3) Torsional Free Energy          : 1.084 (kcal/mol)
(4) Unbound System's Energy        : -0.385 (kcal/mol)
ENERGY FROM SEARCH: -5.809
FINAL ENERGY: 
Estimated Free Energy of Binding   : -4.396 (kcal/mol) [=(1)+(2)+(3)-(4)]
(1) Final Intermolecular Energy    : -5.390 (kcal/mol)
    Ligand - Receptor              : -5.390 (kcal/mol)
    Ligand - Flex side chains      : 0.000 (kcal/mol)
(2) Final Total Internal Energy    : -0.419 (kcal/mol)
    Ligand                         : -0.419 (kcal/mol)
    Flex   - Receptor              : 0.000 (kcal/mol)
    Flex   - Flex side chains      : 0.000 (kcal/mol)
(3) Torsional Free Energy          : 1.028 (kcal/mol)
(4) Unbound System's Energy        : -0.385 (kcal/mol)
ENERGY FROM SEARCH: -6.161
FINAL ENERGY: 
Estimated Free Energy of Binding   : -4.681 (kcal/mol) [=(1)+(2)+(3)-(4)]
(1) Final Intermolecular Energy    : -5.725 (kcal/mol)
    Ligand - Receptor              : -5.725 (kcal/mol)
    Ligand - Flex side chains      : 0.000 (kcal/mol)
(2) Final Total Internal Energy    : -0.436 (kcal/mol)
    Ligand                         : -0.436 (kcal/mol)
    Flex   - Receptor              : 0.000 (kcal/mol)
    Flex   - Flex side chains      : 0.000 (kcal/mol)
(3) Torsional Free Energy          : 1.095 (kcal/mol)
(4) Unbound System's Energy        : -0.385 (kcal/mol)
ENERGY FROM SEARCH: -6.129
FINAL ENERGY: 
Estimated Free Energy of Binding   : -4.656 (kcal/mol) [=(1)+(2)+(3)-(4)]
(1) Final Intermolecular Energy    : -5.941 (kcal/mol)
    Ligand - Receptor              : -5.941 (kcal/mol)
    Ligand - Flex side chains      : 0.000 (kcal/mol)
(2) Final Total Internal Energy    : -0.189 (kcal/mol)
    Ligand                         : -0.189 (kcal/mol)
    Flex   - Receptor              : 0.000 (kcal/mol)
    Flex   - Flex side chains      : 0.000 (kcal/mol)
(3) Torsional Free Energy          : 1.089 (kcal/mol)
(4) Unbound System's Energy        : -0.385 (kcal/mol)
ENERGY FROM SEARCH: -6.062
FINAL ENERGY: 
Estimated Free Energy of Binding   : -4.600 (kcal/mol) [=(1)+(2)+(3)-(4)]
(1) Final Intermolecular Energy    : -5.579 (kcal/mol)
    Ligand - Receptor              : -5.579 (kcal/mol)
    Ligand - Flex side chains      : 0.000 (kcal/mol)
(2) Final Total Internal Energy    : -0.481 (kcal/mol)
    Ligand                         : -0.481 (kcal/mol)
    Flex   - Receptor              : 0.000 (kcal/mol)
    Flex   - Flex side chains      : 0.000 (kcal/mol)
(3) Torsional Free Energy          : 1.076 (kcal/mol)
(4) Unbound System's Energy        : -0.385 (kcal/mol)
ENERGY FROM SEARCH: -5.934
FINAL ENERGY: 
Estimated Free Energy of Binding   : -4.497 (kcal/mol) [=(1)+(2)+(3)-(4)]
(1) Final Intermolecular Energy    : -5.559 (kcal/mol)
    Ligand - Receptor              : -5.559 (kcal/mol)
    Ligand - Flex side chains      : 0.000 (kcal/mol)
(2) Final Total Internal Energy    : -0.374 (kcal/mol)
    Ligand                         : -0.374 (kcal/mol)
    Flex   - Receptor              : 0.000 (kcal/mol)
    Flex   - Flex side chains      : 0.000 (kcal/mol)
(3) Torsional Free Energy          : 1.052 (kcal/mol)
(4) Unbound System's Energy        : -0.385 (kcal/mol)
ENERGY FROM SEARCH: -5.852
FINAL ENERGY: 
Estimated Free Energy of Binding   : -4.430 (kcal/mol) [=(1)+(2)+(3)-(4)]
(1) Final Intermolecular Energy    : -5.493 (kcal/mol)
    Ligand - Receptor              : -5.493 (kcal/mol)
    Ligand - Flex side chains      : 0.000 (kcal/mol)
(2) Final Total Internal Energy    : -0.359 (kcal/mol)
    Ligand                         : -0.359 (kcal/mol)
    Flex   - Receptor              : 0.000 (kcal/mol)
    Flex   - Flex side chains      : 0.000 (kcal/mol)
(3) Torsional Free Energy          : 1.036 (kcal/mol)
(4) Unbound System's Energy        : -0.385 (kcal/mol)
ENERGY FROM SEARCH: -5.512
FINAL ENERGY: 
Estimated Free Energy of Binding   : -4.156 (kcal/mol) [=(1)+(2)+(3)-(4)]
(1) Final Intermolecular Energy    : -5.100 (kcal/mol)
    Ligand - Receptor              : -5.100 (kcal/mol)
    Ligand - Flex side chains      : 0.000 (kcal/mol)
(2) Final Total Internal Energy    : -0.413 (kcal/mol)
    Ligand                         : -0.413 (kcal/mol)
    Flex   - Receptor              : 0.000 (kcal/mol)
    Flex   - Flex side chains      : 0.000 (kcal/mol)
(3) Torsional Free Energy          : 0.972 (kcal/mol)
(4) Unbound System's Energy        : -0.385 (kcal/mol)

mode |   affinity | dist from best mode
     | (kcal/mol) | rmsd l.b.| rmsd u.b.
-----+------------+----------+----------
   1      -4.6812     0.0000     0.0000
   2      -4.6559    15.1194    16.4119
   3      -4.6361    13.6240    15.3055
   4      -4.5996    28.1072    29.1544
   5      -4.5690     2.9912     4.6797
   6      -4.4970    12.8180    14.9283
   7      -4.4638     2.5831     3.1161
   8      -4.4304    12.9408    14.2404
   9      -4.3964    13.1981    13.8596
  10      -4.1560    13.9100    15.2465
