AutoDock Vina v1.2.3-52-g92d1779
#################################################################
# If you used AutoDock Vina in your work, please cite:          #
#                                                               #
# J. Eberhardt, D. Santos-Martins, A. F. Tillack, and S. Forli  #
# AutoDock Vina 1.2.0: New Docking Methods, Expanded Force      #
# Field, and Python Bindings, J. Chem. Inf. Model. (2021)       #
# DOI 10.1021/acs.jcim.1c00203                                  #
#                                                               #
# O. Trott, A. J. Olson,                                        #
# AutoDock Vina: improving the speed and accuracy of docking    #
# with a new scoring function, efficient optimization and       #
# multithreading, J. Comp. Chem. (2010)                         #
# DOI 10.1002/jcc.21334                                         #
#                                                               #
# Please see https://github.com/ccsb-scripps/AutoDock-Vina for  #
# more information.                                             #
#################################################################

Scoring function : vina
Rigid receptor: YihW_s_templ_cl2_min_model1.pdbqt
Ligand: SQ_Conformer3D_CID_86289062_21012023_avogadro.pdbqt
Grid center: X 37.211 Y 41.586 Z 40.288
Grid size  : X 68 Y 60 Z 74
Grid space : 1
Exhaustiveness: 32
CPU: 0
Verbosity: 2

Computing Vina grid ... done.
Performing docking (random seed: 124082021) ... 
0%   10   20   30   40   50   60   70   80   90   100%
|----|----|----|----|----|----|----|----|----|----|
***************************************************
done.
ENERGY FROM SEARCH: -7.02194
FINAL ENERGY: 
Estimated Free Energy of Binding   : -5.525 (kcal/mol) [=(1)+(2)+(3)-(4)]
(1) Final Intermolecular Energy    : -6.817 (kcal/mol)
    Ligand - Receptor              : -6.817 (kcal/mol)
    Ligand - Flex side chains      : 0.000 (kcal/mol)
(2) Final Total Internal Energy    : -0.205 (kcal/mol)
    Ligand                         : -0.205 (kcal/mol)
    Flex   - Receptor              : 0.000 (kcal/mol)
    Flex   - Flex side chains      : 0.000 (kcal/mol)
(3) Torsional Free Energy          : 1.292 (kcal/mol)
(4) Unbound System's Energy        : -0.205 (kcal/mol)
ENERGY FROM SEARCH: -6.708
FINAL ENERGY: 
Estimated Free Energy of Binding   : -5.267 (kcal/mol) [=(1)+(2)+(3)-(4)]
(1) Final Intermolecular Energy    : -6.325 (kcal/mol)
    Ligand - Receptor              : -6.325 (kcal/mol)
    Ligand - Flex side chains      : 0.000 (kcal/mol)
(2) Final Total Internal Energy    : -0.378 (kcal/mol)
    Ligand                         : -0.378 (kcal/mol)
    Flex   - Receptor              : 0.000 (kcal/mol)
    Flex   - Flex side chains      : 0.000 (kcal/mol)
(3) Torsional Free Energy          : 1.232 (kcal/mol)
(4) Unbound System's Energy        : -0.205 (kcal/mol)
ENERGY FROM SEARCH: -6.024
FINAL ENERGY: 
Estimated Free Energy of Binding   : -4.714 (kcal/mol) [=(1)+(2)+(3)-(4)]
(1) Final Intermolecular Energy    : -5.645 (kcal/mol)
    Ligand - Receptor              : -5.645 (kcal/mol)
    Ligand - Flex side chains      : 0.000 (kcal/mol)
(2) Final Total Internal Energy    : -0.376 (kcal/mol)
    Ligand                         : -0.376 (kcal/mol)
    Flex   - Receptor              : 0.000 (kcal/mol)
    Flex   - Flex side chains      : 0.000 (kcal/mol)
(3) Torsional Free Energy          : 1.102 (kcal/mol)
(4) Unbound System's Energy        : -0.205 (kcal/mol)
ENERGY FROM SEARCH: -5.669
FINAL ENERGY: 
Estimated Free Energy of Binding   : -4.428 (kcal/mol) [=(1)+(2)+(3)-(4)]
(1) Final Intermolecular Energy    : -5.282 (kcal/mol)
    Ligand - Receptor              : -5.282 (kcal/mol)
    Ligand - Flex side chains      : 0.000 (kcal/mol)
(2) Final Total Internal Energy    : -0.387 (kcal/mol)
    Ligand                         : -0.387 (kcal/mol)
    Flex   - Receptor              : 0.000 (kcal/mol)
    Flex   - Flex side chains      : 0.000 (kcal/mol)
(3) Torsional Free Energy          : 1.035 (kcal/mol)
(4) Unbound System's Energy        : -0.205 (kcal/mol)
ENERGY FROM SEARCH: -6.040
FINAL ENERGY: 
Estimated Free Energy of Binding   : -4.728 (kcal/mol) [=(1)+(2)+(3)-(4)]
(1) Final Intermolecular Energy    : -5.562 (kcal/mol)
    Ligand - Receptor              : -5.562 (kcal/mol)
    Ligand - Flex side chains      : 0.000 (kcal/mol)
(2) Final Total Internal Energy    : -0.478 (kcal/mol)
    Ligand                         : -0.478 (kcal/mol)
    Flex   - Receptor              : 0.000 (kcal/mol)
    Flex   - Flex side chains      : 0.000 (kcal/mol)
(3) Torsional Free Energy          : 1.106 (kcal/mol)
(4) Unbound System's Energy        : -0.205 (kcal/mol)
ENERGY FROM SEARCH: -6.313
FINAL ENERGY: 
Estimated Free Energy of Binding   : -4.950 (kcal/mol) [=(1)+(2)+(3)-(4)]
(1) Final Intermolecular Energy    : -5.875 (kcal/mol)
    Ligand - Receptor              : -5.875 (kcal/mol)
    Ligand - Flex side chains      : 0.000 (kcal/mol)
(2) Final Total Internal Energy    : -0.438 (kcal/mol)
    Ligand                         : -0.438 (kcal/mol)
    Flex   - Receptor              : 0.000 (kcal/mol)
    Flex   - Flex side chains      : 0.000 (kcal/mol)
(3) Torsional Free Energy          : 1.157 (kcal/mol)
(4) Unbound System's Energy        : -0.205 (kcal/mol)
ENERGY FROM SEARCH: -5.891
FINAL ENERGY: 
Estimated Free Energy of Binding   : -4.609 (kcal/mol) [=(1)+(2)+(3)-(4)]
(1) Final Intermolecular Energy    : -5.524 (kcal/mol)
    Ligand - Receptor              : -5.524 (kcal/mol)
    Ligand - Flex side chains      : 0.000 (kcal/mol)
(2) Final Total Internal Energy    : -0.368 (kcal/mol)
    Ligand                         : -0.368 (kcal/mol)
    Flex   - Receptor              : 0.000 (kcal/mol)
    Flex   - Flex side chains      : 0.000 (kcal/mol)
(3) Torsional Free Energy          : 1.078 (kcal/mol)
(4) Unbound System's Energy        : -0.205 (kcal/mol)
ENERGY FROM SEARCH: -5.523
FINAL ENERGY: 
Estimated Free Energy of Binding   : -4.308 (kcal/mol) [=(1)+(2)+(3)-(4)]
(1) Final Intermolecular Energy    : -5.073 (kcal/mol)
    Ligand - Receptor              : -5.073 (kcal/mol)
    Ligand - Flex side chains      : 0.000 (kcal/mol)
(2) Final Total Internal Energy    : -0.448 (kcal/mol)
    Ligand                         : -0.448 (kcal/mol)
    Flex   - Receptor              : 0.000 (kcal/mol)
    Flex   - Flex side chains      : 0.000 (kcal/mol)
(3) Torsional Free Energy          : 1.007 (kcal/mol)
(4) Unbound System's Energy        : -0.205 (kcal/mol)
ENERGY FROM SEARCH: -6.048
FINAL ENERGY: 
Estimated Free Energy of Binding   : -4.736 (kcal/mol) [=(1)+(2)+(3)-(4)]
(1) Final Intermolecular Energy    : -5.566 (kcal/mol)
    Ligand - Receptor              : -5.566 (kcal/mol)
    Ligand - Flex side chains      : 0.000 (kcal/mol)
(2) Final Total Internal Energy    : -0.483 (kcal/mol)
    Ligand                         : -0.483 (kcal/mol)
    Flex   - Receptor              : 0.000 (kcal/mol)
    Flex   - Flex side chains      : 0.000 (kcal/mol)
(3) Torsional Free Energy          : 1.107 (kcal/mol)
(4) Unbound System's Energy        : -0.205 (kcal/mol)
ENERGY FROM SEARCH: -5.419
FINAL ENERGY: 
Estimated Free Energy of Binding   : -4.226 (kcal/mol) [=(1)+(2)+(3)-(4)]
(1) Final Intermolecular Energy    : -4.945 (kcal/mol)
    Ligand - Receptor              : -4.945 (kcal/mol)
    Ligand - Flex side chains      : 0.000 (kcal/mol)
(2) Final Total Internal Energy    : -0.474 (kcal/mol)
    Ligand                         : -0.474 (kcal/mol)
    Flex   - Receptor              : 0.000 (kcal/mol)
    Flex   - Flex side chains      : 0.000 (kcal/mol)
(3) Torsional Free Energy          : 0.988 (kcal/mol)
(4) Unbound System's Energy        : -0.205 (kcal/mol)

mode |   affinity | dist from best mode
     | (kcal/mol) | rmsd l.b.| rmsd u.b.
-----+------------+----------+----------
   1      -5.5250     0.0000     0.0000
   2      -5.2665     2.0925     2.7323
   3      -4.9500    11.4952    13.7095
   4      -4.7360    26.7831    27.9277
   5      -4.7284    11.6640    12.9638
   6      -4.7141     2.0749     2.5596
   7      -4.6090     2.8243     3.8900
   8      -4.4282     1.8779     2.5716
   9      -4.3080     6.1275     8.2962
  10      -4.2257     4.4269     7.0633
