AutoDock Vina v1.2.3-52-g92d1779
#################################################################
# If you used AutoDock Vina in your work, please cite:          #
#                                                               #
# J. Eberhardt, D. Santos-Martins, A. F. Tillack, and S. Forli  #
# AutoDock Vina 1.2.0: New Docking Methods, Expanded Force      #
# Field, and Python Bindings, J. Chem. Inf. Model. (2021)       #
# DOI 10.1021/acs.jcim.1c00203                                  #
#                                                               #
# O. Trott, A. J. Olson,                                        #
# AutoDock Vina: improving the speed and accuracy of docking    #
# with a new scoring function, efficient optimization and       #
# multithreading, J. Comp. Chem. (2010)                         #
# DOI 10.1002/jcc.21334                                         #
#                                                               #
# Please see https://github.com/ccsb-scripps/AutoDock-Vina for  #
# more information.                                             #
#################################################################

Scoring function : vina
Rigid receptor: YihW_s_templ_cl1_min_model12.pdbqt
Ligand: SQ_Conformer3D_CID_86289062_21012023_avogadro.pdbqt
Grid center: X 37.211 Y 41.586 Z 40.288
Grid size  : X 68 Y 60 Z 74
Grid space : 1
Exhaustiveness: 32
CPU: 0
Verbosity: 2

Computing Vina grid ... done.
Performing docking (random seed: -408839335) ... 
0%   10   20   30   40   50   60   70   80   90   100%
|----|----|----|----|----|----|----|----|----|----|
***************************************************
done.
ENERGY FROM SEARCH: -6.90276
FINAL ENERGY: 
Estimated Free Energy of Binding   : -5.246 (kcal/mol) [=(1)+(2)+(3)-(4)]
(1) Final Intermolecular Energy    : -6.472 (kcal/mol)
    Ligand - Receptor              : -6.472 (kcal/mol)
    Ligand - Flex side chains      : 0.000 (kcal/mol)
(2) Final Total Internal Energy    : -0.430 (kcal/mol)
    Ligand                         : -0.430 (kcal/mol)
    Flex   - Receptor              : 0.000 (kcal/mol)
    Flex   - Flex side chains      : 0.000 (kcal/mol)
(3) Torsional Free Energy          : 1.227 (kcal/mol)
(4) Unbound System's Energy        : -0.430 (kcal/mol)
ENERGY FROM SEARCH: -6.948
FINAL ENERGY: 
Estimated Free Energy of Binding   : -5.281 (kcal/mol) [=(1)+(2)+(3)-(4)]
(1) Final Intermolecular Energy    : -6.510 (kcal/mol)
    Ligand - Receptor              : -6.510 (kcal/mol)
    Ligand - Flex side chains      : 0.000 (kcal/mol)
(2) Final Total Internal Energy    : -0.435 (kcal/mol)
    Ligand                         : -0.435 (kcal/mol)
    Flex   - Receptor              : 0.000 (kcal/mol)
    Flex   - Flex side chains      : 0.000 (kcal/mol)
(3) Torsional Free Energy          : 1.235 (kcal/mol)
(4) Unbound System's Energy        : -0.430 (kcal/mol)
ENERGY FROM SEARCH: -5.780
FINAL ENERGY: 
Estimated Free Energy of Binding   : -4.338 (kcal/mol) [=(1)+(2)+(3)-(4)]
(1) Final Intermolecular Energy    : -5.382 (kcal/mol)
    Ligand - Receptor              : -5.382 (kcal/mol)
    Ligand - Flex side chains      : 0.000 (kcal/mol)
(2) Final Total Internal Energy    : -0.400 (kcal/mol)
    Ligand                         : -0.400 (kcal/mol)
    Flex   - Receptor              : 0.000 (kcal/mol)
    Flex   - Flex side chains      : 0.000 (kcal/mol)
(3) Torsional Free Energy          : 1.014 (kcal/mol)
(4) Unbound System's Energy        : -0.430 (kcal/mol)
ENERGY FROM SEARCH: -6.104
FINAL ENERGY: 
Estimated Free Energy of Binding   : -4.598 (kcal/mol) [=(1)+(2)+(3)-(4)]
(1) Final Intermolecular Energy    : -5.628 (kcal/mol)
    Ligand - Receptor              : -5.628 (kcal/mol)
    Ligand - Flex side chains      : 0.000 (kcal/mol)
(2) Final Total Internal Energy    : -0.475 (kcal/mol)
    Ligand                         : -0.475 (kcal/mol)
    Flex   - Receptor              : 0.000 (kcal/mol)
    Flex   - Flex side chains      : 0.000 (kcal/mol)
(3) Torsional Free Energy          : 1.075 (kcal/mol)
(4) Unbound System's Energy        : -0.430 (kcal/mol)
ENERGY FROM SEARCH: -6.186
FINAL ENERGY: 
Estimated Free Energy of Binding   : -4.665 (kcal/mol) [=(1)+(2)+(3)-(4)]
(1) Final Intermolecular Energy    : -5.713 (kcal/mol)
    Ligand - Receptor              : -5.713 (kcal/mol)
    Ligand - Flex side chains      : 0.000 (kcal/mol)
(2) Final Total Internal Energy    : -0.473 (kcal/mol)
    Ligand                         : -0.473 (kcal/mol)
    Flex   - Receptor              : 0.000 (kcal/mol)
    Flex   - Flex side chains      : 0.000 (kcal/mol)
(3) Torsional Free Energy          : 1.091 (kcal/mol)
(4) Unbound System's Energy        : -0.430 (kcal/mol)
ENERGY FROM SEARCH: -5.923
FINAL ENERGY: 
Estimated Free Energy of Binding   : -4.450 (kcal/mol) [=(1)+(2)+(3)-(4)]
(1) Final Intermolecular Energy    : -5.464 (kcal/mol)
    Ligand - Receptor              : -5.464 (kcal/mol)
    Ligand - Flex side chains      : 0.000 (kcal/mol)
(2) Final Total Internal Energy    : -0.456 (kcal/mol)
    Ligand                         : -0.456 (kcal/mol)
    Flex   - Receptor              : 0.000 (kcal/mol)
    Flex   - Flex side chains      : 0.000 (kcal/mol)
(3) Torsional Free Energy          : 1.041 (kcal/mol)
(4) Unbound System's Energy        : -0.430 (kcal/mol)
ENERGY FROM SEARCH: -5.617
FINAL ENERGY: 
Estimated Free Energy of Binding   : -4.205 (kcal/mol) [=(1)+(2)+(3)-(4)]
(1) Final Intermolecular Energy    : -5.141 (kcal/mol)
    Ligand - Receptor              : -5.141 (kcal/mol)
    Ligand - Flex side chains      : 0.000 (kcal/mol)
(2) Final Total Internal Energy    : -0.477 (kcal/mol)
    Ligand                         : -0.477 (kcal/mol)
    Flex   - Receptor              : 0.000 (kcal/mol)
    Flex   - Flex side chains      : 0.000 (kcal/mol)
(3) Torsional Free Energy          : 0.983 (kcal/mol)
(4) Unbound System's Energy        : -0.430 (kcal/mol)
ENERGY FROM SEARCH: -6.570
FINAL ENERGY: 
Estimated Free Energy of Binding   : -4.977 (kcal/mol) [=(1)+(2)+(3)-(4)]
(1) Final Intermolecular Energy    : -6.092 (kcal/mol)
    Ligand - Receptor              : -6.092 (kcal/mol)
    Ligand - Flex side chains      : 0.000 (kcal/mol)
(2) Final Total Internal Energy    : -0.479 (kcal/mol)
    Ligand                         : -0.479 (kcal/mol)
    Flex   - Receptor              : 0.000 (kcal/mol)
    Flex   - Flex side chains      : 0.000 (kcal/mol)
(3) Torsional Free Energy          : 1.164 (kcal/mol)
(4) Unbound System's Energy        : -0.430 (kcal/mol)
ENERGY FROM SEARCH: -6.178
FINAL ENERGY: 
Estimated Free Energy of Binding   : -4.658 (kcal/mol) [=(1)+(2)+(3)-(4)]
(1) Final Intermolecular Energy    : -5.703 (kcal/mol)
    Ligand - Receptor              : -5.703 (kcal/mol)
    Ligand - Flex side chains      : 0.000 (kcal/mol)
(2) Final Total Internal Energy    : -0.473 (kcal/mol)
    Ligand                         : -0.473 (kcal/mol)
    Flex   - Receptor              : 0.000 (kcal/mol)
    Flex   - Flex side chains      : 0.000 (kcal/mol)
(3) Torsional Free Energy          : 1.089 (kcal/mol)
(4) Unbound System's Energy        : -0.430 (kcal/mol)
ENERGY FROM SEARCH: -5.504
FINAL ENERGY: 
Estimated Free Energy of Binding   : -4.115 (kcal/mol) [=(1)+(2)+(3)-(4)]
(1) Final Intermolecular Energy    : -5.183 (kcal/mol)
    Ligand - Receptor              : -5.183 (kcal/mol)
    Ligand - Flex side chains      : 0.000 (kcal/mol)
(2) Final Total Internal Energy    : -0.324 (kcal/mol)
    Ligand                         : -0.324 (kcal/mol)
    Flex   - Receptor              : 0.000 (kcal/mol)
    Flex   - Flex side chains      : 0.000 (kcal/mol)
(3) Torsional Free Energy          : 0.962 (kcal/mol)
(4) Unbound System's Energy        : -0.430 (kcal/mol)

mode |   affinity | dist from best mode
     | (kcal/mol) | rmsd l.b.| rmsd u.b.
-----+------------+----------+----------
   1      -5.2807     0.0000     0.0000
   2      -5.2457     1.6464     2.3044
   3      -4.9771     2.1194     5.2838
   4      -4.6649     1.1599     2.7216
   5      -4.6577     2.7207     3.6412
   6      -4.5975     3.8096     5.6690
   7      -4.4502     2.0413     4.9271
   8      -4.3377     1.6429     2.2839
   9      -4.2051     4.8110     6.5809
  10      -4.1149     1.9715     3.0331
