AutoDock Vina v1.2.3-52-g92d1779
#################################################################
# If you used AutoDock Vina in your work, please cite:          #
#                                                               #
# J. Eberhardt, D. Santos-Martins, A. F. Tillack, and S. Forli  #
# AutoDock Vina 1.2.0: New Docking Methods, Expanded Force      #
# Field, and Python Bindings, J. Chem. Inf. Model. (2021)       #
# DOI 10.1021/acs.jcim.1c00203                                  #
#                                                               #
# O. Trott, A. J. Olson,                                        #
# AutoDock Vina: improving the speed and accuracy of docking    #
# with a new scoring function, efficient optimization and       #
# multithreading, J. Comp. Chem. (2010)                         #
# DOI 10.1002/jcc.21334                                         #
#                                                               #
# Please see https://github.com/ccsb-scripps/AutoDock-Vina for  #
# more information.                                             #
#################################################################

Scoring function : vina
Rigid receptor: YihW_s_templ_cl1_min_model12.pdbqt
Ligand: SQ_Conformer3D_CID_86289062_21012023_avogadro.pdbqt
Grid center: X 37.211 Y 41.586 Z 40.288
Grid size  : X 68 Y 60 Z 74
Grid space : 1
Exhaustiveness: 32
CPU: 0
Verbosity: 2

Computing Vina grid ... done.
Performing docking (random seed: -1004810437) ... 
0%   10   20   30   40   50   60   70   80   90   100%
|----|----|----|----|----|----|----|----|----|----|
***************************************************
done.
ENERGY FROM SEARCH: -6.80945
FINAL ENERGY: 
Estimated Free Energy of Binding   : -5.171 (kcal/mol) [=(1)+(2)+(3)-(4)]
(1) Final Intermolecular Energy    : -6.380 (kcal/mol)
    Ligand - Receptor              : -6.380 (kcal/mol)
    Ligand - Flex side chains      : 0.000 (kcal/mol)
(2) Final Total Internal Energy    : -0.430 (kcal/mol)
    Ligand                         : -0.430 (kcal/mol)
    Flex   - Receptor              : 0.000 (kcal/mol)
    Flex   - Flex side chains      : 0.000 (kcal/mol)
(3) Torsional Free Energy          : 1.209 (kcal/mol)
(4) Unbound System's Energy        : -0.430 (kcal/mol)
ENERGY FROM SEARCH: -6.892
FINAL ENERGY: 
Estimated Free Energy of Binding   : -5.236 (kcal/mol) [=(1)+(2)+(3)-(4)]
(1) Final Intermolecular Energy    : -6.458 (kcal/mol)
    Ligand - Receptor              : -6.458 (kcal/mol)
    Ligand - Flex side chains      : 0.000 (kcal/mol)
(2) Final Total Internal Energy    : -0.432 (kcal/mol)
    Ligand                         : -0.432 (kcal/mol)
    Flex   - Receptor              : 0.000 (kcal/mol)
    Flex   - Flex side chains      : 0.000 (kcal/mol)
(3) Torsional Free Energy          : 1.224 (kcal/mol)
(4) Unbound System's Energy        : -0.430 (kcal/mol)
ENERGY FROM SEARCH: -6.872
FINAL ENERGY: 
Estimated Free Energy of Binding   : -5.222 (kcal/mol) [=(1)+(2)+(3)-(4)]
(1) Final Intermolecular Energy    : -6.446 (kcal/mol)
    Ligand - Receptor              : -6.446 (kcal/mol)
    Ligand - Flex side chains      : 0.000 (kcal/mol)
(2) Final Total Internal Energy    : -0.427 (kcal/mol)
    Ligand                         : -0.427 (kcal/mol)
    Flex   - Receptor              : 0.000 (kcal/mol)
    Flex   - Flex side chains      : 0.000 (kcal/mol)
(3) Torsional Free Energy          : 1.221 (kcal/mol)
(4) Unbound System's Energy        : -0.430 (kcal/mol)
ENERGY FROM SEARCH: -5.913
FINAL ENERGY: 
Estimated Free Energy of Binding   : -4.445 (kcal/mol) [=(1)+(2)+(3)-(4)]
(1) Final Intermolecular Energy    : -5.500 (kcal/mol)
    Ligand - Receptor              : -5.500 (kcal/mol)
    Ligand - Flex side chains      : 0.000 (kcal/mol)
(2) Final Total Internal Energy    : -0.414 (kcal/mol)
    Ligand                         : -0.414 (kcal/mol)
    Flex   - Receptor              : 0.000 (kcal/mol)
    Flex   - Flex side chains      : 0.000 (kcal/mol)
(3) Torsional Free Energy          : 1.039 (kcal/mol)
(4) Unbound System's Energy        : -0.430 (kcal/mol)
ENERGY FROM SEARCH: -6.129
FINAL ENERGY: 
Estimated Free Energy of Binding   : -4.620 (kcal/mol) [=(1)+(2)+(3)-(4)]
(1) Final Intermolecular Energy    : -5.667 (kcal/mol)
    Ligand - Receptor              : -5.667 (kcal/mol)
    Ligand - Flex side chains      : 0.000 (kcal/mol)
(2) Final Total Internal Energy    : -0.464 (kcal/mol)
    Ligand                         : -0.464 (kcal/mol)
    Flex   - Receptor              : 0.000 (kcal/mol)
    Flex   - Flex side chains      : 0.000 (kcal/mol)
(3) Torsional Free Energy          : 1.080 (kcal/mol)
(4) Unbound System's Energy        : -0.430 (kcal/mol)
ENERGY FROM SEARCH: -6.047
FINAL ENERGY: 
Estimated Free Energy of Binding   : -4.549 (kcal/mol) [=(1)+(2)+(3)-(4)]
(1) Final Intermolecular Energy    : -5.646 (kcal/mol)
    Ligand - Receptor              : -5.646 (kcal/mol)
    Ligand - Flex side chains      : 0.000 (kcal/mol)
(2) Final Total Internal Energy    : -0.397 (kcal/mol)
    Ligand                         : -0.397 (kcal/mol)
    Flex   - Receptor              : 0.000 (kcal/mol)
    Flex   - Flex side chains      : 0.000 (kcal/mol)
(3) Torsional Free Energy          : 1.064 (kcal/mol)
(4) Unbound System's Energy        : -0.430 (kcal/mol)
ENERGY FROM SEARCH: -5.922
FINAL ENERGY: 
Estimated Free Energy of Binding   : -4.449 (kcal/mol) [=(1)+(2)+(3)-(4)]
(1) Final Intermolecular Energy    : -5.548 (kcal/mol)
    Ligand - Receptor              : -5.548 (kcal/mol)
    Ligand - Flex side chains      : 0.000 (kcal/mol)
(2) Final Total Internal Energy    : -0.372 (kcal/mol)
    Ligand                         : -0.372 (kcal/mol)
    Flex   - Receptor              : 0.000 (kcal/mol)
    Flex   - Flex side chains      : 0.000 (kcal/mol)
(3) Torsional Free Energy          : 1.040 (kcal/mol)
(4) Unbound System's Energy        : -0.430 (kcal/mol)
ENERGY FROM SEARCH: -5.623
FINAL ENERGY: 
Estimated Free Energy of Binding   : -4.210 (kcal/mol) [=(1)+(2)+(3)-(4)]
(1) Final Intermolecular Energy    : -5.140 (kcal/mol)
    Ligand - Receptor              : -5.140 (kcal/mol)
    Ligand - Flex side chains      : 0.000 (kcal/mol)
(2) Final Total Internal Energy    : -0.485 (kcal/mol)
    Ligand                         : -0.485 (kcal/mol)
    Flex   - Receptor              : 0.000 (kcal/mol)
    Flex   - Flex side chains      : 0.000 (kcal/mol)
(3) Torsional Free Energy          : 0.985 (kcal/mol)
(4) Unbound System's Energy        : -0.430 (kcal/mol)
ENERGY FROM SEARCH: -5.872
FINAL ENERGY: 
Estimated Free Energy of Binding   : -4.413 (kcal/mol) [=(1)+(2)+(3)-(4)]
(1) Final Intermolecular Energy    : -5.427 (kcal/mol)
    Ligand - Receptor              : -5.427 (kcal/mol)
    Ligand - Flex side chains      : 0.000 (kcal/mol)
(2) Final Total Internal Energy    : -0.447 (kcal/mol)
    Ligand                         : -0.447 (kcal/mol)
    Flex   - Receptor              : 0.000 (kcal/mol)
    Flex   - Flex side chains      : 0.000 (kcal/mol)
(3) Torsional Free Energy          : 1.032 (kcal/mol)
(4) Unbound System's Energy        : -0.430 (kcal/mol)
ENERGY FROM SEARCH: -6.187
FINAL ENERGY: 
Estimated Free Energy of Binding   : -4.670 (kcal/mol) [=(1)+(2)+(3)-(4)]
(1) Final Intermolecular Energy    : -5.718 (kcal/mol)
    Ligand - Receptor              : -5.718 (kcal/mol)
    Ligand - Flex side chains      : 0.000 (kcal/mol)
(2) Final Total Internal Energy    : -0.474 (kcal/mol)
    Ligand                         : -0.474 (kcal/mol)
    Flex   - Receptor              : 0.000 (kcal/mol)
    Flex   - Flex side chains      : 0.000 (kcal/mol)
(3) Torsional Free Energy          : 1.092 (kcal/mol)
(4) Unbound System's Energy        : -0.430 (kcal/mol)

mode |   affinity | dist from best mode
     | (kcal/mol) | rmsd l.b.| rmsd u.b.
-----+------------+----------+----------
   1      -5.2358     0.0000     0.0000
   2      -5.2223     0.0874     1.0949
   3      -5.1711     1.7084     2.2451
   4      -4.6698     2.7973     3.9222
   5      -4.6198     3.8524     5.7314
   6      -4.5489     1.1335     2.7030
   7      -4.4493     3.4829     4.4900
   8      -4.4448     1.6769     2.5050
   9      -4.4125     2.1104     4.9733
  10      -4.2102     3.6312     5.9723
