AutoDock Vina v1.2.3-52-g92d1779
#################################################################
# If you used AutoDock Vina in your work, please cite:          #
#                                                               #
# J. Eberhardt, D. Santos-Martins, A. F. Tillack, and S. Forli  #
# AutoDock Vina 1.2.0: New Docking Methods, Expanded Force      #
# Field, and Python Bindings, J. Chem. Inf. Model. (2021)       #
# DOI 10.1021/acs.jcim.1c00203                                  #
#                                                               #
# O. Trott, A. J. Olson,                                        #
# AutoDock Vina: improving the speed and accuracy of docking    #
# with a new scoring function, efficient optimization and       #
# multithreading, J. Comp. Chem. (2010)                         #
# DOI 10.1002/jcc.21334                                         #
#                                                               #
# Please see https://github.com/ccsb-scripps/AutoDock-Vina for  #
# more information.                                             #
#################################################################

Scoring function : vina
Rigid receptor: YihW_s_templ_cl1_min_model12.pdbqt
Ligand: SQ_Conformer3D_CID_86289062_21012023_avogadro.pdbqt
Grid center: X 37.211 Y 41.586 Z 40.288
Grid size  : X 68 Y 60 Z 74
Grid space : 1
Exhaustiveness: 32
CPU: 0
Verbosity: 2

Computing Vina grid ... done.
Performing docking (random seed: 1670509006) ... 
0%   10   20   30   40   50   60   70   80   90   100%
|----|----|----|----|----|----|----|----|----|----|
***************************************************
done.
ENERGY FROM SEARCH: -6.75471
FINAL ENERGY: 
Estimated Free Energy of Binding   : -5.126 (kcal/mol) [=(1)+(2)+(3)-(4)]
(1) Final Intermolecular Energy    : -6.324 (kcal/mol)
    Ligand - Receptor              : -6.324 (kcal/mol)
    Ligand - Flex side chains      : 0.000 (kcal/mol)
(2) Final Total Internal Energy    : -0.433 (kcal/mol)
    Ligand                         : -0.433 (kcal/mol)
    Flex   - Receptor              : 0.000 (kcal/mol)
    Flex   - Flex side chains      : 0.000 (kcal/mol)
(3) Torsional Free Energy          : 1.199 (kcal/mol)
(4) Unbound System's Energy        : -0.433 (kcal/mol)
ENERGY FROM SEARCH: -6.945
FINAL ENERGY: 
Estimated Free Energy of Binding   : -5.274 (kcal/mol) [=(1)+(2)+(3)-(4)]
(1) Final Intermolecular Energy    : -6.505 (kcal/mol)
    Ligand - Receptor              : -6.505 (kcal/mol)
    Ligand - Flex side chains      : 0.000 (kcal/mol)
(2) Final Total Internal Energy    : -0.436 (kcal/mol)
    Ligand                         : -0.436 (kcal/mol)
    Flex   - Receptor              : 0.000 (kcal/mol)
    Flex   - Flex side chains      : 0.000 (kcal/mol)
(3) Torsional Free Energy          : 1.233 (kcal/mol)
(4) Unbound System's Energy        : -0.433 (kcal/mol)
ENERGY FROM SEARCH: -6.428
FINAL ENERGY: 
Estimated Free Energy of Binding   : -4.861 (kcal/mol) [=(1)+(2)+(3)-(4)]
(1) Final Intermolecular Energy    : -6.200 (kcal/mol)
    Ligand - Receptor              : -6.200 (kcal/mol)
    Ligand - Flex side chains      : 0.000 (kcal/mol)
(2) Final Total Internal Energy    : -0.230 (kcal/mol)
    Ligand                         : -0.230 (kcal/mol)
    Flex   - Receptor              : 0.000 (kcal/mol)
    Flex   - Flex side chains      : 0.000 (kcal/mol)
(3) Torsional Free Energy          : 1.137 (kcal/mol)
(4) Unbound System's Energy        : -0.433 (kcal/mol)
ENERGY FROM SEARCH: -7.183
FINAL ENERGY: 
Estimated Free Energy of Binding   : -5.471 (kcal/mol) [=(1)+(2)+(3)-(4)]
(1) Final Intermolecular Energy    : -6.811 (kcal/mol)
    Ligand - Receptor              : -6.811 (kcal/mol)
    Ligand - Flex side chains      : 0.000 (kcal/mol)
(2) Final Total Internal Energy    : -0.372 (kcal/mol)
    Ligand                         : -0.372 (kcal/mol)
    Flex   - Receptor              : 0.000 (kcal/mol)
    Flex   - Flex side chains      : 0.000 (kcal/mol)
(3) Torsional Free Energy          : 1.279 (kcal/mol)
(4) Unbound System's Energy        : -0.433 (kcal/mol)
ENERGY FROM SEARCH: -5.968
FINAL ENERGY: 
Estimated Free Energy of Binding   : -4.486 (kcal/mol) [=(1)+(2)+(3)-(4)]
(1) Final Intermolecular Energy    : -5.485 (kcal/mol)
    Ligand - Receptor              : -5.485 (kcal/mol)
    Ligand - Flex side chains      : 0.000 (kcal/mol)
(2) Final Total Internal Energy    : -0.483 (kcal/mol)
    Ligand                         : -0.483 (kcal/mol)
    Flex   - Receptor              : 0.000 (kcal/mol)
    Flex   - Flex side chains      : 0.000 (kcal/mol)
(3) Torsional Free Energy          : 1.049 (kcal/mol)
(4) Unbound System's Energy        : -0.433 (kcal/mol)
ENERGY FROM SEARCH: -5.637
FINAL ENERGY: 
Estimated Free Energy of Binding   : -4.216 (kcal/mol) [=(1)+(2)+(3)-(4)]
(1) Final Intermolecular Energy    : -5.149 (kcal/mol)
    Ligand - Receptor              : -5.149 (kcal/mol)
    Ligand - Flex side chains      : 0.000 (kcal/mol)
(2) Final Total Internal Energy    : -0.485 (kcal/mol)
    Ligand                         : -0.485 (kcal/mol)
    Flex   - Receptor              : 0.000 (kcal/mol)
    Flex   - Flex side chains      : 0.000 (kcal/mol)
(3) Torsional Free Energy          : 0.986 (kcal/mol)
(4) Unbound System's Energy        : -0.433 (kcal/mol)
ENERGY FROM SEARCH: -5.915
FINAL ENERGY: 
Estimated Free Energy of Binding   : -4.443 (kcal/mol) [=(1)+(2)+(3)-(4)]
(1) Final Intermolecular Energy    : -5.499 (kcal/mol)
    Ligand - Receptor              : -5.499 (kcal/mol)
    Ligand - Flex side chains      : 0.000 (kcal/mol)
(2) Final Total Internal Energy    : -0.415 (kcal/mol)
    Ligand                         : -0.415 (kcal/mol)
    Flex   - Receptor              : 0.000 (kcal/mol)
    Flex   - Flex side chains      : 0.000 (kcal/mol)
(3) Torsional Free Energy          : 1.039 (kcal/mol)
(4) Unbound System's Energy        : -0.433 (kcal/mol)
ENERGY FROM SEARCH: -6.665
FINAL ENERGY: 
Estimated Free Energy of Binding   : -5.050 (kcal/mol) [=(1)+(2)+(3)-(4)]
(1) Final Intermolecular Energy    : -6.190 (kcal/mol)
    Ligand - Receptor              : -6.190 (kcal/mol)
    Ligand - Flex side chains      : 0.000 (kcal/mol)
(2) Final Total Internal Energy    : -0.473 (kcal/mol)
    Ligand                         : -0.473 (kcal/mol)
    Flex   - Receptor              : 0.000 (kcal/mol)
    Flex   - Flex side chains      : 0.000 (kcal/mol)
(3) Torsional Free Energy          : 1.181 (kcal/mol)
(4) Unbound System's Energy        : -0.433 (kcal/mol)
ENERGY FROM SEARCH: -6.274
FINAL ENERGY: 
Estimated Free Energy of Binding   : -4.735 (kcal/mol) [=(1)+(2)+(3)-(4)]
(1) Final Intermolecular Energy    : -5.863 (kcal/mol)
    Ligand - Receptor              : -5.863 (kcal/mol)
    Ligand - Flex side chains      : 0.000 (kcal/mol)
(2) Final Total Internal Energy    : -0.412 (kcal/mol)
    Ligand                         : -0.412 (kcal/mol)
    Flex   - Receptor              : 0.000 (kcal/mol)
    Flex   - Flex side chains      : 0.000 (kcal/mol)
(3) Torsional Free Energy          : 1.107 (kcal/mol)
(4) Unbound System's Energy        : -0.433 (kcal/mol)
ENERGY FROM SEARCH: -5.500
FINAL ENERGY: 
Estimated Free Energy of Binding   : -4.106 (kcal/mol) [=(1)+(2)+(3)-(4)]
(1) Final Intermolecular Energy    : -5.162 (kcal/mol)
    Ligand - Receptor              : -5.162 (kcal/mol)
    Ligand - Flex side chains      : 0.000 (kcal/mol)
(2) Final Total Internal Energy    : -0.337 (kcal/mol)
    Ligand                         : -0.337 (kcal/mol)
    Flex   - Receptor              : 0.000 (kcal/mol)
    Flex   - Flex side chains      : 0.000 (kcal/mol)
(3) Torsional Free Energy          : 0.960 (kcal/mol)
(4) Unbound System's Energy        : -0.433 (kcal/mol)

mode |   affinity | dist from best mode
     | (kcal/mol) | rmsd l.b.| rmsd u.b.
-----+------------+----------+----------
   1      -5.4707     0.0000     0.0000
   2      -5.2743     1.0673     1.3907
   3      -5.1258     1.5792     2.3824
   4      -5.0495     2.2391     5.4127
   5      -4.8606     1.5182     2.1230
   6      -4.7348     3.1816     4.6934
   7      -4.4856     3.3298     5.7704
   8      -4.4425     2.4037     5.1192
   9      -4.2159     4.4637     6.2522
  10      -4.1058     2.1707     3.6550
