AutoDock Vina v1.2.3-52-g92d1779
#################################################################
# If you used AutoDock Vina in your work, please cite:          #
#                                                               #
# J. Eberhardt, D. Santos-Martins, A. F. Tillack, and S. Forli  #
# AutoDock Vina 1.2.0: New Docking Methods, Expanded Force      #
# Field, and Python Bindings, J. Chem. Inf. Model. (2021)       #
# DOI 10.1021/acs.jcim.1c00203                                  #
#                                                               #
# O. Trott, A. J. Olson,                                        #
# AutoDock Vina: improving the speed and accuracy of docking    #
# with a new scoring function, efficient optimization and       #
# multithreading, J. Comp. Chem. (2010)                         #
# DOI 10.1002/jcc.21334                                         #
#                                                               #
# Please see https://github.com/ccsb-scripps/AutoDock-Vina for  #
# more information.                                             #
#################################################################

Scoring function : vina
Rigid receptor: YihW_s_AF_cl1_min_model1.pdbqt
Ligand: SQGro_Conformer3D_COMPOUND_CID_100920818_avogadro.pdbqt
Grid center: X 42.638 Y 43.195 Z 45.244
Grid size  : X 44 Y 52 Z 62
Grid space : 1
Exhaustiveness: 32
CPU: 0
Verbosity: 2

Computing Vina grid ... done.
Performing docking (random seed: -9807915) ... 
0%   10   20   30   40   50   60   70   80   90   100%
|----|----|----|----|----|----|----|----|----|----|
***************************************************
done.
ENERGY FROM SEARCH: -9.32728
FINAL ENERGY: 
Estimated Free Energy of Binding   : -5.312 (kcal/mol) [=(1)+(2)+(3)-(4)]
(1) Final Intermolecular Energy    : -7.952 (kcal/mol)
    Ligand - Receptor              : -7.952 (kcal/mol)
    Ligand - Flex side chains      : 0.000 (kcal/mol)
(2) Final Total Internal Energy    : -1.374 (kcal/mol)
    Ligand                         : -1.374 (kcal/mol)
    Flex   - Receptor              : 0.000 (kcal/mol)
    Flex   - Flex side chains      : 0.000 (kcal/mol)
(3) Torsional Free Energy          : 2.640 (kcal/mol)
(4) Unbound System's Energy        : -1.374 (kcal/mol)
ENERGY FROM SEARCH: -9.726
FINAL ENERGY: 
Estimated Free Energy of Binding   : -5.579 (kcal/mol) [=(1)+(2)+(3)-(4)]
(1) Final Intermolecular Energy    : -8.296 (kcal/mol)
    Ligand - Receptor              : -8.296 (kcal/mol)
    Ligand - Flex side chains      : 0.000 (kcal/mol)
(2) Final Total Internal Energy    : -1.430 (kcal/mol)
    Ligand                         : -1.430 (kcal/mol)
    Flex   - Receptor              : 0.000 (kcal/mol)
    Flex   - Flex side chains      : 0.000 (kcal/mol)
(3) Torsional Free Energy          : 2.772 (kcal/mol)
(4) Unbound System's Energy        : -1.374 (kcal/mol)
ENERGY FROM SEARCH: -9.884
FINAL ENERGY: 
Estimated Free Energy of Binding   : -5.685 (kcal/mol) [=(1)+(2)+(3)-(4)]
(1) Final Intermolecular Energy    : -8.652 (kcal/mol)
    Ligand - Receptor              : -8.652 (kcal/mol)
    Ligand - Flex side chains      : 0.000 (kcal/mol)
(2) Final Total Internal Energy    : -1.233 (kcal/mol)
    Ligand                         : -1.233 (kcal/mol)
    Flex   - Receptor              : 0.000 (kcal/mol)
    Flex   - Flex side chains      : 0.000 (kcal/mol)
(3) Torsional Free Energy          : 2.825 (kcal/mol)
(4) Unbound System's Energy        : -1.374 (kcal/mol)
ENERGY FROM SEARCH: -9.927
FINAL ENERGY: 
Estimated Free Energy of Binding   : -5.711 (kcal/mol) [=(1)+(2)+(3)-(4)]
(1) Final Intermolecular Energy    : -8.382 (kcal/mol)
    Ligand - Receptor              : -8.382 (kcal/mol)
    Ligand - Flex side chains      : 0.000 (kcal/mol)
(2) Final Total Internal Energy    : -1.541 (kcal/mol)
    Ligand                         : -1.541 (kcal/mol)
    Flex   - Receptor              : 0.000 (kcal/mol)
    Flex   - Flex side chains      : 0.000 (kcal/mol)
(3) Torsional Free Energy          : 2.838 (kcal/mol)
(4) Unbound System's Energy        : -1.374 (kcal/mol)
ENERGY FROM SEARCH: -9.077
FINAL ENERGY: 
Estimated Free Energy of Binding   : -5.145 (kcal/mol) [=(1)+(2)+(3)-(4)]
(1) Final Intermolecular Energy    : -7.650 (kcal/mol)
    Ligand - Receptor              : -7.650 (kcal/mol)
    Ligand - Flex side chains      : 0.000 (kcal/mol)
(2) Final Total Internal Energy    : -1.427 (kcal/mol)
    Ligand                         : -1.427 (kcal/mol)
    Flex   - Receptor              : 0.000 (kcal/mol)
    Flex   - Flex side chains      : 0.000 (kcal/mol)
(3) Torsional Free Energy          : 2.557 (kcal/mol)
(4) Unbound System's Energy        : -1.374 (kcal/mol)
ENERGY FROM SEARCH: -8.925
FINAL ENERGY: 
Estimated Free Energy of Binding   : -5.044 (kcal/mol) [=(1)+(2)+(3)-(4)]
(1) Final Intermolecular Energy    : -7.398 (kcal/mol)
    Ligand - Receptor              : -7.398 (kcal/mol)
    Ligand - Flex side chains      : 0.000 (kcal/mol)
(2) Final Total Internal Energy    : -1.527 (kcal/mol)
    Ligand                         : -1.527 (kcal/mol)
    Flex   - Receptor              : 0.000 (kcal/mol)
    Flex   - Flex side chains      : 0.000 (kcal/mol)
(3) Torsional Free Energy          : 2.506 (kcal/mol)
(4) Unbound System's Energy        : -1.374 (kcal/mol)
ENERGY FROM SEARCH: -8.838
FINAL ENERGY: 
Estimated Free Energy of Binding   : -4.988 (kcal/mol) [=(1)+(2)+(3)-(4)]
(1) Final Intermolecular Energy    : -7.611 (kcal/mol)
    Ligand - Receptor              : -7.611 (kcal/mol)
    Ligand - Flex side chains      : 0.000 (kcal/mol)
(2) Final Total Internal Energy    : -1.230 (kcal/mol)
    Ligand                         : -1.230 (kcal/mol)
    Flex   - Receptor              : 0.000 (kcal/mol)
    Flex   - Flex side chains      : 0.000 (kcal/mol)
(3) Torsional Free Energy          : 2.479 (kcal/mol)
(4) Unbound System's Energy        : -1.374 (kcal/mol)
ENERGY FROM SEARCH: -8.358
FINAL ENERGY: 
Estimated Free Energy of Binding   : -4.667 (kcal/mol) [=(1)+(2)+(3)-(4)]
(1) Final Intermolecular Energy    : -7.070 (kcal/mol)
    Ligand - Receptor              : -7.070 (kcal/mol)
    Ligand - Flex side chains      : 0.000 (kcal/mol)
(2) Final Total Internal Energy    : -1.291 (kcal/mol)
    Ligand                         : -1.291 (kcal/mol)
    Flex   - Receptor              : 0.000 (kcal/mol)
    Flex   - Flex side chains      : 0.000 (kcal/mol)
(3) Torsional Free Energy          : 2.319 (kcal/mol)
(4) Unbound System's Energy        : -1.374 (kcal/mol)
ENERGY FROM SEARCH: -8.750
FINAL ENERGY: 
Estimated Free Energy of Binding   : -4.929 (kcal/mol) [=(1)+(2)+(3)-(4)]
(1) Final Intermolecular Energy    : -7.678 (kcal/mol)
    Ligand - Receptor              : -7.678 (kcal/mol)
    Ligand - Flex side chains      : 0.000 (kcal/mol)
(2) Final Total Internal Energy    : -1.074 (kcal/mol)
    Ligand                         : -1.074 (kcal/mol)
    Flex   - Receptor              : 0.000 (kcal/mol)
    Flex   - Flex side chains      : 0.000 (kcal/mol)
(3) Torsional Free Energy          : 2.449 (kcal/mol)
(4) Unbound System's Energy        : -1.374 (kcal/mol)
ENERGY FROM SEARCH: -8.392
FINAL ENERGY: 
Estimated Free Energy of Binding   : -4.688 (kcal/mol) [=(1)+(2)+(3)-(4)]
(1) Final Intermolecular Energy    : -6.857 (kcal/mol)
    Ligand - Receptor              : -6.857 (kcal/mol)
    Ligand - Flex side chains      : 0.000 (kcal/mol)
(2) Final Total Internal Energy    : -1.536 (kcal/mol)
    Ligand                         : -1.536 (kcal/mol)
    Flex   - Receptor              : 0.000 (kcal/mol)
    Flex   - Flex side chains      : 0.000 (kcal/mol)
(3) Torsional Free Energy          : 2.330 (kcal/mol)
(4) Unbound System's Energy        : -1.374 (kcal/mol)

mode |   affinity | dist from best mode
     | (kcal/mol) | rmsd l.b.| rmsd u.b.
-----+------------+----------+----------
   1      -5.7108     0.0000     0.0000
   2      -5.6849     2.2612     4.5741
   3      -5.5788     2.5330     5.5659
   4      -5.3125     2.3222     5.8781
   5      -5.1454     2.1283     4.0854
   6      -5.0439     1.7510     4.2708
   7      -4.9881     1.8071     4.0705
   8      -4.9290     2.0885     5.3836
   9      -4.6883     2.6332     5.0027
  10      -4.6672    17.3050    18.8896
