AutoDock Vina v1.2.3-52-g92d1779
#################################################################
# If you used AutoDock Vina in your work, please cite:          #
#                                                               #
# J. Eberhardt, D. Santos-Martins, A. F. Tillack, and S. Forli  #
# AutoDock Vina 1.2.0: New Docking Methods, Expanded Force      #
# Field, and Python Bindings, J. Chem. Inf. Model. (2021)       #
# DOI 10.1021/acs.jcim.1c00203                                  #
#                                                               #
# O. Trott, A. J. Olson,                                        #
# AutoDock Vina: improving the speed and accuracy of docking    #
# with a new scoring function, efficient optimization and       #
# multithreading, J. Comp. Chem. (2010)                         #
# DOI 10.1002/jcc.21334                                         #
#                                                               #
# Please see https://github.com/ccsb-scripps/AutoDock-Vina for  #
# more information.                                             #
#################################################################

Scoring function : vina
Rigid receptor: YihW_s_templ_cl2_min_model1.pdbqt
Ligand: SQGro_Conformer3D_COMPOUND_CID_100920818_avogadro.pdbqt
Grid center: X 37.211 Y 41.586 Z 40.288
Grid size  : X 68 Y 60 Z 74
Grid space : 1
Exhaustiveness: 32
CPU: 0
Verbosity: 2

Computing Vina grid ... done.
Performing docking (random seed: 1715334033) ... 
0%   10   20   30   40   50   60   70   80   90   100%
|----|----|----|----|----|----|----|----|----|----|
***************************************************
done.
ENERGY FROM SEARCH: -8.58175
FINAL ENERGY: 
Estimated Free Energy of Binding   : -4.687 (kcal/mol) [=(1)+(2)+(3)-(4)]
(1) Final Intermolecular Energy    : -7.016 (kcal/mol)
    Ligand - Receptor              : -7.016 (kcal/mol)
    Ligand - Flex side chains      : 0.000 (kcal/mol)
(2) Final Total Internal Energy    : -1.565 (kcal/mol)
    Ligand                         : -1.565 (kcal/mol)
    Flex   - Receptor              : 0.000 (kcal/mol)
    Flex   - Flex side chains      : 0.000 (kcal/mol)
(3) Torsional Free Energy          : 2.329 (kcal/mol)
(4) Unbound System's Energy        : -1.565 (kcal/mol)
ENERGY FROM SEARCH: -8.004
FINAL ENERGY: 
Estimated Free Energy of Binding   : -4.301 (kcal/mol) [=(1)+(2)+(3)-(4)]
(1) Final Intermolecular Energy    : -6.834 (kcal/mol)
    Ligand - Receptor              : -6.834 (kcal/mol)
    Ligand - Flex side chains      : 0.000 (kcal/mol)
(2) Final Total Internal Energy    : -1.170 (kcal/mol)
    Ligand                         : -1.170 (kcal/mol)
    Flex   - Receptor              : 0.000 (kcal/mol)
    Flex   - Flex side chains      : 0.000 (kcal/mol)
(3) Torsional Free Energy          : 2.137 (kcal/mol)
(4) Unbound System's Energy        : -1.565 (kcal/mol)
ENERGY FROM SEARCH: -8.019
FINAL ENERGY: 
Estimated Free Energy of Binding   : -4.309 (kcal/mol) [=(1)+(2)+(3)-(4)]
(1) Final Intermolecular Energy    : -7.473 (kcal/mol)
    Ligand - Receptor              : -7.473 (kcal/mol)
    Ligand - Flex side chains      : 0.000 (kcal/mol)
(2) Final Total Internal Energy    : -0.543 (kcal/mol)
    Ligand                         : -0.543 (kcal/mol)
    Flex   - Receptor              : 0.000 (kcal/mol)
    Flex   - Flex side chains      : 0.000 (kcal/mol)
(3) Torsional Free Energy          : 2.141 (kcal/mol)
(4) Unbound System's Energy        : -1.565 (kcal/mol)
ENERGY FROM SEARCH: -7.890
FINAL ENERGY: 
Estimated Free Energy of Binding   : -4.226 (kcal/mol) [=(1)+(2)+(3)-(4)]
(1) Final Intermolecular Energy    : -6.083 (kcal/mol)
    Ligand - Receptor              : -6.083 (kcal/mol)
    Ligand - Flex side chains      : 0.000 (kcal/mol)
(2) Final Total Internal Energy    : -1.808 (kcal/mol)
    Ligand                         : -1.808 (kcal/mol)
    Flex   - Receptor              : 0.000 (kcal/mol)
    Flex   - Flex side chains      : 0.000 (kcal/mol)
(3) Torsional Free Energy          : 2.100 (kcal/mol)
(4) Unbound System's Energy        : -1.565 (kcal/mol)
ENERGY FROM SEARCH: -7.789
FINAL ENERGY: 
Estimated Free Energy of Binding   : -4.158 (kcal/mol) [=(1)+(2)+(3)-(4)]
(1) Final Intermolecular Energy    : -6.207 (kcal/mol)
    Ligand - Receptor              : -6.207 (kcal/mol)
    Ligand - Flex side chains      : 0.000 (kcal/mol)
(2) Final Total Internal Energy    : -1.583 (kcal/mol)
    Ligand                         : -1.583 (kcal/mol)
    Flex   - Receptor              : 0.000 (kcal/mol)
    Flex   - Flex side chains      : 0.000 (kcal/mol)
(3) Torsional Free Energy          : 2.066 (kcal/mol)
(4) Unbound System's Energy        : -1.565 (kcal/mol)
ENERGY FROM SEARCH: -7.650
FINAL ENERGY: 
Estimated Free Energy of Binding   : -4.064 (kcal/mol) [=(1)+(2)+(3)-(4)]
(1) Final Intermolecular Energy    : -6.291 (kcal/mol)
    Ligand - Receptor              : -6.291 (kcal/mol)
    Ligand - Flex side chains      : 0.000 (kcal/mol)
(2) Final Total Internal Energy    : -1.358 (kcal/mol)
    Ligand                         : -1.358 (kcal/mol)
    Flex   - Receptor              : 0.000 (kcal/mol)
    Flex   - Flex side chains      : 0.000 (kcal/mol)
(3) Torsional Free Energy          : 2.020 (kcal/mol)
(4) Unbound System's Energy        : -1.565 (kcal/mol)
ENERGY FROM SEARCH: -7.045
FINAL ENERGY: 
Estimated Free Energy of Binding   : -3.662 (kcal/mol) [=(1)+(2)+(3)-(4)]
(1) Final Intermolecular Energy    : -5.757 (kcal/mol)
    Ligand - Receptor              : -5.757 (kcal/mol)
    Ligand - Flex side chains      : 0.000 (kcal/mol)
(2) Final Total Internal Energy    : -1.290 (kcal/mol)
    Ligand                         : -1.290 (kcal/mol)
    Flex   - Receptor              : 0.000 (kcal/mol)
    Flex   - Flex side chains      : 0.000 (kcal/mol)
(3) Torsional Free Energy          : 1.820 (kcal/mol)
(4) Unbound System's Energy        : -1.565 (kcal/mol)
ENERGY FROM SEARCH: -7.604
FINAL ENERGY: 
Estimated Free Energy of Binding   : -4.035 (kcal/mol) [=(1)+(2)+(3)-(4)]
(1) Final Intermolecular Energy    : -6.179 (kcal/mol)
    Ligand - Receptor              : -6.179 (kcal/mol)
    Ligand - Flex side chains      : 0.000 (kcal/mol)
(2) Final Total Internal Energy    : -1.426 (kcal/mol)
    Ligand                         : -1.426 (kcal/mol)
    Flex   - Receptor              : 0.000 (kcal/mol)
    Flex   - Flex side chains      : 0.000 (kcal/mol)
(3) Torsional Free Energy          : 2.005 (kcal/mol)
(4) Unbound System's Energy        : -1.565 (kcal/mol)
ENERGY FROM SEARCH: -8.008
FINAL ENERGY: 
Estimated Free Energy of Binding   : -4.308 (kcal/mol) [=(1)+(2)+(3)-(4)]
(1) Final Intermolecular Energy    : -6.483 (kcal/mol)
    Ligand - Receptor              : -6.483 (kcal/mol)
    Ligand - Flex side chains      : 0.000 (kcal/mol)
(2) Final Total Internal Energy    : -1.531 (kcal/mol)
    Ligand                         : -1.531 (kcal/mol)
    Flex   - Receptor              : 0.000 (kcal/mol)
    Flex   - Flex side chains      : 0.000 (kcal/mol)
(3) Torsional Free Energy          : 2.141 (kcal/mol)
(4) Unbound System's Energy        : -1.565 (kcal/mol)
ENERGY FROM SEARCH: -7.679
FINAL ENERGY: 
Estimated Free Energy of Binding   : -4.082 (kcal/mol) [=(1)+(2)+(3)-(4)]
(1) Final Intermolecular Energy    : -5.844 (kcal/mol)
    Ligand - Receptor              : -5.844 (kcal/mol)
    Ligand - Flex side chains      : 0.000 (kcal/mol)
(2) Final Total Internal Energy    : -1.831 (kcal/mol)
    Ligand                         : -1.831 (kcal/mol)
    Flex   - Receptor              : 0.000 (kcal/mol)
    Flex   - Flex side chains      : 0.000 (kcal/mol)
(3) Torsional Free Energy          : 2.028 (kcal/mol)
(4) Unbound System's Energy        : -1.565 (kcal/mol)

mode |   affinity | dist from best mode
     | (kcal/mol) | rmsd l.b.| rmsd u.b.
-----+------------+----------+----------
   1      -4.6869     0.0000     0.0000
   2      -4.3093     9.4074    12.5257
   3      -4.3084    20.8173    23.2833
   4      -4.3011    11.0954    13.8003
   5      -4.2260     9.8249    12.1111
   6      -4.1583     2.3920     4.8528
   7      -4.0817    21.6600    24.3076
   8      -4.0643    20.8173    23.4036
   9      -4.0347    14.0288    16.5697
  10      -3.6620    10.7632    12.9696
