AutoDock Vina v1.2.3-52-g92d1779
#################################################################
# If you used AutoDock Vina in your work, please cite:          #
#                                                               #
# J. Eberhardt, D. Santos-Martins, A. F. Tillack, and S. Forli  #
# AutoDock Vina 1.2.0: New Docking Methods, Expanded Force      #
# Field, and Python Bindings, J. Chem. Inf. Model. (2021)       #
# DOI 10.1021/acs.jcim.1c00203                                  #
#                                                               #
# O. Trott, A. J. Olson,                                        #
# AutoDock Vina: improving the speed and accuracy of docking    #
# with a new scoring function, efficient optimization and       #
# multithreading, J. Comp. Chem. (2010)                         #
# DOI 10.1002/jcc.21334                                         #
#                                                               #
# Please see https://github.com/ccsb-scripps/AutoDock-Vina for  #
# more information.                                             #
#################################################################

Scoring function : vina
Rigid receptor: YihW_s_AF_cl1_min_model1.pdbqt
Ligand: SQGro_Conformer3D_COMPOUND_CID_100920818_avogadro.pdbqt
Grid center: X 42.638 Y 43.195 Z 45.244
Grid size  : X 44 Y 52 Z 62
Grid space : 1
Exhaustiveness: 32
CPU: 0
Verbosity: 2

Computing Vina grid ... done.
Performing docking (random seed: -1933779656) ... 
0%   10   20   30   40   50   60   70   80   90   100%
|----|----|----|----|----|----|----|----|----|----|
***************************************************
done.
ENERGY FROM SEARCH: -9.13971
FINAL ENERGY: 
Estimated Free Energy of Binding   : -5.176 (kcal/mol) [=(1)+(2)+(3)-(4)]
(1) Final Intermolecular Energy    : -7.748 (kcal/mol)
    Ligand - Receptor              : -7.748 (kcal/mol)
    Ligand - Flex side chains      : 0.000 (kcal/mol)
(2) Final Total Internal Energy    : -1.389 (kcal/mol)
    Ligand                         : -1.389 (kcal/mol)
    Flex   - Receptor              : 0.000 (kcal/mol)
    Flex   - Flex side chains      : 0.000 (kcal/mol)
(3) Torsional Free Energy          : 2.572 (kcal/mol)
(4) Unbound System's Energy        : -1.389 (kcal/mol)
ENERGY FROM SEARCH: -9.667
FINAL ENERGY: 
Estimated Free Energy of Binding   : -5.527 (kcal/mol) [=(1)+(2)+(3)-(4)]
(1) Final Intermolecular Energy    : -8.286 (kcal/mol)
    Ligand - Receptor              : -8.286 (kcal/mol)
    Ligand - Flex side chains      : 0.000 (kcal/mol)
(2) Final Total Internal Energy    : -1.376 (kcal/mol)
    Ligand                         : -1.376 (kcal/mol)
    Flex   - Receptor              : 0.000 (kcal/mol)
    Flex   - Flex side chains      : 0.000 (kcal/mol)
(3) Torsional Free Energy          : 2.746 (kcal/mol)
(4) Unbound System's Energy        : -1.389 (kcal/mol)
ENERGY FROM SEARCH: -10.267
FINAL ENERGY: 
Estimated Free Energy of Binding   : -5.930 (kcal/mol) [=(1)+(2)+(3)-(4)]
(1) Final Intermolecular Energy    : -9.057 (kcal/mol)
    Ligand - Receptor              : -9.057 (kcal/mol)
    Ligand - Flex side chains      : 0.000 (kcal/mol)
(2) Final Total Internal Energy    : -1.209 (kcal/mol)
    Ligand                         : -1.209 (kcal/mol)
    Flex   - Receptor              : 0.000 (kcal/mol)
    Flex   - Flex side chains      : 0.000 (kcal/mol)
(3) Torsional Free Energy          : 2.947 (kcal/mol)
(4) Unbound System's Energy        : -1.389 (kcal/mol)
ENERGY FROM SEARCH: -9.551
FINAL ENERGY: 
Estimated Free Energy of Binding   : -5.453 (kcal/mol) [=(1)+(2)+(3)-(4)]
(1) Final Intermolecular Energy    : -7.909 (kcal/mol)
    Ligand - Receptor              : -7.909 (kcal/mol)
    Ligand - Flex side chains      : 0.000 (kcal/mol)
(2) Final Total Internal Energy    : -1.644 (kcal/mol)
    Ligand                         : -1.644 (kcal/mol)
    Flex   - Receptor              : 0.000 (kcal/mol)
    Flex   - Flex side chains      : 0.000 (kcal/mol)
(3) Torsional Free Energy          : 2.710 (kcal/mol)
(4) Unbound System's Energy        : -1.389 (kcal/mol)
ENERGY FROM SEARCH: -9.128
FINAL ENERGY: 
Estimated Free Energy of Binding   : -5.168 (kcal/mol) [=(1)+(2)+(3)-(4)]
(1) Final Intermolecular Energy    : -7.724 (kcal/mol)
    Ligand - Receptor              : -7.724 (kcal/mol)
    Ligand - Flex side chains      : 0.000 (kcal/mol)
(2) Final Total Internal Energy    : -1.402 (kcal/mol)
    Ligand                         : -1.402 (kcal/mol)
    Flex   - Receptor              : 0.000 (kcal/mol)
    Flex   - Flex side chains      : 0.000 (kcal/mol)
(3) Torsional Free Energy          : 2.568 (kcal/mol)
(4) Unbound System's Energy        : -1.389 (kcal/mol)
ENERGY FROM SEARCH: -9.146
FINAL ENERGY: 
Estimated Free Energy of Binding   : -5.183 (kcal/mol) [=(1)+(2)+(3)-(4)]
(1) Final Intermolecular Energy    : -7.656 (kcal/mol)
    Ligand - Receptor              : -7.656 (kcal/mol)
    Ligand - Flex side chains      : 0.000 (kcal/mol)
(2) Final Total Internal Energy    : -1.491 (kcal/mol)
    Ligand                         : -1.491 (kcal/mol)
    Flex   - Receptor              : 0.000 (kcal/mol)
    Flex   - Flex side chains      : 0.000 (kcal/mol)
(3) Torsional Free Energy          : 2.575 (kcal/mol)
(4) Unbound System's Energy        : -1.389 (kcal/mol)
ENERGY FROM SEARCH: -9.561
FINAL ENERGY: 
Estimated Free Energy of Binding   : -5.458 (kcal/mol) [=(1)+(2)+(3)-(4)]
(1) Final Intermolecular Energy    : -8.097 (kcal/mol)
    Ligand - Receptor              : -8.097 (kcal/mol)
    Ligand - Flex side chains      : 0.000 (kcal/mol)
(2) Final Total Internal Energy    : -1.462 (kcal/mol)
    Ligand                         : -1.462 (kcal/mol)
    Flex   - Receptor              : 0.000 (kcal/mol)
    Flex   - Flex side chains      : 0.000 (kcal/mol)
(3) Torsional Free Energy          : 2.712 (kcal/mol)
(4) Unbound System's Energy        : -1.389 (kcal/mol)
ENERGY FROM SEARCH: -8.710
FINAL ENERGY: 
Estimated Free Energy of Binding   : -4.889 (kcal/mol) [=(1)+(2)+(3)-(4)]
(1) Final Intermolecular Energy    : -7.426 (kcal/mol)
    Ligand - Receptor              : -7.426 (kcal/mol)
    Ligand - Flex side chains      : 0.000 (kcal/mol)
(2) Final Total Internal Energy    : -1.283 (kcal/mol)
    Ligand                         : -1.283 (kcal/mol)
    Flex   - Receptor              : 0.000 (kcal/mol)
    Flex   - Flex side chains      : 0.000 (kcal/mol)
(3) Torsional Free Energy          : 2.430 (kcal/mol)
(4) Unbound System's Energy        : -1.389 (kcal/mol)
ENERGY FROM SEARCH: -7.946
FINAL ENERGY: 
Estimated Free Energy of Binding   : -4.379 (kcal/mol) [=(1)+(2)+(3)-(4)]
(1) Final Intermolecular Energy    : -6.667 (kcal/mol)
    Ligand - Receptor              : -6.667 (kcal/mol)
    Ligand - Flex side chains      : 0.000 (kcal/mol)
(2) Final Total Internal Energy    : -1.277 (kcal/mol)
    Ligand                         : -1.277 (kcal/mol)
    Flex   - Receptor              : 0.000 (kcal/mol)
    Flex   - Flex side chains      : 0.000 (kcal/mol)
(3) Torsional Free Energy          : 2.176 (kcal/mol)
(4) Unbound System's Energy        : -1.389 (kcal/mol)
ENERGY FROM SEARCH: -7.667
FINAL ENERGY: 
Estimated Free Energy of Binding   : -4.192 (kcal/mol) [=(1)+(2)+(3)-(4)]
(1) Final Intermolecular Energy    : -6.708 (kcal/mol)
    Ligand - Receptor              : -6.708 (kcal/mol)
    Ligand - Flex side chains      : 0.000 (kcal/mol)
(2) Final Total Internal Energy    : -0.956 (kcal/mol)
    Ligand                         : -0.956 (kcal/mol)
    Flex   - Receptor              : 0.000 (kcal/mol)
    Flex   - Flex side chains      : 0.000 (kcal/mol)
(3) Torsional Free Energy          : 2.083 (kcal/mol)
(4) Unbound System's Energy        : -1.389 (kcal/mol)

mode |   affinity | dist from best mode
     | (kcal/mol) | rmsd l.b.| rmsd u.b.
-----+------------+----------+----------
   1      -5.9299     0.0000     0.0000
   2      -5.5266     1.9756     4.3844
   3      -5.4582     2.3517     6.0461
   4      -5.4535     2.3389     4.6946
   5      -5.1826     2.2724     5.6609
   6      -5.1761     2.3236     4.6722
   7      -5.1683     2.4419     5.8413
   8      -4.8893     2.3604     4.6573
   9      -4.3792     3.3589     6.3021
  10      -4.1917     3.1159     4.9311
