AutoDock Vina v1.2.3-52-g92d1779
#################################################################
# If you used AutoDock Vina in your work, please cite:          #
#                                                               #
# J. Eberhardt, D. Santos-Martins, A. F. Tillack, and S. Forli  #
# AutoDock Vina 1.2.0: New Docking Methods, Expanded Force      #
# Field, and Python Bindings, J. Chem. Inf. Model. (2021)       #
# DOI 10.1021/acs.jcim.1c00203                                  #
#                                                               #
# O. Trott, A. J. Olson,                                        #
# AutoDock Vina: improving the speed and accuracy of docking    #
# with a new scoring function, efficient optimization and       #
# multithreading, J. Comp. Chem. (2010)                         #
# DOI 10.1002/jcc.21334                                         #
#                                                               #
# Please see https://github.com/ccsb-scripps/AutoDock-Vina for  #
# more information.                                             #
#################################################################

Scoring function : vina
Rigid receptor: YihW_l_alpha_cl1_min_model1.pdbqt
Ligand: SQGro_Conformer3D_COMPOUND_CID_100920818_avogadro.pdbqt
Grid center: X 40.018 Y 39.32 Z 39.342
Grid size  : X 58 Y 66 Z 62
Grid space : 1
Exhaustiveness: 32
CPU: 0
Verbosity: 2

Computing Vina grid ... done.
Performing docking (random seed: 335507645) ... 
0%   10   20   30   40   50   60   70   80   90   100%
|----|----|----|----|----|----|----|----|----|----|
***************************************************
done.
ENERGY FROM SEARCH: -9.34428
FINAL ENERGY: 
Estimated Free Energy of Binding   : -5.746 (kcal/mol) [=(1)+(2)+(3)-(4)]
(1) Final Intermolecular Energy    : -8.602 (kcal/mol)
    Ligand - Receptor              : -8.602 (kcal/mol)
    Ligand - Flex side chains      : 0.000 (kcal/mol)
(2) Final Total Internal Energy    : -0.741 (kcal/mol)
    Ligand                         : -0.741 (kcal/mol)
    Flex   - Receptor              : 0.000 (kcal/mol)
    Flex   - Flex side chains      : 0.000 (kcal/mol)
(3) Torsional Free Energy          : 2.855 (kcal/mol)
(4) Unbound System's Energy        : -0.741 (kcal/mol)
ENERGY FROM SEARCH: -9.053
FINAL ENERGY: 
Estimated Free Energy of Binding   : -5.555 (kcal/mol) [=(1)+(2)+(3)-(4)]
(1) Final Intermolecular Energy    : -7.951 (kcal/mol)
    Ligand - Receptor              : -7.951 (kcal/mol)
    Ligand - Flex side chains      : 0.000 (kcal/mol)
(2) Final Total Internal Energy    : -1.106 (kcal/mol)
    Ligand                         : -1.106 (kcal/mol)
    Flex   - Receptor              : 0.000 (kcal/mol)
    Flex   - Flex side chains      : 0.000 (kcal/mol)
(3) Torsional Free Energy          : 2.760 (kcal/mol)
(4) Unbound System's Energy        : -0.741 (kcal/mol)
ENERGY FROM SEARCH: -8.208
FINAL ENERGY: 
Estimated Free Energy of Binding   : -4.988 (kcal/mol) [=(1)+(2)+(3)-(4)]
(1) Final Intermolecular Energy    : -6.889 (kcal/mol)
    Ligand - Receptor              : -6.889 (kcal/mol)
    Ligand - Flex side chains      : 0.000 (kcal/mol)
(2) Final Total Internal Energy    : -1.319 (kcal/mol)
    Ligand                         : -1.319 (kcal/mol)
    Flex   - Receptor              : 0.000 (kcal/mol)
    Flex   - Flex side chains      : 0.000 (kcal/mol)
(3) Torsional Free Energy          : 2.479 (kcal/mol)
(4) Unbound System's Energy        : -0.741 (kcal/mol)
ENERGY FROM SEARCH: -8.555
FINAL ENERGY: 
Estimated Free Energy of Binding   : -5.220 (kcal/mol) [=(1)+(2)+(3)-(4)]
(1) Final Intermolecular Energy    : -6.616 (kcal/mol)
    Ligand - Receptor              : -6.616 (kcal/mol)
    Ligand - Flex side chains      : 0.000 (kcal/mol)
(2) Final Total Internal Energy    : -1.938 (kcal/mol)
    Ligand                         : -1.938 (kcal/mol)
    Flex   - Receptor              : 0.000 (kcal/mol)
    Flex   - Flex side chains      : 0.000 (kcal/mol)
(3) Torsional Free Energy          : 2.594 (kcal/mol)
(4) Unbound System's Energy        : -0.741 (kcal/mol)
ENERGY FROM SEARCH: -8.947
FINAL ENERGY: 
Estimated Free Energy of Binding   : -5.479 (kcal/mol) [=(1)+(2)+(3)-(4)]
(1) Final Intermolecular Energy    : -7.549 (kcal/mol)
    Ligand - Receptor              : -7.549 (kcal/mol)
    Ligand - Flex side chains      : 0.000 (kcal/mol)
(2) Final Total Internal Energy    : -1.393 (kcal/mol)
    Ligand                         : -1.393 (kcal/mol)
    Flex   - Receptor              : 0.000 (kcal/mol)
    Flex   - Flex side chains      : 0.000 (kcal/mol)
(3) Torsional Free Energy          : 2.722 (kcal/mol)
(4) Unbound System's Energy        : -0.741 (kcal/mol)
ENERGY FROM SEARCH: -8.857
FINAL ENERGY: 
Estimated Free Energy of Binding   : -5.424 (kcal/mol) [=(1)+(2)+(3)-(4)]
(1) Final Intermolecular Energy    : -6.987 (kcal/mol)
    Ligand - Receptor              : -6.987 (kcal/mol)
    Ligand - Flex side chains      : 0.000 (kcal/mol)
(2) Final Total Internal Energy    : -1.874 (kcal/mol)
    Ligand                         : -1.874 (kcal/mol)
    Flex   - Receptor              : 0.000 (kcal/mol)
    Flex   - Flex side chains      : 0.000 (kcal/mol)
(3) Torsional Free Energy          : 2.695 (kcal/mol)
(4) Unbound System's Energy        : -0.741 (kcal/mol)
ENERGY FROM SEARCH: -8.570
FINAL ENERGY: 
Estimated Free Energy of Binding   : -5.230 (kcal/mol) [=(1)+(2)+(3)-(4)]
(1) Final Intermolecular Energy    : -7.336 (kcal/mol)
    Ligand - Receptor              : -7.336 (kcal/mol)
    Ligand - Flex side chains      : 0.000 (kcal/mol)
(2) Final Total Internal Energy    : -1.233 (kcal/mol)
    Ligand                         : -1.233 (kcal/mol)
    Flex   - Receptor              : 0.000 (kcal/mol)
    Flex   - Flex side chains      : 0.000 (kcal/mol)
(3) Torsional Free Energy          : 2.599 (kcal/mol)
(4) Unbound System's Energy        : -0.741 (kcal/mol)
ENERGY FROM SEARCH: -8.152
FINAL ENERGY: 
Estimated Free Energy of Binding   : -4.951 (kcal/mol) [=(1)+(2)+(3)-(4)]
(1) Final Intermolecular Energy    : -6.465 (kcal/mol)
    Ligand - Receptor              : -6.465 (kcal/mol)
    Ligand - Flex side chains      : 0.000 (kcal/mol)
(2) Final Total Internal Energy    : -1.687 (kcal/mol)
    Ligand                         : -1.687 (kcal/mol)
    Flex   - Receptor              : 0.000 (kcal/mol)
    Flex   - Flex side chains      : 0.000 (kcal/mol)
(3) Torsional Free Energy          : 2.460 (kcal/mol)
(4) Unbound System's Energy        : -0.741 (kcal/mol)
ENERGY FROM SEARCH: -8.490
FINAL ENERGY: 
Estimated Free Energy of Binding   : -5.177 (kcal/mol) [=(1)+(2)+(3)-(4)]
(1) Final Intermolecular Energy    : -7.127 (kcal/mol)
    Ligand - Receptor              : -7.127 (kcal/mol)
    Ligand - Flex side chains      : 0.000 (kcal/mol)
(2) Final Total Internal Energy    : -1.363 (kcal/mol)
    Ligand                         : -1.363 (kcal/mol)
    Flex   - Receptor              : 0.000 (kcal/mol)
    Flex   - Flex side chains      : 0.000 (kcal/mol)
(3) Torsional Free Energy          : 2.572 (kcal/mol)
(4) Unbound System's Energy        : -0.741 (kcal/mol)
ENERGY FROM SEARCH: -8.060
FINAL ENERGY: 
Estimated Free Energy of Binding   : -4.891 (kcal/mol) [=(1)+(2)+(3)-(4)]
(1) Final Intermolecular Energy    : -6.258 (kcal/mol)
    Ligand - Receptor              : -6.258 (kcal/mol)
    Ligand - Flex side chains      : 0.000 (kcal/mol)
(2) Final Total Internal Energy    : -1.804 (kcal/mol)
    Ligand                         : -1.804 (kcal/mol)
    Flex   - Receptor              : 0.000 (kcal/mol)
    Flex   - Flex side chains      : 0.000 (kcal/mol)
(3) Torsional Free Energy          : 2.430 (kcal/mol)
(4) Unbound System's Energy        : -0.741 (kcal/mol)

mode |   affinity | dist from best mode
     | (kcal/mol) | rmsd l.b.| rmsd u.b.
-----+------------+----------+----------
   1      -5.7465     0.0000     0.0000
   2      -5.5552     1.7076     2.3457
   3      -5.4787     2.5940     4.8914
   4      -5.4241    10.4266    12.2256
   5      -5.2295    11.4452    13.6277
   6      -5.2195     4.0072     7.2444
   7      -5.1769    10.7130    12.9324
   8      -4.9883     1.6397     2.5592
   9      -4.9506     4.2748     7.3259
  10      -4.8907     9.7582    11.6327
