AutoDock Vina v1.2.3-52-g92d1779
#################################################################
# If you used AutoDock Vina in your work, please cite:          #
#                                                               #
# J. Eberhardt, D. Santos-Martins, A. F. Tillack, and S. Forli  #
# AutoDock Vina 1.2.0: New Docking Methods, Expanded Force      #
# Field, and Python Bindings, J. Chem. Inf. Model. (2021)       #
# DOI 10.1021/acs.jcim.1c00203                                  #
#                                                               #
# O. Trott, A. J. Olson,                                        #
# AutoDock Vina: improving the speed and accuracy of docking    #
# with a new scoring function, efficient optimization and       #
# multithreading, J. Comp. Chem. (2010)                         #
# DOI 10.1002/jcc.21334                                         #
#                                                               #
# Please see https://github.com/ccsb-scripps/AutoDock-Vina for  #
# more information.                                             #
#################################################################

Scoring function : vina
Rigid receptor: YihW_l_alpha_cl1_min_model1.pdbqt
Ligand: SQGro_Conformer3D_COMPOUND_CID_100920818_avogadro.pdbqt
Grid center: X 40.018 Y 39.32 Z 39.342
Grid size  : X 58 Y 66 Z 62
Grid space : 1
Exhaustiveness: 32
CPU: 0
Verbosity: 2

Computing Vina grid ... done.
Performing docking (random seed: 765907270) ... 
0%   10   20   30   40   50   60   70   80   90   100%
|----|----|----|----|----|----|----|----|----|----|
***************************************************
done.
ENERGY FROM SEARCH: -9.91844
FINAL ENERGY: 
Estimated Free Energy of Binding   : -5.802 (kcal/mol) [=(1)+(2)+(3)-(4)]
(1) Final Intermolecular Energy    : -8.685 (kcal/mol)
    Ligand - Receptor              : -8.685 (kcal/mol)
    Ligand - Flex side chains      : 0.000 (kcal/mol)
(2) Final Total Internal Energy    : -1.238 (kcal/mol)
    Ligand                         : -1.238 (kcal/mol)
    Flex   - Receptor              : 0.000 (kcal/mol)
    Flex   - Flex side chains      : 0.000 (kcal/mol)
(3) Torsional Free Energy          : 2.883 (kcal/mol)
(4) Unbound System's Energy        : -1.238 (kcal/mol)
ENERGY FROM SEARCH: -9.137
FINAL ENERGY: 
Estimated Free Energy of Binding   : -5.277 (kcal/mol) [=(1)+(2)+(3)-(4)]
(1) Final Intermolecular Energy    : -7.951 (kcal/mol)
    Ligand - Receptor              : -7.951 (kcal/mol)
    Ligand - Flex side chains      : 0.000 (kcal/mol)
(2) Final Total Internal Energy    : -1.186 (kcal/mol)
    Ligand                         : -1.186 (kcal/mol)
    Flex   - Receptor              : 0.000 (kcal/mol)
    Flex   - Flex side chains      : 0.000 (kcal/mol)
(3) Torsional Free Energy          : 2.622 (kcal/mol)
(4) Unbound System's Energy        : -1.238 (kcal/mol)
ENERGY FROM SEARCH: -7.943
FINAL ENERGY: 
Estimated Free Energy of Binding   : -4.480 (kcal/mol) [=(1)+(2)+(3)-(4)]
(1) Final Intermolecular Energy    : -6.906 (kcal/mol)
    Ligand - Receptor              : -6.906 (kcal/mol)
    Ligand - Flex side chains      : 0.000 (kcal/mol)
(2) Final Total Internal Energy    : -1.037 (kcal/mol)
    Ligand                         : -1.037 (kcal/mol)
    Flex   - Receptor              : 0.000 (kcal/mol)
    Flex   - Flex side chains      : 0.000 (kcal/mol)
(3) Torsional Free Energy          : 2.226 (kcal/mol)
(4) Unbound System's Energy        : -1.238 (kcal/mol)
ENERGY FROM SEARCH: -8.596
FINAL ENERGY: 
Estimated Free Energy of Binding   : -4.916 (kcal/mol) [=(1)+(2)+(3)-(4)]
(1) Final Intermolecular Energy    : -6.665 (kcal/mol)
    Ligand - Receptor              : -6.665 (kcal/mol)
    Ligand - Flex side chains      : 0.000 (kcal/mol)
(2) Final Total Internal Energy    : -1.932 (kcal/mol)
    Ligand                         : -1.932 (kcal/mol)
    Flex   - Receptor              : 0.000 (kcal/mol)
    Flex   - Flex side chains      : 0.000 (kcal/mol)
(3) Torsional Free Energy          : 2.443 (kcal/mol)
(4) Unbound System's Energy        : -1.238 (kcal/mol)
ENERGY FROM SEARCH: -8.867
FINAL ENERGY: 
Estimated Free Energy of Binding   : -5.103 (kcal/mol) [=(1)+(2)+(3)-(4)]
(1) Final Intermolecular Energy    : -7.667 (kcal/mol)
    Ligand - Receptor              : -7.667 (kcal/mol)
    Ligand - Flex side chains      : 0.000 (kcal/mol)
(2) Final Total Internal Energy    : -1.210 (kcal/mol)
    Ligand                         : -1.210 (kcal/mol)
    Flex   - Receptor              : 0.000 (kcal/mol)
    Flex   - Flex side chains      : 0.000 (kcal/mol)
(3) Torsional Free Energy          : 2.536 (kcal/mol)
(4) Unbound System's Energy        : -1.238 (kcal/mol)
ENERGY FROM SEARCH: -8.196
FINAL ENERGY: 
Estimated Free Energy of Binding   : -4.648 (kcal/mol) [=(1)+(2)+(3)-(4)]
(1) Final Intermolecular Energy    : -6.784 (kcal/mol)
    Ligand - Receptor              : -6.784 (kcal/mol)
    Ligand - Flex side chains      : 0.000 (kcal/mol)
(2) Final Total Internal Energy    : -1.411 (kcal/mol)
    Ligand                         : -1.411 (kcal/mol)
    Flex   - Receptor              : 0.000 (kcal/mol)
    Flex   - Flex side chains      : 0.000 (kcal/mol)
(3) Torsional Free Energy          : 2.310 (kcal/mol)
(4) Unbound System's Energy        : -1.238 (kcal/mol)
ENERGY FROM SEARCH: -8.813
FINAL ENERGY: 
Estimated Free Energy of Binding   : -5.061 (kcal/mol) [=(1)+(2)+(3)-(4)]
(1) Final Intermolecular Energy    : -7.241 (kcal/mol)
    Ligand - Receptor              : -7.241 (kcal/mol)
    Ligand - Flex side chains      : 0.000 (kcal/mol)
(2) Final Total Internal Energy    : -1.572 (kcal/mol)
    Ligand                         : -1.572 (kcal/mol)
    Flex   - Receptor              : 0.000 (kcal/mol)
    Flex   - Flex side chains      : 0.000 (kcal/mol)
(3) Torsional Free Energy          : 2.515 (kcal/mol)
(4) Unbound System's Energy        : -1.238 (kcal/mol)
ENERGY FROM SEARCH: -8.114
FINAL ENERGY: 
Estimated Free Energy of Binding   : -4.593 (kcal/mol) [=(1)+(2)+(3)-(4)]
(1) Final Intermolecular Energy    : -6.464 (kcal/mol)
    Ligand - Receptor              : -6.464 (kcal/mol)
    Ligand - Flex side chains      : 0.000 (kcal/mol)
(2) Final Total Internal Energy    : -1.649 (kcal/mol)
    Ligand                         : -1.649 (kcal/mol)
    Flex   - Receptor              : 0.000 (kcal/mol)
    Flex   - Flex side chains      : 0.000 (kcal/mol)
(3) Torsional Free Energy          : 2.282 (kcal/mol)
(4) Unbound System's Energy        : -1.238 (kcal/mol)
ENERGY FROM SEARCH: -8.536
FINAL ENERGY: 
Estimated Free Energy of Binding   : -4.876 (kcal/mol) [=(1)+(2)+(3)-(4)]
(1) Final Intermolecular Energy    : -7.309 (kcal/mol)
    Ligand - Receptor              : -7.309 (kcal/mol)
    Ligand - Flex side chains      : 0.000 (kcal/mol)
(2) Final Total Internal Energy    : -1.227 (kcal/mol)
    Ligand                         : -1.227 (kcal/mol)
    Flex   - Receptor              : 0.000 (kcal/mol)
    Flex   - Flex side chains      : 0.000 (kcal/mol)
(3) Torsional Free Energy          : 2.423 (kcal/mol)
(4) Unbound System's Energy        : -1.238 (kcal/mol)
ENERGY FROM SEARCH: -7.854
FINAL ENERGY: 
Estimated Free Energy of Binding   : -4.421 (kcal/mol) [=(1)+(2)+(3)-(4)]
(1) Final Intermolecular Energy    : -6.535 (kcal/mol)
    Ligand - Receptor              : -6.535 (kcal/mol)
    Ligand - Flex side chains      : 0.000 (kcal/mol)
(2) Final Total Internal Energy    : -1.321 (kcal/mol)
    Ligand                         : -1.321 (kcal/mol)
    Flex   - Receptor              : 0.000 (kcal/mol)
    Flex   - Flex side chains      : 0.000 (kcal/mol)
(3) Torsional Free Energy          : 2.197 (kcal/mol)
(4) Unbound System's Energy        : -1.238 (kcal/mol)

mode |   affinity | dist from best mode
     | (kcal/mol) | rmsd l.b.| rmsd u.b.
-----+------------+----------+----------
   1      -5.8019     0.0000     0.0000
   2      -5.2767     1.5533     2.7333
   3      -5.1029     2.5570     5.4976
   4      -5.0607    10.3841    12.0501
   5      -4.9164     3.9479     7.3468
   6      -4.8758    11.3317    13.3567
   7      -4.6481     2.1766     3.5903
   8      -4.5929    11.0919    13.0357
   9      -4.4797     1.8116     2.7270
  10      -4.4208     3.5674     6.5529
