AutoDock Vina v1.2.3-52-g92d1779
#################################################################
# If you used AutoDock Vina in your work, please cite:          #
#                                                               #
# J. Eberhardt, D. Santos-Martins, A. F. Tillack, and S. Forli  #
# AutoDock Vina 1.2.0: New Docking Methods, Expanded Force      #
# Field, and Python Bindings, J. Chem. Inf. Model. (2021)       #
# DOI 10.1021/acs.jcim.1c00203                                  #
#                                                               #
# O. Trott, A. J. Olson,                                        #
# AutoDock Vina: improving the speed and accuracy of docking    #
# with a new scoring function, efficient optimization and       #
# multithreading, J. Comp. Chem. (2010)                         #
# DOI 10.1002/jcc.21334                                         #
#                                                               #
# Please see https://github.com/ccsb-scripps/AutoDock-Vina for  #
# more information.                                             #
#################################################################

Scoring function : vina
Rigid receptor: YihW_s_templ_cl1_min_model1.pdbqt
Ligand: SQGro_Conformer3D_COMPOUND_CID_100920818_avogadro.pdbqt
Grid center: X 37.211 Y 41.586 Z 40.288
Grid size  : X 68 Y 60 Z 74
Grid space : 1
Exhaustiveness: 32
CPU: 0
Verbosity: 2

Computing Vina grid ... done.
Performing docking (random seed: 1762379476) ... 
0%   10   20   30   40   50   60   70   80   90   100%
|----|----|----|----|----|----|----|----|----|----|
***************************************************
done.
ENERGY FROM SEARCH: -8.59049
FINAL ENERGY: 
Estimated Free Energy of Binding   : -4.876 (kcal/mol) [=(1)+(2)+(3)-(4)]
(1) Final Intermolecular Energy    : -7.298 (kcal/mol)
    Ligand - Receptor              : -7.298 (kcal/mol)
    Ligand - Flex side chains      : 0.000 (kcal/mol)
(2) Final Total Internal Energy    : -1.294 (kcal/mol)
    Ligand                         : -1.294 (kcal/mol)
    Flex   - Receptor              : 0.000 (kcal/mol)
    Flex   - Flex side chains      : 0.000 (kcal/mol)
(3) Torsional Free Energy          : 2.423 (kcal/mol)
(4) Unbound System's Energy        : -1.294 (kcal/mol)
ENERGY FROM SEARCH: -8.113
FINAL ENERGY: 
Estimated Free Energy of Binding   : -4.552 (kcal/mol) [=(1)+(2)+(3)-(4)]
(1) Final Intermolecular Energy    : -6.698 (kcal/mol)
    Ligand - Receptor              : -6.698 (kcal/mol)
    Ligand - Flex side chains      : 0.000 (kcal/mol)
(2) Final Total Internal Energy    : -1.411 (kcal/mol)
    Ligand                         : -1.411 (kcal/mol)
    Flex   - Receptor              : 0.000 (kcal/mol)
    Flex   - Flex side chains      : 0.000 (kcal/mol)
(3) Torsional Free Energy          : 2.262 (kcal/mol)
(4) Unbound System's Energy        : -1.294 (kcal/mol)
ENERGY FROM SEARCH: -8.448
FINAL ENERGY: 
Estimated Free Energy of Binding   : -4.785 (kcal/mol) [=(1)+(2)+(3)-(4)]
(1) Final Intermolecular Energy    : -7.019 (kcal/mol)
    Ligand - Receptor              : -7.019 (kcal/mol)
    Ligand - Flex side chains      : 0.000 (kcal/mol)
(2) Final Total Internal Energy    : -1.438 (kcal/mol)
    Ligand                         : -1.438 (kcal/mol)
    Flex   - Receptor              : 0.000 (kcal/mol)
    Flex   - Flex side chains      : 0.000 (kcal/mol)
(3) Torsional Free Energy          : 2.378 (kcal/mol)
(4) Unbound System's Energy        : -1.294 (kcal/mol)
ENERGY FROM SEARCH: -7.989
FINAL ENERGY: 
Estimated Free Energy of Binding   : -4.472 (kcal/mol) [=(1)+(2)+(3)-(4)]
(1) Final Intermolecular Energy    : -6.858 (kcal/mol)
    Ligand - Receptor              : -6.858 (kcal/mol)
    Ligand - Flex side chains      : 0.000 (kcal/mol)
(2) Final Total Internal Energy    : -1.130 (kcal/mol)
    Ligand                         : -1.130 (kcal/mol)
    Flex   - Receptor              : 0.000 (kcal/mol)
    Flex   - Flex side chains      : 0.000 (kcal/mol)
(3) Torsional Free Energy          : 2.222 (kcal/mol)
(4) Unbound System's Energy        : -1.294 (kcal/mol)
ENERGY FROM SEARCH: -8.585
FINAL ENERGY: 
Estimated Free Energy of Binding   : -4.871 (kcal/mol) [=(1)+(2)+(3)-(4)]
(1) Final Intermolecular Energy    : -6.784 (kcal/mol)
    Ligand - Receptor              : -6.784 (kcal/mol)
    Ligand - Flex side chains      : 0.000 (kcal/mol)
(2) Final Total Internal Energy    : -1.802 (kcal/mol)
    Ligand                         : -1.802 (kcal/mol)
    Flex   - Receptor              : 0.000 (kcal/mol)
    Flex   - Flex side chains      : 0.000 (kcal/mol)
(3) Torsional Free Energy          : 2.421 (kcal/mol)
(4) Unbound System's Energy        : -1.294 (kcal/mol)
ENERGY FROM SEARCH: -7.953
FINAL ENERGY: 
Estimated Free Energy of Binding   : -4.451 (kcal/mol) [=(1)+(2)+(3)-(4)]
(1) Final Intermolecular Energy    : -6.741 (kcal/mol)
    Ligand - Receptor              : -6.741 (kcal/mol)
    Ligand - Flex side chains      : 0.000 (kcal/mol)
(2) Final Total Internal Energy    : -1.216 (kcal/mol)
    Ligand                         : -1.216 (kcal/mol)
    Flex   - Receptor              : 0.000 (kcal/mol)
    Flex   - Flex side chains      : 0.000 (kcal/mol)
(3) Torsional Free Energy          : 2.212 (kcal/mol)
(4) Unbound System's Energy        : -1.294 (kcal/mol)
ENERGY FROM SEARCH: -7.605
FINAL ENERGY: 
Estimated Free Energy of Binding   : -4.215 (kcal/mol) [=(1)+(2)+(3)-(4)]
(1) Final Intermolecular Energy    : -5.953 (kcal/mol)
    Ligand - Receptor              : -5.953 (kcal/mol)
    Ligand - Flex side chains      : 0.000 (kcal/mol)
(2) Final Total Internal Energy    : -1.652 (kcal/mol)
    Ligand                         : -1.652 (kcal/mol)
    Flex   - Receptor              : 0.000 (kcal/mol)
    Flex   - Flex side chains      : 0.000 (kcal/mol)
(3) Torsional Free Energy          : 2.095 (kcal/mol)
(4) Unbound System's Energy        : -1.294 (kcal/mol)
ENERGY FROM SEARCH: -8.273
FINAL ENERGY: 
Estimated Free Energy of Binding   : -4.662 (kcal/mol) [=(1)+(2)+(3)-(4)]
(1) Final Intermolecular Energy    : -7.009 (kcal/mol)
    Ligand - Receptor              : -7.009 (kcal/mol)
    Ligand - Flex side chains      : 0.000 (kcal/mol)
(2) Final Total Internal Energy    : -1.264 (kcal/mol)
    Ligand                         : -1.264 (kcal/mol)
    Flex   - Receptor              : 0.000 (kcal/mol)
    Flex   - Flex side chains      : 0.000 (kcal/mol)
(3) Torsional Free Energy          : 2.317 (kcal/mol)
(4) Unbound System's Energy        : -1.294 (kcal/mol)
ENERGY FROM SEARCH: -7.866
FINAL ENERGY: 
Estimated Free Energy of Binding   : -4.386 (kcal/mol) [=(1)+(2)+(3)-(4)]
(1) Final Intermolecular Energy    : -6.562 (kcal/mol)
    Ligand - Receptor              : -6.562 (kcal/mol)
    Ligand - Flex side chains      : 0.000 (kcal/mol)
(2) Final Total Internal Energy    : -1.298 (kcal/mol)
    Ligand                         : -1.298 (kcal/mol)
    Flex   - Receptor              : 0.000 (kcal/mol)
    Flex   - Flex side chains      : 0.000 (kcal/mol)
(3) Torsional Free Energy          : 2.180 (kcal/mol)
(4) Unbound System's Energy        : -1.294 (kcal/mol)
ENERGY FROM SEARCH: -7.468
FINAL ENERGY: 
Estimated Free Energy of Binding   : -4.123 (kcal/mol) [=(1)+(2)+(3)-(4)]
(1) Final Intermolecular Energy    : -5.708 (kcal/mol)
    Ligand - Receptor              : -5.708 (kcal/mol)
    Ligand - Flex side chains      : 0.000 (kcal/mol)
(2) Final Total Internal Energy    : -1.758 (kcal/mol)
    Ligand                         : -1.758 (kcal/mol)
    Flex   - Receptor              : 0.000 (kcal/mol)
    Flex   - Flex side chains      : 0.000 (kcal/mol)
(3) Torsional Free Energy          : 2.049 (kcal/mol)
(4) Unbound System's Energy        : -1.294 (kcal/mol)

mode |   affinity | dist from best mode
     | (kcal/mol) | rmsd l.b.| rmsd u.b.
-----+------------+----------+----------
   1      -4.8755     0.0000     0.0000
   2      -4.8711     2.5625     5.4795
   3      -4.7848     2.7022     3.9555
   4      -4.6619     2.7394     6.2840
   5      -4.5523     2.4748     5.8122
   6      -4.4721     2.4018     5.7055
   7      -4.4513     2.9864     5.6105
   8      -4.3861     3.4121     6.2299
   9      -4.2154     2.3358     4.1505
  10      -4.1229     2.8852     4.9784
