AutoDock Vina v1.2.3-52-g92d1779
#################################################################
# If you used AutoDock Vina in your work, please cite:          #
#                                                               #
# J. Eberhardt, D. Santos-Martins, A. F. Tillack, and S. Forli  #
# AutoDock Vina 1.2.0: New Docking Methods, Expanded Force      #
# Field, and Python Bindings, J. Chem. Inf. Model. (2021)       #
# DOI 10.1021/acs.jcim.1c00203                                  #
#                                                               #
# O. Trott, A. J. Olson,                                        #
# AutoDock Vina: improving the speed and accuracy of docking    #
# with a new scoring function, efficient optimization and       #
# multithreading, J. Comp. Chem. (2010)                         #
# DOI 10.1002/jcc.21334                                         #
#                                                               #
# Please see https://github.com/ccsb-scripps/AutoDock-Vina for  #
# more information.                                             #
#################################################################

Scoring function : vina
Rigid receptor: YihW_s_templ_cl1_min_model1.pdbqt
Ligand: SQGro_Conformer3D_COMPOUND_CID_100920818_avogadro.pdbqt
Grid center: X 37.211 Y 41.586 Z 40.288
Grid size  : X 68 Y 60 Z 74
Grid space : 1
Exhaustiveness: 32
CPU: 0
Verbosity: 2

Computing Vina grid ... done.
Performing docking (random seed: 637188264) ... 
0%   10   20   30   40   50   60   70   80   90   100%
|----|----|----|----|----|----|----|----|----|----|
***************************************************
done.
ENERGY FROM SEARCH: -8.16492
FINAL ENERGY: 
Estimated Free Energy of Binding   : -4.501 (kcal/mol) [=(1)+(2)+(3)-(4)]
(1) Final Intermolecular Energy    : -6.737 (kcal/mol)
    Ligand - Receptor              : -6.737 (kcal/mol)
    Ligand - Flex side chains      : 0.000 (kcal/mol)
(2) Final Total Internal Energy    : -1.428 (kcal/mol)
    Ligand                         : -1.428 (kcal/mol)
    Flex   - Receptor              : 0.000 (kcal/mol)
    Flex   - Flex side chains      : 0.000 (kcal/mol)
(3) Torsional Free Energy          : 2.236 (kcal/mol)
(4) Unbound System's Energy        : -1.428 (kcal/mol)
ENERGY FROM SEARCH: -8.547
FINAL ENERGY: 
Estimated Free Energy of Binding   : -4.753 (kcal/mol) [=(1)+(2)+(3)-(4)]
(1) Final Intermolecular Energy    : -7.531 (kcal/mol)
    Ligand - Receptor              : -7.531 (kcal/mol)
    Ligand - Flex side chains      : 0.000 (kcal/mol)
(2) Final Total Internal Energy    : -1.013 (kcal/mol)
    Ligand                         : -1.013 (kcal/mol)
    Flex   - Receptor              : 0.000 (kcal/mol)
    Flex   - Flex side chains      : 0.000 (kcal/mol)
(3) Torsional Free Energy          : 2.362 (kcal/mol)
(4) Unbound System's Energy        : -1.428 (kcal/mol)
ENERGY FROM SEARCH: -8.617
FINAL ENERGY: 
Estimated Free Energy of Binding   : -4.802 (kcal/mol) [=(1)+(2)+(3)-(4)]
(1) Final Intermolecular Energy    : -6.801 (kcal/mol)
    Ligand - Receptor              : -6.801 (kcal/mol)
    Ligand - Flex side chains      : 0.000 (kcal/mol)
(2) Final Total Internal Energy    : -1.815 (kcal/mol)
    Ligand                         : -1.815 (kcal/mol)
    Flex   - Receptor              : 0.000 (kcal/mol)
    Flex   - Flex side chains      : 0.000 (kcal/mol)
(3) Torsional Free Energy          : 2.386 (kcal/mol)
(4) Unbound System's Energy        : -1.428 (kcal/mol)
ENERGY FROM SEARCH: -8.221
FINAL ENERGY: 
Estimated Free Energy of Binding   : -4.539 (kcal/mol) [=(1)+(2)+(3)-(4)]
(1) Final Intermolecular Energy    : -6.852 (kcal/mol)
    Ligand - Receptor              : -6.852 (kcal/mol)
    Ligand - Flex side chains      : 0.000 (kcal/mol)
(2) Final Total Internal Energy    : -1.371 (kcal/mol)
    Ligand                         : -1.371 (kcal/mol)
    Flex   - Receptor              : 0.000 (kcal/mol)
    Flex   - Flex side chains      : 0.000 (kcal/mol)
(3) Torsional Free Energy          : 2.256 (kcal/mol)
(4) Unbound System's Energy        : -1.428 (kcal/mol)
ENERGY FROM SEARCH: -8.261
FINAL ENERGY: 
Estimated Free Energy of Binding   : -4.564 (kcal/mol) [=(1)+(2)+(3)-(4)]
(1) Final Intermolecular Energy    : -6.814 (kcal/mol)
    Ligand - Receptor              : -6.814 (kcal/mol)
    Ligand - Flex side chains      : 0.000 (kcal/mol)
(2) Final Total Internal Energy    : -1.445 (kcal/mol)
    Ligand                         : -1.445 (kcal/mol)
    Flex   - Receptor              : 0.000 (kcal/mol)
    Flex   - Flex side chains      : 0.000 (kcal/mol)
(3) Torsional Free Energy          : 2.268 (kcal/mol)
(4) Unbound System's Energy        : -1.428 (kcal/mol)
ENERGY FROM SEARCH: -8.605
FINAL ENERGY: 
Estimated Free Energy of Binding   : -4.793 (kcal/mol) [=(1)+(2)+(3)-(4)]
(1) Final Intermolecular Energy    : -7.285 (kcal/mol)
    Ligand - Receptor              : -7.285 (kcal/mol)
    Ligand - Flex side chains      : 0.000 (kcal/mol)
(2) Final Total Internal Energy    : -1.318 (kcal/mol)
    Ligand                         : -1.318 (kcal/mol)
    Flex   - Receptor              : 0.000 (kcal/mol)
    Flex   - Flex side chains      : 0.000 (kcal/mol)
(3) Torsional Free Energy          : 2.382 (kcal/mol)
(4) Unbound System's Energy        : -1.428 (kcal/mol)
ENERGY FROM SEARCH: -8.604
FINAL ENERGY: 
Estimated Free Energy of Binding   : -4.791 (kcal/mol) [=(1)+(2)+(3)-(4)]
(1) Final Intermolecular Energy    : -7.136 (kcal/mol)
    Ligand - Receptor              : -7.136 (kcal/mol)
    Ligand - Flex side chains      : 0.000 (kcal/mol)
(2) Final Total Internal Energy    : -1.463 (kcal/mol)
    Ligand                         : -1.463 (kcal/mol)
    Flex   - Receptor              : 0.000 (kcal/mol)
    Flex   - Flex side chains      : 0.000 (kcal/mol)
(3) Torsional Free Energy          : 2.381 (kcal/mol)
(4) Unbound System's Energy        : -1.428 (kcal/mol)
ENERGY FROM SEARCH: -8.001
FINAL ENERGY: 
Estimated Free Energy of Binding   : -4.391 (kcal/mol) [=(1)+(2)+(3)-(4)]
(1) Final Intermolecular Energy    : -6.059 (kcal/mol)
    Ligand - Receptor              : -6.059 (kcal/mol)
    Ligand - Flex side chains      : 0.000 (kcal/mol)
(2) Final Total Internal Energy    : -1.942 (kcal/mol)
    Ligand                         : -1.942 (kcal/mol)
    Flex   - Receptor              : 0.000 (kcal/mol)
    Flex   - Flex side chains      : 0.000 (kcal/mol)
(3) Torsional Free Energy          : 2.182 (kcal/mol)
(4) Unbound System's Energy        : -1.428 (kcal/mol)
ENERGY FROM SEARCH: -8.137
FINAL ENERGY: 
Estimated Free Energy of Binding   : -4.482 (kcal/mol) [=(1)+(2)+(3)-(4)]
(1) Final Intermolecular Energy    : -6.852 (kcal/mol)
    Ligand - Receptor              : -6.852 (kcal/mol)
    Ligand - Flex side chains      : 0.000 (kcal/mol)
(2) Final Total Internal Energy    : -1.285 (kcal/mol)
    Ligand                         : -1.285 (kcal/mol)
    Flex   - Receptor              : 0.000 (kcal/mol)
    Flex   - Flex side chains      : 0.000 (kcal/mol)
(3) Torsional Free Energy          : 2.227 (kcal/mol)
(4) Unbound System's Energy        : -1.428 (kcal/mol)
ENERGY FROM SEARCH: -8.300
FINAL ENERGY: 
Estimated Free Energy of Binding   : -4.590 (kcal/mol) [=(1)+(2)+(3)-(4)]
(1) Final Intermolecular Energy    : -6.884 (kcal/mol)
    Ligand - Receptor              : -6.884 (kcal/mol)
    Ligand - Flex side chains      : 0.000 (kcal/mol)
(2) Final Total Internal Energy    : -1.414 (kcal/mol)
    Ligand                         : -1.414 (kcal/mol)
    Flex   - Receptor              : 0.000 (kcal/mol)
    Flex   - Flex side chains      : 0.000 (kcal/mol)
(3) Torsional Free Energy          : 2.281 (kcal/mol)
(4) Unbound System's Energy        : -1.428 (kcal/mol)

mode |   affinity | dist from best mode
     | (kcal/mol) | rmsd l.b.| rmsd u.b.
-----+------------+----------+----------
   1      -4.8021     0.0000     0.0000
   2      -4.7933     2.1613     4.2921
   3      -4.7906     2.1819     5.1024
   4      -4.7533     2.5848     5.4478
   5      -4.5897     2.1768     4.3885
   6      -4.5638     2.8105     5.3069
   7      -4.5391     1.8387     4.2700
   8      -4.5008     2.4991     4.3021
   9      -4.4819     2.4861     3.6742
  10      -4.3914     2.7262     6.0995
