AutoDock Vina v1.2.3-52-g92d1779
#################################################################
# If you used AutoDock Vina in your work, please cite:          #
#                                                               #
# J. Eberhardt, D. Santos-Martins, A. F. Tillack, and S. Forli  #
# AutoDock Vina 1.2.0: New Docking Methods, Expanded Force      #
# Field, and Python Bindings, J. Chem. Inf. Model. (2021)       #
# DOI 10.1021/acs.jcim.1c00203                                  #
#                                                               #
# O. Trott, A. J. Olson,                                        #
# AutoDock Vina: improving the speed and accuracy of docking    #
# with a new scoring function, efficient optimization and       #
# multithreading, J. Comp. Chem. (2010)                         #
# DOI 10.1002/jcc.21334                                         #
#                                                               #
# Please see https://github.com/ccsb-scripps/AutoDock-Vina for  #
# more information.                                             #
#################################################################

Scoring function : vina
Rigid receptor: YihW_s_templ_cl2_min_model1.pdbqt
Ligand: SQGro_Conformer3D_COMPOUND_CID_100920818_avogadro.pdbqt
Grid center: X 37.211 Y 41.586 Z 40.288
Grid size  : X 68 Y 60 Z 74
Grid space : 1
Exhaustiveness: 32
CPU: 0
Verbosity: 2

Computing Vina grid ... done.
Performing docking (random seed: 56711741) ... 
0%   10   20   30   40   50   60   70   80   90   100%
|----|----|----|----|----|----|----|----|----|----|
***************************************************
done.
ENERGY FROM SEARCH: -8.75928
FINAL ENERGY: 
Estimated Free Energy of Binding   : -4.801 (kcal/mol) [=(1)+(2)+(3)-(4)]
(1) Final Intermolecular Energy    : -7.186 (kcal/mol)
    Ligand - Receptor              : -7.186 (kcal/mol)
    Ligand - Flex side chains      : 0.000 (kcal/mol)
(2) Final Total Internal Energy    : -1.573 (kcal/mol)
    Ligand                         : -1.573 (kcal/mol)
    Flex   - Receptor              : 0.000 (kcal/mol)
    Flex   - Flex side chains      : 0.000 (kcal/mol)
(3) Torsional Free Energy          : 2.386 (kcal/mol)
(4) Unbound System's Energy        : -1.573 (kcal/mol)
ENERGY FROM SEARCH: -8.845
FINAL ENERGY: 
Estimated Free Energy of Binding   : -4.857 (kcal/mol) [=(1)+(2)+(3)-(4)]
(1) Final Intermolecular Energy    : -7.480 (kcal/mol)
    Ligand - Receptor              : -7.480 (kcal/mol)
    Ligand - Flex side chains      : 0.000 (kcal/mol)
(2) Final Total Internal Energy    : -1.364 (kcal/mol)
    Ligand                         : -1.364 (kcal/mol)
    Flex   - Receptor              : 0.000 (kcal/mol)
    Flex   - Flex side chains      : 0.000 (kcal/mol)
(3) Torsional Free Energy          : 2.414 (kcal/mol)
(4) Unbound System's Energy        : -1.573 (kcal/mol)
ENERGY FROM SEARCH: -8.295
FINAL ENERGY: 
Estimated Free Energy of Binding   : -4.493 (kcal/mol) [=(1)+(2)+(3)-(4)]
(1) Final Intermolecular Energy    : -6.903 (kcal/mol)
    Ligand - Receptor              : -6.903 (kcal/mol)
    Ligand - Flex side chains      : 0.000 (kcal/mol)
(2) Final Total Internal Energy    : -1.395 (kcal/mol)
    Ligand                         : -1.395 (kcal/mol)
    Flex   - Receptor              : 0.000 (kcal/mol)
    Flex   - Flex side chains      : 0.000 (kcal/mol)
(3) Torsional Free Energy          : 2.233 (kcal/mol)
(4) Unbound System's Energy        : -1.573 (kcal/mol)
ENERGY FROM SEARCH: -7.754
FINAL ENERGY: 
Estimated Free Energy of Binding   : -4.126 (kcal/mol) [=(1)+(2)+(3)-(4)]
(1) Final Intermolecular Energy    : -6.468 (kcal/mol)
    Ligand - Receptor              : -6.468 (kcal/mol)
    Ligand - Flex side chains      : 0.000 (kcal/mol)
(2) Final Total Internal Energy    : -1.281 (kcal/mol)
    Ligand                         : -1.281 (kcal/mol)
    Flex   - Receptor              : 0.000 (kcal/mol)
    Flex   - Flex side chains      : 0.000 (kcal/mol)
(3) Torsional Free Energy          : 2.050 (kcal/mol)
(4) Unbound System's Energy        : -1.573 (kcal/mol)
ENERGY FROM SEARCH: -8.742
FINAL ENERGY: 
Estimated Free Energy of Binding   : -4.792 (kcal/mol) [=(1)+(2)+(3)-(4)]
(1) Final Intermolecular Energy    : -7.454 (kcal/mol)
    Ligand - Receptor              : -7.454 (kcal/mol)
    Ligand - Flex side chains      : 0.000 (kcal/mol)
(2) Final Total Internal Energy    : -1.292 (kcal/mol)
    Ligand                         : -1.292 (kcal/mol)
    Flex   - Receptor              : 0.000 (kcal/mol)
    Flex   - Flex side chains      : 0.000 (kcal/mol)
(3) Torsional Free Energy          : 2.381 (kcal/mol)
(4) Unbound System's Energy        : -1.573 (kcal/mol)
ENERGY FROM SEARCH: -8.704
FINAL ENERGY: 
Estimated Free Energy of Binding   : -4.765 (kcal/mol) [=(1)+(2)+(3)-(4)]
(1) Final Intermolecular Energy    : -7.844 (kcal/mol)
    Ligand - Receptor              : -7.844 (kcal/mol)
    Ligand - Flex side chains      : 0.000 (kcal/mol)
(2) Final Total Internal Energy    : -0.861 (kcal/mol)
    Ligand                         : -0.861 (kcal/mol)
    Flex   - Receptor              : 0.000 (kcal/mol)
    Flex   - Flex side chains      : 0.000 (kcal/mol)
(3) Torsional Free Energy          : 2.368 (kcal/mol)
(4) Unbound System's Energy        : -1.573 (kcal/mol)
ENERGY FROM SEARCH: -7.847
FINAL ENERGY: 
Estimated Free Energy of Binding   : -4.193 (kcal/mol) [=(1)+(2)+(3)-(4)]
(1) Final Intermolecular Energy    : -6.648 (kcal/mol)
    Ligand - Receptor              : -6.648 (kcal/mol)
    Ligand - Flex side chains      : 0.000 (kcal/mol)
(2) Final Total Internal Energy    : -1.201 (kcal/mol)
    Ligand                         : -1.201 (kcal/mol)
    Flex   - Receptor              : 0.000 (kcal/mol)
    Flex   - Flex side chains      : 0.000 (kcal/mol)
(3) Torsional Free Energy          : 2.083 (kcal/mol)
(4) Unbound System's Energy        : -1.573 (kcal/mol)
ENERGY FROM SEARCH: -7.694
FINAL ENERGY: 
Estimated Free Energy of Binding   : -4.088 (kcal/mol) [=(1)+(2)+(3)-(4)]
(1) Final Intermolecular Energy    : -6.169 (kcal/mol)
    Ligand - Receptor              : -6.169 (kcal/mol)
    Ligand - Flex side chains      : 0.000 (kcal/mol)
(2) Final Total Internal Energy    : -1.524 (kcal/mol)
    Ligand                         : -1.524 (kcal/mol)
    Flex   - Receptor              : 0.000 (kcal/mol)
    Flex   - Flex side chains      : 0.000 (kcal/mol)
(3) Torsional Free Energy          : 2.031 (kcal/mol)
(4) Unbound System's Energy        : -1.573 (kcal/mol)
ENERGY FROM SEARCH: -8.227
FINAL ENERGY: 
Estimated Free Energy of Binding   : -4.446 (kcal/mol) [=(1)+(2)+(3)-(4)]
(1) Final Intermolecular Energy    : -6.569 (kcal/mol)
    Ligand - Receptor              : -6.569 (kcal/mol)
    Ligand - Flex side chains      : 0.000 (kcal/mol)
(2) Final Total Internal Energy    : -1.659 (kcal/mol)
    Ligand                         : -1.659 (kcal/mol)
    Flex   - Receptor              : 0.000 (kcal/mol)
    Flex   - Flex side chains      : 0.000 (kcal/mol)
(3) Torsional Free Energy          : 2.209 (kcal/mol)
(4) Unbound System's Energy        : -1.573 (kcal/mol)
ENERGY FROM SEARCH: -7.542
FINAL ENERGY: 
Estimated Free Energy of Binding   : -3.986 (kcal/mol) [=(1)+(2)+(3)-(4)]
(1) Final Intermolecular Energy    : -5.732 (kcal/mol)
    Ligand - Receptor              : -5.732 (kcal/mol)
    Ligand - Flex side chains      : 0.000 (kcal/mol)
(2) Final Total Internal Energy    : -1.808 (kcal/mol)
    Ligand                         : -1.808 (kcal/mol)
    Flex   - Receptor              : 0.000 (kcal/mol)
    Flex   - Flex side chains      : 0.000 (kcal/mol)
(3) Torsional Free Energy          : 1.981 (kcal/mol)
(4) Unbound System's Energy        : -1.573 (kcal/mol)

mode |   affinity | dist from best mode
     | (kcal/mol) | rmsd l.b.| rmsd u.b.
-----+------------+----------+----------
   1      -4.8573     0.0000     0.0000
   2      -4.8007     9.7702    12.0435
   3      -4.7920     2.4972     6.2624
   4      -4.7648     3.0992     6.5872
   5      -4.4928     2.1673     5.8012
   6      -4.4462    10.2367    12.1172
   7      -4.1928     9.7089    11.0425
   8      -4.1261     2.0198     3.2679
   9      -4.0879     9.8854    12.5777
  10      -3.9863    10.0154    12.8808
