AutoDock Vina v1.2.3-52-g92d1779
#################################################################
# If you used AutoDock Vina in your work, please cite:          #
#                                                               #
# J. Eberhardt, D. Santos-Martins, A. F. Tillack, and S. Forli  #
# AutoDock Vina 1.2.0: New Docking Methods, Expanded Force      #
# Field, and Python Bindings, J. Chem. Inf. Model. (2021)       #
# DOI 10.1021/acs.jcim.1c00203                                  #
#                                                               #
# O. Trott, A. J. Olson,                                        #
# AutoDock Vina: improving the speed and accuracy of docking    #
# with a new scoring function, efficient optimization and       #
# multithreading, J. Comp. Chem. (2010)                         #
# DOI 10.1002/jcc.21334                                         #
#                                                               #
# Please see https://github.com/ccsb-scripps/AutoDock-Vina for  #
# more information.                                             #
#################################################################

Scoring function : vina
Rigid receptor: YihW_s_AF_cl1_min_model1.pdbqt
Ligand: SQGro_Conformer3D_COMPOUND_CID_100920818_avogadro.pdbqt
Grid center: X 42.638 Y 43.195 Z 45.244
Grid size  : X 44 Y 52 Z 62
Grid space : 1
Exhaustiveness: 32
CPU: 0
Verbosity: 2

Computing Vina grid ... done.
Performing docking (random seed: 1834295066) ... 
0%   10   20   30   40   50   60   70   80   90   100%
|----|----|----|----|----|----|----|----|----|----|
***************************************************
done.
ENERGY FROM SEARCH: -9.66657
FINAL ENERGY: 
Estimated Free Energy of Binding   : -5.534 (kcal/mol) [=(1)+(2)+(3)-(4)]
(1) Final Intermolecular Energy    : -8.284 (kcal/mol)
    Ligand - Receptor              : -8.284 (kcal/mol)
    Ligand - Flex side chains      : 0.000 (kcal/mol)
(2) Final Total Internal Energy    : -1.379 (kcal/mol)
    Ligand                         : -1.379 (kcal/mol)
    Flex   - Receptor              : 0.000 (kcal/mol)
    Flex   - Flex side chains      : 0.000 (kcal/mol)
(3) Torsional Free Energy          : 2.750 (kcal/mol)
(4) Unbound System's Energy        : -1.379 (kcal/mol)
ENERGY FROM SEARCH: -9.097
FINAL ENERGY: 
Estimated Free Energy of Binding   : -5.155 (kcal/mol) [=(1)+(2)+(3)-(4)]
(1) Final Intermolecular Energy    : -7.739 (kcal/mol)
    Ligand - Receptor              : -7.739 (kcal/mol)
    Ligand - Flex side chains      : 0.000 (kcal/mol)
(2) Final Total Internal Energy    : -1.357 (kcal/mol)
    Ligand                         : -1.357 (kcal/mol)
    Flex   - Receptor              : 0.000 (kcal/mol)
    Flex   - Flex side chains      : 0.000 (kcal/mol)
(3) Torsional Free Energy          : 2.562 (kcal/mol)
(4) Unbound System's Energy        : -1.379 (kcal/mol)
ENERGY FROM SEARCH: -10.236
FINAL ENERGY: 
Estimated Free Energy of Binding   : -5.912 (kcal/mol) [=(1)+(2)+(3)-(4)]
(1) Final Intermolecular Energy    : -8.766 (kcal/mol)
    Ligand - Receptor              : -8.766 (kcal/mol)
    Ligand - Flex side chains      : 0.000 (kcal/mol)
(2) Final Total Internal Energy    : -1.463 (kcal/mol)
    Ligand                         : -1.463 (kcal/mol)
    Flex   - Receptor              : 0.000 (kcal/mol)
    Flex   - Flex side chains      : 0.000 (kcal/mol)
(3) Torsional Free Energy          : 2.938 (kcal/mol)
(4) Unbound System's Energy        : -1.379 (kcal/mol)
ENERGY FROM SEARCH: -9.192
FINAL ENERGY: 
Estimated Free Energy of Binding   : -5.222 (kcal/mol) [=(1)+(2)+(3)-(4)]
(1) Final Intermolecular Energy    : -7.779 (kcal/mol)
    Ligand - Receptor              : -7.779 (kcal/mol)
    Ligand - Flex side chains      : 0.000 (kcal/mol)
(2) Final Total Internal Energy    : -1.417 (kcal/mol)
    Ligand                         : -1.417 (kcal/mol)
    Flex   - Receptor              : 0.000 (kcal/mol)
    Flex   - Flex side chains      : 0.000 (kcal/mol)
(3) Torsional Free Energy          : 2.595 (kcal/mol)
(4) Unbound System's Energy        : -1.379 (kcal/mol)
ENERGY FROM SEARCH: -8.905
FINAL ENERGY: 
Estimated Free Energy of Binding   : -5.029 (kcal/mol) [=(1)+(2)+(3)-(4)]
(1) Final Intermolecular Energy    : -7.473 (kcal/mol)
    Ligand - Receptor              : -7.473 (kcal/mol)
    Ligand - Flex side chains      : 0.000 (kcal/mol)
(2) Final Total Internal Energy    : -1.434 (kcal/mol)
    Ligand                         : -1.434 (kcal/mol)
    Flex   - Receptor              : 0.000 (kcal/mol)
    Flex   - Flex side chains      : 0.000 (kcal/mol)
(3) Torsional Free Energy          : 2.499 (kcal/mol)
(4) Unbound System's Energy        : -1.379 (kcal/mol)
ENERGY FROM SEARCH: -9.645
FINAL ENERGY: 
Estimated Free Energy of Binding   : -5.520 (kcal/mol) [=(1)+(2)+(3)-(4)]
(1) Final Intermolecular Energy    : -8.174 (kcal/mol)
    Ligand - Receptor              : -8.174 (kcal/mol)
    Ligand - Flex side chains      : 0.000 (kcal/mol)
(2) Final Total Internal Energy    : -1.468 (kcal/mol)
    Ligand                         : -1.468 (kcal/mol)
    Flex   - Receptor              : 0.000 (kcal/mol)
    Flex   - Flex side chains      : 0.000 (kcal/mol)
(3) Torsional Free Energy          : 2.743 (kcal/mol)
(4) Unbound System's Energy        : -1.379 (kcal/mol)
ENERGY FROM SEARCH: -9.503
FINAL ENERGY: 
Estimated Free Energy of Binding   : -5.429 (kcal/mol) [=(1)+(2)+(3)-(4)]
(1) Final Intermolecular Energy    : -7.913 (kcal/mol)
    Ligand - Receptor              : -7.913 (kcal/mol)
    Ligand - Flex side chains      : 0.000 (kcal/mol)
(2) Final Total Internal Energy    : -1.593 (kcal/mol)
    Ligand                         : -1.593 (kcal/mol)
    Flex   - Receptor              : 0.000 (kcal/mol)
    Flex   - Flex side chains      : 0.000 (kcal/mol)
(3) Torsional Free Energy          : 2.698 (kcal/mol)
(4) Unbound System's Energy        : -1.379 (kcal/mol)
ENERGY FROM SEARCH: -8.681
FINAL ENERGY: 
Estimated Free Energy of Binding   : -4.881 (kcal/mol) [=(1)+(2)+(3)-(4)]
(1) Final Intermolecular Energy    : -7.428 (kcal/mol)
    Ligand - Receptor              : -7.428 (kcal/mol)
    Ligand - Flex side chains      : 0.000 (kcal/mol)
(2) Final Total Internal Energy    : -1.257 (kcal/mol)
    Ligand                         : -1.257 (kcal/mol)
    Flex   - Receptor              : 0.000 (kcal/mol)
    Flex   - Flex side chains      : 0.000 (kcal/mol)
(3) Torsional Free Energy          : 2.425 (kcal/mol)
(4) Unbound System's Energy        : -1.379 (kcal/mol)
ENERGY FROM SEARCH: -8.666
FINAL ENERGY: 
Estimated Free Energy of Binding   : -4.869 (kcal/mol) [=(1)+(2)+(3)-(4)]
(1) Final Intermolecular Energy    : -7.377 (kcal/mol)
    Ligand - Receptor              : -7.377 (kcal/mol)
    Ligand - Flex side chains      : 0.000 (kcal/mol)
(2) Final Total Internal Energy    : -1.291 (kcal/mol)
    Ligand                         : -1.291 (kcal/mol)
    Flex   - Receptor              : 0.000 (kcal/mol)
    Flex   - Flex side chains      : 0.000 (kcal/mol)
(3) Torsional Free Energy          : 2.420 (kcal/mol)
(4) Unbound System's Energy        : -1.379 (kcal/mol)
ENERGY FROM SEARCH: -8.360
FINAL ENERGY: 
Estimated Free Energy of Binding   : -4.659 (kcal/mol) [=(1)+(2)+(3)-(4)]
(1) Final Intermolecular Energy    : -6.979 (kcal/mol)
    Ligand - Receptor              : -6.979 (kcal/mol)
    Ligand - Flex side chains      : 0.000 (kcal/mol)
(2) Final Total Internal Energy    : -1.374 (kcal/mol)
    Ligand                         : -1.374 (kcal/mol)
    Flex   - Receptor              : 0.000 (kcal/mol)
    Flex   - Flex side chains      : 0.000 (kcal/mol)
(3) Torsional Free Energy          : 2.315 (kcal/mol)
(4) Unbound System's Energy        : -1.379 (kcal/mol)

mode |   affinity | dist from best mode
     | (kcal/mol) | rmsd l.b.| rmsd u.b.
-----+------------+----------+----------
   1      -5.9120     0.0000     0.0000
   2      -5.5344     2.5580     5.2006
   3      -5.5196     2.3369     5.9806
   4      -5.4291     2.4781     5.0827
   5      -5.2220     2.7313     5.5241
   6      -5.1553     2.3663     5.1116
   7      -5.0288     2.8733     5.4728
   8      -4.8806     2.2477     4.9317
   9      -4.8694     3.4586     6.4771
  10      -4.6590    16.5692    18.5132
