AutoDock Vina v1.2.3-52-g92d1779
#################################################################
# If you used AutoDock Vina in your work, please cite:          #
#                                                               #
# J. Eberhardt, D. Santos-Martins, A. F. Tillack, and S. Forli  #
# AutoDock Vina 1.2.0: New Docking Methods, Expanded Force      #
# Field, and Python Bindings, J. Chem. Inf. Model. (2021)       #
# DOI 10.1021/acs.jcim.1c00203                                  #
#                                                               #
# O. Trott, A. J. Olson,                                        #
# AutoDock Vina: improving the speed and accuracy of docking    #
# with a new scoring function, efficient optimization and       #
# multithreading, J. Comp. Chem. (2010)                         #
# DOI 10.1002/jcc.21334                                         #
#                                                               #
# Please see https://github.com/ccsb-scripps/AutoDock-Vina for  #
# more information.                                             #
#################################################################

Scoring function : vina
Rigid receptor: YihW_s_AF_cl1_min_model1.pdbqt
Ligand: SQGro_Conformer3D_COMPOUND_CID_100920818_avogadro.pdbqt
Grid center: X 42.638 Y 43.195 Z 45.244
Grid size  : X 44 Y 52 Z 62
Grid space : 1
Exhaustiveness: 32
CPU: 0
Verbosity: 2

Computing Vina grid ... done.
Performing docking (random seed: -1727189336) ... 
0%   10   20   30   40   50   60   70   80   90   100%
|----|----|----|----|----|----|----|----|----|----|
***************************************************
done.
ENERGY FROM SEARCH: -9.25016
FINAL ENERGY: 
Estimated Free Energy of Binding   : -5.265 (kcal/mol) [=(1)+(2)+(3)-(4)]
(1) Final Intermolecular Energy    : -7.881 (kcal/mol)
    Ligand - Receptor              : -7.881 (kcal/mol)
    Ligand - Flex side chains      : 0.000 (kcal/mol)
(2) Final Total Internal Energy    : -1.369 (kcal/mol)
    Ligand                         : -1.369 (kcal/mol)
    Flex   - Receptor              : 0.000 (kcal/mol)
    Flex   - Flex side chains      : 0.000 (kcal/mol)
(3) Torsional Free Energy          : 2.616 (kcal/mol)
(4) Unbound System's Energy        : -1.369 (kcal/mol)
ENERGY FROM SEARCH: -9.547
FINAL ENERGY: 
Estimated Free Energy of Binding   : -5.465 (kcal/mol) [=(1)+(2)+(3)-(4)]
(1) Final Intermolecular Energy    : -8.157 (kcal/mol)
    Ligand - Receptor              : -8.157 (kcal/mol)
    Ligand - Flex side chains      : 0.000 (kcal/mol)
(2) Final Total Internal Energy    : -1.393 (kcal/mol)
    Ligand                         : -1.393 (kcal/mol)
    Flex   - Receptor              : 0.000 (kcal/mol)
    Flex   - Flex side chains      : 0.000 (kcal/mol)
(3) Torsional Free Energy          : 2.716 (kcal/mol)
(4) Unbound System's Energy        : -1.369 (kcal/mol)
ENERGY FROM SEARCH: -10.194
FINAL ENERGY: 
Estimated Free Energy of Binding   : -5.897 (kcal/mol) [=(1)+(2)+(3)-(4)]
(1) Final Intermolecular Energy    : -8.723 (kcal/mol)
    Ligand - Receptor              : -8.723 (kcal/mol)
    Ligand - Flex side chains      : 0.000 (kcal/mol)
(2) Final Total Internal Energy    : -1.474 (kcal/mol)
    Ligand                         : -1.474 (kcal/mol)
    Flex   - Receptor              : 0.000 (kcal/mol)
    Flex   - Flex side chains      : 0.000 (kcal/mol)
(3) Torsional Free Energy          : 2.930 (kcal/mol)
(4) Unbound System's Energy        : -1.369 (kcal/mol)
ENERGY FROM SEARCH: -9.939
FINAL ENERGY: 
Estimated Free Energy of Binding   : -5.726 (kcal/mol) [=(1)+(2)+(3)-(4)]
(1) Final Intermolecular Energy    : -8.326 (kcal/mol)
    Ligand - Receptor              : -8.326 (kcal/mol)
    Ligand - Flex side chains      : 0.000 (kcal/mol)
(2) Final Total Internal Energy    : -1.615 (kcal/mol)
    Ligand                         : -1.615 (kcal/mol)
    Flex   - Receptor              : 0.000 (kcal/mol)
    Flex   - Flex side chains      : 0.000 (kcal/mol)
(3) Torsional Free Energy          : 2.846 (kcal/mol)
(4) Unbound System's Energy        : -1.369 (kcal/mol)
ENERGY FROM SEARCH: -10.166
FINAL ENERGY: 
Estimated Free Energy of Binding   : -5.876 (kcal/mol) [=(1)+(2)+(3)-(4)]
(1) Final Intermolecular Energy    : -8.795 (kcal/mol)
    Ligand - Receptor              : -8.795 (kcal/mol)
    Ligand - Flex side chains      : 0.000 (kcal/mol)
(2) Final Total Internal Energy    : -1.370 (kcal/mol)
    Ligand                         : -1.370 (kcal/mol)
    Flex   - Receptor              : 0.000 (kcal/mol)
    Flex   - Flex side chains      : 0.000 (kcal/mol)
(3) Torsional Free Energy          : 2.920 (kcal/mol)
(4) Unbound System's Energy        : -1.369 (kcal/mol)
ENERGY FROM SEARCH: -9.259
FINAL ENERGY: 
Estimated Free Energy of Binding   : -5.272 (kcal/mol) [=(1)+(2)+(3)-(4)]
(1) Final Intermolecular Energy    : -7.851 (kcal/mol)
    Ligand - Receptor              : -7.851 (kcal/mol)
    Ligand - Flex side chains      : 0.000 (kcal/mol)
(2) Final Total Internal Energy    : -1.410 (kcal/mol)
    Ligand                         : -1.410 (kcal/mol)
    Flex   - Receptor              : 0.000 (kcal/mol)
    Flex   - Flex side chains      : 0.000 (kcal/mol)
(3) Torsional Free Energy          : 2.620 (kcal/mol)
(4) Unbound System's Energy        : -1.369 (kcal/mol)
ENERGY FROM SEARCH: -9.638
FINAL ENERGY: 
Estimated Free Energy of Binding   : -5.522 (kcal/mol) [=(1)+(2)+(3)-(4)]
(1) Final Intermolecular Energy    : -8.164 (kcal/mol)
    Ligand - Receptor              : -8.164 (kcal/mol)
    Ligand - Flex side chains      : 0.000 (kcal/mol)
(2) Final Total Internal Energy    : -1.471 (kcal/mol)
    Ligand                         : -1.471 (kcal/mol)
    Flex   - Receptor              : 0.000 (kcal/mol)
    Flex   - Flex side chains      : 0.000 (kcal/mol)
(3) Torsional Free Energy          : 2.744 (kcal/mol)
(4) Unbound System's Energy        : -1.369 (kcal/mol)
ENERGY FROM SEARCH: -9.072
FINAL ENERGY: 
Estimated Free Energy of Binding   : -5.145 (kcal/mol) [=(1)+(2)+(3)-(4)]
(1) Final Intermolecular Energy    : -7.621 (kcal/mol)
    Ligand - Receptor              : -7.621 (kcal/mol)
    Ligand - Flex side chains      : 0.000 (kcal/mol)
(2) Final Total Internal Energy    : -1.450 (kcal/mol)
    Ligand                         : -1.450 (kcal/mol)
    Flex   - Receptor              : 0.000 (kcal/mol)
    Flex   - Flex side chains      : 0.000 (kcal/mol)
(3) Torsional Free Energy          : 2.557 (kcal/mol)
(4) Unbound System's Energy        : -1.369 (kcal/mol)
ENERGY FROM SEARCH: -8.440
FINAL ENERGY: 
Estimated Free Energy of Binding   : -4.724 (kcal/mol) [=(1)+(2)+(3)-(4)]
(1) Final Intermolecular Energy    : -7.062 (kcal/mol)
    Ligand - Receptor              : -7.062 (kcal/mol)
    Ligand - Flex side chains      : 0.000 (kcal/mol)
(2) Final Total Internal Energy    : -1.378 (kcal/mol)
    Ligand                         : -1.378 (kcal/mol)
    Flex   - Receptor              : 0.000 (kcal/mol)
    Flex   - Flex side chains      : 0.000 (kcal/mol)
(3) Torsional Free Energy          : 2.347 (kcal/mol)
(4) Unbound System's Energy        : -1.369 (kcal/mol)
ENERGY FROM SEARCH: -8.695
FINAL ENERGY: 
Estimated Free Energy of Binding   : -4.893 (kcal/mol) [=(1)+(2)+(3)-(4)]
(1) Final Intermolecular Energy    : -7.297 (kcal/mol)
    Ligand - Receptor              : -7.297 (kcal/mol)
    Ligand - Flex side chains      : 0.000 (kcal/mol)
(2) Final Total Internal Energy    : -1.397 (kcal/mol)
    Ligand                         : -1.397 (kcal/mol)
    Flex   - Receptor              : 0.000 (kcal/mol)
    Flex   - Flex side chains      : 0.000 (kcal/mol)
(3) Torsional Free Energy          : 2.431 (kcal/mol)
(4) Unbound System's Energy        : -1.369 (kcal/mol)

mode |   affinity | dist from best mode
     | (kcal/mol) | rmsd l.b.| rmsd u.b.
-----+------------+----------+----------
   1      -5.8970     0.0000     0.0000
   2      -5.8759     1.6204     2.4659
   3      -5.7264     2.2938     4.8785
   4      -5.5218     2.3254     5.8412
   5      -5.4652     2.5101     5.1165
   6      -5.2718     2.5925     5.1073
   7      -5.2651     2.3597     5.1557
   8      -5.1451     2.6793     5.1834
   9      -4.8932     1.8233     2.2996
  10      -4.7235    16.5866    18.5504
