AutoDock Vina v1.2.3-52-g92d1779
#################################################################
# If you used AutoDock Vina in your work, please cite:          #
#                                                               #
# J. Eberhardt, D. Santos-Martins, A. F. Tillack, and S. Forli  #
# AutoDock Vina 1.2.0: New Docking Methods, Expanded Force      #
# Field, and Python Bindings, J. Chem. Inf. Model. (2021)       #
# DOI 10.1021/acs.jcim.1c00203                                  #
#                                                               #
# O. Trott, A. J. Olson,                                        #
# AutoDock Vina: improving the speed and accuracy of docking    #
# with a new scoring function, efficient optimization and       #
# multithreading, J. Comp. Chem. (2010)                         #
# DOI 10.1002/jcc.21334                                         #
#                                                               #
# Please see https://github.com/ccsb-scripps/AutoDock-Vina for  #
# more information.                                             #
#################################################################

Scoring function : vina
Rigid receptor: YihW_s_templ_cl1_min_model12.pdbqt
Ligand: SR_Conformer3D_COMPOUND_CID_162640041_avogadro.pdbqt
Grid center: X 37.211 Y 41.586 Z 40.288
Grid size  : X 68 Y 60 Z 74
Grid space : 1
Exhaustiveness: 32
CPU: 0
Verbosity: 2

Computing Vina grid ... done.
Performing docking (random seed: 159333424) ... 
0%   10   20   30   40   50   60   70   80   90   100%
|----|----|----|----|----|----|----|----|----|----|
***************************************************
done.
ENERGY FROM SEARCH: -6.94301
FINAL ENERGY: 
Estimated Free Energy of Binding   : -5.471 (kcal/mol) [=(1)+(2)+(3)-(4)]
(1) Final Intermolecular Energy    : -6.750 (kcal/mol)
    Ligand - Receptor              : -6.750 (kcal/mol)
    Ligand - Flex side chains      : 0.000 (kcal/mol)
(2) Final Total Internal Energy    : -0.193 (kcal/mol)
    Ligand                         : -0.193 (kcal/mol)
    Flex   - Receptor              : 0.000 (kcal/mol)
    Flex   - Flex side chains      : 0.000 (kcal/mol)
(3) Torsional Free Energy          : 1.279 (kcal/mol)
(4) Unbound System's Energy        : -0.193 (kcal/mol)
ENERGY FROM SEARCH: -6.888
FINAL ENERGY: 
Estimated Free Energy of Binding   : -5.425 (kcal/mol) [=(1)+(2)+(3)-(4)]
(1) Final Intermolecular Energy    : -6.488 (kcal/mol)
    Ligand - Receptor              : -6.488 (kcal/mol)
    Ligand - Flex side chains      : 0.000 (kcal/mol)
(2) Final Total Internal Energy    : -0.398 (kcal/mol)
    Ligand                         : -0.398 (kcal/mol)
    Flex   - Receptor              : 0.000 (kcal/mol)
    Flex   - Flex side chains      : 0.000 (kcal/mol)
(3) Torsional Free Energy          : 1.268 (kcal/mol)
(4) Unbound System's Energy        : -0.193 (kcal/mol)
ENERGY FROM SEARCH: -6.959
FINAL ENERGY: 
Estimated Free Energy of Binding   : -5.482 (kcal/mol) [=(1)+(2)+(3)-(4)]
(1) Final Intermolecular Energy    : -6.540 (kcal/mol)
    Ligand - Receptor              : -6.540 (kcal/mol)
    Ligand - Flex side chains      : 0.000 (kcal/mol)
(2) Final Total Internal Energy    : -0.416 (kcal/mol)
    Ligand                         : -0.416 (kcal/mol)
    Flex   - Receptor              : 0.000 (kcal/mol)
    Flex   - Flex side chains      : 0.000 (kcal/mol)
(3) Torsional Free Energy          : 1.282 (kcal/mol)
(4) Unbound System's Energy        : -0.193 (kcal/mol)
ENERGY FROM SEARCH: -5.772
FINAL ENERGY: 
Estimated Free Energy of Binding   : -4.519 (kcal/mol) [=(1)+(2)+(3)-(4)]
(1) Final Intermolecular Energy    : -5.377 (kcal/mol)
    Ligand - Receptor              : -5.377 (kcal/mol)
    Ligand - Flex side chains      : 0.000 (kcal/mol)
(2) Final Total Internal Energy    : -0.392 (kcal/mol)
    Ligand                         : -0.392 (kcal/mol)
    Flex   - Receptor              : 0.000 (kcal/mol)
    Flex   - Flex side chains      : 0.000 (kcal/mol)
(3) Torsional Free Energy          : 1.057 (kcal/mol)
(4) Unbound System's Energy        : -0.193 (kcal/mol)
ENERGY FROM SEARCH: -5.500
FINAL ENERGY: 
Estimated Free Energy of Binding   : -4.300 (kcal/mol) [=(1)+(2)+(3)-(4)]
(1) Final Intermolecular Energy    : -5.070 (kcal/mol)
    Ligand - Receptor              : -5.070 (kcal/mol)
    Ligand - Flex side chains      : 0.000 (kcal/mol)
(2) Final Total Internal Energy    : -0.428 (kcal/mol)
    Ligand                         : -0.428 (kcal/mol)
    Flex   - Receptor              : 0.000 (kcal/mol)
    Flex   - Flex side chains      : 0.000 (kcal/mol)
(3) Torsional Free Energy          : 1.005 (kcal/mol)
(4) Unbound System's Energy        : -0.193 (kcal/mol)
ENERGY FROM SEARCH: -5.947
FINAL ENERGY: 
Estimated Free Energy of Binding   : -4.664 (kcal/mol) [=(1)+(2)+(3)-(4)]
(1) Final Intermolecular Energy    : -5.545 (kcal/mol)
    Ligand - Receptor              : -5.545 (kcal/mol)
    Ligand - Flex side chains      : 0.000 (kcal/mol)
(2) Final Total Internal Energy    : -0.402 (kcal/mol)
    Ligand                         : -0.402 (kcal/mol)
    Flex   - Receptor              : 0.000 (kcal/mol)
    Flex   - Flex side chains      : 0.000 (kcal/mol)
(3) Torsional Free Energy          : 1.091 (kcal/mol)
(4) Unbound System's Energy        : -0.193 (kcal/mol)
ENERGY FROM SEARCH: -5.543
FINAL ENERGY: 
Estimated Free Energy of Binding   : -4.337 (kcal/mol) [=(1)+(2)+(3)-(4)]
(1) Final Intermolecular Energy    : -5.169 (kcal/mol)
    Ligand - Receptor              : -5.169 (kcal/mol)
    Ligand - Flex side chains      : 0.000 (kcal/mol)
(2) Final Total Internal Energy    : -0.375 (kcal/mol)
    Ligand                         : -0.375 (kcal/mol)
    Flex   - Receptor              : 0.000 (kcal/mol)
    Flex   - Flex side chains      : 0.000 (kcal/mol)
(3) Torsional Free Energy          : 1.014 (kcal/mol)
(4) Unbound System's Energy        : -0.193 (kcal/mol)
ENERGY FROM SEARCH: -5.870
FINAL ENERGY: 
Estimated Free Energy of Binding   : -4.599 (kcal/mol) [=(1)+(2)+(3)-(4)]
(1) Final Intermolecular Energy    : -5.480 (kcal/mol)
    Ligand - Receptor              : -5.480 (kcal/mol)
    Ligand - Flex side chains      : 0.000 (kcal/mol)
(2) Final Total Internal Energy    : -0.387 (kcal/mol)
    Ligand                         : -0.387 (kcal/mol)
    Flex   - Receptor              : 0.000 (kcal/mol)
    Flex   - Flex side chains      : 0.000 (kcal/mol)
(3) Torsional Free Energy          : 1.075 (kcal/mol)
(4) Unbound System's Energy        : -0.193 (kcal/mol)
ENERGY FROM SEARCH: -5.507
FINAL ENERGY: 
Estimated Free Energy of Binding   : -4.305 (kcal/mol) [=(1)+(2)+(3)-(4)]
(1) Final Intermolecular Energy    : -5.095 (kcal/mol)
    Ligand - Receptor              : -5.095 (kcal/mol)
    Ligand - Flex side chains      : 0.000 (kcal/mol)
(2) Final Total Internal Energy    : -0.410 (kcal/mol)
    Ligand                         : -0.410 (kcal/mol)
    Flex   - Receptor              : 0.000 (kcal/mol)
    Flex   - Flex side chains      : 0.000 (kcal/mol)
(3) Torsional Free Energy          : 1.007 (kcal/mol)
(4) Unbound System's Energy        : -0.193 (kcal/mol)
ENERGY FROM SEARCH: -5.433
FINAL ENERGY: 
Estimated Free Energy of Binding   : -4.250 (kcal/mol) [=(1)+(2)+(3)-(4)]
(1) Final Intermolecular Energy    : -5.025 (kcal/mol)
    Ligand - Receptor              : -5.025 (kcal/mol)
    Ligand - Flex side chains      : 0.000 (kcal/mol)
(2) Final Total Internal Energy    : -0.411 (kcal/mol)
    Ligand                         : -0.411 (kcal/mol)
    Flex   - Receptor              : 0.000 (kcal/mol)
    Flex   - Flex side chains      : 0.000 (kcal/mol)
(3) Torsional Free Energy          : 0.994 (kcal/mol)
(4) Unbound System's Energy        : -0.193 (kcal/mol)

mode |   affinity | dist from best mode
     | (kcal/mol) | rmsd l.b.| rmsd u.b.
-----+------------+----------+----------
   1      -5.4819     0.0000     0.0000
   2      -5.4709     1.7148     2.5744
   3      -5.4246     1.5631     2.3864
   4      -4.6635     3.1114     4.9229
   5      -4.5991     2.2985     4.9193
   6      -4.5189     3.2568     4.0099
   7      -4.3371     1.9412     3.2812
   8      -4.3053     2.9629     5.3316
   9      -4.2996     3.0464     5.5334
  10      -4.2500     2.5115     3.5340
