AutoDock Vina v1.2.3-52-g92d1779
#################################################################
# If you used AutoDock Vina in your work, please cite:          #
#                                                               #
# J. Eberhardt, D. Santos-Martins, A. F. Tillack, and S. Forli  #
# AutoDock Vina 1.2.0: New Docking Methods, Expanded Force      #
# Field, and Python Bindings, J. Chem. Inf. Model. (2021)       #
# DOI 10.1021/acs.jcim.1c00203                                  #
#                                                               #
# O. Trott, A. J. Olson,                                        #
# AutoDock Vina: improving the speed and accuracy of docking    #
# with a new scoring function, efficient optimization and       #
# multithreading, J. Comp. Chem. (2010)                         #
# DOI 10.1002/jcc.21334                                         #
#                                                               #
# Please see https://github.com/ccsb-scripps/AutoDock-Vina for  #
# more information.                                             #
#################################################################

Scoring function : vina
Rigid receptor: YihW_s_templ_cl1_min_model12.pdbqt
Ligand: SR_Conformer3D_COMPOUND_CID_162640041_avogadro.pdbqt
Grid center: X 37.211 Y 41.586 Z 40.288
Grid size  : X 68 Y 60 Z 74
Grid space : 1
Exhaustiveness: 32
CPU: 0
Verbosity: 2

Computing Vina grid ... done.
Performing docking (random seed: 1771722992) ... 
0%   10   20   30   40   50   60   70   80   90   100%
|----|----|----|----|----|----|----|----|----|----|
***************************************************
done.
ENERGY FROM SEARCH: -6.83135
FINAL ENERGY: 
Estimated Free Energy of Binding   : -5.385 (kcal/mol) [=(1)+(2)+(3)-(4)]
(1) Final Intermolecular Energy    : -6.645 (kcal/mol)
    Ligand - Receptor              : -6.645 (kcal/mol)
    Ligand - Flex side chains      : 0.000 (kcal/mol)
(2) Final Total Internal Energy    : -0.189 (kcal/mol)
    Ligand                         : -0.189 (kcal/mol)
    Flex   - Receptor              : 0.000 (kcal/mol)
    Flex   - Flex side chains      : 0.000 (kcal/mol)
(3) Torsional Free Energy          : 1.259 (kcal/mol)
(4) Unbound System's Energy        : -0.189 (kcal/mol)
ENERGY FROM SEARCH: -6.954
FINAL ENERGY: 
Estimated Free Energy of Binding   : -5.484 (kcal/mol) [=(1)+(2)+(3)-(4)]
(1) Final Intermolecular Energy    : -6.549 (kcal/mol)
    Ligand - Receptor              : -6.549 (kcal/mol)
    Ligand - Flex side chains      : 0.000 (kcal/mol)
(2) Final Total Internal Energy    : -0.407 (kcal/mol)
    Ligand                         : -0.407 (kcal/mol)
    Flex   - Receptor              : 0.000 (kcal/mol)
    Flex   - Flex side chains      : 0.000 (kcal/mol)
(3) Torsional Free Energy          : 1.282 (kcal/mol)
(4) Unbound System's Energy        : -0.189 (kcal/mol)
ENERGY FROM SEARCH: -6.682
FINAL ENERGY: 
Estimated Free Energy of Binding   : -5.265 (kcal/mol) [=(1)+(2)+(3)-(4)]
(1) Final Intermolecular Energy    : -6.323 (kcal/mol)
    Ligand - Receptor              : -6.323 (kcal/mol)
    Ligand - Flex side chains      : 0.000 (kcal/mol)
(2) Final Total Internal Energy    : -0.362 (kcal/mol)
    Ligand                         : -0.362 (kcal/mol)
    Flex   - Receptor              : 0.000 (kcal/mol)
    Flex   - Flex side chains      : 0.000 (kcal/mol)
(3) Torsional Free Energy          : 1.231 (kcal/mol)
(4) Unbound System's Energy        : -0.189 (kcal/mol)
ENERGY FROM SEARCH: -5.575
FINAL ENERGY: 
Estimated Free Energy of Binding   : -4.367 (kcal/mol) [=(1)+(2)+(3)-(4)]
(1) Final Intermolecular Energy    : -5.094 (kcal/mol)
    Ligand - Receptor              : -5.094 (kcal/mol)
    Ligand - Flex side chains      : 0.000 (kcal/mol)
(2) Final Total Internal Energy    : -0.483 (kcal/mol)
    Ligand                         : -0.483 (kcal/mol)
    Flex   - Receptor              : 0.000 (kcal/mol)
    Flex   - Flex side chains      : 0.000 (kcal/mol)
(3) Torsional Free Energy          : 1.021 (kcal/mol)
(4) Unbound System's Energy        : -0.189 (kcal/mol)
ENERGY FROM SEARCH: -5.545
FINAL ENERGY: 
Estimated Free Energy of Binding   : -4.343 (kcal/mol) [=(1)+(2)+(3)-(4)]
(1) Final Intermolecular Energy    : -5.109 (kcal/mol)
    Ligand - Receptor              : -5.109 (kcal/mol)
    Ligand - Flex side chains      : 0.000 (kcal/mol)
(2) Final Total Internal Energy    : -0.438 (kcal/mol)
    Ligand                         : -0.438 (kcal/mol)
    Flex   - Receptor              : 0.000 (kcal/mol)
    Flex   - Flex side chains      : 0.000 (kcal/mol)
(3) Torsional Free Energy          : 1.016 (kcal/mol)
(4) Unbound System's Energy        : -0.189 (kcal/mol)
ENERGY FROM SEARCH: -5.676
FINAL ENERGY: 
Estimated Free Energy of Binding   : -4.450 (kcal/mol) [=(1)+(2)+(3)-(4)]
(1) Final Intermolecular Energy    : -5.359 (kcal/mol)
    Ligand - Receptor              : -5.359 (kcal/mol)
    Ligand - Flex side chains      : 0.000 (kcal/mol)
(2) Final Total Internal Energy    : -0.321 (kcal/mol)
    Ligand                         : -0.321 (kcal/mol)
    Flex   - Receptor              : 0.000 (kcal/mol)
    Flex   - Flex side chains      : 0.000 (kcal/mol)
(3) Torsional Free Energy          : 1.041 (kcal/mol)
(4) Unbound System's Energy        : -0.189 (kcal/mol)
ENERGY FROM SEARCH: -5.431
FINAL ENERGY: 
Estimated Free Energy of Binding   : -4.248 (kcal/mol) [=(1)+(2)+(3)-(4)]
(1) Final Intermolecular Energy    : -5.016 (kcal/mol)
    Ligand - Receptor              : -5.016 (kcal/mol)
    Ligand - Flex side chains      : 0.000 (kcal/mol)
(2) Final Total Internal Energy    : -0.415 (kcal/mol)
    Ligand                         : -0.415 (kcal/mol)
    Flex   - Receptor              : 0.000 (kcal/mol)
    Flex   - Flex side chains      : 0.000 (kcal/mol)
(3) Torsional Free Energy          : 0.993 (kcal/mol)
(4) Unbound System's Energy        : -0.189 (kcal/mol)
ENERGY FROM SEARCH: -5.438
FINAL ENERGY: 
Estimated Free Energy of Binding   : -4.252 (kcal/mol) [=(1)+(2)+(3)-(4)]
(1) Final Intermolecular Energy    : -5.112 (kcal/mol)
    Ligand - Receptor              : -5.112 (kcal/mol)
    Ligand - Flex side chains      : 0.000 (kcal/mol)
(2) Final Total Internal Energy    : -0.323 (kcal/mol)
    Ligand                         : -0.323 (kcal/mol)
    Flex   - Receptor              : 0.000 (kcal/mol)
    Flex   - Flex side chains      : 0.000 (kcal/mol)
(3) Torsional Free Energy          : 0.994 (kcal/mol)
(4) Unbound System's Energy        : -0.189 (kcal/mol)
ENERGY FROM SEARCH: -5.458
FINAL ENERGY: 
Estimated Free Energy of Binding   : -4.269 (kcal/mol) [=(1)+(2)+(3)-(4)]
(1) Final Intermolecular Energy    : -5.040 (kcal/mol)
    Ligand - Receptor              : -5.040 (kcal/mol)
    Ligand - Flex side chains      : 0.000 (kcal/mol)
(2) Final Total Internal Energy    : -0.416 (kcal/mol)
    Ligand                         : -0.416 (kcal/mol)
    Flex   - Receptor              : 0.000 (kcal/mol)
    Flex   - Flex side chains      : 0.000 (kcal/mol)
(3) Torsional Free Energy          : 0.998 (kcal/mol)
(4) Unbound System's Energy        : -0.189 (kcal/mol)
ENERGY FROM SEARCH: -5.628
FINAL ENERGY: 
Estimated Free Energy of Binding   : -4.410 (kcal/mol) [=(1)+(2)+(3)-(4)]
(1) Final Intermolecular Energy    : -5.207 (kcal/mol)
    Ligand - Receptor              : -5.207 (kcal/mol)
    Ligand - Flex side chains      : 0.000 (kcal/mol)
(2) Final Total Internal Energy    : -0.424 (kcal/mol)
    Ligand                         : -0.424 (kcal/mol)
    Flex   - Receptor              : 0.000 (kcal/mol)
    Flex   - Flex side chains      : 0.000 (kcal/mol)
(3) Torsional Free Energy          : 1.031 (kcal/mol)
(4) Unbound System's Energy        : -0.189 (kcal/mol)

mode |   affinity | dist from best mode
     | (kcal/mol) | rmsd l.b.| rmsd u.b.
-----+------------+----------+----------
   1      -5.4844     0.0000     0.0000
   2      -5.3854     1.6496     2.5497
   3      -5.2648     1.5473     2.2577
   4      -4.4505     2.3087     4.9376
   5      -4.4104     2.2470     3.3625
   6      -4.3669     3.2917     4.2028
   7      -4.3431     3.0533     5.4834
   8      -4.2688     2.8275     4.7983
   9      -4.2517     1.9138     2.9355
  10      -4.2484     1.6998     3.0262
