AutoDock Vina v1.2.3-52-g92d1779
#################################################################
# If you used AutoDock Vina in your work, please cite:          #
#                                                               #
# J. Eberhardt, D. Santos-Martins, A. F. Tillack, and S. Forli  #
# AutoDock Vina 1.2.0: New Docking Methods, Expanded Force      #
# Field, and Python Bindings, J. Chem. Inf. Model. (2021)       #
# DOI 10.1021/acs.jcim.1c00203                                  #
#                                                               #
# O. Trott, A. J. Olson,                                        #
# AutoDock Vina: improving the speed and accuracy of docking    #
# with a new scoring function, efficient optimization and       #
# multithreading, J. Comp. Chem. (2010)                         #
# DOI 10.1002/jcc.21334                                         #
#                                                               #
# Please see https://github.com/ccsb-scripps/AutoDock-Vina for  #
# more information.                                             #
#################################################################

Scoring function : vina
Rigid receptor: YihW_s_templ_cl1_min_model12.pdbqt
Ligand: SR_Conformer3D_COMPOUND_CID_162640041_avogadro.pdbqt
Grid center: X 37.211 Y 41.586 Z 40.288
Grid size  : X 68 Y 60 Z 74
Grid space : 1
Exhaustiveness: 32
CPU: 0
Verbosity: 2

Computing Vina grid ... done.
Performing docking (random seed: -1524072344) ... 
0%   10   20   30   40   50   60   70   80   90   100%
|----|----|----|----|----|----|----|----|----|----|
***************************************************
done.
ENERGY FROM SEARCH: -6.74663
FINAL ENERGY: 
Estimated Free Energy of Binding   : -5.307 (kcal/mol) [=(1)+(2)+(3)-(4)]
(1) Final Intermolecular Energy    : -6.548 (kcal/mol)
    Ligand - Receptor              : -6.548 (kcal/mol)
    Ligand - Flex side chains      : 0.000 (kcal/mol)
(2) Final Total Internal Energy    : -0.199 (kcal/mol)
    Ligand                         : -0.199 (kcal/mol)
    Flex   - Receptor              : 0.000 (kcal/mol)
    Flex   - Flex side chains      : 0.000 (kcal/mol)
(3) Torsional Free Energy          : 1.241 (kcal/mol)
(4) Unbound System's Energy        : -0.199 (kcal/mol)
ENERGY FROM SEARCH: -7.099
FINAL ENERGY: 
Estimated Free Energy of Binding   : -5.593 (kcal/mol) [=(1)+(2)+(3)-(4)]
(1) Final Intermolecular Energy    : -6.674 (kcal/mol)
    Ligand - Receptor              : -6.674 (kcal/mol)
    Ligand - Flex side chains      : 0.000 (kcal/mol)
(2) Final Total Internal Energy    : -0.425 (kcal/mol)
    Ligand                         : -0.425 (kcal/mol)
    Flex   - Receptor              : 0.000 (kcal/mol)
    Flex   - Flex side chains      : 0.000 (kcal/mol)
(3) Torsional Free Energy          : 1.308 (kcal/mol)
(4) Unbound System's Energy        : -0.199 (kcal/mol)
ENERGY FROM SEARCH: -6.303
FINAL ENERGY: 
Estimated Free Energy of Binding   : -4.947 (kcal/mol) [=(1)+(2)+(3)-(4)]
(1) Final Intermolecular Energy    : -5.870 (kcal/mol)
    Ligand - Receptor              : -5.870 (kcal/mol)
    Ligand - Flex side chains      : 0.000 (kcal/mol)
(2) Final Total Internal Energy    : -0.433 (kcal/mol)
    Ligand                         : -0.433 (kcal/mol)
    Flex   - Receptor              : 0.000 (kcal/mol)
    Flex   - Flex side chains      : 0.000 (kcal/mol)
(3) Torsional Free Energy          : 1.157 (kcal/mol)
(4) Unbound System's Energy        : -0.199 (kcal/mol)
ENERGY FROM SEARCH: -6.033
FINAL ENERGY: 
Estimated Free Energy of Binding   : -4.732 (kcal/mol) [=(1)+(2)+(3)-(4)]
(1) Final Intermolecular Energy    : -5.648 (kcal/mol)
    Ligand - Receptor              : -5.648 (kcal/mol)
    Ligand - Flex side chains      : 0.000 (kcal/mol)
(2) Final Total Internal Energy    : -0.389 (kcal/mol)
    Ligand                         : -0.389 (kcal/mol)
    Flex   - Receptor              : 0.000 (kcal/mol)
    Flex   - Flex side chains      : 0.000 (kcal/mol)
(3) Torsional Free Energy          : 1.106 (kcal/mol)
(4) Unbound System's Energy        : -0.199 (kcal/mol)
ENERGY FROM SEARCH: -5.490
FINAL ENERGY: 
Estimated Free Energy of Binding   : -4.287 (kcal/mol) [=(1)+(2)+(3)-(4)]
(1) Final Intermolecular Energy    : -5.051 (kcal/mol)
    Ligand - Receptor              : -5.051 (kcal/mol)
    Ligand - Flex side chains      : 0.000 (kcal/mol)
(2) Final Total Internal Energy    : -0.437 (kcal/mol)
    Ligand                         : -0.437 (kcal/mol)
    Flex   - Receptor              : 0.000 (kcal/mol)
    Flex   - Flex side chains      : 0.000 (kcal/mol)
(3) Torsional Free Energy          : 1.002 (kcal/mol)
(4) Unbound System's Energy        : -0.199 (kcal/mol)
ENERGY FROM SEARCH: -5.748
FINAL ENERGY: 
Estimated Free Energy of Binding   : -4.497 (kcal/mol) [=(1)+(2)+(3)-(4)]
(1) Final Intermolecular Energy    : -5.354 (kcal/mol)
    Ligand - Receptor              : -5.354 (kcal/mol)
    Ligand - Flex side chains      : 0.000 (kcal/mol)
(2) Final Total Internal Energy    : -0.394 (kcal/mol)
    Ligand                         : -0.394 (kcal/mol)
    Flex   - Receptor              : 0.000 (kcal/mol)
    Flex   - Flex side chains      : 0.000 (kcal/mol)
(3) Torsional Free Energy          : 1.052 (kcal/mol)
(4) Unbound System's Energy        : -0.199 (kcal/mol)
ENERGY FROM SEARCH: -5.718
FINAL ENERGY: 
Estimated Free Energy of Binding   : -4.474 (kcal/mol) [=(1)+(2)+(3)-(4)]
(1) Final Intermolecular Energy    : -5.312 (kcal/mol)
    Ligand - Receptor              : -5.312 (kcal/mol)
    Ligand - Flex side chains      : 0.000 (kcal/mol)
(2) Final Total Internal Energy    : -0.407 (kcal/mol)
    Ligand                         : -0.407 (kcal/mol)
    Flex   - Receptor              : 0.000 (kcal/mol)
    Flex   - Flex side chains      : 0.000 (kcal/mol)
(3) Torsional Free Energy          : 1.046 (kcal/mol)
(4) Unbound System's Energy        : -0.199 (kcal/mol)
ENERGY FROM SEARCH: -5.551
FINAL ENERGY: 
Estimated Free Energy of Binding   : -4.341 (kcal/mol) [=(1)+(2)+(3)-(4)]
(1) Final Intermolecular Energy    : -5.071 (kcal/mol)
    Ligand - Receptor              : -5.071 (kcal/mol)
    Ligand - Flex side chains      : 0.000 (kcal/mol)
(2) Final Total Internal Energy    : -0.484 (kcal/mol)
    Ligand                         : -0.484 (kcal/mol)
    Flex   - Receptor              : 0.000 (kcal/mol)
    Flex   - Flex side chains      : 0.000 (kcal/mol)
(3) Torsional Free Energy          : 1.015 (kcal/mol)
(4) Unbound System's Energy        : -0.199 (kcal/mol)
ENERGY FROM SEARCH: -5.104
FINAL ENERGY: 
Estimated Free Energy of Binding   : -3.978 (kcal/mol) [=(1)+(2)+(3)-(4)]
(1) Final Intermolecular Energy    : -4.719 (kcal/mol)
    Ligand - Receptor              : -4.719 (kcal/mol)
    Ligand - Flex side chains      : 0.000 (kcal/mol)
(2) Final Total Internal Energy    : -0.388 (kcal/mol)
    Ligand                         : -0.388 (kcal/mol)
    Flex   - Receptor              : 0.000 (kcal/mol)
    Flex   - Flex side chains      : 0.000 (kcal/mol)
(3) Torsional Free Energy          : 0.930 (kcal/mol)
(4) Unbound System's Energy        : -0.199 (kcal/mol)
ENERGY FROM SEARCH: -5.347
FINAL ENERGY: 
Estimated Free Energy of Binding   : -4.174 (kcal/mol) [=(1)+(2)+(3)-(4)]
(1) Final Intermolecular Energy    : -4.941 (kcal/mol)
    Ligand - Receptor              : -4.941 (kcal/mol)
    Ligand - Flex side chains      : 0.000 (kcal/mol)
(2) Final Total Internal Energy    : -0.409 (kcal/mol)
    Ligand                         : -0.409 (kcal/mol)
    Flex   - Receptor              : 0.000 (kcal/mol)
    Flex   - Flex side chains      : 0.000 (kcal/mol)
(3) Torsional Free Energy          : 0.976 (kcal/mol)
(4) Unbound System's Energy        : -0.199 (kcal/mol)

mode |   affinity | dist from best mode
     | (kcal/mol) | rmsd l.b.| rmsd u.b.
-----+------------+----------+----------
   1      -5.5927     0.0000     0.0000
   2      -5.3069     1.6300     2.5045
   3      -4.9474     1.6252     2.4739
   4      -4.7319     2.0013     2.5515
   5      -4.4975     2.2889     4.8732
   6      -4.4742     3.2060     4.1336
   7      -4.3411     3.0246     4.8563
   8      -4.2868     3.1956     5.6964
   9      -4.1743     2.7881     5.6238
  10      -3.9779     2.2244     2.9838
