AutoDock Vina v1.2.3-52-g92d1779
#################################################################
# If you used AutoDock Vina in your work, please cite:          #
#                                                               #
# J. Eberhardt, D. Santos-Martins, A. F. Tillack, and S. Forli  #
# AutoDock Vina 1.2.0: New Docking Methods, Expanded Force      #
# Field, and Python Bindings, J. Chem. Inf. Model. (2021)       #
# DOI 10.1021/acs.jcim.1c00203                                  #
#                                                               #
# O. Trott, A. J. Olson,                                        #
# AutoDock Vina: improving the speed and accuracy of docking    #
# with a new scoring function, efficient optimization and       #
# multithreading, J. Comp. Chem. (2010)                         #
# DOI 10.1002/jcc.21334                                         #
#                                                               #
# Please see https://github.com/ccsb-scripps/AutoDock-Vina for  #
# more information.                                             #
#################################################################

Scoring function : vina
Rigid receptor: YihW_s_AF_cl1_min_model1.pdbqt
Ligand: SR_Conformer3D_COMPOUND_CID_162640041_avogadro.pdbqt
Grid center: X 42.638 Y 43.195 Z 45.244
Grid size  : X 44 Y 52 Z 62
Grid space : 1
Exhaustiveness: 32
CPU: 0
Verbosity: 2

Computing Vina grid ... done.
Performing docking (random seed: -1345902383) ... 
0%   10   20   30   40   50   60   70   80   90   100%
|----|----|----|----|----|----|----|----|----|----|
***************************************************
done.
ENERGY FROM SEARCH: -7.81995
FINAL ENERGY: 
Estimated Free Energy of Binding   : -6.010 (kcal/mol) [=(1)+(2)+(3)-(4)]
(1) Final Intermolecular Energy    : -7.415 (kcal/mol)
    Ligand - Receptor              : -7.415 (kcal/mol)
    Ligand - Flex side chains      : 0.000 (kcal/mol)
(2) Final Total Internal Energy    : -0.405 (kcal/mol)
    Ligand                         : -0.405 (kcal/mol)
    Flex   - Receptor              : 0.000 (kcal/mol)
    Flex   - Flex side chains      : 0.000 (kcal/mol)
(3) Torsional Free Energy          : 1.405 (kcal/mol)
(4) Unbound System's Energy        : -0.405 (kcal/mol)
ENERGY FROM SEARCH: -7.869
FINAL ENERGY: 
Estimated Free Energy of Binding   : -6.050 (kcal/mol) [=(1)+(2)+(3)-(4)]
(1) Final Intermolecular Energy    : -7.460 (kcal/mol)
    Ligand - Receptor              : -7.460 (kcal/mol)
    Ligand - Flex side chains      : 0.000 (kcal/mol)
(2) Final Total Internal Energy    : -0.409 (kcal/mol)
    Ligand                         : -0.409 (kcal/mol)
    Flex   - Receptor              : 0.000 (kcal/mol)
    Flex   - Flex side chains      : 0.000 (kcal/mol)
(3) Torsional Free Energy          : 1.415 (kcal/mol)
(4) Unbound System's Energy        : -0.405 (kcal/mol)
ENERGY FROM SEARCH: -6.722
FINAL ENERGY: 
Estimated Free Energy of Binding   : -5.121 (kcal/mol) [=(1)+(2)+(3)-(4)]
(1) Final Intermolecular Energy    : -6.253 (kcal/mol)
    Ligand - Receptor              : -6.253 (kcal/mol)
    Ligand - Flex side chains      : 0.000 (kcal/mol)
(2) Final Total Internal Energy    : -0.470 (kcal/mol)
    Ligand                         : -0.470 (kcal/mol)
    Flex   - Receptor              : 0.000 (kcal/mol)
    Flex   - Flex side chains      : 0.000 (kcal/mol)
(3) Torsional Free Energy          : 1.198 (kcal/mol)
(4) Unbound System's Energy        : -0.405 (kcal/mol)
ENERGY FROM SEARCH: -6.468
FINAL ENERGY: 
Estimated Free Energy of Binding   : -4.914 (kcal/mol) [=(1)+(2)+(3)-(4)]
(1) Final Intermolecular Energy    : -5.982 (kcal/mol)
    Ligand - Receptor              : -5.982 (kcal/mol)
    Ligand - Flex side chains      : 0.000 (kcal/mol)
(2) Final Total Internal Energy    : -0.486 (kcal/mol)
    Ligand                         : -0.486 (kcal/mol)
    Flex   - Receptor              : 0.000 (kcal/mol)
    Flex   - Flex side chains      : 0.000 (kcal/mol)
(3) Torsional Free Energy          : 1.149 (kcal/mol)
(4) Unbound System's Energy        : -0.405 (kcal/mol)
ENERGY FROM SEARCH: -6.575
FINAL ENERGY: 
Estimated Free Energy of Binding   : -5.000 (kcal/mol) [=(1)+(2)+(3)-(4)]
(1) Final Intermolecular Energy    : -6.164 (kcal/mol)
    Ligand - Receptor              : -6.164 (kcal/mol)
    Ligand - Flex side chains      : 0.000 (kcal/mol)
(2) Final Total Internal Energy    : -0.410 (kcal/mol)
    Ligand                         : -0.410 (kcal/mol)
    Flex   - Receptor              : 0.000 (kcal/mol)
    Flex   - Flex side chains      : 0.000 (kcal/mol)
(3) Torsional Free Energy          : 1.169 (kcal/mol)
(4) Unbound System's Energy        : -0.405 (kcal/mol)
ENERGY FROM SEARCH: -6.354
FINAL ENERGY: 
Estimated Free Energy of Binding   : -4.820 (kcal/mol) [=(1)+(2)+(3)-(4)]
(1) Final Intermolecular Energy    : -5.943 (kcal/mol)
    Ligand - Receptor              : -5.943 (kcal/mol)
    Ligand - Flex side chains      : 0.000 (kcal/mol)
(2) Final Total Internal Energy    : -0.410 (kcal/mol)
    Ligand                         : -0.410 (kcal/mol)
    Flex   - Receptor              : 0.000 (kcal/mol)
    Flex   - Flex side chains      : 0.000 (kcal/mol)
(3) Torsional Free Energy          : 1.127 (kcal/mol)
(4) Unbound System's Energy        : -0.405 (kcal/mol)
ENERGY FROM SEARCH: -6.273
FINAL ENERGY: 
Estimated Free Energy of Binding   : -4.753 (kcal/mol) [=(1)+(2)+(3)-(4)]
(1) Final Intermolecular Energy    : -5.836 (kcal/mol)
    Ligand - Receptor              : -5.836 (kcal/mol)
    Ligand - Flex side chains      : 0.000 (kcal/mol)
(2) Final Total Internal Energy    : -0.435 (kcal/mol)
    Ligand                         : -0.435 (kcal/mol)
    Flex   - Receptor              : 0.000 (kcal/mol)
    Flex   - Flex side chains      : 0.000 (kcal/mol)
(3) Torsional Free Energy          : 1.112 (kcal/mol)
(4) Unbound System's Energy        : -0.405 (kcal/mol)
ENERGY FROM SEARCH: -6.431
FINAL ENERGY: 
Estimated Free Energy of Binding   : -4.884 (kcal/mol) [=(1)+(2)+(3)-(4)]
(1) Final Intermolecular Energy    : -6.031 (kcal/mol)
    Ligand - Receptor              : -6.031 (kcal/mol)
    Ligand - Flex side chains      : 0.000 (kcal/mol)
(2) Final Total Internal Energy    : -0.400 (kcal/mol)
    Ligand                         : -0.400 (kcal/mol)
    Flex   - Receptor              : 0.000 (kcal/mol)
    Flex   - Flex side chains      : 0.000 (kcal/mol)
(3) Torsional Free Energy          : 1.142 (kcal/mol)
(4) Unbound System's Energy        : -0.405 (kcal/mol)
ENERGY FROM SEARCH: -6.331
FINAL ENERGY: 
Estimated Free Energy of Binding   : -4.801 (kcal/mol) [=(1)+(2)+(3)-(4)]
(1) Final Intermolecular Energy    : -5.906 (kcal/mol)
    Ligand - Receptor              : -5.906 (kcal/mol)
    Ligand - Flex side chains      : 0.000 (kcal/mol)
(2) Final Total Internal Energy    : -0.423 (kcal/mol)
    Ligand                         : -0.423 (kcal/mol)
    Flex   - Receptor              : 0.000 (kcal/mol)
    Flex   - Flex side chains      : 0.000 (kcal/mol)
(3) Torsional Free Energy          : 1.123 (kcal/mol)
(4) Unbound System's Energy        : -0.405 (kcal/mol)
ENERGY FROM SEARCH: -6.227
FINAL ENERGY: 
Estimated Free Energy of Binding   : -4.717 (kcal/mol) [=(1)+(2)+(3)-(4)]
(1) Final Intermolecular Energy    : -5.801 (kcal/mol)
    Ligand - Receptor              : -5.801 (kcal/mol)
    Ligand - Flex side chains      : 0.000 (kcal/mol)
(2) Final Total Internal Energy    : -0.425 (kcal/mol)
    Ligand                         : -0.425 (kcal/mol)
    Flex   - Receptor              : 0.000 (kcal/mol)
    Flex   - Flex side chains      : 0.000 (kcal/mol)
(3) Torsional Free Energy          : 1.103 (kcal/mol)
(4) Unbound System's Energy        : -0.405 (kcal/mol)

mode |   affinity | dist from best mode
     | (kcal/mol) | rmsd l.b.| rmsd u.b.
-----+------------+----------+----------
   1      -6.0495     0.0000     0.0000
   2      -6.0100     0.1526     1.1141
   3      -5.1210     1.4430     2.1349
   4      -4.9995     2.1293     4.9109
   5      -4.9137     2.2880     4.9857
   6      -4.8835     2.3464     3.5794
   7      -4.8203     2.3354     4.9941
   8      -4.8012     2.1197     5.2381
   9      -4.7533     1.8879     3.3867
  10      -4.7172     2.2120     3.5333
