AutoDock Vina v1.2.3-52-g92d1779
#################################################################
# If you used AutoDock Vina in your work, please cite:          #
#                                                               #
# J. Eberhardt, D. Santos-Martins, A. F. Tillack, and S. Forli  #
# AutoDock Vina 1.2.0: New Docking Methods, Expanded Force      #
# Field, and Python Bindings, J. Chem. Inf. Model. (2021)       #
# DOI 10.1021/acs.jcim.1c00203                                  #
#                                                               #
# O. Trott, A. J. Olson,                                        #
# AutoDock Vina: improving the speed and accuracy of docking    #
# with a new scoring function, efficient optimization and       #
# multithreading, J. Comp. Chem. (2010)                         #
# DOI 10.1002/jcc.21334                                         #
#                                                               #
# Please see https://github.com/ccsb-scripps/AutoDock-Vina for  #
# more information.                                             #
#################################################################

Scoring function : vina
Rigid receptor: YihW_l_alpha_cl1_min_model1.pdbqt
Ligand: SR_Conformer3D_COMPOUND_CID_162640041_avogadro.pdbqt
Grid center: X 40.018 Y 39.32 Z 39.342
Grid size  : X 58 Y 66 Z 62
Grid space : 1
Exhaustiveness: 32
CPU: 0
Verbosity: 2

Computing Vina grid ... done.
Performing docking (random seed: 430283851) ... 
0%   10   20   30   40   50   60   70   80   90   100%
|----|----|----|----|----|----|----|----|----|----|
***************************************************
done.
ENERGY FROM SEARCH: -6.97087
FINAL ENERGY: 
Estimated Free Energy of Binding   : -5.316 (kcal/mol) [=(1)+(2)+(3)-(4)]
(1) Final Intermolecular Energy    : -6.559 (kcal/mol)
    Ligand - Receptor              : -6.559 (kcal/mol)
    Ligand - Flex side chains      : 0.000 (kcal/mol)
(2) Final Total Internal Energy    : -0.406 (kcal/mol)
    Ligand                         : -0.406 (kcal/mol)
    Flex   - Receptor              : 0.000 (kcal/mol)
    Flex   - Flex side chains      : 0.000 (kcal/mol)
(3) Torsional Free Energy          : 1.243 (kcal/mol)
(4) Unbound System's Energy        : -0.406 (kcal/mol)
ENERGY FROM SEARCH: -7.172
FINAL ENERGY: 
Estimated Free Energy of Binding   : -5.484 (kcal/mol) [=(1)+(2)+(3)-(4)]
(1) Final Intermolecular Energy    : -6.986 (kcal/mol)
    Ligand - Receptor              : -6.986 (kcal/mol)
    Ligand - Flex side chains      : 0.000 (kcal/mol)
(2) Final Total Internal Energy    : -0.187 (kcal/mol)
    Ligand                         : -0.187 (kcal/mol)
    Flex   - Receptor              : 0.000 (kcal/mol)
    Flex   - Flex side chains      : 0.000 (kcal/mol)
(3) Torsional Free Energy          : 1.282 (kcal/mol)
(4) Unbound System's Energy        : -0.406 (kcal/mol)
ENERGY FROM SEARCH: -6.604
FINAL ENERGY: 
Estimated Free Energy of Binding   : -5.020 (kcal/mol) [=(1)+(2)+(3)-(4)]
(1) Final Intermolecular Energy    : -6.193 (kcal/mol)
    Ligand - Receptor              : -6.193 (kcal/mol)
    Ligand - Flex side chains      : 0.000 (kcal/mol)
(2) Final Total Internal Energy    : -0.407 (kcal/mol)
    Ligand                         : -0.407 (kcal/mol)
    Flex   - Receptor              : 0.000 (kcal/mol)
    Flex   - Flex side chains      : 0.000 (kcal/mol)
(3) Torsional Free Energy          : 1.174 (kcal/mol)
(4) Unbound System's Energy        : -0.406 (kcal/mol)
ENERGY FROM SEARCH: -6.025
FINAL ENERGY: 
Estimated Free Energy of Binding   : -4.554 (kcal/mol) [=(1)+(2)+(3)-(4)]
(1) Final Intermolecular Energy    : -5.611 (kcal/mol)
    Ligand - Receptor              : -5.611 (kcal/mol)
    Ligand - Flex side chains      : 0.000 (kcal/mol)
(2) Final Total Internal Energy    : -0.413 (kcal/mol)
    Ligand                         : -0.413 (kcal/mol)
    Flex   - Receptor              : 0.000 (kcal/mol)
    Flex   - Flex side chains      : 0.000 (kcal/mol)
(3) Torsional Free Energy          : 1.065 (kcal/mol)
(4) Unbound System's Energy        : -0.406 (kcal/mol)
ENERGY FROM SEARCH: -6.667
FINAL ENERGY: 
Estimated Free Energy of Binding   : -5.073 (kcal/mol) [=(1)+(2)+(3)-(4)]
(1) Final Intermolecular Energy    : -6.222 (kcal/mol)
    Ligand - Receptor              : -6.222 (kcal/mol)
    Ligand - Flex side chains      : 0.000 (kcal/mol)
(2) Final Total Internal Energy    : -0.443 (kcal/mol)
    Ligand                         : -0.443 (kcal/mol)
    Flex   - Receptor              : 0.000 (kcal/mol)
    Flex   - Flex side chains      : 0.000 (kcal/mol)
(3) Torsional Free Energy          : 1.186 (kcal/mol)
(4) Unbound System's Energy        : -0.406 (kcal/mol)
ENERGY FROM SEARCH: -5.627
FINAL ENERGY: 
Estimated Free Energy of Binding   : -4.234 (kcal/mol) [=(1)+(2)+(3)-(4)]
(1) Final Intermolecular Energy    : -5.419 (kcal/mol)
    Ligand - Receptor              : -5.419 (kcal/mol)
    Ligand - Flex side chains      : 0.000 (kcal/mol)
(2) Final Total Internal Energy    : -0.211 (kcal/mol)
    Ligand                         : -0.211 (kcal/mol)
    Flex   - Receptor              : 0.000 (kcal/mol)
    Flex   - Flex side chains      : 0.000 (kcal/mol)
(3) Torsional Free Energy          : 0.990 (kcal/mol)
(4) Unbound System's Energy        : -0.406 (kcal/mol)
ENERGY FROM SEARCH: -5.785
FINAL ENERGY: 
Estimated Free Energy of Binding   : -4.360 (kcal/mol) [=(1)+(2)+(3)-(4)]
(1) Final Intermolecular Energy    : -5.379 (kcal/mol)
    Ligand - Receptor              : -5.379 (kcal/mol)
    Ligand - Flex side chains      : 0.000 (kcal/mol)
(2) Final Total Internal Energy    : -0.407 (kcal/mol)
    Ligand                         : -0.407 (kcal/mol)
    Flex   - Receptor              : 0.000 (kcal/mol)
    Flex   - Flex side chains      : 0.000 (kcal/mol)
(3) Torsional Free Energy          : 1.020 (kcal/mol)
(4) Unbound System's Energy        : -0.406 (kcal/mol)
ENERGY FROM SEARCH: -6.605
FINAL ENERGY: 
Estimated Free Energy of Binding   : -5.025 (kcal/mol) [=(1)+(2)+(3)-(4)]
(1) Final Intermolecular Energy    : -6.225 (kcal/mol)
    Ligand - Receptor              : -6.225 (kcal/mol)
    Ligand - Flex side chains      : 0.000 (kcal/mol)
(2) Final Total Internal Energy    : -0.381 (kcal/mol)
    Ligand                         : -0.381 (kcal/mol)
    Flex   - Receptor              : 0.000 (kcal/mol)
    Flex   - Flex side chains      : 0.000 (kcal/mol)
(3) Torsional Free Energy          : 1.175 (kcal/mol)
(4) Unbound System's Energy        : -0.406 (kcal/mol)
ENERGY FROM SEARCH: -5.678
FINAL ENERGY: 
Estimated Free Energy of Binding   : -4.271 (kcal/mol) [=(1)+(2)+(3)-(4)]
(1) Final Intermolecular Energy    : -5.444 (kcal/mol)
    Ligand - Receptor              : -5.444 (kcal/mol)
    Ligand - Flex side chains      : 0.000 (kcal/mol)
(2) Final Total Internal Energy    : -0.232 (kcal/mol)
    Ligand                         : -0.232 (kcal/mol)
    Flex   - Receptor              : 0.000 (kcal/mol)
    Flex   - Flex side chains      : 0.000 (kcal/mol)
(3) Torsional Free Energy          : 0.999 (kcal/mol)
(4) Unbound System's Energy        : -0.406 (kcal/mol)
ENERGY FROM SEARCH: -6.368
FINAL ENERGY: 
Estimated Free Energy of Binding   : -4.832 (kcal/mol) [=(1)+(2)+(3)-(4)]
(1) Final Intermolecular Energy    : -5.882 (kcal/mol)
    Ligand - Receptor              : -5.882 (kcal/mol)
    Ligand - Flex side chains      : 0.000 (kcal/mol)
(2) Final Total Internal Energy    : -0.487 (kcal/mol)
    Ligand                         : -0.487 (kcal/mol)
    Flex   - Receptor              : 0.000 (kcal/mol)
    Flex   - Flex side chains      : 0.000 (kcal/mol)
(3) Torsional Free Energy          : 1.130 (kcal/mol)
(4) Unbound System's Energy        : -0.406 (kcal/mol)

mode |   affinity | dist from best mode
     | (kcal/mol) | rmsd l.b.| rmsd u.b.
-----+------------+----------+----------
   1      -5.4845     0.0000     0.0000
   2      -5.3162     1.6289     2.2930
   3      -5.0729     2.1593     4.9782
   4      -5.0251     2.4135     5.3549
   5      -5.0199     1.7415     2.9607
   6      -4.8325     2.1450     4.9151
   7      -4.5536     3.7311     5.5867
   8      -4.3604     8.9389    10.8300
   9      -4.2711    10.9283    12.4354
  10      -4.2336     2.2496     5.0400
