AutoDock Vina v1.2.3-52-g92d1779
#################################################################
# If you used AutoDock Vina in your work, please cite:          #
#                                                               #
# J. Eberhardt, D. Santos-Martins, A. F. Tillack, and S. Forli  #
# AutoDock Vina 1.2.0: New Docking Methods, Expanded Force      #
# Field, and Python Bindings, J. Chem. Inf. Model. (2021)       #
# DOI 10.1021/acs.jcim.1c00203                                  #
#                                                               #
# O. Trott, A. J. Olson,                                        #
# AutoDock Vina: improving the speed and accuracy of docking    #
# with a new scoring function, efficient optimization and       #
# multithreading, J. Comp. Chem. (2010)                         #
# DOI 10.1002/jcc.21334                                         #
#                                                               #
# Please see https://github.com/ccsb-scripps/AutoDock-Vina for  #
# more information.                                             #
#################################################################

Scoring function : vina
Rigid receptor: YihW_s_templ_cl2_min_model1.pdbqt
Ligand: SR_Conformer3D_COMPOUND_CID_162640041_avogadro.pdbqt
Grid center: X 37.211 Y 41.586 Z 40.288
Grid size  : X 68 Y 60 Z 74
Grid space : 1
Exhaustiveness: 32
CPU: 0
Verbosity: 2

Computing Vina grid ... done.
Performing docking (random seed: 1806631423) ... 
0%   10   20   30   40   50   60   70   80   90   100%
|----|----|----|----|----|----|----|----|----|----|
***************************************************
done.
ENERGY FROM SEARCH: -6.87817
FINAL ENERGY: 
Estimated Free Energy of Binding   : -5.250 (kcal/mol) [=(1)+(2)+(3)-(4)]
(1) Final Intermolecular Energy    : -6.478 (kcal/mol)
    Ligand - Receptor              : -6.478 (kcal/mol)
    Ligand - Flex side chains      : 0.000 (kcal/mol)
(2) Final Total Internal Energy    : -0.400 (kcal/mol)
    Ligand                         : -0.400 (kcal/mol)
    Flex   - Receptor              : 0.000 (kcal/mol)
    Flex   - Flex side chains      : 0.000 (kcal/mol)
(3) Torsional Free Energy          : 1.228 (kcal/mol)
(4) Unbound System's Energy        : -0.400 (kcal/mol)
ENERGY FROM SEARCH: -5.768
FINAL ENERGY: 
Estimated Free Energy of Binding   : -4.347 (kcal/mol) [=(1)+(2)+(3)-(4)]
(1) Final Intermolecular Energy    : -5.390 (kcal/mol)
    Ligand - Receptor              : -5.390 (kcal/mol)
    Ligand - Flex side chains      : 0.000 (kcal/mol)
(2) Final Total Internal Energy    : -0.374 (kcal/mol)
    Ligand                         : -0.374 (kcal/mol)
    Flex   - Receptor              : 0.000 (kcal/mol)
    Flex   - Flex side chains      : 0.000 (kcal/mol)
(3) Torsional Free Energy          : 1.016 (kcal/mol)
(4) Unbound System's Energy        : -0.400 (kcal/mol)
ENERGY FROM SEARCH: -6.276
FINAL ENERGY: 
Estimated Free Energy of Binding   : -4.764 (kcal/mol) [=(1)+(2)+(3)-(4)]
(1) Final Intermolecular Energy    : -5.832 (kcal/mol)
    Ligand - Receptor              : -5.832 (kcal/mol)
    Ligand - Flex side chains      : 0.000 (kcal/mol)
(2) Final Total Internal Energy    : -0.447 (kcal/mol)
    Ligand                         : -0.447 (kcal/mol)
    Flex   - Receptor              : 0.000 (kcal/mol)
    Flex   - Flex side chains      : 0.000 (kcal/mol)
(3) Torsional Free Energy          : 1.114 (kcal/mol)
(4) Unbound System's Energy        : -0.400 (kcal/mol)
ENERGY FROM SEARCH: -6.009
FINAL ENERGY: 
Estimated Free Energy of Binding   : -4.546 (kcal/mol) [=(1)+(2)+(3)-(4)]
(1) Final Intermolecular Energy    : -5.524 (kcal/mol)
    Ligand - Receptor              : -5.524 (kcal/mol)
    Ligand - Flex side chains      : 0.000 (kcal/mol)
(2) Final Total Internal Energy    : -0.486 (kcal/mol)
    Ligand                         : -0.486 (kcal/mol)
    Flex   - Receptor              : 0.000 (kcal/mol)
    Flex   - Flex side chains      : 0.000 (kcal/mol)
(3) Torsional Free Energy          : 1.063 (kcal/mol)
(4) Unbound System's Energy        : -0.400 (kcal/mol)
ENERGY FROM SEARCH: -6.612
FINAL ENERGY: 
Estimated Free Energy of Binding   : -5.033 (kcal/mol) [=(1)+(2)+(3)-(4)]
(1) Final Intermolecular Energy    : -6.189 (kcal/mol)
    Ligand - Receptor              : -6.189 (kcal/mol)
    Ligand - Flex side chains      : 0.000 (kcal/mol)
(2) Final Total Internal Energy    : -0.421 (kcal/mol)
    Ligand                         : -0.421 (kcal/mol)
    Flex   - Receptor              : 0.000 (kcal/mol)
    Flex   - Flex side chains      : 0.000 (kcal/mol)
(3) Torsional Free Energy          : 1.177 (kcal/mol)
(4) Unbound System's Energy        : -0.400 (kcal/mol)
ENERGY FROM SEARCH: -5.731
FINAL ENERGY: 
Estimated Free Energy of Binding   : -4.321 (kcal/mol) [=(1)+(2)+(3)-(4)]
(1) Final Intermolecular Energy    : -5.337 (kcal/mol)
    Ligand - Receptor              : -5.337 (kcal/mol)
    Ligand - Flex side chains      : 0.000 (kcal/mol)
(2) Final Total Internal Energy    : -0.395 (kcal/mol)
    Ligand                         : -0.395 (kcal/mol)
    Flex   - Receptor              : 0.000 (kcal/mol)
    Flex   - Flex side chains      : 0.000 (kcal/mol)
(3) Torsional Free Energy          : 1.010 (kcal/mol)
(4) Unbound System's Energy        : -0.400 (kcal/mol)
ENERGY FROM SEARCH: -5.957
FINAL ENERGY: 
Estimated Free Energy of Binding   : -4.504 (kcal/mol) [=(1)+(2)+(3)-(4)]
(1) Final Intermolecular Energy    : -5.557 (kcal/mol)
    Ligand - Receptor              : -5.557 (kcal/mol)
    Ligand - Flex side chains      : 0.000 (kcal/mol)
(2) Final Total Internal Energy    : -0.400 (kcal/mol)
    Ligand                         : -0.400 (kcal/mol)
    Flex   - Receptor              : 0.000 (kcal/mol)
    Flex   - Flex side chains      : 0.000 (kcal/mol)
(3) Torsional Free Energy          : 1.053 (kcal/mol)
(4) Unbound System's Energy        : -0.400 (kcal/mol)
ENERGY FROM SEARCH: -6.406
FINAL ENERGY: 
Estimated Free Energy of Binding   : -4.866 (kcal/mol) [=(1)+(2)+(3)-(4)]
(1) Final Intermolecular Energy    : -6.000 (kcal/mol)
    Ligand - Receptor              : -6.000 (kcal/mol)
    Ligand - Flex side chains      : 0.000 (kcal/mol)
(2) Final Total Internal Energy    : -0.405 (kcal/mol)
    Ligand                         : -0.405 (kcal/mol)
    Flex   - Receptor              : 0.000 (kcal/mol)
    Flex   - Flex side chains      : 0.000 (kcal/mol)
(3) Torsional Free Energy          : 1.138 (kcal/mol)
(4) Unbound System's Energy        : -0.400 (kcal/mol)
ENERGY FROM SEARCH: -5.605
FINAL ENERGY: 
Estimated Free Energy of Binding   : -4.219 (kcal/mol) [=(1)+(2)+(3)-(4)]
(1) Final Intermolecular Energy    : -5.140 (kcal/mol)
    Ligand - Receptor              : -5.140 (kcal/mol)
    Ligand - Flex side chains      : 0.000 (kcal/mol)
(2) Final Total Internal Energy    : -0.466 (kcal/mol)
    Ligand                         : -0.466 (kcal/mol)
    Flex   - Receptor              : 0.000 (kcal/mol)
    Flex   - Flex side chains      : 0.000 (kcal/mol)
(3) Torsional Free Energy          : 0.987 (kcal/mol)
(4) Unbound System's Energy        : -0.400 (kcal/mol)
ENERGY FROM SEARCH: -5.897
FINAL ENERGY: 
Estimated Free Energy of Binding   : -4.451 (kcal/mol) [=(1)+(2)+(3)-(4)]
(1) Final Intermolecular Energy    : -5.485 (kcal/mol)
    Ligand - Receptor              : -5.485 (kcal/mol)
    Ligand - Flex side chains      : 0.000 (kcal/mol)
(2) Final Total Internal Energy    : -0.408 (kcal/mol)
    Ligand                         : -0.408 (kcal/mol)
    Flex   - Receptor              : 0.000 (kcal/mol)
    Flex   - Flex side chains      : 0.000 (kcal/mol)
(3) Torsional Free Energy          : 1.041 (kcal/mol)
(4) Unbound System's Energy        : -0.400 (kcal/mol)

mode |   affinity | dist from best mode
     | (kcal/mol) | rmsd l.b.| rmsd u.b.
-----+------------+----------+----------
   1      -5.2503     0.0000     0.0000
   2      -5.0328     2.1721     5.0729
   3      -4.8665     2.5282     4.9050
   4      -4.7640    12.2641    13.6079
   5      -4.5463     7.5301     9.1117
   6      -4.5037     8.9677     9.7949
   7      -4.4513    22.2383    23.2312
   8      -4.3466    10.4798    11.7457
   9      -4.3206    10.8735    12.0434
  10      -4.2192    21.3955    22.6385
