AutoDock Vina v1.2.3-52-g92d1779
#################################################################
# If you used AutoDock Vina in your work, please cite:          #
#                                                               #
# J. Eberhardt, D. Santos-Martins, A. F. Tillack, and S. Forli  #
# AutoDock Vina 1.2.0: New Docking Methods, Expanded Force      #
# Field, and Python Bindings, J. Chem. Inf. Model. (2021)       #
# DOI 10.1021/acs.jcim.1c00203                                  #
#                                                               #
# O. Trott, A. J. Olson,                                        #
# AutoDock Vina: improving the speed and accuracy of docking    #
# with a new scoring function, efficient optimization and       #
# multithreading, J. Comp. Chem. (2010)                         #
# DOI 10.1002/jcc.21334                                         #
#                                                               #
# Please see https://github.com/ccsb-scripps/AutoDock-Vina for  #
# more information.                                             #
#################################################################

Scoring function : vina
Rigid receptor: YihW_s_AF_cl1_min_model1.pdbqt
Ligand: SR_Conformer3D_COMPOUND_CID_162640041_avogadro.pdbqt
Grid center: X 42.638 Y 43.195 Z 45.244
Grid size  : X 44 Y 52 Z 62
Grid space : 1
Exhaustiveness: 32
CPU: 0
Verbosity: 2

Computing Vina grid ... done.
Performing docking (random seed: 921624829) ... 
0%   10   20   30   40   50   60   70   80   90   100%
|----|----|----|----|----|----|----|----|----|----|
***************************************************
done.
ENERGY FROM SEARCH: -7.90011
FINAL ENERGY: 
Estimated Free Energy of Binding   : -6.071 (kcal/mol) [=(1)+(2)+(3)-(4)]
(1) Final Intermolecular Energy    : -7.490 (kcal/mol)
    Ligand - Receptor              : -7.490 (kcal/mol)
    Ligand - Flex side chains      : 0.000 (kcal/mol)
(2) Final Total Internal Energy    : -0.409 (kcal/mol)
    Ligand                         : -0.409 (kcal/mol)
    Flex   - Receptor              : 0.000 (kcal/mol)
    Flex   - Flex side chains      : 0.000 (kcal/mol)
(3) Torsional Free Energy          : 1.420 (kcal/mol)
(4) Unbound System's Energy        : -0.409 (kcal/mol)
ENERGY FROM SEARCH: -7.858
FINAL ENERGY: 
Estimated Free Energy of Binding   : -6.036 (kcal/mol) [=(1)+(2)+(3)-(4)]
(1) Final Intermolecular Energy    : -7.460 (kcal/mol)
    Ligand - Receptor              : -7.460 (kcal/mol)
    Ligand - Flex side chains      : 0.000 (kcal/mol)
(2) Final Total Internal Energy    : -0.397 (kcal/mol)
    Ligand                         : -0.397 (kcal/mol)
    Flex   - Receptor              : 0.000 (kcal/mol)
    Flex   - Flex side chains      : 0.000 (kcal/mol)
(3) Torsional Free Energy          : 1.411 (kcal/mol)
(4) Unbound System's Energy        : -0.409 (kcal/mol)
ENERGY FROM SEARCH: -7.878
FINAL ENERGY: 
Estimated Free Energy of Binding   : -6.052 (kcal/mol) [=(1)+(2)+(3)-(4)]
(1) Final Intermolecular Energy    : -7.467 (kcal/mol)
    Ligand - Receptor              : -7.467 (kcal/mol)
    Ligand - Flex side chains      : 0.000 (kcal/mol)
(2) Final Total Internal Energy    : -0.410 (kcal/mol)
    Ligand                         : -0.410 (kcal/mol)
    Flex   - Receptor              : 0.000 (kcal/mol)
    Flex   - Flex side chains      : 0.000 (kcal/mol)
(3) Torsional Free Energy          : 1.415 (kcal/mol)
(4) Unbound System's Energy        : -0.409 (kcal/mol)
ENERGY FROM SEARCH: -6.521
FINAL ENERGY: 
Estimated Free Energy of Binding   : -4.953 (kcal/mol) [=(1)+(2)+(3)-(4)]
(1) Final Intermolecular Energy    : -6.035 (kcal/mol)
    Ligand - Receptor              : -6.035 (kcal/mol)
    Ligand - Flex side chains      : 0.000 (kcal/mol)
(2) Final Total Internal Energy    : -0.485 (kcal/mol)
    Ligand                         : -0.485 (kcal/mol)
    Flex   - Receptor              : 0.000 (kcal/mol)
    Flex   - Flex side chains      : 0.000 (kcal/mol)
(3) Torsional Free Energy          : 1.158 (kcal/mol)
(4) Unbound System's Energy        : -0.409 (kcal/mol)
ENERGY FROM SEARCH: -6.950
FINAL ENERGY: 
Estimated Free Energy of Binding   : -5.300 (kcal/mol) [=(1)+(2)+(3)-(4)]
(1) Final Intermolecular Energy    : -6.558 (kcal/mol)
    Ligand - Receptor              : -6.558 (kcal/mol)
    Ligand - Flex side chains      : 0.000 (kcal/mol)
(2) Final Total Internal Energy    : -0.391 (kcal/mol)
    Ligand                         : -0.391 (kcal/mol)
    Flex   - Receptor              : 0.000 (kcal/mol)
    Flex   - Flex side chains      : 0.000 (kcal/mol)
(3) Torsional Free Energy          : 1.239 (kcal/mol)
(4) Unbound System's Energy        : -0.409 (kcal/mol)
ENERGY FROM SEARCH: -6.538
FINAL ENERGY: 
Estimated Free Energy of Binding   : -4.968 (kcal/mol) [=(1)+(2)+(3)-(4)]
(1) Final Intermolecular Energy    : -6.049 (kcal/mol)
    Ligand - Receptor              : -6.049 (kcal/mol)
    Ligand - Flex side chains      : 0.000 (kcal/mol)
(2) Final Total Internal Energy    : -0.491 (kcal/mol)
    Ligand                         : -0.491 (kcal/mol)
    Flex   - Receptor              : 0.000 (kcal/mol)
    Flex   - Flex side chains      : 0.000 (kcal/mol)
(3) Torsional Free Energy          : 1.162 (kcal/mol)
(4) Unbound System's Energy        : -0.409 (kcal/mol)
ENERGY FROM SEARCH: -6.414
FINAL ENERGY: 
Estimated Free Energy of Binding   : -4.867 (kcal/mol) [=(1)+(2)+(3)-(4)]
(1) Final Intermolecular Energy    : -6.015 (kcal/mol)
    Ligand - Receptor              : -6.015 (kcal/mol)
    Ligand - Flex side chains      : 0.000 (kcal/mol)
(2) Final Total Internal Energy    : -0.399 (kcal/mol)
    Ligand                         : -0.399 (kcal/mol)
    Flex   - Receptor              : 0.000 (kcal/mol)
    Flex   - Flex side chains      : 0.000 (kcal/mol)
(3) Torsional Free Energy          : 1.138 (kcal/mol)
(4) Unbound System's Energy        : -0.409 (kcal/mol)
ENERGY FROM SEARCH: -6.590
FINAL ENERGY: 
Estimated Free Energy of Binding   : -5.008 (kcal/mol) [=(1)+(2)+(3)-(4)]
(1) Final Intermolecular Energy    : -6.183 (kcal/mol)
    Ligand - Receptor              : -6.183 (kcal/mol)
    Ligand - Flex side chains      : 0.000 (kcal/mol)
(2) Final Total Internal Energy    : -0.405 (kcal/mol)
    Ligand                         : -0.405 (kcal/mol)
    Flex   - Receptor              : 0.000 (kcal/mol)
    Flex   - Flex side chains      : 0.000 (kcal/mol)
(3) Torsional Free Energy          : 1.171 (kcal/mol)
(4) Unbound System's Energy        : -0.409 (kcal/mol)
ENERGY FROM SEARCH: -5.960
FINAL ENERGY: 
Estimated Free Energy of Binding   : -4.497 (kcal/mol) [=(1)+(2)+(3)-(4)]
(1) Final Intermolecular Energy    : -5.748 (kcal/mol)
    Ligand - Receptor              : -5.748 (kcal/mol)
    Ligand - Flex side chains      : 0.000 (kcal/mol)
(2) Final Total Internal Energy    : -0.210 (kcal/mol)
    Ligand                         : -0.210 (kcal/mol)
    Flex   - Receptor              : 0.000 (kcal/mol)
    Flex   - Flex side chains      : 0.000 (kcal/mol)
(3) Torsional Free Energy          : 1.052 (kcal/mol)
(4) Unbound System's Energy        : -0.409 (kcal/mol)
ENERGY FROM SEARCH: -6.880
FINAL ENERGY: 
Estimated Free Energy of Binding   : -5.245 (kcal/mol) [=(1)+(2)+(3)-(4)]
(1) Final Intermolecular Energy    : -6.473 (kcal/mol)
    Ligand - Receptor              : -6.473 (kcal/mol)
    Ligand - Flex side chains      : 0.000 (kcal/mol)
(2) Final Total Internal Energy    : -0.408 (kcal/mol)
    Ligand                         : -0.408 (kcal/mol)
    Flex   - Receptor              : 0.000 (kcal/mol)
    Flex   - Flex side chains      : 0.000 (kcal/mol)
(3) Torsional Free Energy          : 1.226 (kcal/mol)
(4) Unbound System's Energy        : -0.409 (kcal/mol)

mode |   affinity | dist from best mode
     | (kcal/mol) | rmsd l.b.| rmsd u.b.
-----+------------+----------+----------
   1      -6.0706     0.0000     0.0000
   2      -6.0519     0.1631     1.1332
   3      -6.0358     0.0838     1.1148
   4      -5.3002     2.1203     4.8885
   5      -5.2450     1.9397     3.3620
   6      -5.0080     2.4571     3.7791
   7      -4.9682     2.2753     5.0442
   8      -4.9528     1.4431     2.3283
   9      -4.8670     1.9505     3.3615
  10      -4.4975     2.6621     5.4864
