AutoDock Vina v1.2.3-52-g92d1779
#################################################################
# If you used AutoDock Vina in your work, please cite:          #
#                                                               #
# J. Eberhardt, D. Santos-Martins, A. F. Tillack, and S. Forli  #
# AutoDock Vina 1.2.0: New Docking Methods, Expanded Force      #
# Field, and Python Bindings, J. Chem. Inf. Model. (2021)       #
# DOI 10.1021/acs.jcim.1c00203                                  #
#                                                               #
# O. Trott, A. J. Olson,                                        #
# AutoDock Vina: improving the speed and accuracy of docking    #
# with a new scoring function, efficient optimization and       #
# multithreading, J. Comp. Chem. (2010)                         #
# DOI 10.1002/jcc.21334                                         #
#                                                               #
# Please see https://github.com/ccsb-scripps/AutoDock-Vina for  #
# more information.                                             #
#################################################################

Scoring function : vina
Rigid receptor: YihW_l_alpha_cl1_min_model1.pdbqt
Ligand: SR_Conformer3D_COMPOUND_CID_162640041_avogadro.pdbqt
Grid center: X 40.018 Y 39.32 Z 39.342
Grid size  : X 58 Y 66 Z 62
Grid space : 1
Exhaustiveness: 32
CPU: 0
Verbosity: 2

Computing Vina grid ... done.
Performing docking (random seed: -1803818751) ... 
0%   10   20   30   40   50   60   70   80   90   100%
|----|----|----|----|----|----|----|----|----|----|
***************************************************
done.
ENERGY FROM SEARCH: -7.89968
FINAL ENERGY: 
Estimated Free Energy of Binding   : -6.015 (kcal/mol) [=(1)+(2)+(3)-(4)]
(1) Final Intermolecular Energy    : -7.421 (kcal/mol)
    Ligand - Receptor              : -7.421 (kcal/mol)
    Ligand - Flex side chains      : 0.000 (kcal/mol)
(2) Final Total Internal Energy    : -0.479 (kcal/mol)
    Ligand                         : -0.479 (kcal/mol)
    Flex   - Receptor              : 0.000 (kcal/mol)
    Flex   - Flex side chains      : 0.000 (kcal/mol)
(3) Torsional Free Energy          : 1.406 (kcal/mol)
(4) Unbound System's Energy        : -0.479 (kcal/mol)
ENERGY FROM SEARCH: -7.145
FINAL ENERGY: 
Estimated Free Energy of Binding   : -5.405 (kcal/mol) [=(1)+(2)+(3)-(4)]
(1) Final Intermolecular Energy    : -6.758 (kcal/mol)
    Ligand - Receptor              : -6.758 (kcal/mol)
    Ligand - Flex side chains      : 0.000 (kcal/mol)
(2) Final Total Internal Energy    : -0.390 (kcal/mol)
    Ligand                         : -0.390 (kcal/mol)
    Flex   - Receptor              : 0.000 (kcal/mol)
    Flex   - Flex side chains      : 0.000 (kcal/mol)
(3) Torsional Free Energy          : 1.264 (kcal/mol)
(4) Unbound System's Energy        : -0.479 (kcal/mol)
ENERGY FROM SEARCH: -6.654
FINAL ENERGY: 
Estimated Free Energy of Binding   : -5.003 (kcal/mol) [=(1)+(2)+(3)-(4)]
(1) Final Intermolecular Energy    : -6.165 (kcal/mol)
    Ligand - Receptor              : -6.165 (kcal/mol)
    Ligand - Flex side chains      : 0.000 (kcal/mol)
(2) Final Total Internal Energy    : -0.487 (kcal/mol)
    Ligand                         : -0.487 (kcal/mol)
    Flex   - Receptor              : 0.000 (kcal/mol)
    Flex   - Flex side chains      : 0.000 (kcal/mol)
(3) Torsional Free Energy          : 1.170 (kcal/mol)
(4) Unbound System's Energy        : -0.479 (kcal/mol)
ENERGY FROM SEARCH: -6.427
FINAL ENERGY: 
Estimated Free Energy of Binding   : -4.820 (kcal/mol) [=(1)+(2)+(3)-(4)]
(1) Final Intermolecular Energy    : -5.998 (kcal/mol)
    Ligand - Receptor              : -5.998 (kcal/mol)
    Ligand - Flex side chains      : 0.000 (kcal/mol)
(2) Final Total Internal Energy    : -0.428 (kcal/mol)
    Ligand                         : -0.428 (kcal/mol)
    Flex   - Receptor              : 0.000 (kcal/mol)
    Flex   - Flex side chains      : 0.000 (kcal/mol)
(3) Torsional Free Energy          : 1.127 (kcal/mol)
(4) Unbound System's Energy        : -0.479 (kcal/mol)
ENERGY FROM SEARCH: -6.014
FINAL ENERGY: 
Estimated Free Energy of Binding   : -4.483 (kcal/mol) [=(1)+(2)+(3)-(4)]
(1) Final Intermolecular Energy    : -5.594 (kcal/mol)
    Ligand - Receptor              : -5.594 (kcal/mol)
    Ligand - Flex side chains      : 0.000 (kcal/mol)
(2) Final Total Internal Energy    : -0.416 (kcal/mol)
    Ligand                         : -0.416 (kcal/mol)
    Flex   - Receptor              : 0.000 (kcal/mol)
    Flex   - Flex side chains      : 0.000 (kcal/mol)
(3) Torsional Free Energy          : 1.048 (kcal/mol)
(4) Unbound System's Energy        : -0.479 (kcal/mol)
ENERGY FROM SEARCH: -6.995
FINAL ENERGY: 
Estimated Free Energy of Binding   : -5.280 (kcal/mol) [=(1)+(2)+(3)-(4)]
(1) Final Intermolecular Energy    : -6.555 (kcal/mol)
    Ligand - Receptor              : -6.555 (kcal/mol)
    Ligand - Flex side chains      : 0.000 (kcal/mol)
(2) Final Total Internal Energy    : -0.439 (kcal/mol)
    Ligand                         : -0.439 (kcal/mol)
    Flex   - Receptor              : 0.000 (kcal/mol)
    Flex   - Flex side chains      : 0.000 (kcal/mol)
(3) Torsional Free Energy          : 1.235 (kcal/mol)
(4) Unbound System's Energy        : -0.479 (kcal/mol)
ENERGY FROM SEARCH: -5.631
FINAL ENERGY: 
Estimated Free Energy of Binding   : -4.175 (kcal/mol) [=(1)+(2)+(3)-(4)]
(1) Final Intermolecular Energy    : -5.228 (kcal/mol)
    Ligand - Receptor              : -5.228 (kcal/mol)
    Ligand - Flex side chains      : 0.000 (kcal/mol)
(2) Final Total Internal Energy    : -0.402 (kcal/mol)
    Ligand                         : -0.402 (kcal/mol)
    Flex   - Receptor              : 0.000 (kcal/mol)
    Flex   - Flex side chains      : 0.000 (kcal/mol)
(3) Torsional Free Energy          : 0.976 (kcal/mol)
(4) Unbound System's Energy        : -0.479 (kcal/mol)
ENERGY FROM SEARCH: -6.434
FINAL ENERGY: 
Estimated Free Energy of Binding   : -4.823 (kcal/mol) [=(1)+(2)+(3)-(4)]
(1) Final Intermolecular Energy    : -6.007 (kcal/mol)
    Ligand - Receptor              : -6.007 (kcal/mol)
    Ligand - Flex side chains      : 0.000 (kcal/mol)
(2) Final Total Internal Energy    : -0.422 (kcal/mol)
    Ligand                         : -0.422 (kcal/mol)
    Flex   - Receptor              : 0.000 (kcal/mol)
    Flex   - Flex side chains      : 0.000 (kcal/mol)
(3) Torsional Free Energy          : 1.128 (kcal/mol)
(4) Unbound System's Energy        : -0.479 (kcal/mol)
ENERGY FROM SEARCH: -5.928
FINAL ENERGY: 
Estimated Free Energy of Binding   : -4.417 (kcal/mol) [=(1)+(2)+(3)-(4)]
(1) Final Intermolecular Energy    : -5.536 (kcal/mol)
    Ligand - Receptor              : -5.536 (kcal/mol)
    Ligand - Flex side chains      : 0.000 (kcal/mol)
(2) Final Total Internal Energy    : -0.393 (kcal/mol)
    Ligand                         : -0.393 (kcal/mol)
    Flex   - Receptor              : 0.000 (kcal/mol)
    Flex   - Flex side chains      : 0.000 (kcal/mol)
(3) Torsional Free Energy          : 1.033 (kcal/mol)
(4) Unbound System's Energy        : -0.479 (kcal/mol)
ENERGY FROM SEARCH: -5.891
FINAL ENERGY: 
Estimated Free Energy of Binding   : -4.387 (kcal/mol) [=(1)+(2)+(3)-(4)]
(1) Final Intermolecular Energy    : -5.686 (kcal/mol)
    Ligand - Receptor              : -5.686 (kcal/mol)
    Ligand - Flex side chains      : 0.000 (kcal/mol)
(2) Final Total Internal Energy    : -0.206 (kcal/mol)
    Ligand                         : -0.206 (kcal/mol)
    Flex   - Receptor              : 0.000 (kcal/mol)
    Flex   - Flex side chains      : 0.000 (kcal/mol)
(3) Torsional Free Energy          : 1.026 (kcal/mol)
(4) Unbound System's Energy        : -0.479 (kcal/mol)

mode |   affinity | dist from best mode
     | (kcal/mol) | rmsd l.b.| rmsd u.b.
-----+------------+----------+----------
   1      -6.0147     0.0000     0.0000
   2      -5.4051     1.4430     2.9613
   3      -5.2802     2.3326     5.0697
   4      -5.0025     1.5512     3.0251
   5      -4.8230    10.1051    11.3350
   6      -4.8197     2.1484     5.1964
   7      -4.4826     3.6399     5.2568
   8      -4.4172    11.7380    13.0039
   9      -4.3866     9.1977    11.3496
  10      -4.1751    10.1262    11.5431
