AutoDock Vina v1.2.3-52-g92d1779
#################################################################
# If you used AutoDock Vina in your work, please cite:          #
#                                                               #
# J. Eberhardt, D. Santos-Martins, A. F. Tillack, and S. Forli  #
# AutoDock Vina 1.2.0: New Docking Methods, Expanded Force      #
# Field, and Python Bindings, J. Chem. Inf. Model. (2021)       #
# DOI 10.1021/acs.jcim.1c00203                                  #
#                                                               #
# O. Trott, A. J. Olson,                                        #
# AutoDock Vina: improving the speed and accuracy of docking    #
# with a new scoring function, efficient optimization and       #
# multithreading, J. Comp. Chem. (2010)                         #
# DOI 10.1002/jcc.21334                                         #
#                                                               #
# Please see https://github.com/ccsb-scripps/AutoDock-Vina for  #
# more information.                                             #
#################################################################

Scoring function : vina
Rigid receptor: YihW_s_templ_cl1_min_model12.pdbqt
Ligand: SR_Conformer3D_COMPOUND_CID_162640041_avogadro.pdbqt
Grid center: X 37.211 Y 41.586 Z 40.288
Grid size  : X 68 Y 60 Z 74
Grid space : 1
Exhaustiveness: 32
CPU: 0
Verbosity: 2

Computing Vina grid ... done.
Performing docking (random seed: 1344862459) ... 
0%   10   20   30   40   50   60   70   80   90   100%
|----|----|----|----|----|----|----|----|----|----|
***************************************************
done.
ENERGY FROM SEARCH: -6.68946
FINAL ENERGY: 
Estimated Free Energy of Binding   : -5.259 (kcal/mol) [=(1)+(2)+(3)-(4)]
(1) Final Intermolecular Energy    : -6.489 (kcal/mol)
    Ligand - Receptor              : -6.489 (kcal/mol)
    Ligand - Flex side chains      : 0.000 (kcal/mol)
(2) Final Total Internal Energy    : -0.198 (kcal/mol)
    Ligand                         : -0.198 (kcal/mol)
    Flex   - Receptor              : 0.000 (kcal/mol)
    Flex   - Flex side chains      : 0.000 (kcal/mol)
(3) Torsional Free Energy          : 1.230 (kcal/mol)
(4) Unbound System's Energy        : -0.198 (kcal/mol)
ENERGY FROM SEARCH: -6.924
FINAL ENERGY: 
Estimated Free Energy of Binding   : -5.453 (kcal/mol) [=(1)+(2)+(3)-(4)]
(1) Final Intermolecular Energy    : -6.502 (kcal/mol)
    Ligand - Receptor              : -6.502 (kcal/mol)
    Ligand - Flex side chains      : 0.000 (kcal/mol)
(2) Final Total Internal Energy    : -0.424 (kcal/mol)
    Ligand                         : -0.424 (kcal/mol)
    Flex   - Receptor              : 0.000 (kcal/mol)
    Flex   - Flex side chains      : 0.000 (kcal/mol)
(3) Torsional Free Energy          : 1.275 (kcal/mol)
(4) Unbound System's Energy        : -0.198 (kcal/mol)
ENERGY FROM SEARCH: -6.002
FINAL ENERGY: 
Estimated Free Energy of Binding   : -4.702 (kcal/mol) [=(1)+(2)+(3)-(4)]
(1) Final Intermolecular Energy    : -5.579 (kcal/mol)
    Ligand - Receptor              : -5.579 (kcal/mol)
    Ligand - Flex side chains      : 0.000 (kcal/mol)
(2) Final Total Internal Energy    : -0.420 (kcal/mol)
    Ligand                         : -0.420 (kcal/mol)
    Flex   - Receptor              : 0.000 (kcal/mol)
    Flex   - Flex side chains      : 0.000 (kcal/mol)
(3) Torsional Free Energy          : 1.100 (kcal/mol)
(4) Unbound System's Energy        : -0.198 (kcal/mol)
ENERGY FROM SEARCH: -6.183
FINAL ENERGY: 
Estimated Free Energy of Binding   : -4.849 (kcal/mol) [=(1)+(2)+(3)-(4)]
(1) Final Intermolecular Energy    : -5.781 (kcal/mol)
    Ligand - Receptor              : -5.781 (kcal/mol)
    Ligand - Flex side chains      : 0.000 (kcal/mol)
(2) Final Total Internal Energy    : -0.400 (kcal/mol)
    Ligand                         : -0.400 (kcal/mol)
    Flex   - Receptor              : 0.000 (kcal/mol)
    Flex   - Flex side chains      : 0.000 (kcal/mol)
(3) Torsional Free Energy          : 1.134 (kcal/mol)
(4) Unbound System's Energy        : -0.198 (kcal/mol)
ENERGY FROM SEARCH: -5.581
FINAL ENERGY: 
Estimated Free Energy of Binding   : -4.364 (kcal/mol) [=(1)+(2)+(3)-(4)]
(1) Final Intermolecular Energy    : -5.150 (kcal/mol)
    Ligand - Receptor              : -5.150 (kcal/mol)
    Ligand - Flex side chains      : 0.000 (kcal/mol)
(2) Final Total Internal Energy    : -0.432 (kcal/mol)
    Ligand                         : -0.432 (kcal/mol)
    Flex   - Receptor              : 0.000 (kcal/mol)
    Flex   - Flex side chains      : 0.000 (kcal/mol)
(3) Torsional Free Energy          : 1.020 (kcal/mol)
(4) Unbound System's Energy        : -0.198 (kcal/mol)
ENERGY FROM SEARCH: -5.770
FINAL ENERGY: 
Estimated Free Energy of Binding   : -4.518 (kcal/mol) [=(1)+(2)+(3)-(4)]
(1) Final Intermolecular Energy    : -5.403 (kcal/mol)
    Ligand - Receptor              : -5.403 (kcal/mol)
    Ligand - Flex side chains      : 0.000 (kcal/mol)
(2) Final Total Internal Energy    : -0.368 (kcal/mol)
    Ligand                         : -0.368 (kcal/mol)
    Flex   - Receptor              : 0.000 (kcal/mol)
    Flex   - Flex side chains      : 0.000 (kcal/mol)
(3) Torsional Free Energy          : 1.056 (kcal/mol)
(4) Unbound System's Energy        : -0.198 (kcal/mol)
ENERGY FROM SEARCH: -5.595
FINAL ENERGY: 
Estimated Free Energy of Binding   : -4.374 (kcal/mol) [=(1)+(2)+(3)-(4)]
(1) Final Intermolecular Energy    : -5.109 (kcal/mol)
    Ligand - Receptor              : -5.109 (kcal/mol)
    Ligand - Flex side chains      : 0.000 (kcal/mol)
(2) Final Total Internal Energy    : -0.486 (kcal/mol)
    Ligand                         : -0.486 (kcal/mol)
    Flex   - Receptor              : 0.000 (kcal/mol)
    Flex   - Flex side chains      : 0.000 (kcal/mol)
(3) Torsional Free Energy          : 1.023 (kcal/mol)
(4) Unbound System's Energy        : -0.198 (kcal/mol)
ENERGY FROM SEARCH: -5.743
FINAL ENERGY: 
Estimated Free Energy of Binding   : -4.493 (kcal/mol) [=(1)+(2)+(3)-(4)]
(1) Final Intermolecular Energy    : -5.360 (kcal/mol)
    Ligand - Receptor              : -5.360 (kcal/mol)
    Ligand - Flex side chains      : 0.000 (kcal/mol)
(2) Final Total Internal Energy    : -0.382 (kcal/mol)
    Ligand                         : -0.382 (kcal/mol)
    Flex   - Receptor              : 0.000 (kcal/mol)
    Flex   - Flex side chains      : 0.000 (kcal/mol)
(3) Torsional Free Energy          : 1.051 (kcal/mol)
(4) Unbound System's Energy        : -0.198 (kcal/mol)
ENERGY FROM SEARCH: -5.488
FINAL ENERGY: 
Estimated Free Energy of Binding   : -4.286 (kcal/mol) [=(1)+(2)+(3)-(4)]
(1) Final Intermolecular Energy    : -5.070 (kcal/mol)
    Ligand - Receptor              : -5.070 (kcal/mol)
    Ligand - Flex side chains      : 0.000 (kcal/mol)
(2) Final Total Internal Energy    : -0.416 (kcal/mol)
    Ligand                         : -0.416 (kcal/mol)
    Flex   - Receptor              : 0.000 (kcal/mol)
    Flex   - Flex side chains      : 0.000 (kcal/mol)
(3) Torsional Free Energy          : 1.002 (kcal/mol)
(4) Unbound System's Energy        : -0.198 (kcal/mol)
ENERGY FROM SEARCH: -5.943
FINAL ENERGY: 
Estimated Free Energy of Binding   : -4.656 (kcal/mol) [=(1)+(2)+(3)-(4)]
(1) Final Intermolecular Energy    : -5.543 (kcal/mol)
    Ligand - Receptor              : -5.543 (kcal/mol)
    Ligand - Flex side chains      : 0.000 (kcal/mol)
(2) Final Total Internal Energy    : -0.400 (kcal/mol)
    Ligand                         : -0.400 (kcal/mol)
    Flex   - Receptor              : 0.000 (kcal/mol)
    Flex   - Flex side chains      : 0.000 (kcal/mol)
(3) Torsional Free Energy          : 1.089 (kcal/mol)
(4) Unbound System's Energy        : -0.198 (kcal/mol)

mode |   affinity | dist from best mode
     | (kcal/mol) | rmsd l.b.| rmsd u.b.
-----+------------+----------+----------
   1      -5.4529     0.0000     0.0000
   2      -5.2589     1.7086     2.5827
   3      -4.8489     1.1617     1.8090
   4      -4.7021     1.5204     2.3807
   5      -4.6560     3.0390     4.8729
   6      -4.5175     3.2086     4.0247
   7      -4.4930     2.2534     4.9257
   8      -4.3744     3.2255     4.2996
   9      -4.3638     3.0963     5.5510
  10      -4.2859     1.6464     2.8161
