AutoDock Vina v1.2.3-52-g92d1779
#################################################################
# If you used AutoDock Vina in your work, please cite:          #
#                                                               #
# J. Eberhardt, D. Santos-Martins, A. F. Tillack, and S. Forli  #
# AutoDock Vina 1.2.0: New Docking Methods, Expanded Force      #
# Field, and Python Bindings, J. Chem. Inf. Model. (2021)       #
# DOI 10.1021/acs.jcim.1c00203                                  #
#                                                               #
# O. Trott, A. J. Olson,                                        #
# AutoDock Vina: improving the speed and accuracy of docking    #
# with a new scoring function, efficient optimization and       #
# multithreading, J. Comp. Chem. (2010)                         #
# DOI 10.1002/jcc.21334                                         #
#                                                               #
# Please see https://github.com/ccsb-scripps/AutoDock-Vina for  #
# more information.                                             #
#################################################################

Scoring function : vina
Rigid receptor: YihW_s_templ_cl2_min_model1.pdbqt
Ligand: SR_Conformer3D_COMPOUND_CID_162640041_avogadro.pdbqt
Grid center: X 37.211 Y 41.586 Z 40.288
Grid size  : X 68 Y 60 Z 74
Grid space : 1
Exhaustiveness: 32
CPU: 0
Verbosity: 2

Computing Vina grid ... done.
Performing docking (random seed: 1831705108) ... 
0%   10   20   30   40   50   60   70   80   90   100%
|----|----|----|----|----|----|----|----|----|----|
***************************************************
done.
ENERGY FROM SEARCH: -6.88766
FINAL ENERGY: 
Estimated Free Energy of Binding   : -5.259 (kcal/mol) [=(1)+(2)+(3)-(4)]
(1) Final Intermolecular Energy    : -6.489 (kcal/mol)
    Ligand - Receptor              : -6.489 (kcal/mol)
    Ligand - Flex side chains      : 0.000 (kcal/mol)
(2) Final Total Internal Energy    : -0.397 (kcal/mol)
    Ligand                         : -0.397 (kcal/mol)
    Flex   - Receptor              : 0.000 (kcal/mol)
    Flex   - Flex side chains      : 0.000 (kcal/mol)
(3) Torsional Free Energy          : 1.230 (kcal/mol)
(4) Unbound System's Energy        : -0.397 (kcal/mol)
ENERGY FROM SEARCH: -5.467
FINAL ENERGY: 
Estimated Free Energy of Binding   : -4.111 (kcal/mol) [=(1)+(2)+(3)-(4)]
(1) Final Intermolecular Energy    : -5.045 (kcal/mol)
    Ligand - Receptor              : -5.045 (kcal/mol)
    Ligand - Flex side chains      : 0.000 (kcal/mol)
(2) Final Total Internal Energy    : -0.424 (kcal/mol)
    Ligand                         : -0.424 (kcal/mol)
    Flex   - Receptor              : 0.000 (kcal/mol)
    Flex   - Flex side chains      : 0.000 (kcal/mol)
(3) Torsional Free Energy          : 0.961 (kcal/mol)
(4) Unbound System's Energy        : -0.397 (kcal/mol)
ENERGY FROM SEARCH: -6.663
FINAL ENERGY: 
Estimated Free Energy of Binding   : -5.082 (kcal/mol) [=(1)+(2)+(3)-(4)]
(1) Final Intermolecular Energy    : -6.251 (kcal/mol)
    Ligand - Receptor              : -6.251 (kcal/mol)
    Ligand - Flex side chains      : 0.000 (kcal/mol)
(2) Final Total Internal Energy    : -0.417 (kcal/mol)
    Ligand                         : -0.417 (kcal/mol)
    Flex   - Receptor              : 0.000 (kcal/mol)
    Flex   - Flex side chains      : 0.000 (kcal/mol)
(3) Torsional Free Energy          : 1.188 (kcal/mol)
(4) Unbound System's Energy        : -0.397 (kcal/mol)
ENERGY FROM SEARCH: -6.360
FINAL ENERGY: 
Estimated Free Energy of Binding   : -4.832 (kcal/mol) [=(1)+(2)+(3)-(4)]
(1) Final Intermolecular Energy    : -6.104 (kcal/mol)
    Ligand - Receptor              : -6.104 (kcal/mol)
    Ligand - Flex side chains      : 0.000 (kcal/mol)
(2) Final Total Internal Energy    : -0.255 (kcal/mol)
    Ligand                         : -0.255 (kcal/mol)
    Flex   - Receptor              : 0.000 (kcal/mol)
    Flex   - Flex side chains      : 0.000 (kcal/mol)
(3) Torsional Free Energy          : 1.130 (kcal/mol)
(4) Unbound System's Energy        : -0.397 (kcal/mol)
ENERGY FROM SEARCH: -6.420
FINAL ENERGY: 
Estimated Free Energy of Binding   : -4.879 (kcal/mol) [=(1)+(2)+(3)-(4)]
(1) Final Intermolecular Energy    : -6.028 (kcal/mol)
    Ligand - Receptor              : -6.028 (kcal/mol)
    Ligand - Flex side chains      : 0.000 (kcal/mol)
(2) Final Total Internal Energy    : -0.388 (kcal/mol)
    Ligand                         : -0.388 (kcal/mol)
    Flex   - Receptor              : 0.000 (kcal/mol)
    Flex   - Flex side chains      : 0.000 (kcal/mol)
(3) Torsional Free Energy          : 1.141 (kcal/mol)
(4) Unbound System's Energy        : -0.397 (kcal/mol)
ENERGY FROM SEARCH: -5.506
FINAL ENERGY: 
Estimated Free Energy of Binding   : -4.141 (kcal/mol) [=(1)+(2)+(3)-(4)]
(1) Final Intermolecular Energy    : -5.110 (kcal/mol)
    Ligand - Receptor              : -5.110 (kcal/mol)
    Ligand - Flex side chains      : 0.000 (kcal/mol)
(2) Final Total Internal Energy    : -0.396 (kcal/mol)
    Ligand                         : -0.396 (kcal/mol)
    Flex   - Receptor              : 0.000 (kcal/mol)
    Flex   - Flex side chains      : 0.000 (kcal/mol)
(3) Torsional Free Energy          : 0.968 (kcal/mol)
(4) Unbound System's Energy        : -0.397 (kcal/mol)
ENERGY FROM SEARCH: -6.749
FINAL ENERGY: 
Estimated Free Energy of Binding   : -5.147 (kcal/mol) [=(1)+(2)+(3)-(4)]
(1) Final Intermolecular Energy    : -6.545 (kcal/mol)
    Ligand - Receptor              : -6.545 (kcal/mol)
    Ligand - Flex side chains      : 0.000 (kcal/mol)
(2) Final Total Internal Energy    : -0.203 (kcal/mol)
    Ligand                         : -0.203 (kcal/mol)
    Flex   - Receptor              : 0.000 (kcal/mol)
    Flex   - Flex side chains      : 0.000 (kcal/mol)
(3) Torsional Free Energy          : 1.204 (kcal/mol)
(4) Unbound System's Energy        : -0.397 (kcal/mol)
ENERGY FROM SEARCH: -6.082
FINAL ENERGY: 
Estimated Free Energy of Binding   : -4.608 (kcal/mol) [=(1)+(2)+(3)-(4)]
(1) Final Intermolecular Energy    : -5.646 (kcal/mol)
    Ligand - Receptor              : -5.646 (kcal/mol)
    Ligand - Flex side chains      : 0.000 (kcal/mol)
(2) Final Total Internal Energy    : -0.436 (kcal/mol)
    Ligand                         : -0.436 (kcal/mol)
    Flex   - Receptor              : 0.000 (kcal/mol)
    Flex   - Flex side chains      : 0.000 (kcal/mol)
(3) Torsional Free Energy          : 1.078 (kcal/mol)
(4) Unbound System's Energy        : -0.397 (kcal/mol)
ENERGY FROM SEARCH: -5.404
FINAL ENERGY: 
Estimated Free Energy of Binding   : -4.059 (kcal/mol) [=(1)+(2)+(3)-(4)]
(1) Final Intermolecular Energy    : -4.970 (kcal/mol)
    Ligand - Receptor              : -4.970 (kcal/mol)
    Ligand - Flex side chains      : 0.000 (kcal/mol)
(2) Final Total Internal Energy    : -0.435 (kcal/mol)
    Ligand                         : -0.435 (kcal/mol)
    Flex   - Receptor              : 0.000 (kcal/mol)
    Flex   - Flex side chains      : 0.000 (kcal/mol)
(3) Torsional Free Energy          : 0.949 (kcal/mol)
(4) Unbound System's Energy        : -0.397 (kcal/mol)
ENERGY FROM SEARCH: -6.579
FINAL ENERGY: 
Estimated Free Energy of Binding   : -5.009 (kcal/mol) [=(1)+(2)+(3)-(4)]
(1) Final Intermolecular Energy    : -6.416 (kcal/mol)
    Ligand - Receptor              : -6.416 (kcal/mol)
    Ligand - Flex side chains      : 0.000 (kcal/mol)
(2) Final Total Internal Energy    : -0.161 (kcal/mol)
    Ligand                         : -0.161 (kcal/mol)
    Flex   - Receptor              : 0.000 (kcal/mol)
    Flex   - Flex side chains      : 0.000 (kcal/mol)
(3) Torsional Free Energy          : 1.171 (kcal/mol)
(4) Unbound System's Energy        : -0.397 (kcal/mol)

mode |   affinity | dist from best mode
     | (kcal/mol) | rmsd l.b.| rmsd u.b.
-----+------------+----------+----------
   1      -5.2593     0.0000     0.0000
   2      -5.1473     2.1298     4.9037
   3      -5.0824     2.1684     5.0715
   4      -5.0091     2.2867     4.7000
   5      -4.8792     2.5253     4.8170
   6      -4.8324    11.3528    12.5497
   7      -4.6080    11.7997    13.1723
   8      -4.1414    13.6044    14.7697
   9      -4.1113    10.1714    11.4576
  10      -4.0594     8.3345     9.3281
