AutoDock Vina v1.2.3-52-g92d1779
#################################################################
# If you used AutoDock Vina in your work, please cite:          #
#                                                               #
# J. Eberhardt, D. Santos-Martins, A. F. Tillack, and S. Forli  #
# AutoDock Vina 1.2.0: New Docking Methods, Expanded Force      #
# Field, and Python Bindings, J. Chem. Inf. Model. (2021)       #
# DOI 10.1021/acs.jcim.1c00203                                  #
#                                                               #
# O. Trott, A. J. Olson,                                        #
# AutoDock Vina: improving the speed and accuracy of docking    #
# with a new scoring function, efficient optimization and       #
# multithreading, J. Comp. Chem. (2010)                         #
# DOI 10.1002/jcc.21334                                         #
#                                                               #
# Please see https://github.com/ccsb-scripps/AutoDock-Vina for  #
# more information.                                             #
#################################################################

Scoring function : vina
Rigid receptor: YihW_s_templ_cl1_min_model12.pdbqt
Ligand: SR_Conformer3D_COMPOUND_CID_162640041_avogadro.pdbqt
Grid center: X 37.211 Y 41.586 Z 40.288
Grid size  : X 68 Y 60 Z 74
Grid space : 1
Exhaustiveness: 32
CPU: 0
Verbosity: 2

Computing Vina grid ... done.
Performing docking (random seed: 1420810043) ... 
0%   10   20   30   40   50   60   70   80   90   100%
|----|----|----|----|----|----|----|----|----|----|
***************************************************
done.
ENERGY FROM SEARCH: -6.79504
FINAL ENERGY: 
Estimated Free Energy of Binding   : -5.359 (kcal/mol) [=(1)+(2)+(3)-(4)]
(1) Final Intermolecular Energy    : -6.612 (kcal/mol)
    Ligand - Receptor              : -6.612 (kcal/mol)
    Ligand - Flex side chains      : 0.000 (kcal/mol)
(2) Final Total Internal Energy    : -0.181 (kcal/mol)
    Ligand                         : -0.181 (kcal/mol)
    Flex   - Receptor              : 0.000 (kcal/mol)
    Flex   - Flex side chains      : 0.000 (kcal/mol)
(3) Torsional Free Energy          : 1.253 (kcal/mol)
(4) Unbound System's Energy        : -0.181 (kcal/mol)
ENERGY FROM SEARCH: -6.908
FINAL ENERGY: 
Estimated Free Energy of Binding   : -5.452 (kcal/mol) [=(1)+(2)+(3)-(4)]
(1) Final Intermolecular Energy    : -6.486 (kcal/mol)
    Ligand - Receptor              : -6.486 (kcal/mol)
    Ligand - Flex side chains      : 0.000 (kcal/mol)
(2) Final Total Internal Energy    : -0.422 (kcal/mol)
    Ligand                         : -0.422 (kcal/mol)
    Flex   - Receptor              : 0.000 (kcal/mol)
    Flex   - Flex side chains      : 0.000 (kcal/mol)
(3) Torsional Free Energy          : 1.275 (kcal/mol)
(4) Unbound System's Energy        : -0.181 (kcal/mol)
ENERGY FROM SEARCH: -5.861
FINAL ENERGY: 
Estimated Free Energy of Binding   : -4.605 (kcal/mol) [=(1)+(2)+(3)-(4)]
(1) Final Intermolecular Energy    : -5.708 (kcal/mol)
    Ligand - Receptor              : -5.708 (kcal/mol)
    Ligand - Flex side chains      : 0.000 (kcal/mol)
(2) Final Total Internal Energy    : -0.154 (kcal/mol)
    Ligand                         : -0.154 (kcal/mol)
    Flex   - Receptor              : 0.000 (kcal/mol)
    Flex   - Flex side chains      : 0.000 (kcal/mol)
(3) Torsional Free Energy          : 1.077 (kcal/mol)
(4) Unbound System's Energy        : -0.181 (kcal/mol)
ENERGY FROM SEARCH: -6.564
FINAL ENERGY: 
Estimated Free Energy of Binding   : -5.175 (kcal/mol) [=(1)+(2)+(3)-(4)]
(1) Final Intermolecular Energy    : -6.108 (kcal/mol)
    Ligand - Receptor              : -6.108 (kcal/mol)
    Ligand - Flex side chains      : 0.000 (kcal/mol)
(2) Final Total Internal Energy    : -0.458 (kcal/mol)
    Ligand                         : -0.458 (kcal/mol)
    Flex   - Receptor              : 0.000 (kcal/mol)
    Flex   - Flex side chains      : 0.000 (kcal/mol)
(3) Torsional Free Energy          : 1.210 (kcal/mol)
(4) Unbound System's Energy        : -0.181 (kcal/mol)
ENERGY FROM SEARCH: -5.686
FINAL ENERGY: 
Estimated Free Energy of Binding   : -4.461 (kcal/mol) [=(1)+(2)+(3)-(4)]
(1) Final Intermolecular Energy    : -5.288 (kcal/mol)
    Ligand - Receptor              : -5.288 (kcal/mol)
    Ligand - Flex side chains      : 0.000 (kcal/mol)
(2) Final Total Internal Energy    : -0.397 (kcal/mol)
    Ligand                         : -0.397 (kcal/mol)
    Flex   - Receptor              : 0.000 (kcal/mol)
    Flex   - Flex side chains      : 0.000 (kcal/mol)
(3) Torsional Free Energy          : 1.043 (kcal/mol)
(4) Unbound System's Energy        : -0.181 (kcal/mol)
ENERGY FROM SEARCH: -5.654
FINAL ENERGY: 
Estimated Free Energy of Binding   : -4.436 (kcal/mol) [=(1)+(2)+(3)-(4)]
(1) Final Intermolecular Energy    : -5.159 (kcal/mol)
    Ligand - Receptor              : -5.159 (kcal/mol)
    Ligand - Flex side chains      : 0.000 (kcal/mol)
(2) Final Total Internal Energy    : -0.495 (kcal/mol)
    Ligand                         : -0.495 (kcal/mol)
    Flex   - Receptor              : 0.000 (kcal/mol)
    Flex   - Flex side chains      : 0.000 (kcal/mol)
(3) Torsional Free Energy          : 1.037 (kcal/mol)
(4) Unbound System's Energy        : -0.181 (kcal/mol)
ENERGY FROM SEARCH: -5.733
FINAL ENERGY: 
Estimated Free Energy of Binding   : -4.500 (kcal/mol) [=(1)+(2)+(3)-(4)]
(1) Final Intermolecular Energy    : -5.438 (kcal/mol)
    Ligand - Receptor              : -5.438 (kcal/mol)
    Ligand - Flex side chains      : 0.000 (kcal/mol)
(2) Final Total Internal Energy    : -0.295 (kcal/mol)
    Ligand                         : -0.295 (kcal/mol)
    Flex   - Receptor              : 0.000 (kcal/mol)
    Flex   - Flex side chains      : 0.000 (kcal/mol)
(3) Torsional Free Energy          : 1.052 (kcal/mol)
(4) Unbound System's Energy        : -0.181 (kcal/mol)
ENERGY FROM SEARCH: -5.448
FINAL ENERGY: 
Estimated Free Energy of Binding   : -4.269 (kcal/mol) [=(1)+(2)+(3)-(4)]
(1) Final Intermolecular Energy    : -5.051 (kcal/mol)
    Ligand - Receptor              : -5.051 (kcal/mol)
    Ligand - Flex side chains      : 0.000 (kcal/mol)
(2) Final Total Internal Energy    : -0.397 (kcal/mol)
    Ligand                         : -0.397 (kcal/mol)
    Flex   - Receptor              : 0.000 (kcal/mol)
    Flex   - Flex side chains      : 0.000 (kcal/mol)
(3) Torsional Free Energy          : 0.998 (kcal/mol)
(4) Unbound System's Energy        : -0.181 (kcal/mol)
ENERGY FROM SEARCH: -5.714
FINAL ENERGY: 
Estimated Free Energy of Binding   : -4.485 (kcal/mol) [=(1)+(2)+(3)-(4)]
(1) Final Intermolecular Energy    : -5.278 (kcal/mol)
    Ligand - Receptor              : -5.278 (kcal/mol)
    Ligand - Flex side chains      : 0.000 (kcal/mol)
(2) Final Total Internal Energy    : -0.437 (kcal/mol)
    Ligand                         : -0.437 (kcal/mol)
    Flex   - Receptor              : 0.000 (kcal/mol)
    Flex   - Flex side chains      : 0.000 (kcal/mol)
(3) Torsional Free Energy          : 1.049 (kcal/mol)
(4) Unbound System's Energy        : -0.181 (kcal/mol)
ENERGY FROM SEARCH: -5.686
FINAL ENERGY: 
Estimated Free Energy of Binding   : -4.458 (kcal/mol) [=(1)+(2)+(3)-(4)]
(1) Final Intermolecular Energy    : -5.195 (kcal/mol)
    Ligand - Receptor              : -5.195 (kcal/mol)
    Ligand - Flex side chains      : 0.000 (kcal/mol)
(2) Final Total Internal Energy    : -0.487 (kcal/mol)
    Ligand                         : -0.487 (kcal/mol)
    Flex   - Receptor              : 0.000 (kcal/mol)
    Flex   - Flex side chains      : 0.000 (kcal/mol)
(3) Torsional Free Energy          : 1.043 (kcal/mol)
(4) Unbound System's Energy        : -0.181 (kcal/mol)

mode |   affinity | dist from best mode
     | (kcal/mol) | rmsd l.b.| rmsd u.b.
-----+------------+----------+----------
   1      -5.4521     0.0000     0.0000
   2      -5.3587     1.6953     2.5528
   3      -5.1748     2.0863     2.9054
   4      -4.6049     1.7550     2.4360
   5      -4.4997     2.2888     4.9191
   6      -4.4849     2.3231     3.3478
   7      -4.4612     1.8442     2.4306
   8      -4.4584     3.0648     4.2523
   9      -4.4356     3.0530     5.5023
  10      -4.2691     1.7196     3.0992
