AutoDock Vina v1.2.3-52-g92d1779
#################################################################
# If you used AutoDock Vina in your work, please cite:          #
#                                                               #
# J. Eberhardt, D. Santos-Martins, A. F. Tillack, and S. Forli  #
# AutoDock Vina 1.2.0: New Docking Methods, Expanded Force      #
# Field, and Python Bindings, J. Chem. Inf. Model. (2021)       #
# DOI 10.1021/acs.jcim.1c00203                                  #
#                                                               #
# O. Trott, A. J. Olson,                                        #
# AutoDock Vina: improving the speed and accuracy of docking    #
# with a new scoring function, efficient optimization and       #
# multithreading, J. Comp. Chem. (2010)                         #
# DOI 10.1002/jcc.21334                                         #
#                                                               #
# Please see https://github.com/ccsb-scripps/AutoDock-Vina for  #
# more information.                                             #
#################################################################

Scoring function : vina
Rigid receptor: YihW_s_templ_cl2_min_model1.pdbqt
Ligand: SR_Conformer3D_COMPOUND_CID_162640041_avogadro.pdbqt
Grid center: X 37.211 Y 41.586 Z 40.288
Grid size  : X 68 Y 60 Z 74
Grid space : 1
Exhaustiveness: 32
CPU: 0
Verbosity: 2

Computing Vina grid ... done.
Performing docking (random seed: 1578978205) ... 
0%   10   20   30   40   50   60   70   80   90   100%
|----|----|----|----|----|----|----|----|----|----|
***************************************************
done.
ENERGY FROM SEARCH: -6.52448
FINAL ENERGY: 
Estimated Free Energy of Binding   : -4.894 (kcal/mol) [=(1)+(2)+(3)-(4)]
(1) Final Intermolecular Energy    : -6.038 (kcal/mol)
    Ligand - Receptor              : -6.038 (kcal/mol)
    Ligand - Flex side chains      : 0.000 (kcal/mol)
(2) Final Total Internal Energy    : -0.485 (kcal/mol)
    Ligand                         : -0.485 (kcal/mol)
    Flex   - Receptor              : 0.000 (kcal/mol)
    Flex   - Flex side chains      : 0.000 (kcal/mol)
(3) Torsional Free Energy          : 1.144 (kcal/mol)
(4) Unbound System's Energy        : -0.485 (kcal/mol)
ENERGY FROM SEARCH: -6.872
FINAL ENERGY: 
Estimated Free Energy of Binding   : -5.178 (kcal/mol) [=(1)+(2)+(3)-(4)]
(1) Final Intermolecular Energy    : -6.474 (kcal/mol)
    Ligand - Receptor              : -6.474 (kcal/mol)
    Ligand - Flex side chains      : 0.000 (kcal/mol)
(2) Final Total Internal Energy    : -0.400 (kcal/mol)
    Ligand                         : -0.400 (kcal/mol)
    Flex   - Receptor              : 0.000 (kcal/mol)
    Flex   - Flex side chains      : 0.000 (kcal/mol)
(3) Torsional Free Energy          : 1.211 (kcal/mol)
(4) Unbound System's Energy        : -0.485 (kcal/mol)
ENERGY FROM SEARCH: -6.457
FINAL ENERGY: 
Estimated Free Energy of Binding   : -4.842 (kcal/mol) [=(1)+(2)+(3)-(4)]
(1) Final Intermolecular Energy    : -6.205 (kcal/mol)
    Ligand - Receptor              : -6.205 (kcal/mol)
    Ligand - Flex side chains      : 0.000 (kcal/mol)
(2) Final Total Internal Energy    : -0.254 (kcal/mol)
    Ligand                         : -0.254 (kcal/mol)
    Flex   - Receptor              : 0.000 (kcal/mol)
    Flex   - Flex side chains      : 0.000 (kcal/mol)
(3) Torsional Free Energy          : 1.132 (kcal/mol)
(4) Unbound System's Energy        : -0.485 (kcal/mol)
ENERGY FROM SEARCH: -6.040
FINAL ENERGY: 
Estimated Free Energy of Binding   : -4.505 (kcal/mol) [=(1)+(2)+(3)-(4)]
(1) Final Intermolecular Energy    : -5.856 (kcal/mol)
    Ligand - Receptor              : -5.856 (kcal/mol)
    Ligand - Flex side chains      : 0.000 (kcal/mol)
(2) Final Total Internal Energy    : -0.188 (kcal/mol)
    Ligand                         : -0.188 (kcal/mol)
    Flex   - Receptor              : 0.000 (kcal/mol)
    Flex   - Flex side chains      : 0.000 (kcal/mol)
(3) Torsional Free Energy          : 1.054 (kcal/mol)
(4) Unbound System's Energy        : -0.485 (kcal/mol)
ENERGY FROM SEARCH: -5.777
FINAL ENERGY: 
Estimated Free Energy of Binding   : -4.289 (kcal/mol) [=(1)+(2)+(3)-(4)]
(1) Final Intermolecular Energy    : -5.386 (kcal/mol)
    Ligand - Receptor              : -5.386 (kcal/mol)
    Ligand - Flex side chains      : 0.000 (kcal/mol)
(2) Final Total Internal Energy    : -0.391 (kcal/mol)
    Ligand                         : -0.391 (kcal/mol)
    Flex   - Receptor              : 0.000 (kcal/mol)
    Flex   - Flex side chains      : 0.000 (kcal/mol)
(3) Torsional Free Energy          : 1.003 (kcal/mol)
(4) Unbound System's Energy        : -0.485 (kcal/mol)
ENERGY FROM SEARCH: -6.589
FINAL ENERGY: 
Estimated Free Energy of Binding   : -4.942 (kcal/mol) [=(1)+(2)+(3)-(4)]
(1) Final Intermolecular Energy    : -6.168 (kcal/mol)
    Ligand - Receptor              : -6.168 (kcal/mol)
    Ligand - Flex side chains      : 0.000 (kcal/mol)
(2) Final Total Internal Energy    : -0.415 (kcal/mol)
    Ligand                         : -0.415 (kcal/mol)
    Flex   - Receptor              : 0.000 (kcal/mol)
    Flex   - Flex side chains      : 0.000 (kcal/mol)
(3) Torsional Free Energy          : 1.156 (kcal/mol)
(4) Unbound System's Energy        : -0.485 (kcal/mol)
ENERGY FROM SEARCH: -6.349
FINAL ENERGY: 
Estimated Free Energy of Binding   : -4.751 (kcal/mol) [=(1)+(2)+(3)-(4)]
(1) Final Intermolecular Energy    : -5.945 (kcal/mol)
    Ligand - Receptor              : -5.945 (kcal/mol)
    Ligand - Flex side chains      : 0.000 (kcal/mol)
(2) Final Total Internal Energy    : -0.402 (kcal/mol)
    Ligand                         : -0.402 (kcal/mol)
    Flex   - Receptor              : 0.000 (kcal/mol)
    Flex   - Flex side chains      : 0.000 (kcal/mol)
(3) Torsional Free Energy          : 1.111 (kcal/mol)
(4) Unbound System's Energy        : -0.485 (kcal/mol)
ENERGY FROM SEARCH: -5.620
FINAL ENERGY: 
Estimated Free Energy of Binding   : -4.162 (kcal/mol) [=(1)+(2)+(3)-(4)]
(1) Final Intermolecular Energy    : -5.217 (kcal/mol)
    Ligand - Receptor              : -5.217 (kcal/mol)
    Ligand - Flex side chains      : 0.000 (kcal/mol)
(2) Final Total Internal Energy    : -0.404 (kcal/mol)
    Ligand                         : -0.404 (kcal/mol)
    Flex   - Receptor              : 0.000 (kcal/mol)
    Flex   - Flex side chains      : 0.000 (kcal/mol)
(3) Torsional Free Energy          : 0.973 (kcal/mol)
(4) Unbound System's Energy        : -0.485 (kcal/mol)
ENERGY FROM SEARCH: -5.292
FINAL ENERGY: 
Estimated Free Energy of Binding   : -3.894 (kcal/mol) [=(1)+(2)+(3)-(4)]
(1) Final Intermolecular Energy    : -4.799 (kcal/mol)
    Ligand - Receptor              : -4.799 (kcal/mol)
    Ligand - Flex side chains      : 0.000 (kcal/mol)
(2) Final Total Internal Energy    : -0.490 (kcal/mol)
    Ligand                         : -0.490 (kcal/mol)
    Flex   - Receptor              : 0.000 (kcal/mol)
    Flex   - Flex side chains      : 0.000 (kcal/mol)
(3) Torsional Free Energy          : 0.910 (kcal/mol)
(4) Unbound System's Energy        : -0.485 (kcal/mol)
ENERGY FROM SEARCH: -5.450
FINAL ENERGY: 
Estimated Free Energy of Binding   : -4.023 (kcal/mol) [=(1)+(2)+(3)-(4)]
(1) Final Intermolecular Energy    : -5.058 (kcal/mol)
    Ligand - Receptor              : -5.058 (kcal/mol)
    Ligand - Flex side chains      : 0.000 (kcal/mol)
(2) Final Total Internal Energy    : -0.391 (kcal/mol)
    Ligand                         : -0.391 (kcal/mol)
    Flex   - Receptor              : 0.000 (kcal/mol)
    Flex   - Flex side chains      : 0.000 (kcal/mol)
(3) Torsional Free Energy          : 0.941 (kcal/mol)
(4) Unbound System's Energy        : -0.485 (kcal/mol)

mode |   affinity | dist from best mode
     | (kcal/mol) | rmsd l.b.| rmsd u.b.
-----+------------+----------+----------
   1      -5.1776     0.0000     0.0000
   2      -4.9423     2.1673     5.0581
   3      -4.8938    12.4767    13.7746
   4      -4.8419    11.8050    13.0046
   5      -4.7513     2.4755     4.8118
   6      -4.5052    11.7636    13.1018
   7      -4.2888    10.1406    11.3348
   8      -4.1619    11.4322    12.6801
   9      -4.0228    10.3867    11.5720
  10      -3.8937     9.6857    10.4336
