AutoDock Vina v1.2.3-52-g92d1779
#################################################################
# If you used AutoDock Vina in your work, please cite:          #
#                                                               #
# J. Eberhardt, D. Santos-Martins, A. F. Tillack, and S. Forli  #
# AutoDock Vina 1.2.0: New Docking Methods, Expanded Force      #
# Field, and Python Bindings, J. Chem. Inf. Model. (2021)       #
# DOI 10.1021/acs.jcim.1c00203                                  #
#                                                               #
# O. Trott, A. J. Olson,                                        #
# AutoDock Vina: improving the speed and accuracy of docking    #
# with a new scoring function, efficient optimization and       #
# multithreading, J. Comp. Chem. (2010)                         #
# DOI 10.1002/jcc.21334                                         #
#                                                               #
# Please see https://github.com/ccsb-scripps/AutoDock-Vina for  #
# more information.                                             #
#################################################################

Scoring function : vina
Rigid receptor: YihW_s_AF_cl1_min_model1.pdbqt
Ligand: SR_Conformer3D_COMPOUND_CID_162640041_avogadro.pdbqt
Grid center: X 42.638 Y 43.195 Z 45.244
Grid size  : X 44 Y 52 Z 62
Grid space : 1
Exhaustiveness: 32
CPU: 0
Verbosity: 2

Computing Vina grid ... done.
Performing docking (random seed: 1543905619) ... 
0%   10   20   30   40   50   60   70   80   90   100%
|----|----|----|----|----|----|----|----|----|----|
***************************************************
done.
ENERGY FROM SEARCH: -7.90013
FINAL ENERGY: 
Estimated Free Energy of Binding   : -6.073 (kcal/mol) [=(1)+(2)+(3)-(4)]
(1) Final Intermolecular Energy    : -7.493 (kcal/mol)
    Ligand - Receptor              : -7.493 (kcal/mol)
    Ligand - Flex side chains      : 0.000 (kcal/mol)
(2) Final Total Internal Energy    : -0.405 (kcal/mol)
    Ligand                         : -0.405 (kcal/mol)
    Flex   - Receptor              : 0.000 (kcal/mol)
    Flex   - Flex side chains      : 0.000 (kcal/mol)
(3) Torsional Free Energy          : 1.420 (kcal/mol)
(4) Unbound System's Energy        : -0.405 (kcal/mol)
ENERGY FROM SEARCH: -7.874
FINAL ENERGY: 
Estimated Free Energy of Binding   : -6.054 (kcal/mol) [=(1)+(2)+(3)-(4)]
(1) Final Intermolecular Energy    : -7.462 (kcal/mol)
    Ligand - Receptor              : -7.462 (kcal/mol)
    Ligand - Flex side chains      : 0.000 (kcal/mol)
(2) Final Total Internal Energy    : -0.413 (kcal/mol)
    Ligand                         : -0.413 (kcal/mol)
    Flex   - Receptor              : 0.000 (kcal/mol)
    Flex   - Flex side chains      : 0.000 (kcal/mol)
(3) Torsional Free Energy          : 1.416 (kcal/mol)
(4) Unbound System's Energy        : -0.405 (kcal/mol)
ENERGY FROM SEARCH: -6.724
FINAL ENERGY: 
Estimated Free Energy of Binding   : -5.122 (kcal/mol) [=(1)+(2)+(3)-(4)]
(1) Final Intermolecular Energy    : -6.238 (kcal/mol)
    Ligand - Receptor              : -6.238 (kcal/mol)
    Ligand - Flex side chains      : 0.000 (kcal/mol)
(2) Final Total Internal Energy    : -0.487 (kcal/mol)
    Ligand                         : -0.487 (kcal/mol)
    Flex   - Receptor              : 0.000 (kcal/mol)
    Flex   - Flex side chains      : 0.000 (kcal/mol)
(3) Torsional Free Energy          : 1.198 (kcal/mol)
(4) Unbound System's Energy        : -0.405 (kcal/mol)
ENERGY FROM SEARCH: -6.862
FINAL ENERGY: 
Estimated Free Energy of Binding   : -5.232 (kcal/mol) [=(1)+(2)+(3)-(4)]
(1) Final Intermolecular Energy    : -6.479 (kcal/mol)
    Ligand - Receptor              : -6.479 (kcal/mol)
    Ligand - Flex side chains      : 0.000 (kcal/mol)
(2) Final Total Internal Energy    : -0.382 (kcal/mol)
    Ligand                         : -0.382 (kcal/mol)
    Flex   - Receptor              : 0.000 (kcal/mol)
    Flex   - Flex side chains      : 0.000 (kcal/mol)
(3) Torsional Free Energy          : 1.224 (kcal/mol)
(4) Unbound System's Energy        : -0.405 (kcal/mol)
ENERGY FROM SEARCH: -6.291
FINAL ENERGY: 
Estimated Free Energy of Binding   : -4.772 (kcal/mol) [=(1)+(2)+(3)-(4)]
(1) Final Intermolecular Energy    : -5.889 (kcal/mol)
    Ligand - Receptor              : -5.889 (kcal/mol)
    Ligand - Flex side chains      : 0.000 (kcal/mol)
(2) Final Total Internal Energy    : -0.403 (kcal/mol)
    Ligand                         : -0.403 (kcal/mol)
    Flex   - Receptor              : 0.000 (kcal/mol)
    Flex   - Flex side chains      : 0.000 (kcal/mol)
(3) Torsional Free Energy          : 1.116 (kcal/mol)
(4) Unbound System's Energy        : -0.405 (kcal/mol)
ENERGY FROM SEARCH: -6.262
FINAL ENERGY: 
Estimated Free Energy of Binding   : -4.746 (kcal/mol) [=(1)+(2)+(3)-(4)]
(1) Final Intermolecular Energy    : -5.820 (kcal/mol)
    Ligand - Receptor              : -5.820 (kcal/mol)
    Ligand - Flex side chains      : 0.000 (kcal/mol)
(2) Final Total Internal Energy    : -0.441 (kcal/mol)
    Ligand                         : -0.441 (kcal/mol)
    Flex   - Receptor              : 0.000 (kcal/mol)
    Flex   - Flex side chains      : 0.000 (kcal/mol)
(3) Torsional Free Energy          : 1.110 (kcal/mol)
(4) Unbound System's Energy        : -0.405 (kcal/mol)
ENERGY FROM SEARCH: -6.283
FINAL ENERGY: 
Estimated Free Energy of Binding   : -4.765 (kcal/mol) [=(1)+(2)+(3)-(4)]
(1) Final Intermolecular Energy    : -5.873 (kcal/mol)
    Ligand - Receptor              : -5.873 (kcal/mol)
    Ligand - Flex side chains      : 0.000 (kcal/mol)
(2) Final Total Internal Energy    : -0.412 (kcal/mol)
    Ligand                         : -0.412 (kcal/mol)
    Flex   - Receptor              : 0.000 (kcal/mol)
    Flex   - Flex side chains      : 0.000 (kcal/mol)
(3) Torsional Free Energy          : 1.114 (kcal/mol)
(4) Unbound System's Energy        : -0.405 (kcal/mol)
ENERGY FROM SEARCH: -6.774
FINAL ENERGY: 
Estimated Free Energy of Binding   : -5.160 (kcal/mol) [=(1)+(2)+(3)-(4)]
(1) Final Intermolecular Energy    : -6.351 (kcal/mol)
    Ligand - Receptor              : -6.351 (kcal/mol)
    Ligand - Flex side chains      : 0.000 (kcal/mol)
(2) Final Total Internal Energy    : -0.421 (kcal/mol)
    Ligand                         : -0.421 (kcal/mol)
    Flex   - Receptor              : 0.000 (kcal/mol)
    Flex   - Flex side chains      : 0.000 (kcal/mol)
(3) Torsional Free Energy          : 1.207 (kcal/mol)
(4) Unbound System's Energy        : -0.405 (kcal/mol)
ENERGY FROM SEARCH: -6.356
FINAL ENERGY: 
Estimated Free Energy of Binding   : -4.824 (kcal/mol) [=(1)+(2)+(3)-(4)]
(1) Final Intermolecular Energy    : -5.953 (kcal/mol)
    Ligand - Receptor              : -5.953 (kcal/mol)
    Ligand - Flex side chains      : 0.000 (kcal/mol)
(2) Final Total Internal Energy    : -0.404 (kcal/mol)
    Ligand                         : -0.404 (kcal/mol)
    Flex   - Receptor              : 0.000 (kcal/mol)
    Flex   - Flex side chains      : 0.000 (kcal/mol)
(3) Torsional Free Energy          : 1.128 (kcal/mol)
(4) Unbound System's Energy        : -0.405 (kcal/mol)
ENERGY FROM SEARCH: -6.240
FINAL ENERGY: 
Estimated Free Energy of Binding   : -4.726 (kcal/mol) [=(1)+(2)+(3)-(4)]
(1) Final Intermolecular Energy    : -5.828 (kcal/mol)
    Ligand - Receptor              : -5.828 (kcal/mol)
    Ligand - Flex side chains      : 0.000 (kcal/mol)
(2) Final Total Internal Energy    : -0.409 (kcal/mol)
    Ligand                         : -0.409 (kcal/mol)
    Flex   - Receptor              : 0.000 (kcal/mol)
    Flex   - Flex side chains      : 0.000 (kcal/mol)
(3) Torsional Free Energy          : 1.105 (kcal/mol)
(4) Unbound System's Energy        : -0.405 (kcal/mol)

mode |   affinity | dist from best mode
     | (kcal/mol) | rmsd l.b.| rmsd u.b.
-----+------------+----------+----------
   1      -6.0730     0.0000     0.0000
   2      -6.0543     0.1166     1.1186
   3      -5.2322     2.1248     4.8907
   4      -5.1598     1.8687     3.1159
   5      -5.1220     1.4073     2.0403
   6      -4.8239     2.3157     4.4997
   7      -4.7716     2.3407     5.0493
   8      -4.7650     2.4122     5.0531
   9      -4.7460     1.9842     3.4807
  10      -4.7264     2.9308     4.1155
